2023-05-16 20:59:12,923 ::INFO ::[Logger]:: Execution of BaseUtility Test cases
2023-05-16 20:59:12,923 ::INFO ::[Logger]:: Chrome is currently being used for testing.
2023-05-16 20:59:12,923 ::INFO ::[Logger]::  is used for Testing
2023-05-16 20:59:12,933 ::INFO ::[Logger]:: This is the login page.https://revcloudsignin.goqacendyn.com//Login?App=9B2092C1-6AF2-4317-B343-B524B07976A8&RelayState=https://revintelrhbi.goQAcendyn.com/SSOLanding.aspx
2023-05-16 20:59:12,933 ::INFO ::[Logger]:: Execution started at:-May-16-2023 20-59-12-PM
2023-05-16 20:59:12,933 ::INFO ::[Logger]:: ~~~~~~~~~~~~~~~~~~~~~~~~~~~~~~~~~~~~~~~~~~~~~~~~~~~~~~~~~~~~~~~~~~~~~~~~~~~~~~~~~~~~~~~~
2023-05-16 20:59:12,933 ::INFO ::[Logger]:: XXXXXXXXXXXXXXXXX      S.T.A.R.T.     XXXXXXXXXXXXXXXX
2023-05-16 20:59:12,933 ::INFO ::[Logger]:: XXXXXXXXXXXXXXXXX      TC_252603         XXXXXXXXXXXXXXXX
2023-05-16 20:59:12,933 ::INFO ::[Logger]:: ~~~~~~~~~~~~~~~~~~~~~~~~~~~~~~~~~~~~~~~~~~~~~~~~~~~~~~~~~~~~~~~~~~~~~~~~~~~~~~~~~~~~~~~~
2023-05-16 20:59:12,949 ::INFO ::[Logger]:: Window Size is: {Width=1382, Height=736}
2023-05-16 20:59:12,949 ::INFO ::[Logger]:: Test Case : Validate Channel Pace Analysis
2023-05-16 20:59:14,865 ::INFO ::[Logger]:: Inserted text in the Enter_EmailAddress element on the Login page.
2023-05-16 20:59:14,865 ::DEBUG::[Logger]:: 1) Email Address displayed
2023-05-16 20:59:23,100 ::INFO ::[Logger]:: Clicked the Click_Next_Button element on the Login page.
2023-05-16 20:59:24,849 ::INFO ::[Logger]:: Inserted text in the Enter_Password element on the Login page.
2023-05-16 20:59:24,849 ::DEBUG::[Logger]:: 2) Login in with Username =Testautomation@cendyn17.com and Password =Cendyn123$
2023-05-16 20:59:34,793 ::INFO ::[Logger]:: Clicked the Click_SignIn_Button element on the Login page.
2023-05-16 20:59:34,793 ::DEBUG::[Logger]:: 3) user landed on the Automation RevIntel client selection page
2023-05-16 20:59:38,975 ::DEBUG::[Logger]:: 4) Client displayed
2023-05-16 21:00:07,605 ::INFO ::[Logger]:: Clicked the Link_ClientName element on the Navigation page.
2023-05-16 21:00:07,609 ::DEBUG::[Logger]:: 5) D Rock selected
2023-05-16 21:00:19,822 ::DEBUG::[Logger]:: 6) User landed on Montly pickup Dashboard page
2023-05-16 21:00:23,423 ::DEBUG::[Logger]:: 7) Booking Trends Dropdown displayed
2023-05-16 21:00:30,945 ::INFO ::[Logger]:: Clicked the Channel_Pace_Analysis element on the Navigation page.
2023-05-16 21:00:41,854 ::DEBUG::[Logger]:: 8) User landed on Channel Pace analysis page
2023-05-16 21:00:49,565 ::INFO ::[Logger]:: Switching into the iFrame.
2023-05-16 21:00:55,756 ::INFO ::[Logger]:: Clicked the Click_View_Analysis element on the ReportParameter page.
2023-05-16 21:00:55,756 ::DEBUG::[Logger]:: 9) validation message displayed for required field
2023-05-16 21:01:00,312 ::INFO ::[Logger]:: Market: Found on the page
2023-05-16 21:01:00,312 ::DEBUG::[Logger]:: 10) Market Parameter displayed
2023-05-16 21:01:04,646 ::INFO ::[Logger]:: Channel: Found on the page
2023-05-16 21:01:04,646 ::DEBUG::[Logger]:: 11) Channel Parameter displayed
2023-05-16 21:01:08,902 ::INFO ::[Logger]:: Room Product: Found on the page
2023-05-16 21:01:08,902 ::DEBUG::[Logger]:: 12) Room Product Parameter displayed
2023-05-16 21:01:13,229 ::INFO ::[Logger]:: Rate Code: Found on the page
2023-05-16 21:01:13,229 ::DEBUG::[Logger]:: 13) Rate Code: Parameter displayed
2023-05-16 21:01:20,528 ::INFO ::[Logger]:: Clicked the Click_Business_Unit_Dropdown element on the ReportParameter page.
2023-05-16 21:01:25,716 ::INFO ::[Logger]:: Clicked the Select_Business_Unit_Value element on the ReportParameter page.
2023-05-16 21:01:25,716 ::DEBUG::[Logger]:: 14) USDis selected as Business Unit
2023-05-16 21:01:33,431 ::INFO ::[Logger]:: Clicked the Click_Currency_Dropdown element on the ReportParameter page.
2023-05-16 21:02:33,586 ::ERROR::[Logger]:: The //li[contains(text(),'AUD')] element was not found on the page.
OpenQA.Selenium.WebDriverException: The HTTP request to the remote WebDriver server for URL http://localhost:57067/session/b9ae425696100553b53faa62f02abad5/element timed out after 60 seconds. ---> System.Threading.Tasks.TaskCanceledException: A task was canceled.
   at System.Runtime.CompilerServices.TaskAwaiter.ThrowForNonSuccess(Task task)
   at System.Runtime.CompilerServices.TaskAwaiter.HandleNonSuccessAndDebuggerNotification(Task task)
   at System.Runtime.CompilerServices.TaskAwaiter`1.GetResult()
   at OpenQA.Selenium.Remote.HttpCommandExecutor.<MakeHttpRequest>d__35.MoveNext()
--- End of stack trace from previous location where exception was thrown ---
   at System.Runtime.CompilerServices.TaskAwaiter.ThrowForNonSuccess(Task task)
   at System.Runtime.CompilerServices.TaskAwaiter.HandleNonSuccessAndDebuggerNotification(Task task)
   at System.Runtime.CompilerServices.TaskAwaiter`1.GetResult()
   at OpenQA.Selenium.Remote.HttpCommandExecutor.Execute(Command commandToExecute)
   --- End of inner exception stack trace ---
   at OpenQA.Selenium.Remote.HttpCommandExecutor.Execute(Command commandToExecute)
   at OpenQA.Selenium.Remote.DriverServiceCommandExecutor.Execute(Command commandToExecute)
   at OpenQA.Selenium.WebDriver.Execute(String driverCommandToExecute, Dictionary`2 parameters)
   at OpenQA.Selenium.WebDriver.FindElement(String mechanism, String value)
   at OpenQA.Selenium.By.<.ctor>b__11_0(ISearchContext context)
   at OpenQA.Selenium.By.FindElement(ISearchContext context)
   at OpenQA.Selenium.WebDriver.FindElement(By by)
   at BaseUtility.PageObject.PageAction.Find_ElementXPath(String repoName) in C:\Users\msridhar\Source\Repos\Cendyn.AutomationFramework\BaseUtility\PageObject\PageAction.cs:line 33
2023-05-16 21:02:35,615 ::FATAL::[Logger]:: Unable to click the Select_Currency_Value element on the ReportParameter page.System.NullReferenceException: Object reference not set to an instance of an object.
   at BaseUtility.Utility.Helper.ElementClick(IWebElement element) in C:\Users\msridhar\Source\Repos\Cendyn.AutomationFramework\BaseUtility\Utility\Helper.cs:line 81
2023-05-16 21:02:35,615 ::ERROR::[Logger]:: RevIntel_Flow :: Script::Failed
System.NullReferenceException: Object reference not set to an instance of an object.
   at BaseUtility.Utility.Helper.ElementClick(IWebElement element) in C:\Users\msridhar\Source\Repos\Cendyn.AutomationFramework\BaseUtility\Utility\Helper.cs:line 88
   at RevIntel.AppModule.UI.ReportParameter.Select_Currency_Value() in C:\Users\msridhar\Source\Repos\Cendyn.AutomationFramework\ProductLibrary\RevIntel\RevIntel\AppModule\UI\ReportParameter.cs:line 672
   at RevIntel.AppModule.UI.ReportParameter.Select_Currency_Business_value(String Business_Unit, String Currency) in C:\Users\msridhar\Source\Repos\Cendyn.AutomationFramework\ProductLibrary\RevIntel\RevIntel\AppModule\UI\ReportParameter.cs:line 728
   at RevIntel.AppModule.MainAdminApp.MainAdminApp.TC_252603() in C:\Users\msridhar\Source\Repos\Cendyn.AutomationFramework\ProductLibrary\RevIntel\RevIntel\AppModule\MainAdminApp\TP_252578_Booking Trends.cs:line 1362
   at RevIntel.AppModule.MainAdminApp.MainAdminApp.TP_252578() in C:\Users\msridhar\Source\Repos\Cendyn.AutomationFramework\ProductLibrary\RevIntel\RevIntel\AppModule\MainAdminApp.cs:line 66
   at RevIntel.RevIntel_TP_252578_Booking_Trends.TC_252603() in C:\Users\msridhar\Source\Repos\Cendyn.AutomationFramework\ProductLibrary\RevIntel\RevIntel\TestPlan\RevIntel\RevIntel_TP_252578_Booking_Trends.cs:line 214
2023-05-16 21:04:07,128 ::INFO ::[Logger]:: E.N.D
