2023-05-16 23:46:41,612 ::INFO ::[Logger]:: Execution of BaseUtility Test cases
2023-05-16 23:46:41,893 ::INFO ::[Logger]:: Chrome is currently being used for testing.
2023-05-16 23:46:41,908 ::INFO ::[Logger]::  is used for Testing
2023-05-16 23:46:41,924 ::INFO ::[Logger]:: This is the login page.https://revcloudsignin.goqacendyn.com//Login?App=9B2092C1-6AF2-4317-B343-B524B07976A8&RelayState=https://revintelrhbi.goQAcendyn.com/SSOLanding.aspx
2023-05-16 23:46:41,924 ::INFO ::[Logger]:: Execution started at:-May-16-2023 23-46-41-PM
2023-05-16 23:46:41,924 ::INFO ::[Logger]:: ~~~~~~~~~~~~~~~~~~~~~~~~~~~~~~~~~~~~~~~~~~~~~~~~~~~~~~~~~~~~~~~~~~~~~~~~~~~~~~~~~~~~~~~~
2023-05-16 23:46:41,924 ::INFO ::[Logger]:: XXXXXXXXXXXXXXXXX      S.T.A.R.T.     XXXXXXXXXXXXXXXX
2023-05-16 23:46:41,924 ::INFO ::[Logger]:: XXXXXXXXXXXXXXXXX      TC_256851         XXXXXXXXXXXXXXXX
2023-05-16 23:46:41,924 ::INFO ::[Logger]:: ~~~~~~~~~~~~~~~~~~~~~~~~~~~~~~~~~~~~~~~~~~~~~~~~~~~~~~~~~~~~~~~~~~~~~~~~~~~~~~~~~~~~~~~~
2023-05-16 23:46:42,347 ::INFO ::[Logger]:: Window Size is: {Width=1382, Height=736}
2023-05-16 23:46:43,352 ::INFO ::[Logger]:: Test Case : Validate the Agent Analysis report (one filter)
2023-05-16 23:46:45,043 ::INFO ::[Logger]:: Inserted text in the Enter_EmailAddress element on the Login page.
2023-05-16 23:46:45,043 ::DEBUG::[Logger]:: 1) Email Address displayed
2023-05-16 23:46:56,891 ::INFO ::[Logger]:: Clicked the Click_Next_Button element on the Login page.
2023-05-16 23:46:58,908 ::INFO ::[Logger]:: Inserted text in the Enter_Password element on the Login page.
2023-05-16 23:46:58,924 ::DEBUG::[Logger]:: 2) Login in with Username =Testautomation@cendyn17.com and Password =Cendyn123$
2023-05-16 23:47:11,123 ::INFO ::[Logger]:: Clicked the Click_SignIn_Button element on the Login page.
2023-05-16 23:47:11,137 ::DEBUG::[Logger]:: 3) user landed on the Automation RevIntel client selection page
2023-05-16 23:47:14,684 ::DEBUG::[Logger]:: 4) Client displayed
2023-05-16 23:47:38,663 ::INFO ::[Logger]:: Clicked the Link_ClientName element on the Navigation page.
2023-05-16 23:47:38,663 ::DEBUG::[Logger]:: 5) D Rock selected
2023-05-16 23:47:51,244 ::DEBUG::[Logger]:: 6) User landed on Montly pickup Dashboard page
2023-05-16 23:48:02,190 ::INFO ::[Logger]:: Clicked the AgentAnalysis element on the Navigation page.
2023-05-16 23:48:02,190 ::DEBUG::[Logger]:: 7) Agent Analysis report selected
2023-05-16 23:48:07,429 ::DEBUG::[Logger]:: 8) Agent Analysis gets displayed
2023-05-16 23:48:16,232 ::INFO ::[Logger]:: Switching into the iFrame.
2023-05-16 23:48:23,114 ::INFO ::[Logger]:: Clicked the Select_Hotel_DDL element on the ReportParameter page.
2023-05-16 23:48:23,161 ::DEBUG::[Logger]:: 9) List for hotel displayed
2023-05-16 23:48:32,041 ::INFO ::[Logger]:: Clicked the Select_Hotel_value element on the ReportParameter page.
2023-05-16 23:48:34,251 ::INFO ::[Logger]:: Inserted text in the Text_StartDate element on the ReportParameter page.
2023-05-16 23:48:34,496 ::DEBUG::[Logger]:: 10) Enter start date as = 4/1/2020
2023-05-16 23:48:40,884 ::INFO ::[Logger]:: Inserted text in the Text_EndDate element on the ReportParameter page.
2023-05-16 23:48:41,057 ::DEBUG::[Logger]:: 11) Enter enddate as = 4/30/2020
2023-05-16 23:48:50,518 ::INFO ::[Logger]:: Clicked the Parameter_market element on the ReportParameter page.
2023-05-16 23:48:50,861 ::DEBUG::[Logger]:: 12) Click on parameter market drop down
2023-05-16 23:49:56,195 ::ERROR::[Logger]:: The (//*[@id='rddtMarket_EmbeddedTree']//span[3])[1] element was not found on the page.
OpenQA.Selenium.WebDriverException: The HTTP request to the remote WebDriver server for URL http://localhost:53627/session/5b40d300a02a7a5b9e6ac08e093c7693/element timed out after 60 seconds. ---> System.Threading.Tasks.TaskCanceledException: A task was canceled.
   at System.Runtime.CompilerServices.TaskAwaiter.ThrowForNonSuccess(Task task)
   at System.Runtime.CompilerServices.TaskAwaiter.HandleNonSuccessAndDebuggerNotification(Task task)
   at System.Runtime.CompilerServices.TaskAwaiter`1.GetResult()
   at OpenQA.Selenium.Remote.HttpCommandExecutor.<MakeHttpRequest>d__35.MoveNext()
--- End of stack trace from previous location where exception was thrown ---
   at System.Runtime.CompilerServices.TaskAwaiter.ThrowForNonSuccess(Task task)
   at System.Runtime.CompilerServices.TaskAwaiter.HandleNonSuccessAndDebuggerNotification(Task task)
   at System.Runtime.CompilerServices.TaskAwaiter`1.GetResult()
   at OpenQA.Selenium.Remote.HttpCommandExecutor.Execute(Command commandToExecute)
   --- End of inner exception stack trace ---
   at OpenQA.Selenium.Remote.HttpCommandExecutor.Execute(Command commandToExecute)
   at OpenQA.Selenium.Remote.DriverServiceCommandExecutor.Execute(Command commandToExecute)
   at OpenQA.Selenium.WebDriver.Execute(String driverCommandToExecute, Dictionary`2 parameters)
   at OpenQA.Selenium.WebDriver.FindElement(String mechanism, String value)
   at OpenQA.Selenium.By.<.ctor>b__11_0(ISearchContext context)
   at OpenQA.Selenium.By.FindElement(ISearchContext context)
   at OpenQA.Selenium.WebDriver.FindElement(By by)
   at BaseUtility.PageObject.PageAction.Find_ElementXPath(String repoName) in C:\Users\msridhar\Source\Repos\Cendyn.AutomationFramework\BaseUtility\PageObject\PageAction.cs:line 33
2023-05-16 23:49:58,363 ::FATAL::[Logger]:: Unable to click the Parameter_market_Direct element on the ReportParameter page.System.NullReferenceException: Object reference not set to an instance of an object.
   at BaseUtility.Utility.Helper.ElementClick(IWebElement element) in C:\Users\msridhar\Source\Repos\Cendyn.AutomationFramework\BaseUtility\Utility\Helper.cs:line 81
2023-05-16 23:49:58,410 ::ERROR::[Logger]:: RevIntel_Flow :: Script::Failed
System.NullReferenceException: Object reference not set to an instance of an object.
   at BaseUtility.Utility.Helper.ElementClick(IWebElement element) in C:\Users\msridhar\Source\Repos\Cendyn.AutomationFramework\BaseUtility\Utility\Helper.cs:line 88
   at RevIntel.AppModule.UI.ReportParameter.Parameter_market_Direct() in C:\Users\msridhar\Source\Repos\Cendyn.AutomationFramework\ProductLibrary\RevIntel\RevIntel\AppModule\UI\ReportParameter.cs:line 103
   at RevIntel.AppModule.MainAdminApp.MainAdminApp.TC_256851() in C:\Users\msridhar\Source\Repos\Cendyn.AutomationFramework\ProductLibrary\RevIntel\RevIntel\AppModule\MainAdminApp\TP_252700_Business_source.cs:line 2947
   at RevIntel.AppModule.MainAdminApp.MainAdminApp.TP_252700() in C:\Users\msridhar\Source\Repos\Cendyn.AutomationFramework\ProductLibrary\RevIntel\RevIntel\AppModule\MainAdminApp.cs:line 27
   at RevIntel.RevIntel_TP_252700_Business_source.TC_256851() in C:\Users\msridhar\Source\Repos\Cendyn.AutomationFramework\ProductLibrary\RevIntel\RevIntel\TestPlan\RevIntel\RevIntel_TP_252700_Business_source.cs:line 240
2023-05-16 23:51:28,064 ::INFO ::[Logger]:: E.N.D
