2023-05-16 20:45:32,987 ::INFO ::[Logger]:: Execution of BaseUtility Test cases
2023-05-16 20:45:32,987 ::INFO ::[Logger]:: Chrome is currently being used for testing.
2023-05-16 20:45:32,987 ::INFO ::[Logger]::  is used for Testing
2023-05-16 20:45:33,003 ::INFO ::[Logger]:: This is the login page.https://revcloudsignin.goqacendyn.com//Login?App=9B2092C1-6AF2-4317-B343-B524B07976A8&RelayState=https://revintelrhbi.goQAcendyn.com/SSOLanding.aspx
2023-05-16 20:45:33,003 ::INFO ::[Logger]:: Execution started at:-May-16-2023 20-45-33-PM
2023-05-16 20:45:33,003 ::INFO ::[Logger]:: ~~~~~~~~~~~~~~~~~~~~~~~~~~~~~~~~~~~~~~~~~~~~~~~~~~~~~~~~~~~~~~~~~~~~~~~~~~~~~~~~~~~~~~~~
2023-05-16 20:45:33,003 ::INFO ::[Logger]:: XXXXXXXXXXXXXXXXX      S.T.A.R.T.     XXXXXXXXXXXXXXXX
2023-05-16 20:45:33,017 ::INFO ::[Logger]:: XXXXXXXXXXXXXXXXX      TC_252601         XXXXXXXXXXXXXXXX
2023-05-16 20:45:33,019 ::INFO ::[Logger]:: ~~~~~~~~~~~~~~~~~~~~~~~~~~~~~~~~~~~~~~~~~~~~~~~~~~~~~~~~~~~~~~~~~~~~~~~~~~~~~~~~~~~~~~~~
2023-05-16 20:45:33,072 ::INFO ::[Logger]:: Window Size is: {Width=1382, Height=736}
2023-05-16 20:45:33,077 ::INFO ::[Logger]:: Test Case : Validate Rate Code Pace Report
2023-05-16 20:45:34,825 ::INFO ::[Logger]:: Inserted text in the Enter_EmailAddress element on the Login page.
2023-05-16 20:45:34,825 ::DEBUG::[Logger]:: 1) Email Address displayed
2023-05-16 20:45:42,934 ::INFO ::[Logger]:: Clicked the Click_Next_Button element on the Login page.
2023-05-16 20:45:44,558 ::INFO ::[Logger]:: Inserted text in the Enter_Password element on the Login page.
2023-05-16 20:45:44,558 ::DEBUG::[Logger]:: 2) Login in with Username =Testautomation@cendyn17.com and Password =Cendyn123$
2023-05-16 20:45:54,481 ::INFO ::[Logger]:: Clicked the Click_SignIn_Button element on the Login page.
2023-05-16 20:45:54,484 ::DEBUG::[Logger]:: 3) user landed on the Automation RevIntel client selection page
2023-05-16 20:45:57,708 ::DEBUG::[Logger]:: 4) Client displayed
2023-05-16 20:46:13,432 ::INFO ::[Logger]:: Clicked the Link_ClientName element on the Navigation page.
2023-05-16 20:46:13,536 ::DEBUG::[Logger]:: 5) D Rock selected
2023-05-16 20:46:25,742 ::DEBUG::[Logger]:: 6) User landed on Montly pickup Dashboard page
2023-05-16 20:46:29,736 ::DEBUG::[Logger]:: 7) Booking Trends Dropdown displayed
2023-05-16 20:46:38,188 ::INFO ::[Logger]:: Clicked the Rate_Code_Pace_Report element on the Navigation page.
2023-05-16 20:46:54,222 ::DEBUG::[Logger]:: 8) User landed on Rate Code Pace Report page
2023-05-16 20:47:01,548 ::INFO ::[Logger]:: Switching into the iFrame.
2023-05-16 20:47:07,783 ::INFO ::[Logger]:: Clicked the Click_View_Analysis element on the ReportParameter page.
2023-05-16 20:47:07,783 ::DEBUG::[Logger]:: 9) validation message displayed for required field
2023-05-16 20:47:12,887 ::INFO ::[Logger]:: Market: Found on the page
2023-05-16 20:47:12,887 ::DEBUG::[Logger]:: 10) Market Parameter displayed
2023-05-16 20:47:17,370 ::INFO ::[Logger]:: Channel: Found on the page
2023-05-16 20:47:17,370 ::DEBUG::[Logger]:: 11) Channel Parameter displayed
2023-05-16 20:47:22,523 ::INFO ::[Logger]:: Room Product: Found on the page
2023-05-16 20:47:22,523 ::DEBUG::[Logger]:: 12) Room Product Parameter displayed
2023-05-16 20:47:27,705 ::INFO ::[Logger]:: Rate Code: Found on the page
2023-05-16 20:47:27,705 ::DEBUG::[Logger]:: 13) Rate Code: Parameter displayed
2023-05-16 20:47:32,634 ::INFO ::[Logger]:: Inserted text in the Text_StartDate element on the ReportParameter page.
2023-05-16 20:47:34,347 ::INFO ::[Logger]:: Inserted text in the Text_EndDate element on the ReportParameter page.
2023-05-16 20:47:36,039 ::INFO ::[Logger]:: Inserted text in the Enter_As_Of_Date element on the ReportParameter page.
2023-05-16 20:47:36,039 ::DEBUG::[Logger]:: 14) 3/1/2020Selected as start date
2023-05-16 20:47:38,715 ::DEBUG::[Logger]:: 15) 3/31/2020Selected as end date
2023-05-16 20:47:41,977 ::DEBUG::[Logger]:: 16) 4/1/2020Selected as As_Of_Date
2023-05-16 20:48:00,441 ::INFO ::[Logger]:: Clicked the Click_View_Analysis element on the ReportParameter page.
2023-05-16 20:48:50,461 ::DEBUG::[Logger]:: 17) Report Generated
2023-05-16 20:50:01,134 ::ERROR::[Logger]:: The //span[contains(text(),'Booking Trends')] element was not found on the page.
OpenQA.Selenium.WebDriverException: The HTTP request to the remote WebDriver server for URL http://localhost:64516/session/2d2f04b766e8184ad52c82c23061da07/element timed out after 60 seconds. ---> System.Threading.Tasks.TaskCanceledException: A task was canceled.
   at System.Runtime.CompilerServices.TaskAwaiter.ThrowForNonSuccess(Task task)
   at System.Runtime.CompilerServices.TaskAwaiter.HandleNonSuccessAndDebuggerNotification(Task task)
   at System.Runtime.CompilerServices.TaskAwaiter`1.GetResult()
   at OpenQA.Selenium.Remote.HttpCommandExecutor.<MakeHttpRequest>d__35.MoveNext()
--- End of stack trace from previous location where exception was thrown ---
   at System.Runtime.CompilerServices.TaskAwaiter.ThrowForNonSuccess(Task task)
   at System.Runtime.CompilerServices.TaskAwaiter.HandleNonSuccessAndDebuggerNotification(Task task)
   at System.Runtime.CompilerServices.TaskAwaiter`1.GetResult()
   at OpenQA.Selenium.Remote.HttpCommandExecutor.Execute(Command commandToExecute)
   --- End of inner exception stack trace ---
   at OpenQA.Selenium.Remote.HttpCommandExecutor.Execute(Command commandToExecute)
   at OpenQA.Selenium.Remote.DriverServiceCommandExecutor.Execute(Command commandToExecute)
   at OpenQA.Selenium.WebDriver.Execute(String driverCommandToExecute, Dictionary`2 parameters)
   at OpenQA.Selenium.WebDriver.FindElement(String mechanism, String value)
   at OpenQA.Selenium.By.<.ctor>b__11_0(ISearchContext context)
   at OpenQA.Selenium.By.FindElement(ISearchContext context)
   at OpenQA.Selenium.WebDriver.FindElement(By by)
   at BaseUtility.PageObject.PageAction.Find_ElementXPath(String repoName) in C:\Users\msridhar\Source\Repos\Cendyn.AutomationFramework\BaseUtility\PageObject\PageAction.cs:line 33
2023-05-16 20:50:01,653 ::ERROR::[Logger]:: RevIntel_Flow :: Script::Failed
System.ArgumentException: MoveToElement cannot move to a null element with no offset.
Parameter name: toElement
   at OpenQA.Selenium.Interactions.Actions.MoveToElement(IWebElement toElement)
   at BaseUtility.Utility.Helper.ElementHover(IWebElement element) in C:\Users\msridhar\Source\Repos\Cendyn.AutomationFramework\BaseUtility\Utility\Helper.cs:line 948
   at RevIntel.AppModule.MainAdminApp.MainAdminApp.TC_252601() in C:\Users\msridhar\Source\Repos\Cendyn.AutomationFramework\ProductLibrary\RevIntel\RevIntel\AppModule\MainAdminApp\TP_252578_Booking Trends.cs:line 918
   at RevIntel.AppModule.MainAdminApp.MainAdminApp.TP_252578() in C:\Users\msridhar\Source\Repos\Cendyn.AutomationFramework\ProductLibrary\RevIntel\RevIntel\AppModule\MainAdminApp.cs:line 64
   at RevIntel.RevIntel_TP_252578_Booking_Trends.TC_252601() in C:\Users\msridhar\Source\Repos\Cendyn.AutomationFramework\ProductLibrary\RevIntel\RevIntel\TestPlan\RevIntel\RevIntel_TP_252578_Booking_Trends.cs:line 160
2023-05-16 20:51:35,165 ::INFO ::[Logger]:: E.N.D
