2023-05-16 21:44:08,421 ::INFO ::[Logger]:: Execution of BaseUtility Test cases
2023-05-16 21:44:08,421 ::INFO ::[Logger]:: Chrome is currently being used for testing.
2023-05-16 21:44:08,421 ::INFO ::[Logger]::  is used for Testing
2023-05-16 21:44:08,531 ::INFO ::[Logger]:: This is the login page.https://revcloudsignin.goqacendyn.com//Login?App=9B2092C1-6AF2-4317-B343-B524B07976A8&RelayState=https://revintelrhbi.goQAcendyn.com/SSOLanding.aspx
2023-05-16 21:44:08,548 ::INFO ::[Logger]:: Execution started at:-May-16-2023 21-44-08-PM
2023-05-16 21:44:08,548 ::INFO ::[Logger]:: ~~~~~~~~~~~~~~~~~~~~~~~~~~~~~~~~~~~~~~~~~~~~~~~~~~~~~~~~~~~~~~~~~~~~~~~~~~~~~~~~~~~~~~~~
2023-05-16 21:44:08,548 ::INFO ::[Logger]:: XXXXXXXXXXXXXXXXX      S.T.A.R.T.     XXXXXXXXXXXXXXXX
2023-05-16 21:44:08,548 ::INFO ::[Logger]:: XXXXXXXXXXXXXXXXX      TC_252643         XXXXXXXXXXXXXXXX
2023-05-16 21:44:08,548 ::INFO ::[Logger]:: ~~~~~~~~~~~~~~~~~~~~~~~~~~~~~~~~~~~~~~~~~~~~~~~~~~~~~~~~~~~~~~~~~~~~~~~~~~~~~~~~~~~~~~~~
2023-05-16 21:44:16,295 ::INFO ::[Logger]:: Window Size is: {Width=1382, Height=736}
2023-05-16 21:44:16,295 ::INFO ::[Logger]:: Test Case :  Validate Annual Pickup by Day
2023-05-16 21:44:37,616 ::INFO ::[Logger]:: Inserted text in the Enter_EmailAddress element on the Login page.
2023-05-16 21:44:37,616 ::DEBUG::[Logger]:: 1) Email Address displayed
2023-05-16 21:44:51,580 ::INFO ::[Logger]:: Clicked the Click_Next_Button element on the Login page.
2023-05-16 21:44:54,977 ::INFO ::[Logger]:: Inserted text in the Enter_Password element on the Login page.
2023-05-16 21:44:54,977 ::DEBUG::[Logger]:: 2) Login in with Username =Testautomation@cendyn17.com and Password =Cendyn123$
2023-05-16 21:45:28,515 ::INFO ::[Logger]:: Clicked the Click_SignIn_Button element on the Login page.
2023-05-16 21:45:28,515 ::DEBUG::[Logger]:: 3) user landed on the Automation RevIntel client selection page
2023-05-16 21:45:35,599 ::DEBUG::[Logger]:: 4) Client displayed
2023-05-16 21:45:59,151 ::INFO ::[Logger]:: Clicked the Link_ClientName element on the Navigation page.
2023-05-16 21:45:59,151 ::DEBUG::[Logger]:: 5) D Rock selected
2023-05-16 21:46:14,745 ::DEBUG::[Logger]:: 6) User landed on Montly pickup Dashboard page
2023-05-16 21:46:25,534 ::DEBUG::[Logger]:: 7) Booking Trends Dropdown displayed
2023-05-16 21:46:39,863 ::INFO ::[Logger]:: Clicked the Annual_Pickup_by_Day element on the Navigation page.
2023-05-16 21:46:51,719 ::DEBUG::[Logger]:: 8) User landed on Annual Pickup by days page
2023-05-16 21:46:59,147 ::INFO ::[Logger]:: Switching into the iFrame.
2023-05-16 21:47:04,048 ::INFO ::[Logger]:: Market: Found on the page
2023-05-16 21:47:04,048 ::DEBUG::[Logger]:: 9) Parameter Market is displayed
2023-05-16 21:47:10,446 ::INFO ::[Logger]:: Channel: Found on the page
2023-05-16 21:47:10,446 ::DEBUG::[Logger]:: 10) Parameter Market is displayed
2023-05-16 21:47:20,516 ::INFO ::[Logger]:: Clicked the Click_Business_Unit_Dropdown element on the ReportParameter page.
2023-05-16 21:47:26,160 ::INFO ::[Logger]:: Clicked the Select_Business_Unit_Value element on the ReportParameter page.
2023-05-16 21:47:26,160 ::DEBUG::[Logger]:: 11) AUDis selected as Business Unit
2023-05-16 21:47:36,777 ::INFO ::[Logger]:: Clicked the Click_Currency_Dropdown element on the ReportParameter page.
2023-05-16 21:48:36,784 ::ERROR::[Logger]:: The //li[contains(text(),'AUD')] element was not found on the page.
OpenQA.Selenium.WebDriverException: The HTTP request to the remote WebDriver server for URL http://localhost:57623/session/d718aabaf65951dfae881f160ff4b1fe/element timed out after 60 seconds. ---> System.Threading.Tasks.TaskCanceledException: A task was canceled.
   at System.Runtime.CompilerServices.TaskAwaiter.ThrowForNonSuccess(Task task)
   at System.Runtime.CompilerServices.TaskAwaiter.HandleNonSuccessAndDebuggerNotification(Task task)
   at System.Runtime.CompilerServices.TaskAwaiter`1.GetResult()
   at OpenQA.Selenium.Remote.HttpCommandExecutor.<MakeHttpRequest>d__35.MoveNext()
--- End of stack trace from previous location where exception was thrown ---
   at System.Runtime.CompilerServices.TaskAwaiter.ThrowForNonSuccess(Task task)
   at System.Runtime.CompilerServices.TaskAwaiter.HandleNonSuccessAndDebuggerNotification(Task task)
   at System.Runtime.CompilerServices.TaskAwaiter`1.GetResult()
   at OpenQA.Selenium.Remote.HttpCommandExecutor.Execute(Command commandToExecute)
   --- End of inner exception stack trace ---
   at OpenQA.Selenium.Remote.HttpCommandExecutor.Execute(Command commandToExecute)
   at OpenQA.Selenium.Remote.DriverServiceCommandExecutor.Execute(Command commandToExecute)
   at OpenQA.Selenium.WebDriver.Execute(String driverCommandToExecute, Dictionary`2 parameters)
   at OpenQA.Selenium.WebDriver.FindElement(String mechanism, String value)
   at OpenQA.Selenium.By.<.ctor>b__11_0(ISearchContext context)
   at OpenQA.Selenium.By.FindElement(ISearchContext context)
   at OpenQA.Selenium.WebDriver.FindElement(By by)
   at BaseUtility.PageObject.PageAction.Find_ElementXPath(String repoName) in C:\Users\msridhar\Source\Repos\Cendyn.AutomationFramework\BaseUtility\PageObject\PageAction.cs:line 33
2023-05-16 21:48:38,792 ::FATAL::[Logger]:: Unable to click the Select_Currency_Value element on the ReportParameter page.System.NullReferenceException: Object reference not set to an instance of an object.
   at BaseUtility.Utility.Helper.ElementClick(IWebElement element) in C:\Users\msridhar\Source\Repos\Cendyn.AutomationFramework\BaseUtility\Utility\Helper.cs:line 81
2023-05-16 21:48:38,792 ::ERROR::[Logger]:: RevIntel_Flow :: Script::Failed
System.NullReferenceException: Object reference not set to an instance of an object.
   at BaseUtility.Utility.Helper.ElementClick(IWebElement element) in C:\Users\msridhar\Source\Repos\Cendyn.AutomationFramework\BaseUtility\Utility\Helper.cs:line 88
   at RevIntel.AppModule.UI.ReportParameter.Select_Currency_Value() in C:\Users\msridhar\Source\Repos\Cendyn.AutomationFramework\ProductLibrary\RevIntel\RevIntel\AppModule\UI\ReportParameter.cs:line 672
   at RevIntel.AppModule.UI.ReportParameter.Select_Currency_Business_value(String Business_Unit, String Currency) in C:\Users\msridhar\Source\Repos\Cendyn.AutomationFramework\ProductLibrary\RevIntel\RevIntel\AppModule\UI\ReportParameter.cs:line 728
   at RevIntel.AppModule.MainAdminApp.MainAdminApp.TC_252643() in C:\Users\msridhar\Source\Repos\Cendyn.AutomationFramework\ProductLibrary\RevIntel\RevIntel\AppModule\MainAdminApp\TP_252578_Booking Trends.cs:line 3142
   at RevIntel.AppModule.MainAdminApp.MainAdminApp.TP_252578() in C:\Users\msridhar\Source\Repos\Cendyn.AutomationFramework\ProductLibrary\RevIntel\RevIntel\AppModule\MainAdminApp.cs:line 68
   at RevIntel.RevIntel_TP_252578_Booking_Trends.TC_252643() in C:\Users\msridhar\Source\Repos\Cendyn.AutomationFramework\ProductLibrary\RevIntel\RevIntel\TestPlan\RevIntel\RevIntel_TP_252578_Booking_Trends.cs:line 268
2023-05-16 21:51:06,852 ::INFO ::[Logger]:: E.N.D
