2021-07-06 22:04:39,179 ::INFO ::[Logger]:: Execution of BaseUtility Test cases
2021-07-06 22:04:39,180 ::INFO ::[Logger]:: Chrome is currently being used for testing.
2021-07-06 22:04:39,182 ::INFO ::[Logger]::  is used for Testing
2021-07-06 22:04:39,188 ::INFO ::[Logger]:: This is the login page.https://qalogin.cendynaccess.com/Account/Login
2021-07-06 22:04:39,189 ::INFO ::[Logger]:: Execution started at:-Jul-06-2021 22-04-39-PM
2021-07-06 22:04:39,190 ::INFO ::[Logger]:: ~~~~~~~~~~~~~~~~~~~~~~~~~~~~~~~~~~~~~~~~~~~~~~~~~~~~~~~~~~~~~~~~~~~~~~~~~~~~~~~~~~~~~~~~
2021-07-06 22:04:39,190 ::INFO ::[Logger]:: XXXXXXXXXXXXXXXXX      S.T.A.R.T.     XXXXXXXXXXXXXXXX
2021-07-06 22:04:39,191 ::INFO ::[Logger]:: XXXXXXXXXXXXXXXXX      TC_120554         XXXXXXXXXXXXXXXX
2021-07-06 22:04:39,192 ::INFO ::[Logger]:: ~~~~~~~~~~~~~~~~~~~~~~~~~~~~~~~~~~~~~~~~~~~~~~~~~~~~~~~~~~~~~~~~~~~~~~~~~~~~~~~~~~~~~~~~
2021-07-06 22:05:13,517 ::INFO ::[Logger]:: Inserted text in the SSOLogin_Email element on the EmployeeLogin page.
2021-07-06 22:05:13,519 ::DEBUG::[Logger]:: 1) Entered UserName
2021-07-06 22:05:22,081 ::INFO ::[Logger]:: Clicked the SSOLogin_Next element on the EmployeeLogin page.
2021-07-06 22:05:26,189 ::INFO ::[Logger]:: Inserted text in the SSOLogin_Password element on the EmployeeLogin page.
2021-07-06 22:05:26,190 ::DEBUG::[Logger]:: 2) Clicked on Next button and entered password.
2021-07-06 22:05:34,768 ::INFO ::[Logger]:: Clicked the SSOLogin_Submit element on the EmployeeLogin page.
2021-07-06 22:05:34,769 ::DEBUG::[Logger]:: 3) Clicked on Subimt button.
2021-07-06 22:06:15,816 ::INFO ::[Logger]:: Clicked the SSOLogin_Submit element on the EmployeeLogin page.
2021-07-06 22:06:31,015 ::INFO ::[Logger]:: Clicked the SSOLogin_Submit element on the EmployeeLogin page.
2021-07-06 22:06:36,108 ::INFO ::[Logger]:: Clicked the SSOLogin_Submit element on the EmployeeLogin page.
2021-07-06 22:06:36,112 ::DEBUG::[Logger]:: 4) Logged in successfully.
2021-07-06 22:06:54,593 ::INFO ::[Logger]:: Clicked the PropertyDropDown_Button element on the EmployeeHome page.
2021-07-06 22:07:22,468 ::INFO ::[Logger]:: Selected the Cendyn – DEV - BBQ HIlton value from the PropertyDropDown_Text drop down.
2021-07-06 22:07:22,469 ::DEBUG::[Logger]:: 5) Test property selected: Cendyn – DEV - BBQ HIlton
2021-07-06 22:07:38,145 ::INFO ::[Logger]:: Clicked the ClientsButton element on the EmployeeHome page.
2021-07-06 22:07:47,398 ::INFO ::[Logger]:: Inserted text in the AddNewClient_FirstNameText element on the Clients page.
2021-07-06 22:07:51,641 ::INFO ::[Logger]:: Inserted text in the AddNewClient_LastNameText element on the Clients page.
2021-07-06 22:07:55,856 ::INFO ::[Logger]:: Inserted text in the AddNewClient_CompanyText element on the Clients page.
2021-07-06 22:08:00,074 ::INFO ::[Logger]:: Inserted text in the AddNewClient_EmailText element on the Clients page.
2021-07-06 22:08:04,251 ::INFO ::[Logger]:: Inserted text in the AddNewClient_PhoneText element on the Clients page.
2021-07-06 22:08:14,396 ::INFO ::[Logger]:: Clicked the SearchEdit_Edit_ShowHideAddressLink element on the Clients page.
2021-07-06 22:08:44,408 ::ERROR::[Logger]:: The //input[@id='txtAddress'] element was not found on the page.
OpenQA.Selenium.NoSuchElementException: no such element: Unable to locate element: {"method":"xpath","selector":"//input[@id='txtAddress']"}
  (Session info: chrome=91.0.4472.114)
   at OpenQA.Selenium.Remote.RemoteWebDriver.UnpackAndThrowOnError(Response errorResponse)
   at OpenQA.Selenium.Remote.RemoteWebDriver.Execute(String driverCommandToExecute, Dictionary`2 parameters)
   at OpenQA.Selenium.Remote.RemoteWebDriver.FindElement(String mechanism, String value)
   at OpenQA.Selenium.Remote.RemoteWebDriver.FindElementByXPath(String xpath)
   at OpenQA.Selenium.By.<>c__DisplayClass19_0.<XPath>b__0(ISearchContext context)
   at OpenQA.Selenium.By.FindElement(ISearchContext context)
   at OpenQA.Selenium.Remote.RemoteWebDriver.FindElement(By by)
   at BaseUtility.PageObject.PageAction.Find_ElementXPath(String repoName) in E:\2020\April\eMenus_Atomation\BaseUtility\PageObject\PageAction.cs:line 32
2021-07-06 22:08:44,452 ::FATAL::[Logger]:: After clicking the Address link, the Address fields did not display.
2021-07-06 22:08:44,454 ::ERROR::[Logger]:: eProposal_Flow :: Script::Failed
System.NullReferenceException: Object reference not set to an instance of an object.
   at eProposal.AppModule.UI.Clients.EditClient_ExpandAddNewClientAddressFields() in E:\2020\April\eMenus_Atomation\ProductLibrary\eProposal\AppModule\UI\Clients.cs:line 296
   at eProposal.AppModule.UI.Clients.AddNewClient_EnterAllValidFields(String firstName, String lastName, String company, String email, String phoneNumber, String address, String city, String state, String zip, String country) in E:\2020\April\eMenus_Atomation\ProductLibrary\eProposal\AppModule\UI\Clients.cs:line 822
   at eProposal.AppModule.MainAdminApp.MainAdminApp.TC_120554() in E:\2020\April\eMenus_Atomation\ProductLibrary\eProposal\AppModule\MainAdminApp\UI\Clients\TP_84916_CLIENTS.cs:line 475
   at eProposal.AppModule.MainAdminApp.MainAdminApp.TP_84916() in E:\2020\April\eMenus_Atomation\ProductLibrary\eProposal\AppModule\MainAdminApp.cs:line 71
   at eProposalClients.ePFull_TP_84916_CLIENTS.TC_120554() in E:\2020\April\eMenus_Atomation\ProductLibrary\eProposal\TestPlan\UI\Clients\ePFull_TP_84916_CLIENTS.cs:line 130
2021-07-06 22:08:52,575 ::INFO ::[Logger]:: E.N.D
