2023-05-16 23:13:22,303 ::INFO ::[Logger]:: Execution of BaseUtility Test cases
2023-05-16 23:13:22,334 ::INFO ::[Logger]:: Chrome is currently being used for testing.
2023-05-16 23:13:22,334 ::INFO ::[Logger]::  is used for Testing
2023-05-16 23:13:22,492 ::INFO ::[Logger]:: This is the login page.https://revcloudsignin.goqacendyn.com//Login?App=9B2092C1-6AF2-4317-B343-B524B07976A8&RelayState=https://revintelrhbi.goQAcendyn.com/SSOLanding.aspx
2023-05-16 23:13:22,492 ::INFO ::[Logger]:: Execution started at:-May-16-2023 23-13-22-PM
2023-05-16 23:13:22,492 ::INFO ::[Logger]:: ~~~~~~~~~~~~~~~~~~~~~~~~~~~~~~~~~~~~~~~~~~~~~~~~~~~~~~~~~~~~~~~~~~~~~~~~~~~~~~~~~~~~~~~~
2023-05-16 23:13:22,507 ::INFO ::[Logger]:: XXXXXXXXXXXXXXXXX      S.T.A.R.T.     XXXXXXXXXXXXXXXX
2023-05-16 23:13:22,507 ::INFO ::[Logger]:: XXXXXXXXXXXXXXXXX      TC_252726         XXXXXXXXXXXXXXXX
2023-05-16 23:13:22,507 ::INFO ::[Logger]:: ~~~~~~~~~~~~~~~~~~~~~~~~~~~~~~~~~~~~~~~~~~~~~~~~~~~~~~~~~~~~~~~~~~~~~~~~~~~~~~~~~~~~~~~~
2023-05-16 23:13:22,507 ::INFO ::[Logger]:: Window Size is: {Width=1382, Height=736}
2023-05-16 23:13:22,507 ::INFO ::[Logger]:: Test Case : Validate the Parent Travel Agent Analysis report
2023-05-16 23:13:24,412 ::INFO ::[Logger]:: Inserted text in the Enter_EmailAddress element on the Login page.
2023-05-16 23:13:24,619 ::DEBUG::[Logger]:: 1) Email Address displayed
2023-05-16 23:13:38,998 ::INFO ::[Logger]:: Clicked the Click_Next_Button element on the Login page.
2023-05-16 23:13:41,127 ::INFO ::[Logger]:: Inserted text in the Enter_Password element on the Login page.
2023-05-16 23:13:41,363 ::DEBUG::[Logger]:: 2) Login in with Username =Testautomation@cendyn17.com and Password =Cendyn123$
2023-05-16 23:13:54,134 ::INFO ::[Logger]:: Clicked the Click_SignIn_Button element on the Login page.
2023-05-16 23:13:54,134 ::DEBUG::[Logger]:: 3) user landed on the Automation RevIntel client selection page
2023-05-16 23:13:57,409 ::DEBUG::[Logger]:: 4) Client displayed
2023-05-16 23:14:23,673 ::INFO ::[Logger]:: Clicked the Link_ClientName element on the Navigation page.
2023-05-16 23:14:23,677 ::DEBUG::[Logger]:: 5) D Rock selected
2023-05-16 23:14:36,189 ::DEBUG::[Logger]:: 6) User landed on Montly pickup Dashboard page
2023-05-16 23:14:40,599 ::DEBUG::[Logger]:: 7) Business source Dropdown displayed
2023-05-16 23:14:48,887 ::INFO ::[Logger]:: Clicked the Parent_Travel_Agent_Analysis element on the Navigation page.
2023-05-16 23:15:20,149 ::DEBUG::[Logger]:: 8) User landed on Parent Travel Agent Analysis report page
2023-05-16 23:15:28,584 ::INFO ::[Logger]:: Switching into the iFrame.
2023-05-16 23:15:35,355 ::INFO ::[Logger]:: Clicked the Click_View_Analysis element on the ReportParameter page.
2023-05-16 23:15:35,371 ::DEBUG::[Logger]:: 9) validation message displayed for required field
2023-05-16 23:15:46,882 ::INFO ::[Logger]:: Clicked the Select_Hotel_DDL element on the ReportParameter page.
2023-05-16 23:15:46,882 ::DEBUG::[Logger]:: 10) List for hotel displayed
2023-05-16 23:15:58,348 ::INFO ::[Logger]:: Clicked the Select_Hotel_value element on the ReportParameter page.
2023-05-16 23:15:58,379 ::DEBUG::[Logger]:: 11) Atlantis, The Palmselected as hotel
2023-05-16 23:16:03,376 ::INFO ::[Logger]:: Inserted text in the Text_StartDate element on the ReportParameter page.
2023-05-16 23:16:03,417 ::DEBUG::[Logger]:: 12) Enter start date as = 1/1/2020
2023-05-16 23:16:07,973 ::INFO ::[Logger]:: Inserted text in the Text_EndDate element on the ReportParameter page.
2023-05-16 23:16:07,973 ::DEBUG::[Logger]:: 13) Enter enddate as = 1/31/2020
2023-05-16 23:16:19,220 ::INFO ::[Logger]:: Clicked the Click_View_Analysis element on the ReportParameter page.
2023-05-16 23:16:59,357 ::DEBUG::[Logger]:: 14) Report generated
2023-05-16 23:17:10,319 ::INFO ::[Logger]:: Clicked the Export_Menu element on the ReportParameter page.
2023-05-16 23:17:10,963 ::DEBUG::[Logger]:: 15) Dropdown displayed
2023-05-16 23:17:18,191 ::INFO ::[Logger]:: Clicked the Excel element on the ReportParameter page.
2023-05-16 23:17:28,334 ::DEBUG::[Logger]:: 16) Report exported in excel format
2023-05-16 23:17:32,414 ::INFO ::[Logger]:: Switching out of the iFrame.
2023-05-16 23:17:39,460 ::INFO ::[Logger]:: Clicked the Parent_Travel_Agent_Analysis_Close element on the ReportParameter page.
2023-05-16 23:17:41,112 ::DEBUG::[Logger]:: 17) Business source Dropdown displayed
2023-05-16 23:17:49,386 ::INFO ::[Logger]:: Clicked the Parent_Travel_Agent_Analysis element on the Navigation page.
2023-05-16 23:18:21,141 ::DEBUG::[Logger]:: 18) User landed on Parent Travel Agent Analysis report page
2023-05-16 23:18:29,580 ::INFO ::[Logger]:: Switching into the iFrame.
2023-05-16 23:19:31,267 ::ERROR::[Logger]:: The //*[@id='rblHotelPortfolio_ctl01']/span[1] element was not found on the page.
OpenQA.Selenium.WebDriverException: The HTTP request to the remote WebDriver server for URL http://localhost:53330/session/74fa8a59d707f10a6d31c4e1f282a9c9/element timed out after 60 seconds. ---> System.Threading.Tasks.TaskCanceledException: A task was canceled.
   at System.Runtime.CompilerServices.TaskAwaiter.ThrowForNonSuccess(Task task)
   at System.Runtime.CompilerServices.TaskAwaiter.HandleNonSuccessAndDebuggerNotification(Task task)
   at System.Runtime.CompilerServices.TaskAwaiter`1.GetResult()
   at OpenQA.Selenium.Remote.HttpCommandExecutor.<MakeHttpRequest>d__35.MoveNext()
--- End of stack trace from previous location where exception was thrown ---
   at System.Runtime.CompilerServices.TaskAwaiter.ThrowForNonSuccess(Task task)
   at System.Runtime.CompilerServices.TaskAwaiter.HandleNonSuccessAndDebuggerNotification(Task task)
   at System.Runtime.CompilerServices.TaskAwaiter`1.GetResult()
   at OpenQA.Selenium.Remote.HttpCommandExecutor.Execute(Command commandToExecute)
   --- End of inner exception stack trace ---
   at OpenQA.Selenium.Remote.HttpCommandExecutor.Execute(Command commandToExecute)
   at OpenQA.Selenium.Remote.DriverServiceCommandExecutor.Execute(Command commandToExecute)
   at OpenQA.Selenium.WebDriver.Execute(String driverCommandToExecute, Dictionary`2 parameters)
   at OpenQA.Selenium.WebDriver.FindElement(String mechanism, String value)
   at OpenQA.Selenium.By.<.ctor>b__11_0(ISearchContext context)
   at OpenQA.Selenium.By.FindElement(ISearchContext context)
   at OpenQA.Selenium.WebDriver.FindElement(By by)
   at BaseUtility.PageObject.PageAction.Find_ElementXPath(String repoName) in C:\Users\msridhar\Source\Repos\Cendyn.AutomationFramework\BaseUtility\PageObject\PageAction.cs:line 33
2023-05-16 23:23:31,443 ::ERROR::[Logger]:: Element not found
OpenQA.Selenium.WebDriverTimeoutException: Timed out after 240 seconds
   at OpenQA.Selenium.Support.UI.DefaultWait`1.ThrowTimeoutException(String exceptionMessage, Exception lastException)
   at OpenQA.Selenium.Support.UI.DefaultWait`1.Until[TResult](Func`2 condition, CancellationToken token)
   at OpenQA.Selenium.Support.UI.DefaultWait`1.Until[TResult](Func`2 condition)
   at BaseUtility.Utility.Helper.ElementWait(IWebElement element, Int32 time) in C:\Users\msridhar\Source\Repos\Cendyn.AutomationFramework\BaseUtility\Utility\Helper.cs:line 168
2023-05-16 23:24:31,684 ::ERROR::[Logger]:: The //*[@id='rblHotelPortfolio_ctl01']/span[1] element was not found on the page.
OpenQA.Selenium.WebDriverException: The HTTP request to the remote WebDriver server for URL http://localhost:53330/session/74fa8a59d707f10a6d31c4e1f282a9c9/element timed out after 60 seconds. ---> System.Threading.Tasks.TaskCanceledException: A task was canceled.
   at System.Runtime.CompilerServices.TaskAwaiter.ThrowForNonSuccess(Task task)
   at System.Runtime.CompilerServices.TaskAwaiter.HandleNonSuccessAndDebuggerNotification(Task task)
   at System.Runtime.CompilerServices.TaskAwaiter`1.GetResult()
   at OpenQA.Selenium.Remote.HttpCommandExecutor.<MakeHttpRequest>d__35.MoveNext()
--- End of stack trace from previous location where exception was thrown ---
   at System.Runtime.CompilerServices.TaskAwaiter.ThrowForNonSuccess(Task task)
   at System.Runtime.CompilerServices.TaskAwaiter.HandleNonSuccessAndDebuggerNotification(Task task)
   at System.Runtime.CompilerServices.TaskAwaiter`1.GetResult()
   at OpenQA.Selenium.Remote.HttpCommandExecutor.Execute(Command commandToExecute)
   --- End of inner exception stack trace ---
   at OpenQA.Selenium.Remote.HttpCommandExecutor.Execute(Command commandToExecute)
   at OpenQA.Selenium.Remote.DriverServiceCommandExecutor.Execute(Command commandToExecute)
   at OpenQA.Selenium.WebDriver.Execute(String driverCommandToExecute, Dictionary`2 parameters)
   at OpenQA.Selenium.WebDriver.FindElement(String mechanism, String value)
   at OpenQA.Selenium.By.<.ctor>b__11_0(ISearchContext context)
   at OpenQA.Selenium.By.FindElement(ISearchContext context)
   at OpenQA.Selenium.WebDriver.FindElement(By by)
   at BaseUtility.PageObject.PageAction.Find_ElementXPath(String repoName) in C:\Users\msridhar\Source\Repos\Cendyn.AutomationFramework\BaseUtility\PageObject\PageAction.cs:line 33
2023-05-16 23:24:33,995 ::FATAL::[Logger]:: Unable to click the Portfolio_RadioButton element on the ReportParameter page.System.NullReferenceException: Object reference not set to an instance of an object.
   at BaseUtility.Utility.Helper.ElementClick(IWebElement element) in C:\Users\msridhar\Source\Repos\Cendyn.AutomationFramework\BaseUtility\Utility\Helper.cs:line 81
2023-05-16 23:24:34,356 ::ERROR::[Logger]:: RevIntel_Flow :: Script::Failed
System.NullReferenceException: Object reference not set to an instance of an object.
   at BaseUtility.Utility.Helper.ElementClick(IWebElement element) in C:\Users\msridhar\Source\Repos\Cendyn.AutomationFramework\BaseUtility\Utility\Helper.cs:line 88
   at RevIntel.AppModule.UI.ReportParameter.Portfolio_RadioButton() in C:\Users\msridhar\Source\Repos\Cendyn.AutomationFramework\ProductLibrary\RevIntel\RevIntel\AppModule\UI\ReportParameter.cs:line 29
   at RevIntel.AppModule.MainAdminApp.MainAdminApp.TC_252726() in C:\Users\msridhar\Source\Repos\Cendyn.AutomationFramework\ProductLibrary\RevIntel\RevIntel\AppModule\MainAdminApp\TP_252700_Business_source.cs:line 1866
   at RevIntel.AppModule.MainAdminApp.MainAdminApp.TP_252700() in C:\Users\msridhar\Source\Repos\Cendyn.AutomationFramework\ProductLibrary\RevIntel\RevIntel\AppModule\MainAdminApp.cs:line 23
   at RevIntel.RevIntel_TP_252700_Business_source.TC_252726() in C:\Users\msridhar\Source\Repos\Cendyn.AutomationFramework\ProductLibrary\RevIntel\RevIntel\TestPlan\RevIntel\RevIntel_TP_252700_Business_source.cs:line 321
2023-05-16 23:26:00,621 ::INFO ::[Logger]:: E.N.D
