2023-05-16 23:53:11,330 ::INFO ::[Logger]:: Execution of BaseUtility Test cases
2023-05-16 23:53:11,642 ::INFO ::[Logger]:: Chrome is currently being used for testing.
2023-05-16 23:53:11,658 ::INFO ::[Logger]::  is used for Testing
2023-05-16 23:53:12,003 ::INFO ::[Logger]:: This is the login page.https://revcloudsignin.goqacendyn.com//Login?App=9B2092C1-6AF2-4317-B343-B524B07976A8&RelayState=https://revintelrhbi.goQAcendyn.com/SSOLanding.aspx
2023-05-16 23:53:12,803 ::INFO ::[Logger]:: Execution started at:-May-16-2023 23-53-12-PM
2023-05-16 23:53:12,896 ::INFO ::[Logger]:: ~~~~~~~~~~~~~~~~~~~~~~~~~~~~~~~~~~~~~~~~~~~~~~~~~~~~~~~~~~~~~~~~~~~~~~~~~~~~~~~~~~~~~~~~
2023-05-16 23:53:12,959 ::INFO ::[Logger]:: XXXXXXXXXXXXXXXXX      S.T.A.R.T.     XXXXXXXXXXXXXXXX
2023-05-16 23:53:13,179 ::INFO ::[Logger]:: XXXXXXXXXXXXXXXXX      TC_256852         XXXXXXXXXXXXXXXX
2023-05-16 23:53:13,179 ::INFO ::[Logger]:: ~~~~~~~~~~~~~~~~~~~~~~~~~~~~~~~~~~~~~~~~~~~~~~~~~~~~~~~~~~~~~~~~~~~~~~~~~~~~~~~~~~~~~~~~
2023-05-16 23:53:13,508 ::INFO ::[Logger]:: Window Size is: {Width=1382, Height=736}
2023-05-16 23:53:13,540 ::INFO ::[Logger]:: Test Case : Validate the Agent Analysis report (multiple filter)
2023-05-16 23:53:15,756 ::INFO ::[Logger]:: Inserted text in the Enter_EmailAddress element on the Login page.
2023-05-16 23:53:15,756 ::DEBUG::[Logger]:: 1) Email Address displayed
2023-05-16 23:53:26,519 ::INFO ::[Logger]:: Clicked the Click_Next_Button element on the Login page.
2023-05-16 23:53:29,431 ::INFO ::[Logger]:: Inserted text in the Enter_Password element on the Login page.
2023-05-16 23:53:29,478 ::DEBUG::[Logger]:: 2) Login in with Username =Testautomation@cendyn17.com and Password =Cendyn123$
2023-05-16 23:53:41,982 ::INFO ::[Logger]:: Clicked the Click_SignIn_Button element on the Login page.
2023-05-16 23:53:41,982 ::DEBUG::[Logger]:: 3) user landed on the Automation RevIntel client selection page
2023-05-16 23:53:45,544 ::DEBUG::[Logger]:: 4) Client displayed
2023-05-16 23:53:59,274 ::INFO ::[Logger]:: Clicked the Link_ClientName element on the Navigation page.
2023-05-16 23:53:59,274 ::DEBUG::[Logger]:: 5) D Rock selected
2023-05-16 23:54:11,854 ::DEBUG::[Logger]:: 6) User landed on Montly pickup Dashboard page
2023-05-16 23:54:21,928 ::INFO ::[Logger]:: Clicked the AgentAnalysis element on the Navigation page.
2023-05-16 23:54:21,930 ::DEBUG::[Logger]:: 7) Agent Analysis report selected
2023-05-16 23:54:26,959 ::DEBUG::[Logger]:: 8) Agent Analysis gets displayed
2023-05-16 23:54:34,907 ::INFO ::[Logger]:: Switching into the iFrame.
2023-05-16 23:54:43,477 ::INFO ::[Logger]:: Clicked the Select_Hotel_DDL element on the ReportParameter page.
2023-05-16 23:54:43,521 ::DEBUG::[Logger]:: 9) List for hotel displayed
2023-05-16 23:54:51,941 ::INFO ::[Logger]:: Clicked the Select_Hotel_value element on the ReportParameter page.
2023-05-16 23:54:51,957 ::DEBUG::[Logger]:: 10) Atlantis, The Palmselected as hotel
2023-05-16 23:55:01,182 ::INFO ::[Logger]:: Clicked the Click_Business_Unit_Dropdown element on the ReportParameter page.
2023-05-16 23:55:06,517 ::INFO ::[Logger]:: Clicked the Select_Business_Unit_Value element on the ReportParameter page.
2023-05-16 23:55:06,816 ::DEBUG::[Logger]:: 11) AUDis selected as Business Unit
2023-05-16 23:55:15,011 ::INFO ::[Logger]:: Clicked the Click_Currency_Dropdown element on the ReportParameter page.
2023-05-16 23:56:15,077 ::ERROR::[Logger]:: The //li[contains(text(),'AUD')] element was not found on the page.
OpenQA.Selenium.WebDriverException: The HTTP request to the remote WebDriver server for URL http://localhost:53706/session/7081dabf937fc4ece9a7bc9ca48256de/element timed out after 60 seconds. ---> System.Threading.Tasks.TaskCanceledException: A task was canceled.
   at System.Runtime.CompilerServices.TaskAwaiter.ThrowForNonSuccess(Task task)
   at System.Runtime.CompilerServices.TaskAwaiter.HandleNonSuccessAndDebuggerNotification(Task task)
   at System.Runtime.CompilerServices.TaskAwaiter`1.GetResult()
   at OpenQA.Selenium.Remote.HttpCommandExecutor.<MakeHttpRequest>d__35.MoveNext()
--- End of stack trace from previous location where exception was thrown ---
   at System.Runtime.CompilerServices.TaskAwaiter.ThrowForNonSuccess(Task task)
   at System.Runtime.CompilerServices.TaskAwaiter.HandleNonSuccessAndDebuggerNotification(Task task)
   at System.Runtime.CompilerServices.TaskAwaiter`1.GetResult()
   at OpenQA.Selenium.Remote.HttpCommandExecutor.Execute(Command commandToExecute)
   --- End of inner exception stack trace ---
   at OpenQA.Selenium.Remote.HttpCommandExecutor.Execute(Command commandToExecute)
   at OpenQA.Selenium.Remote.DriverServiceCommandExecutor.Execute(Command commandToExecute)
   at OpenQA.Selenium.WebDriver.Execute(String driverCommandToExecute, Dictionary`2 parameters)
   at OpenQA.Selenium.WebDriver.FindElement(String mechanism, String value)
   at OpenQA.Selenium.By.<.ctor>b__11_0(ISearchContext context)
   at OpenQA.Selenium.By.FindElement(ISearchContext context)
   at OpenQA.Selenium.WebDriver.FindElement(By by)
   at BaseUtility.PageObject.PageAction.Find_ElementXPath(String repoName) in C:\Users\msridhar\Source\Repos\Cendyn.AutomationFramework\BaseUtility\PageObject\PageAction.cs:line 33
2023-05-16 23:56:17,168 ::FATAL::[Logger]:: Unable to click the Select_Currency_Value element on the ReportParameter page.System.NullReferenceException: Object reference not set to an instance of an object.
   at BaseUtility.Utility.Helper.ElementClick(IWebElement element) in C:\Users\msridhar\Source\Repos\Cendyn.AutomationFramework\BaseUtility\Utility\Helper.cs:line 81
2023-05-16 23:56:17,168 ::ERROR::[Logger]:: RevIntel_Flow :: Script::Failed
System.NullReferenceException: Object reference not set to an instance of an object.
   at BaseUtility.Utility.Helper.ElementClick(IWebElement element) in C:\Users\msridhar\Source\Repos\Cendyn.AutomationFramework\BaseUtility\Utility\Helper.cs:line 88
   at RevIntel.AppModule.UI.ReportParameter.Select_Currency_Value() in C:\Users\msridhar\Source\Repos\Cendyn.AutomationFramework\ProductLibrary\RevIntel\RevIntel\AppModule\UI\ReportParameter.cs:line 672
   at RevIntel.AppModule.UI.ReportParameter.Select_Currency_Business_value(String Business_Unit, String Currency) in C:\Users\msridhar\Source\Repos\Cendyn.AutomationFramework\ProductLibrary\RevIntel\RevIntel\AppModule\UI\ReportParameter.cs:line 728
   at RevIntel.AppModule.MainAdminApp.MainAdminApp.TC_256852() in C:\Users\msridhar\Source\Repos\Cendyn.AutomationFramework\ProductLibrary\RevIntel\RevIntel\AppModule\MainAdminApp\TP_252700_Business_source.cs:line 3072
   at RevIntel.AppModule.MainAdminApp.MainAdminApp.TP_252700() in C:\Users\msridhar\Source\Repos\Cendyn.AutomationFramework\ProductLibrary\RevIntel\RevIntel\AppModule\MainAdminApp.cs:line 28
   at RevIntel.RevIntel_TP_252700_Business_source.TC_256852() in C:\Users\msridhar\Source\Repos\Cendyn.AutomationFramework\ProductLibrary\RevIntel\RevIntel\TestPlan\RevIntel\RevIntel_TP_252700_Business_source.cs:line 267
2023-05-16 23:57:44,742 ::INFO ::[Logger]:: E.N.D
