2021-07-19 18:37:24,753 ::INFO ::[Logger]:: Execution of BaseUtility Test cases
2021-07-19 18:37:24,851 ::INFO ::[Logger]:: Chrome is currently being used for testing.
2021-07-19 18:37:24,874 ::INFO ::[Logger]::  is used for Testing
2021-07-19 18:37:24,890 ::INFO ::[Logger]:: This is the login page.https://qalogin.cendynaccess.com/Account/Login
2021-07-19 18:37:24,891 ::INFO ::[Logger]:: Execution started at:-Jul-19-2021 18-37-24-PM
2021-07-19 18:37:24,892 ::INFO ::[Logger]:: ~~~~~~~~~~~~~~~~~~~~~~~~~~~~~~~~~~~~~~~~~~~~~~~~~~~~~~~~~~~~~~~~~~~~~~~~~~~~~~~~~~~~~~~~
2021-07-19 18:37:24,894 ::INFO ::[Logger]:: XXXXXXXXXXXXXXXXX      S.T.A.R.T.     XXXXXXXXXXXXXXXX
2021-07-19 18:37:24,896 ::INFO ::[Logger]:: XXXXXXXXXXXXXXXXX      TC_84287         XXXXXXXXXXXXXXXX
2021-07-19 18:37:24,898 ::INFO ::[Logger]:: ~~~~~~~~~~~~~~~~~~~~~~~~~~~~~~~~~~~~~~~~~~~~~~~~~~~~~~~~~~~~~~~~~~~~~~~~~~~~~~~~~~~~~~~~
2021-07-19 18:38:13,043 ::INFO ::[Logger]:: Inserted text in the SSOLogin_Email element on the EmployeeLogin page.
2021-07-19 18:38:13,047 ::DEBUG::[Logger]:: 1) Entered UserName
2021-07-19 18:38:21,769 ::INFO ::[Logger]:: Clicked the SSOLogin_Next element on the EmployeeLogin page.
2021-07-19 18:38:25,883 ::INFO ::[Logger]:: Inserted text in the SSOLogin_Password element on the EmployeeLogin page.
2021-07-19 18:38:25,884 ::DEBUG::[Logger]:: 2) Clicked on Next button and entered password.
2021-07-19 18:38:34,499 ::INFO ::[Logger]:: Clicked the SSOLogin_Submit element on the EmployeeLogin page.
2021-07-19 18:38:34,501 ::DEBUG::[Logger]:: 3) Clicked on Subimt button.
2021-07-19 18:39:12,829 ::INFO ::[Logger]:: Clicked the SSOLogin_Submit element on the EmployeeLogin page.
2021-07-19 18:39:28,028 ::INFO ::[Logger]:: Clicked the SSOLogin_Submit element on the EmployeeLogin page.
2021-07-19 18:39:33,134 ::INFO ::[Logger]:: Clicked the SSOLogin_Submit element on the EmployeeLogin page.
2021-07-19 18:39:33,137 ::DEBUG::[Logger]:: 4) Logged in successfully.
2021-07-19 18:39:51,676 ::INFO ::[Logger]:: Clicked the PropertyDropDown_Button element on the EmployeeHome page.
2021-07-19 18:40:29,958 ::INFO ::[Logger]:: Selected the Cendyn – DEV - BBQ HIlton value from the PropertyDropDown_Text drop down.
2021-07-19 18:40:29,971 ::DEBUG::[Logger]:: 5) Test property selected: Cendyn – DEV - BBQ HIlton
2021-07-19 18:41:10,770 ::INFO ::[Logger]:: Clicked the CreateEdit_eProposalButton element on the EmployeeHome page.
2021-07-19 18:41:16,773 ::DEBUG::[Logger]:: 6) Land on the Compose page.
2021-07-19 18:41:24,172 ::INFO ::[Logger]:: Inserted text in the MessageClosingText element on the ProposalCompose page.
2021-07-19 18:41:24,192 ::DEBUG::[Logger]:: 7) Message is entered.
2021-07-19 18:41:31,533 ::INFO ::[Logger]:: Inserted text in the ProposalNameText element on the ProposalCompose page.
2021-07-19 18:41:36,727 ::INFO ::[Logger]:: Clicked the Client_SearchLink element on the ProposalCompose page.
2021-07-19 18:41:40,920 ::INFO ::[Logger]:: Inserted text in the Client_SearchText element on the ProposalCompose page.
2021-07-19 18:41:46,021 ::INFO ::[Logger]:: Clicked the Button_Client_Search_Search element on the ProposalCompose page.
2021-07-19 18:41:51,135 ::INFO ::[Logger]:: Clicked the Button_ClientSearchResult element on the ProposalCompose page.
2021-07-19 18:41:51,136 ::DEBUG::[Logger]:: 8) Data Entered
2021-07-19 18:42:06,673 ::INFO ::[Logger]:: Clicked the Button_Next element on the ProposalCompose page.
2021-07-19 18:42:25,281 ::INFO ::[Logger]:: Clicked the Button_Next element on the ProposalCompose page.
2021-07-19 18:42:41,253 ::INFO ::[Logger]:: Clicked the Button_Next element on the ProposalCompose page.
2021-07-19 18:42:58,302 ::INFO ::[Logger]:: Clicked the Button_Next element on the ProposalCompose page.
2021-07-19 18:43:10,595 ::INFO ::[Logger]:: The 'Closing Message' is displayed.
2021-07-19 18:43:31,990 ::INFO ::[Logger]:: Clicked the Button_Send element on the ProposalPreview page.
2021-07-19 18:43:34,491 ::DEBUG::[Logger]:: 9) eProposal is emailed to the 'Client'.
2021-07-19 18:54:33,802 ::INFO ::[Logger]:: Inserted text in the Button_Send element on the ProposalPreview page.
2021-07-19 18:54:38,933 ::INFO ::[Logger]:: Clicked the Button_Send element on the ProposalPreview page.
2021-07-19 18:54:53,038 ::INFO ::[Logger]:: Inserted text in the Button_Send element on the ProposalPreview page.
2021-07-19 18:54:53,039 ::DEBUG::[Logger]:: 10) Entered Catchall UserName and Password
2021-07-19 18:55:02,694 ::INFO ::[Logger]:: Clicked the Button_Send element on the ProposalPreview page.
2021-07-19 18:55:02,848 ::INFO ::[Logger]:: The element Element (id = b98ce4f9-c22c-4421-8610-7e94da025169) is selected.
2021-07-19 18:55:13,769 ::INFO ::[Logger]:: Clicked the Button_Send element on the ProposalPreview page.
2021-07-19 18:55:19,402 ::INFO ::[Logger]:: Clicked the Button_Send element on the ProposalPreview page.
2021-07-19 18:55:44,619 ::INFO ::[Logger]:: Clicked the Button_Send element on the ProposalPreview page.
2021-07-19 18:56:31,775 ::INFO ::[Logger]:: Clicked the Button_Send element on the ProposalPreview page.
2021-07-19 18:57:01,833 ::DEBUG::[Logger]:: 11) Opened Latest Email with SubjectName Contains - TC_84287
2021-07-19 18:57:05,074 ::DEBUG::[Logger]:: 12) The email is opened.
2021-07-19 18:57:38,605 ::ERROR::[Logger]:: The //a[contains(text(), 'Open Your eProposal')] element was not found on the page.
OpenQA.Selenium.NoSuchElementException: no such element: Unable to locate element: {"method":"xpath","selector":"//a[contains(text(), 'Open Your eProposal')]"}
  (Session info: chrome=91.0.4472.124)
   at OpenQA.Selenium.Remote.RemoteWebDriver.UnpackAndThrowOnError(Response errorResponse)
   at OpenQA.Selenium.Remote.RemoteWebDriver.Execute(String driverCommandToExecute, Dictionary`2 parameters)
   at OpenQA.Selenium.Remote.RemoteWebDriver.FindElement(String mechanism, String value)
   at OpenQA.Selenium.Remote.RemoteWebDriver.FindElementByXPath(String xpath)
   at OpenQA.Selenium.By.<>c__DisplayClass19_0.<XPath>b__0(ISearchContext context)
   at OpenQA.Selenium.By.FindElement(ISearchContext context)
   at OpenQA.Selenium.Remote.RemoteWebDriver.FindElement(By by)
   at BaseUtility.PageObject.PageAction.Find_ElementXPath(String repoName) in E:\2020\April\eMenus_Atomation\BaseUtility\PageObject\PageAction.cs:line 32
2021-07-19 18:57:38,709 ::ERROR::[Logger]:: eProposal_Flow :: Script::Failed
System.ArgumentNullException: element cannot be null
Parameter name: element
   at OpenQA.Selenium.Support.UI.PopupWindowFinder.Click(IWebElement element)
   at BaseUtility.Utility.Helper.OpenPopUpWindow(IWebElement element) in E:\2020\April\eMenus_Atomation\BaseUtility\Utility\Helper.cs:line 568
   at eProposal.AppModule.UI.ClientEmail.Click_Link_OpenYourProposal() in E:\2020\April\eMenus_Atomation\ProductLibrary\eProposal\AppModule\UI\ClientEmail.cs:line 62
   at eProposal.AppModule.MainAdminApp.MainAdminApp.TC_84287() in E:\2020\April\eMenus_Atomation\ProductLibrary\eProposal\AppModule\MainAdminApp\UI\CreateEdit\eProposal\Compose\TP_84293_eProposal_Compose.cs:line 497
   at eProposal.AppModule.MainAdminApp.MainAdminApp.TP_84293() in E:\2020\April\eMenus_Atomation\ProductLibrary\eProposal\AppModule\MainAdminApp.cs:line 171
   at eProposalCreateCompose.ePFull_TP_84293_eProposal_COMPOSE.TC_84287() in E:\2020\April\eMenus_Atomation\ProductLibrary\eProposal\TestPlan\UI\CreateEdit\eProposal\Compose\ePFull_TP_84293_eProposal_COMPOSE.cs:line 283
2021-07-19 18:58:13,474 ::INFO ::[Logger]:: E.N.D
