2021-07-11 14:45:57,620 ::INFO ::[Logger]:: Execution of BaseUtility Test cases
2021-07-11 14:45:57,677 ::INFO ::[Logger]:: Chrome is currently being used for testing.
2021-07-11 14:45:57,690 ::INFO ::[Logger]::  is used for Testing
2021-07-11 14:45:57,697 ::INFO ::[Logger]:: This is the login page.https://qalogin.cendynaccess.com/Account/Login
2021-07-11 14:45:57,698 ::INFO ::[Logger]:: Execution started at:-Jul-11-2021 14-45-57-PM
2021-07-11 14:45:57,699 ::INFO ::[Logger]:: ~~~~~~~~~~~~~~~~~~~~~~~~~~~~~~~~~~~~~~~~~~~~~~~~~~~~~~~~~~~~~~~~~~~~~~~~~~~~~~~~~~~~~~~~
2021-07-11 14:45:57,699 ::INFO ::[Logger]:: XXXXXXXXXXXXXXXXX      S.T.A.R.T.     XXXXXXXXXXXXXXXX
2021-07-11 14:45:57,701 ::INFO ::[Logger]:: XXXXXXXXXXXXXXXXX      TC_120489         XXXXXXXXXXXXXXXX
2021-07-11 14:45:57,702 ::INFO ::[Logger]:: ~~~~~~~~~~~~~~~~~~~~~~~~~~~~~~~~~~~~~~~~~~~~~~~~~~~~~~~~~~~~~~~~~~~~~~~~~~~~~~~~~~~~~~~~
2021-07-11 14:46:49,944 ::INFO ::[Logger]:: Inserted text in the SSOLogin_Email element on the EmployeeLogin page.
2021-07-11 14:46:49,954 ::DEBUG::[Logger]:: 1) Entered UserName
2021-07-11 14:46:58,631 ::INFO ::[Logger]:: Clicked the SSOLogin_Next element on the EmployeeLogin page.
2021-07-11 14:47:02,746 ::INFO ::[Logger]:: Inserted text in the SSOLogin_Password element on the EmployeeLogin page.
2021-07-11 14:47:02,747 ::DEBUG::[Logger]:: 2) Clicked on Next button and entered password.
2021-07-11 14:47:11,346 ::INFO ::[Logger]:: Clicked the SSOLogin_Submit element on the EmployeeLogin page.
2021-07-11 14:47:11,348 ::DEBUG::[Logger]:: 3) Clicked on Subimt button.
2021-07-11 14:47:42,548 ::INFO ::[Logger]:: Clicked the SSOLogin_Submit element on the EmployeeLogin page.
2021-07-11 14:47:57,728 ::INFO ::[Logger]:: Clicked the SSOLogin_Submit element on the EmployeeLogin page.
2021-07-11 14:48:02,868 ::INFO ::[Logger]:: Clicked the SSOLogin_Submit element on the EmployeeLogin page.
2021-07-11 14:48:02,873 ::DEBUG::[Logger]:: 4) Logged in successfully.
2021-07-11 14:48:21,318 ::INFO ::[Logger]:: Clicked the PropertyDropDown_Button element on the EmployeeHome page.
2021-07-11 14:48:48,459 ::INFO ::[Logger]:: Selected the Conrad Chicago value from the PropertyDropDown_Text drop down.
2021-07-11 14:48:48,460 ::DEBUG::[Logger]:: 5) Test property selected: Conrad Chicago
2021-07-11 14:49:07,349 ::INFO ::[Logger]:: Clicked the Activity_Navigation_ActivityTab element on the Activity page.
2021-07-11 14:49:10,851 ::DEBUG::[Logger]:: 6) Land on the Activity page.
2021-07-11 14:49:20,629 ::INFO ::[Logger]:: Clicked the Activity_dropdown_CurrentlyViewing element on the Activity page.
2021-07-11 14:49:20,631 ::DEBUG::[Logger]:: 7) Currently Viewing dropdown is dislayed
2021-07-11 14:49:25,295 ::INFO ::[Logger]:: The following options are displayed: Prospect Tentative General Inquiry Definite Contracted Pending Completed Canceled Turn Down Lost Actualized Archived Viewed Metron - RFP All
2021-07-11 14:49:25,298 ::DEBUG::[Logger]:: 8) Error message is displayed Expiration date cannot occur before today.
2021-07-11 14:50:00,613 ::ERROR::[Logger]:: The .//*[@id='aStatus'] element was not found on the page.
OpenQA.Selenium.NoSuchElementException: no such element: Unable to locate element: {"method":"xpath","selector":".//*[@id='aStatus']"}
  (Session info: chrome=91.0.4472.124)
   at OpenQA.Selenium.Remote.RemoteWebDriver.UnpackAndThrowOnError(Response errorResponse)
   at OpenQA.Selenium.Remote.RemoteWebDriver.Execute(String driverCommandToExecute, Dictionary`2 parameters)
   at OpenQA.Selenium.Remote.RemoteWebDriver.FindElement(String mechanism, String value)
   at OpenQA.Selenium.Remote.RemoteWebDriver.FindElementByXPath(String xpath)
   at OpenQA.Selenium.By.<>c__DisplayClass19_0.<XPath>b__0(ISearchContext context)
   at OpenQA.Selenium.By.FindElement(ISearchContext context)
   at OpenQA.Selenium.Remote.RemoteWebDriver.FindElement(By by)
   at BaseUtility.PageObject.PageAction.Find_ElementXPath(String repoName) in E:\2020\April\eMenus_Atomation\BaseUtility\PageObject\PageAction.cs:line 32
2021-07-11 14:50:15,224 ::FATAL::[Logger]:: Unable to click the Activity_Link_Status element on the Activity page.System.NullReferenceException: Object reference not set to an instance of an object.
   at BaseUtility.Utility.Helper.ElementClick(IWebElement element) in E:\2020\April\eMenus_Atomation\BaseUtility\Utility\Helper.cs:line 54
2021-07-11 14:50:22,108 ::ERROR::[Logger]:: eProposal_Flow :: Script::Failed
System.NullReferenceException: Object reference not set to an instance of an object.
   at BaseUtility.Utility.Helper.ElementClick(IWebElement element) in E:\2020\April\eMenus_Atomation\BaseUtility\Utility\Helper.cs:line 61
   at eProposal.AppModule.UI.Activity.ClickLinkStatus() in E:\2020\April\eMenus_Atomation\ProductLibrary\eProposal\AppModule\UI\Activity.cs:line 178
   at eProposal.AppModule.MainAdminApp.MainAdminApp.TC_120489() in E:\2020\April\eMenus_Atomation\ProductLibrary\eProposal\AppModule\MainAdminApp\UI\Activity\TP_120480_ACTIVITY.cs:line 561
   at eProposal.AppModule.MainAdminApp.MainAdminApp.TP_120480() in E:\2020\April\eMenus_Atomation\ProductLibrary\eProposal\AppModule\MainAdminApp.cs:line 41
   at ePFullActivity.ePFull_TP_120480_ACTIVITY.TC_120489() in E:\2020\April\eMenus_Atomation\ProductLibrary\eProposal\TestPlan\UI\Activity\ePFull_TP_120480_ACTIVITY.cs:line 222
2021-07-11 14:50:36,687 ::INFO ::[Logger]:: E.N.D
