2023-05-17 18:16:40,770 ::INFO ::[Logger]:: Execution of BaseUtility Test cases
2023-05-17 18:16:40,972 ::INFO ::[Logger]:: Chrome is currently being used for testing.
2023-05-17 18:16:40,990 ::INFO ::[Logger]::  is used for Testing
2023-05-17 18:16:41,047 ::INFO ::[Logger]:: This is the login page.https://revcloudsignin.goqacendyn.com//Login?App=9B2092C1-6AF2-4317-B343-B524B07976A8&RelayState=https://revintelrhbi.goQAcendyn.com/SSOLanding.aspx
2023-05-17 18:16:41,053 ::INFO ::[Logger]:: Execution started at:-May-17-2023 18-16-41-PM
2023-05-17 18:16:41,053 ::INFO ::[Logger]:: ~~~~~~~~~~~~~~~~~~~~~~~~~~~~~~~~~~~~~~~~~~~~~~~~~~~~~~~~~~~~~~~~~~~~~~~~~~~~~~~~~~~~~~~~
2023-05-17 18:16:41,053 ::INFO ::[Logger]:: XXXXXXXXXXXXXXXXX      S.T.A.R.T.     XXXXXXXXXXXXXXXX
2023-05-17 18:16:41,053 ::INFO ::[Logger]:: XXXXXXXXXXXXXXXXX      TC_252831         XXXXXXXXXXXXXXXX
2023-05-17 18:16:41,053 ::INFO ::[Logger]:: ~~~~~~~~~~~~~~~~~~~~~~~~~~~~~~~~~~~~~~~~~~~~~~~~~~~~~~~~~~~~~~~~~~~~~~~~~~~~~~~~~~~~~~~~
2023-05-17 18:16:41,163 ::INFO ::[Logger]:: Window Size is: {Width=1382, Height=736}
2023-05-17 18:16:41,179 ::INFO ::[Logger]:: Test Case : Validate the Channel Report
2023-05-17 18:16:44,199 ::INFO ::[Logger]:: Inserted text in the Enter_EmailAddress element on the Login page.
2023-05-17 18:16:44,199 ::DEBUG::[Logger]:: 1) Email Address displayed
2023-05-17 18:17:00,507 ::INFO ::[Logger]:: Clicked the Click_Next_Button element on the Login page.
2023-05-17 18:17:02,785 ::INFO ::[Logger]:: Inserted text in the Enter_Password element on the Login page.
2023-05-17 18:17:02,785 ::DEBUG::[Logger]:: 2) Login in with Username =Testautomation@cendyn17.com and Password =Cendyn123$
2023-05-17 18:17:22,859 ::INFO ::[Logger]:: Clicked the Click_SignIn_Button element on the Login page.
2023-05-17 18:17:22,859 ::DEBUG::[Logger]:: 3) user landed on the Automation RevIntel client selection page
2023-05-17 18:17:26,951 ::DEBUG::[Logger]:: 4) Client displayed
2023-05-17 18:17:44,878 ::INFO ::[Logger]:: Clicked the Link_ClientName element on the Navigation page.
2023-05-17 18:17:44,881 ::DEBUG::[Logger]:: 5) D Rock selected
2023-05-17 18:18:03,977 ::DEBUG::[Logger]:: 6) User landed on Montly pickup Dashboard page
2023-05-17 18:18:07,075 ::DEBUG::[Logger]:: 7) Channel drop down displayed
2023-05-17 18:18:18,450 ::INFO ::[Logger]:: Clicked the Channel_Report element on the Navigation page.
2023-05-17 18:18:28,469 ::DEBUG::[Logger]:: 8) User Landed on Channel Report Page
2023-05-17 18:18:37,170 ::INFO ::[Logger]:: Switching into the iFrame.
2023-05-17 18:18:44,148 ::INFO ::[Logger]:: Clicked the Click_Business_Unit_Dropdown element on the ReportParameter page.
2023-05-17 18:18:49,563 ::INFO ::[Logger]:: Clicked the Select_Business_Unit_Value element on the ReportParameter page.
2023-05-17 18:18:49,564 ::DEBUG::[Logger]:: 9) AUDis selected as Business Unit
2023-05-17 18:19:00,039 ::INFO ::[Logger]:: Clicked the Click_Currency_Dropdown element on the ReportParameter page.
2023-05-17 18:20:00,040 ::ERROR::[Logger]:: The //li[contains(text(),'AUD')] element was not found on the page.
OpenQA.Selenium.WebDriverException: The HTTP request to the remote WebDriver server for URL http://localhost:58049/session/789ef2d96ed5f9f7237135285d128cf4/element timed out after 60 seconds. ---> System.Threading.Tasks.TaskCanceledException: A task was canceled.
   at System.Runtime.CompilerServices.TaskAwaiter.ThrowForNonSuccess(Task task)
   at System.Runtime.CompilerServices.TaskAwaiter.HandleNonSuccessAndDebuggerNotification(Task task)
   at System.Runtime.CompilerServices.TaskAwaiter`1.GetResult()
   at OpenQA.Selenium.Remote.HttpCommandExecutor.<MakeHttpRequest>d__35.MoveNext()
--- End of stack trace from previous location where exception was thrown ---
   at System.Runtime.CompilerServices.TaskAwaiter.ThrowForNonSuccess(Task task)
   at System.Runtime.CompilerServices.TaskAwaiter.HandleNonSuccessAndDebuggerNotification(Task task)
   at System.Runtime.CompilerServices.TaskAwaiter`1.GetResult()
   at OpenQA.Selenium.Remote.HttpCommandExecutor.Execute(Command commandToExecute)
   --- End of inner exception stack trace ---
   at OpenQA.Selenium.Remote.HttpCommandExecutor.Execute(Command commandToExecute)
   at OpenQA.Selenium.Remote.DriverServiceCommandExecutor.Execute(Command commandToExecute)
   at OpenQA.Selenium.WebDriver.Execute(String driverCommandToExecute, Dictionary`2 parameters)
   at OpenQA.Selenium.WebDriver.FindElement(String mechanism, String value)
   at OpenQA.Selenium.By.<.ctor>b__11_0(ISearchContext context)
   at OpenQA.Selenium.By.FindElement(ISearchContext context)
   at OpenQA.Selenium.WebDriver.FindElement(By by)
   at BaseUtility.PageObject.PageAction.Find_ElementXPath(String repoName) in C:\Users\msridhar\Source\Repos\Cendyn.AutomationFramework\BaseUtility\PageObject\PageAction.cs:line 33
2023-05-17 18:20:02,067 ::FATAL::[Logger]:: Unable to click the Select_Currency_Value element on the ReportParameter page.System.NullReferenceException: Object reference not set to an instance of an object.
   at BaseUtility.Utility.Helper.ElementClick(IWebElement element) in C:\Users\msridhar\Source\Repos\Cendyn.AutomationFramework\BaseUtility\Utility\Helper.cs:line 81
2023-05-17 18:20:02,067 ::ERROR::[Logger]:: RevIntel_Flow :: Script::Failed
System.NullReferenceException: Object reference not set to an instance of an object.
   at BaseUtility.Utility.Helper.ElementClick(IWebElement element) in C:\Users\msridhar\Source\Repos\Cendyn.AutomationFramework\BaseUtility\Utility\Helper.cs:line 88
   at RevIntel.AppModule.UI.ReportParameter.Select_Currency_Value() in C:\Users\msridhar\Source\Repos\Cendyn.AutomationFramework\ProductLibrary\RevIntel\RevIntel\AppModule\UI\ReportParameter.cs:line 672
   at RevIntel.AppModule.UI.ReportParameter.Select_Currency_Business_value(String Business_Unit, String Currency) in C:\Users\msridhar\Source\Repos\Cendyn.AutomationFramework\ProductLibrary\RevIntel\RevIntel\AppModule\UI\ReportParameter.cs:line 728
   at RevIntel.AppModule.MainAdminApp.MainAdminApp.TC_252831() in C:\Users\msridhar\Source\Repos\Cendyn.AutomationFramework\ProductLibrary\RevIntel\RevIntel\AppModule\MainAdminApp\TP_252820_Channel.cs:line 56
   at RevIntel.AppModule.MainAdminApp.MainAdminApp.TP_252820() in C:\Users\msridhar\Source\Repos\Cendyn.AutomationFramework\ProductLibrary\RevIntel\RevIntel\AppModule\MainAdminApp.cs:line 223
   at RevIntel.RevIntel_TP_252820_Channel.TC_252831() in C:\Users\msridhar\Source\Repos\Cendyn.AutomationFramework\ProductLibrary\RevIntel\RevIntel\TestPlan\RevIntel\RevIntel_TP_252820_Channel.cs:line 51
2023-05-17 18:21:36,330 ::INFO ::[Logger]:: E.N.D
