2023-04-29 20:43:27,515 ::INFO ::[Logger]:: Execution of BaseUtility Test cases
2023-04-29 20:43:28,918 ::INFO ::[Logger]:: Chrome is currently being used for testing.
2023-04-29 20:43:30,122 ::INFO ::[Logger]::  is used for Testing
2023-04-29 20:43:30,787 ::INFO ::[Logger]:: This is the login page.https://revcloudsignin.godevcendyn.com//Login?App=9B2092C1-6AF2-4317-B343-B524B07976A8&RelayState=https://revintelrhbi.goDEVcendyn.com/SSOLanding.aspx
2023-04-29 20:43:30,850 ::INFO ::[Logger]:: Execution started at:-Apr-29-2023 20-43-30-PM
2023-04-29 20:43:30,850 ::INFO ::[Logger]:: ~~~~~~~~~~~~~~~~~~~~~~~~~~~~~~~~~~~~~~~~~~~~~~~~~~~~~~~~~~~~~~~~~~~~~~~~~~~~~~~~~~~~~~~~
2023-04-29 20:43:30,850 ::INFO ::[Logger]:: XXXXXXXXXXXXXXXXX      S.T.A.R.T.     XXXXXXXXXXXXXXXX
2023-04-29 20:43:30,850 ::INFO ::[Logger]:: XXXXXXXXXXXXXXXXX      TC_266463         XXXXXXXXXXXXXXXX
2023-04-29 20:43:30,850 ::INFO ::[Logger]:: ~~~~~~~~~~~~~~~~~~~~~~~~~~~~~~~~~~~~~~~~~~~~~~~~~~~~~~~~~~~~~~~~~~~~~~~~~~~~~~~~~~~~~~~~
2023-04-29 20:43:31,194 ::INFO ::[Logger]:: Window Size is: {Width=1382, Height=736}
2023-04-29 20:43:31,210 ::INFO ::[Logger]:: Test Case : Validate Upon selecting Cancel user landed on Monthly Pickup page
2023-04-29 20:43:34,874 ::INFO ::[Logger]:: Inserted text in the Enter_EmailAddress element on the Login page.
2023-04-29 20:43:34,944 ::DEBUG::[Logger]:: 1) Email Address displayed
2023-04-29 20:43:46,555 ::INFO ::[Logger]:: Clicked the Click_Next_Button element on the Login page.
2023-04-29 20:43:48,634 ::INFO ::[Logger]:: Inserted text in the Enter_Password element on the Login page.
2023-04-29 20:43:48,634 ::DEBUG::[Logger]:: 2) Login in with Username =Testautomation@cendyn17.com and Password =Cendyn123$
2023-04-29 20:43:59,944 ::INFO ::[Logger]:: Clicked the Click_SignIn_Button element on the Login page.
2023-04-29 20:43:59,993 ::DEBUG::[Logger]:: 3) user landed on the Automation RevIntel client selection page
2023-04-29 20:44:03,357 ::DEBUG::[Logger]:: 4) Client displayed
2023-04-29 20:44:14,851 ::INFO ::[Logger]:: Clicked the Link_ClientName element on the Navigation page.
2023-04-29 20:44:15,248 ::DEBUG::[Logger]:: 5) D Rock selected
2023-04-29 20:44:27,905 ::DEBUG::[Logger]:: 6) User landed on Montly pickup Dashboard page
2023-04-29 20:44:31,546 ::DEBUG::[Logger]:: 7) Actual url = https://revintelbi.godevcendyn.com/revintel.aspx match with Expected url = https://revintelbi.godevcendyn.com/revintel.aspx
2023-04-29 20:44:39,036 ::INFO ::[Logger]:: Clicked the Click_TA element on the Navigation page.
2023-04-29 20:44:39,083 ::DEBUG::[Logger]:: 8) change password displayed
2023-04-29 20:45:41,716 ::ERROR::[Logger]:: The //span[contains(text(),'change password')] element was not found on the page.
OpenQA.Selenium.WebDriverException: The HTTP request to the remote WebDriver server for URL http://localhost:63689/session/e5316ce25c0ca72e42b47bd547575049/element timed out after 60 seconds. ---> System.Threading.Tasks.TaskCanceledException: A task was canceled.
   at System.Runtime.CompilerServices.TaskAwaiter.ThrowForNonSuccess(Task task)
   at System.Runtime.CompilerServices.TaskAwaiter.HandleNonSuccessAndDebuggerNotification(Task task)
   at System.Runtime.CompilerServices.TaskAwaiter`1.GetResult()
   at OpenQA.Selenium.Remote.HttpCommandExecutor.<MakeHttpRequest>d__35.MoveNext()
--- End of stack trace from previous location where exception was thrown ---
   at System.Runtime.CompilerServices.TaskAwaiter.ThrowForNonSuccess(Task task)
   at System.Runtime.CompilerServices.TaskAwaiter.HandleNonSuccessAndDebuggerNotification(Task task)
   at System.Runtime.CompilerServices.TaskAwaiter`1.GetResult()
   at OpenQA.Selenium.Remote.HttpCommandExecutor.Execute(Command commandToExecute)
   --- End of inner exception stack trace ---
   at OpenQA.Selenium.Remote.HttpCommandExecutor.Execute(Command commandToExecute)
   at OpenQA.Selenium.Remote.DriverServiceCommandExecutor.Execute(Command commandToExecute)
   at OpenQA.Selenium.WebDriver.Execute(String driverCommandToExecute, Dictionary`2 parameters)
   at OpenQA.Selenium.WebDriver.FindElement(String mechanism, String value)
   at OpenQA.Selenium.By.<.ctor>b__11_0(ISearchContext context)
   at OpenQA.Selenium.By.FindElement(ISearchContext context)
   at OpenQA.Selenium.WebDriver.FindElement(By by)
   at BaseUtility.PageObject.PageAction.Find_ElementXPath(String repoName) in C:\Users\msridhar\Source\Repos\Cendyn.AutomationFramework\BaseUtility\PageObject\PageAction.cs:line 33
2023-04-29 20:46:16,541 ::FATAL::[Logger]:: Unable to click the Click_change_password element on the Navigation page.System.NullReferenceException: Object reference not set to an instance of an object.
   at BaseUtility.Utility.Helper.ElementClick(IWebElement element) in C:\Users\msridhar\Source\Repos\Cendyn.AutomationFramework\BaseUtility\Utility\Helper.cs:line 81
