2021-09-13 16:15:47,315 ::INFO ::[Logger]:: Execution of BaseUtility Test cases
2021-09-13 16:15:48,461 ::INFO ::[Logger]:: Chrome is currently being used for testing.
2021-09-13 16:15:48,485 ::INFO ::[Logger]::  is used for Testing
2021-09-13 16:15:48,522 ::INFO ::[Logger]:: This is the login page.https://qalogin.cendynaccess.com/Account/Login
2021-09-13 16:15:48,524 ::INFO ::[Logger]:: Execution started at:-Sep-13-2021 16-15-48-PM
2021-09-13 16:15:48,526 ::INFO ::[Logger]:: ~~~~~~~~~~~~~~~~~~~~~~~~~~~~~~~~~~~~~~~~~~~~~~~~~~~~~~~~~~~~~~~~~~~~~~~~~~~~~~~~~~~~~~~~
2021-09-13 16:15:48,529 ::INFO ::[Logger]:: XXXXXXXXXXXXXXXXX      S.T.A.R.T.     XXXXXXXXXXXXXXXX
2021-09-13 16:15:48,531 ::INFO ::[Logger]:: XXXXXXXXXXXXXXXXX      TC_61367         XXXXXXXXXXXXXXXX
2021-09-13 16:15:48,533 ::INFO ::[Logger]:: ~~~~~~~~~~~~~~~~~~~~~~~~~~~~~~~~~~~~~~~~~~~~~~~~~~~~~~~~~~~~~~~~~~~~~~~~~~~~~~~~~~~~~~~~
2021-09-13 16:16:23,372 ::INFO ::[Logger]:: Inserted text in the Text_UserName element on the AdminLogin page.
2021-09-13 16:16:27,541 ::INFO ::[Logger]:: Inserted text in the Text_Password element on the AdminLogin page.
2021-09-13 16:16:45,648 ::INFO ::[Logger]:: Clicked the Button_LogIn element on the AdminLogin page.
2021-09-13 16:16:47,726 ::INFO ::[Logger]:: Logged into ePFull Admin successfully.
2021-09-13 16:16:47,768 ::DEBUG::[Logger]:: 1) Logged in successfully.
2021-09-13 16:17:04,379 ::INFO ::[Logger]:: Clicked the Button_eProposal element on the AdminNavigation page.
2021-09-13 16:17:04,398 ::DEBUG::[Logger]:: 2) Land on eProposal page
2021-09-13 16:17:14,367 ::INFO ::[Logger]:: Clicked the AdminProperties_PropertyDropDown_Button element on the AdminProperties page.
2021-09-13 16:17:37,674 ::INFO ::[Logger]:: Selected the  value from the AdminProperties_PropertyDropDown_Text drop down.
2021-09-13 16:17:47,684 ::DEBUG::[Logger]:: 3) Page populates
2021-09-13 16:18:12,408 ::INFO ::[Logger]:: Clicked the Link_SetupModuleSettings element on the AdminEProposal page.
2021-09-13 16:18:12,438 ::DEBUG::[Logger]:: 4) Opens in a new window or tab.
2021-09-13 16:18:32,236 ::DEBUG::[Logger]:: 5) Module Name 0 Noted
2021-09-13 16:18:35,471 ::DEBUG::[Logger]:: 6) Module Name 1 Noted
2021-09-13 16:18:38,768 ::DEBUG::[Logger]:: 7) Noted - each module and it's DisplayName
2021-09-13 16:18:53,794 ::INFO ::[Logger]:: Clicked the Button_Users element on the AdminNavigation page.
2021-09-13 16:18:53,827 ::DEBUG::[Logger]:: 8) Land on users page.
2021-09-13 16:19:40,805 ::INFO ::[Logger]:: Clicked the AdminUsers_Link_Search element on the AdminUsers page.
2021-09-13 16:19:45,058 ::INFO ::[Logger]:: Selected the Email value from the AdminUsers_Dropdown_Option1 drop down.
2021-09-13 16:19:51,710 ::INFO ::[Logger]:: Selected the Equals value from the AdminUsers_Dropdown_Option2 drop down.
2021-09-13 16:19:58,412 ::INFO ::[Logger]:: Inserted text in the AdminUsers_Input_Searchbox element on the AdminUsers page.
2021-09-13 16:20:09,881 ::INFO ::[Logger]:: Clicked the AdminUsers_Button_Search element on the AdminUsers page.
2021-09-13 16:20:25,094 ::INFO ::[Logger]:: Clicked the AdminUsers_Link_AddNewUser element on the AdminUsers page.
2021-09-13 16:20:29,251 ::INFO ::[Logger]:: Inserted text in the AdminUsers_Text_Firstname element on the AdminUsers page.
2021-09-13 16:20:35,953 ::INFO ::[Logger]:: Inserted text in the AdminUsers_Text_Lastname element on the AdminUsers page.
2021-09-13 16:20:42,627 ::INFO ::[Logger]:: Inserted text in the AdminUsers_Text_Email element on the AdminUsers page.
2021-09-13 16:20:49,303 ::INFO ::[Logger]:: Inserted text in the AdminUsers_Text_Password element on the AdminUsers page.
2021-09-13 16:20:56,904 ::INFO ::[Logger]:: Clicked the AdminUsers_RadioButton_AccessSetting element on the AdminUsers page.
2021-09-13 16:21:04,558 ::INFO ::[Logger]:: Clicked the AdminUsers_Link_UserRole element on the AdminUsers page.
2021-09-13 16:21:05,724 ::FATAL::[Logger]:: OpenQA.Selenium.StaleElementReferenceException: stale element reference: element is not attached to the page document
  (Session info: chrome=93.0.4577.63)
   at OpenQA.Selenium.Remote.RemoteWebDriver.UnpackAndThrowOnError(Response errorResponse)
   at OpenQA.Selenium.Remote.RemoteWebDriver.Execute(String driverCommandToExecute, Dictionary`2 parameters)
   at OpenQA.Selenium.Remote.RemoteWebElement.Execute(String commandToExecute, Dictionary`2 parameters)
   at OpenQA.Selenium.Remote.RemoteWebElement.FindElements(String mechanism, String value)
   at OpenQA.Selenium.Remote.RemoteWebElement.FindElementsByXPath(String xpath)
   at OpenQA.Selenium.By.<>c__DisplayClass19_0.<XPath>b__1(ISearchContext context)
   at OpenQA.Selenium.By.FindElements(ISearchContext context)
   at OpenQA.Selenium.Remote.RemoteWebElement.FindElements(By by)
   at OpenQA.Selenium.Support.UI.SelectElement.SelectByText(String text, Boolean partialMatch)
   at BaseUtility.Utility.Helper.ElementSelectFromDropDown(IWebElement element, String value) in D:\2021\QA_Cendyn_Automation\BaseUtility\Utility\Helper.cs:line 38
2021-09-13 16:21:05,734 ::FATAL::[Logger]:: Unable to select the Admin value from the AdminUsers_Dropdown_SelectLevel drop down.
2021-09-13 16:21:05,748 ::ERROR::[Logger]:: eProposal_Flow :: Script::Failed
OpenQA.Selenium.StaleElementReferenceException: stale element reference: element is not attached to the page document
  (Session info: chrome=93.0.4577.63)
   at OpenQA.Selenium.Remote.RemoteWebDriver.UnpackAndThrowOnError(Response errorResponse)
   at OpenQA.Selenium.Remote.RemoteWebDriver.Execute(String driverCommandToExecute, Dictionary`2 parameters)
   at OpenQA.Selenium.Remote.RemoteWebElement.Execute(String commandToExecute, Dictionary`2 parameters)
   at OpenQA.Selenium.Remote.RemoteWebElement.FindElements(String mechanism, String value)
   at OpenQA.Selenium.Remote.RemoteWebElement.FindElementsByXPath(String xpath)
   at OpenQA.Selenium.By.<>c__DisplayClass19_0.<XPath>b__1(ISearchContext context)
   at OpenQA.Selenium.By.FindElements(ISearchContext context)
   at OpenQA.Selenium.Remote.RemoteWebElement.FindElements(By by)
   at OpenQA.Selenium.Support.UI.SelectElement.SelectByText(String text, Boolean partialMatch)
   at BaseUtility.Utility.Helper.ElementSelectFromDropDown(IWebElement element, String value) in D:\2021\QA_Cendyn_Automation\BaseUtility\Utility\Helper.cs:line 46
   at eProposal.AppModule.Admin.AdminUsers.Enter_Dropdown_SelectLevel(String text) in D:\2021\QA_Cendyn_Automation\ProductLibrary\eProposal\AppModule\Admin\AdminUsers.cs:line 133
   at eProposal.AppModule.Admin.AdminUsers.AddNewUser(String firstname, String lastname, String email, String password, String userRole, String propertyName) in D:\2021\QA_Cendyn_Automation\ProductLibrary\eProposal\AppModule\Admin\AdminUsers.cs:line 199
   at eProposal.AppModule.MainAdminApp.MainAdminApp.TC_61367() in D:\2021\QA_Cendyn_Automation\ProductLibrary\eProposal\AppModule\MainAdminApp\UI\MySettings\Settings\TP_84921_RoomEventBlockComments.cs:line 68
   at eProposal.AppModule.MainAdminApp.MainAdminApp.TP_84921() in D:\2021\QA_Cendyn_Automation\ProductLibrary\eProposal\AppModule\MainAdminApp.cs:line 306
   at eProposalRoomEventBlockComments.ePFull_TP_84921_RoomEventBlockComments.TC_61367() in D:\2021\QA_Cendyn_Automation\ProductLibrary\eProposal\TestPlan\UI\MySettings\Settings\ePFull_TP_84921_RoomEventBlockComments.cs:line 56
2021-09-13 16:21:21,019 ::INFO ::[Logger]:: E.N.D
