2023-04-29 02:08:47,289 ::INFO ::[Logger]:: Execution of BaseUtility Test cases
2023-04-29 02:08:47,289 ::INFO ::[Logger]:: Chrome is currently being used for testing.
2023-04-29 02:08:47,289 ::INFO ::[Logger]::  is used for Testing
2023-04-29 02:08:47,321 ::INFO ::[Logger]:: This is the login page.https://devrhbi.revintel.co/
2023-04-29 02:08:47,321 ::INFO ::[Logger]:: Execution started at:-Apr-29-2023 02-08-47-AM
2023-04-29 02:08:47,326 ::INFO ::[Logger]:: ~~~~~~~~~~~~~~~~~~~~~~~~~~~~~~~~~~~~~~~~~~~~~~~~~~~~~~~~~~~~~~~~~~~~~~~~~~~~~~~~~~~~~~~~
2023-04-29 02:08:47,326 ::INFO ::[Logger]:: XXXXXXXXXXXXXXXXX      S.T.A.R.T.     XXXXXXXXXXXXXXXX
2023-04-29 02:08:47,326 ::INFO ::[Logger]:: XXXXXXXXXXXXXXXXX      TC_252644         XXXXXXXXXXXXXXXX
2023-04-29 02:08:47,326 ::INFO ::[Logger]:: ~~~~~~~~~~~~~~~~~~~~~~~~~~~~~~~~~~~~~~~~~~~~~~~~~~~~~~~~~~~~~~~~~~~~~~~~~~~~~~~~~~~~~~~~
2023-04-29 02:08:47,337 ::INFO ::[Logger]:: Window Size is: {Width=1382, Height=736}
2023-04-29 02:08:47,337 ::INFO ::[Logger]:: Test Case :  Validate Length of Stay Report
2023-04-29 02:09:47,361 ::ERROR::[Logger]:: The //*[@id="emailAddress"] element was not found on the page.
OpenQA.Selenium.WebDriverException: The HTTP request to the remote WebDriver server for URL http://localhost:51110/session/2ed91dc7e870da59ef6d182043264da7/element timed out after 60 seconds. ---> System.Threading.Tasks.TaskCanceledException: A task was canceled.
   at System.Runtime.CompilerServices.TaskAwaiter.ThrowForNonSuccess(Task task)
   at System.Runtime.CompilerServices.TaskAwaiter.HandleNonSuccessAndDebuggerNotification(Task task)
   at System.Runtime.CompilerServices.TaskAwaiter`1.GetResult()
   at OpenQA.Selenium.Remote.HttpCommandExecutor.<MakeHttpRequest>d__35.MoveNext()
--- End of stack trace from previous location where exception was thrown ---
   at System.Runtime.CompilerServices.TaskAwaiter.ThrowForNonSuccess(Task task)
   at System.Runtime.CompilerServices.TaskAwaiter.HandleNonSuccessAndDebuggerNotification(Task task)
   at System.Runtime.CompilerServices.TaskAwaiter`1.GetResult()
   at OpenQA.Selenium.Remote.HttpCommandExecutor.Execute(Command commandToExecute)
   --- End of inner exception stack trace ---
   at OpenQA.Selenium.Remote.HttpCommandExecutor.Execute(Command commandToExecute)
   at OpenQA.Selenium.Remote.DriverServiceCommandExecutor.Execute(Command commandToExecute)
   at OpenQA.Selenium.WebDriver.Execute(String driverCommandToExecute, Dictionary`2 parameters)
   at OpenQA.Selenium.WebDriver.FindElement(String mechanism, String value)
   at OpenQA.Selenium.By.<.ctor>b__11_0(ISearchContext context)
   at OpenQA.Selenium.By.FindElement(ISearchContext context)
   at OpenQA.Selenium.WebDriver.FindElement(By by)
   at BaseUtility.PageObject.PageAction.Find_ElementXPath(String repoName) in C:\Users\msridhar\Source\Repos\Cendyn.AutomationFramework\BaseUtility\PageObject\PageAction.cs:line 33
2023-04-29 02:10:18,567 ::FATAL::[Logger]:: System.ArgumentNullException: by cannot be null
Parameter name: by
   at OpenQA.Selenium.WebDriver.FindElement(By by)
   at CTOS.CendynElement.<get_CenElement>b__6_0()
   at CTOS.CendynElement.TryAndWait(Action action, CancellationToken cancellationToken, Int32 timeoutMs, Int32 retryTimeout)
   at CTOS.CendynElement.get_CenElement()
   at CTOS.CendynElement.<>c__DisplayClass32_0.<SendKeys>b__0()
   at CTOS.CendynElement.TryAndWait(Action action, CancellationToken cancellationToken, Int32 timeoutMs, Int32 retryTimeout)
   at CTOS.CendynElement.SendKeys(String text)
   at CTOS.Input.EnterInput(String inputText)
   at BaseUtility.Utility.Helper.ElementEnterText(IWebElement element, String text) in C:\Users\msridhar\Source\Repos\Cendyn.AutomationFramework\BaseUtility\Utility\Helper.cs:line 387
2023-04-29 02:10:18,567 ::FATAL::[Logger]:: Unable to select text in the Enter_EmailAddress element on the Login page.
2023-04-29 02:10:18,567 ::ERROR::[Logger]:: RevIntel_Flow :: Script::Failed
System.ArgumentNullException: by cannot be null
Parameter name: by
   at OpenQA.Selenium.WebDriver.FindElement(By by)
   at CTOS.CendynElement.<get_CenElement>b__6_0()
   at CTOS.CendynElement.TryAndWait(Action action, CancellationToken cancellationToken, Int32 timeoutMs, Int32 retryTimeout)
   at CTOS.CendynElement.get_CenElement()
   at CTOS.CendynElement.<>c__DisplayClass32_0.<SendKeys>b__0()
   at CTOS.CendynElement.TryAndWait(Action action, CancellationToken cancellationToken, Int32 timeoutMs, Int32 retryTimeout)
   at CTOS.CendynElement.SendKeys(String text)
   at CTOS.Input.EnterInput(String inputText)
   at BaseUtility.Utility.Helper.ElementEnterText(IWebElement element, String text) in C:\Users\msridhar\Source\Repos\Cendyn.AutomationFramework\BaseUtility\Utility\Helper.cs:line 396
   at RevIntel.AppModule.UI.Login.Enter_EmailAddress(String str) in C:\Users\msridhar\Source\Repos\Cendyn.AutomationFramework\ProductLibrary\RevIntel\RevIntel\AppModule\UI\Login.cs:line 13
   at RevIntel.AppModule.UI.Login.Frontend_SignIn(String username, String password) in C:\Users\msridhar\Source\Repos\Cendyn.AutomationFramework\ProductLibrary\RevIntel\RevIntel\AppModule\UI\Login.cs:line 41
   at RevIntel.AppModule.MainAdminApp.MainAdminApp.TC_252644() in C:\Users\msridhar\Source\Repos\Cendyn.AutomationFramework\ProductLibrary\RevIntel\RevIntel\AppModule\MainAdminApp\TP_252578_Booking Trends.cs:line 3320
   at RevIntel.AppModule.MainAdminApp.MainAdminApp.TP_252578() in C:\Users\msridhar\Source\Repos\Cendyn.AutomationFramework\ProductLibrary\RevIntel\RevIntel\AppModule\MainAdminApp.cs:line 69
   at RevIntel.RevIntel_TP_252578_Booking_Trends.TC_252644() in C:\Users\msridhar\Source\Repos\Cendyn.AutomationFramework\ProductLibrary\RevIntel\RevIntel\TestPlan\RevIntel\RevIntel_TP_252578_Booking_Trends.cs:line 295
2023-04-29 02:11:14,837 ::INFO ::[Logger]:: E.N.D
