2023-05-17 10:39:10,880 ::INFO ::[Logger]:: Execution of BaseUtility Test cases
2023-05-17 10:39:10,880 ::INFO ::[Logger]:: Chrome is currently being used for testing.
2023-05-17 10:39:10,880 ::INFO ::[Logger]::  is used for Testing
2023-05-17 10:39:10,896 ::INFO ::[Logger]:: This is the login page.https://revcloudsignin.goqacendyn.com//Login?App=9B2092C1-6AF2-4317-B343-B524B07976A8&RelayState=https://revintelrhbi.goQAcendyn.com/SSOLanding.aspx
2023-05-17 10:39:10,896 ::INFO ::[Logger]:: Execution started at:-May-17-2023 10-39-10-AM
2023-05-17 10:39:10,896 ::INFO ::[Logger]:: ~~~~~~~~~~~~~~~~~~~~~~~~~~~~~~~~~~~~~~~~~~~~~~~~~~~~~~~~~~~~~~~~~~~~~~~~~~~~~~~~~~~~~~~~
2023-05-17 10:39:10,896 ::INFO ::[Logger]:: XXXXXXXXXXXXXXXXX      S.T.A.R.T.     XXXXXXXXXXXXXXXX
2023-05-17 10:39:10,896 ::INFO ::[Logger]:: XXXXXXXXXXXXXXXXX      TC_265380         XXXXXXXXXXXXXXXX
2023-05-17 10:39:10,896 ::INFO ::[Logger]:: ~~~~~~~~~~~~~~~~~~~~~~~~~~~~~~~~~~~~~~~~~~~~~~~~~~~~~~~~~~~~~~~~~~~~~~~~~~~~~~~~~~~~~~~~
2023-05-17 10:39:10,911 ::INFO ::[Logger]:: Window Size is: {Width=1382, Height=736}
2023-05-17 10:39:10,927 ::INFO ::[Logger]:: Test Case : Verify Report gets generated when scheduled Daily for timeZone other than EST
2023-05-17 10:39:12,777 ::INFO ::[Logger]:: Inserted text in the Enter_EmailAddress element on the Login page.
2023-05-17 10:39:12,777 ::DEBUG::[Logger]:: 1) Email Address displayed
2023-05-17 10:39:23,032 ::INFO ::[Logger]:: Clicked the Click_Next_Button element on the Login page.
2023-05-17 10:39:25,843 ::INFO ::[Logger]:: Inserted text in the Enter_Password element on the Login page.
2023-05-17 10:39:25,843 ::DEBUG::[Logger]:: 2) Login in with Username =Testautomation@cendyn17.com and Password =Cendyn123$
2023-05-17 10:39:38,308 ::INFO ::[Logger]:: Clicked the Click_SignIn_Button element on the Login page.
2023-05-17 10:39:38,308 ::DEBUG::[Logger]:: 3) user landed on the Automation RevIntel client selection page
2023-05-17 10:39:42,278 ::DEBUG::[Logger]:: 4) Client displayed
2023-05-17 10:39:56,219 ::INFO ::[Logger]:: Clicked the Link_ClientName element on the Navigation page.
2023-05-17 10:39:56,219 ::DEBUG::[Logger]:: 5) Rosen selected
2023-05-17 10:40:08,392 ::DEBUG::[Logger]:: 6) User landed on Montly pickup Dashboard page
2023-05-17 10:40:17,393 ::INFO ::[Logger]:: Clicked the Click_UserMenu element on the Navigation page.
2023-05-17 10:40:17,516 ::DEBUG::[Logger]:: 7) User menu clicked
2023-05-17 10:40:24,810 ::INFO ::[Logger]:: Clicked the Click_UserMenu_ReportScheduler element on the Navigation page.
2023-05-17 10:40:24,810 ::DEBUG::[Logger]:: 8) Report scheduler link clicked
2023-05-17 10:40:32,011 ::INFO ::[Logger]:: Switching into the iFrame.
2023-05-17 10:40:38,271 ::INFO ::[Logger]:: Clicked the Click_BookingTrends element on the ReportScheduler page.
2023-05-17 10:40:38,271 ::DEBUG::[Logger]:: 9) Booking trends link got clicked
2023-05-17 10:40:48,396 ::INFO ::[Logger]:: Clicked the Click_BookingTrends_PaceReport element on the ReportScheduler page.
2023-05-17 10:41:18,409 ::DEBUG::[Logger]:: 10) Pace Report page should get displayed
2023-05-17 10:41:25,655 ::INFO ::[Logger]:: Switching into the iFrame.
2023-05-17 10:41:28,468 ::INFO ::[Logger]:: Inserted text in the Enter_ReportDescription element on the ReportScheduler page.
2023-05-17 10:41:31,051 ::INFO ::[Logger]:: Inserted text in the Enter_StartTimeHours element on the ReportScheduler page.
2023-05-17 10:41:32,853 ::INFO ::[Logger]:: Inserted text in the Enter_StartTimeMinutes element on the ReportScheduler page.
2023-05-17 10:41:35,597 ::INFO ::[Logger]:: Time Zone Found on the page
2023-05-17 10:41:44,999 ::INFO ::[Logger]:: Clicked the Click_Tuesday element on the ReportScheduler page.
2023-05-17 10:41:46,603 ::INFO ::[Logger]:: Inserted text in the Enter_StartTimeMinutes element on the ReportScheduler page.
2023-05-17 10:41:51,970 ::INFO ::[Logger]:: Clicked the Click_Wednesday element on the ReportScheduler page.
2023-05-17 10:41:57,205 ::INFO ::[Logger]:: Clicked the Click_Thursday element on the ReportScheduler page.
2023-05-17 10:42:02,367 ::INFO ::[Logger]:: Clicked the Click_Friday element on the ReportScheduler page.
2023-05-17 10:42:02,367 ::DEBUG::[Logger]:: 11) Details are entered like description,Time,Report Type and weekdays
2023-05-17 10:42:06,268 ::INFO ::[Logger]:: Inserted text in the Enter_EmailTo element on the ReportScheduler page.
2023-05-17 10:42:07,986 ::INFO ::[Logger]:: Inserted text in the Enter_EmailSubject element on the ReportScheduler page.
2023-05-17 10:42:07,986 ::DEBUG::[Logger]:: 12) Email and Subject entered
2023-05-17 10:42:14,402 ::INFO ::[Logger]:: Inserted text in the Enter_PickUpByDayDetailed_StartDate element on the ReportScheduler page.
2023-05-17 10:42:16,103 ::INFO ::[Logger]:: Inserted text in the Enter_PickUpByDayDetailed_EndDate element on the ReportScheduler page.
2023-05-17 10:43:16,133 ::ERROR::[Logger]:: The //*[@id="DeliveryConfigPanelBar_i4_AsOfDate_dateInput"] element was not found on the page.
OpenQA.Selenium.WebDriverException: The HTTP request to the remote WebDriver server for URL http://localhost:57304/session/a4584518659fa3e55ed5332a5fec8ebe/element timed out after 60 seconds. ---> System.Threading.Tasks.TaskCanceledException: A task was canceled.
   at System.Runtime.CompilerServices.TaskAwaiter.ThrowForNonSuccess(Task task)
   at System.Runtime.CompilerServices.TaskAwaiter.HandleNonSuccessAndDebuggerNotification(Task task)
   at System.Runtime.CompilerServices.TaskAwaiter`1.GetResult()
   at OpenQA.Selenium.Remote.HttpCommandExecutor.<MakeHttpRequest>d__35.MoveNext()
--- End of stack trace from previous location where exception was thrown ---
   at System.Runtime.CompilerServices.TaskAwaiter.ThrowForNonSuccess(Task task)
   at System.Runtime.CompilerServices.TaskAwaiter.HandleNonSuccessAndDebuggerNotification(Task task)
   at System.Runtime.CompilerServices.TaskAwaiter`1.GetResult()
   at OpenQA.Selenium.Remote.HttpCommandExecutor.Execute(Command commandToExecute)
   --- End of inner exception stack trace ---
   at OpenQA.Selenium.Remote.HttpCommandExecutor.Execute(Command commandToExecute)
   at OpenQA.Selenium.Remote.DriverServiceCommandExecutor.Execute(Command commandToExecute)
   at OpenQA.Selenium.WebDriver.Execute(String driverCommandToExecute, Dictionary`2 parameters)
   at OpenQA.Selenium.WebDriver.FindElement(String mechanism, String value)
   at OpenQA.Selenium.By.<.ctor>b__11_0(ISearchContext context)
   at OpenQA.Selenium.By.FindElement(ISearchContext context)
   at OpenQA.Selenium.WebDriver.FindElement(By by)
   at BaseUtility.PageObject.PageAction.Find_ElementXPath(String repoName) in C:\Users\msridhar\Source\Repos\Cendyn.AutomationFramework\BaseUtility\PageObject\PageAction.cs:line 33
2023-05-17 10:43:50,787 ::FATAL::[Logger]:: System.ArgumentNullException: by cannot be null
Parameter name: by
   at OpenQA.Selenium.WebDriver.FindElement(By by)
   at CTOS.CendynElement.<get_CenElement>b__6_0()
   at CTOS.CendynElement.TryAndWait(Action action, CancellationToken cancellationToken, Int32 timeoutMs, Int32 retryTimeout)
   at CTOS.CendynElement.get_CenElement()
   at CTOS.CendynElement.<>c__DisplayClass32_0.<SendKeys>b__0()
   at CTOS.CendynElement.TryAndWait(Action action, CancellationToken cancellationToken, Int32 timeoutMs, Int32 retryTimeout)
   at CTOS.CendynElement.SendKeys(String text)
   at CTOS.Input.EnterInput(String inputText)
   at BaseUtility.Utility.Helper.ElementEnterText(IWebElement element, String text) in C:\Users\msridhar\Source\Repos\Cendyn.AutomationFramework\BaseUtility\Utility\Helper.cs:line 387
2023-05-17 10:43:50,787 ::FATAL::[Logger]:: Unable to select text in the Enter_AsOfDate element on the ReportScheduler page.
2023-05-17 10:43:50,787 ::ERROR::[Logger]:: RevIntel_Flow :: Script::Failed
System.ArgumentNullException: by cannot be null
Parameter name: by
   at OpenQA.Selenium.WebDriver.FindElement(By by)
   at CTOS.CendynElement.<get_CenElement>b__6_0()
   at CTOS.CendynElement.TryAndWait(Action action, CancellationToken cancellationToken, Int32 timeoutMs, Int32 retryTimeout)
   at CTOS.CendynElement.get_CenElement()
   at CTOS.CendynElement.<>c__DisplayClass32_0.<SendKeys>b__0()
   at CTOS.CendynElement.TryAndWait(Action action, CancellationToken cancellationToken, Int32 timeoutMs, Int32 retryTimeout)
   at CTOS.CendynElement.SendKeys(String text)
   at CTOS.Input.EnterInput(String inputText)
   at BaseUtility.Utility.Helper.ElementEnterText(IWebElement element, String text) in C:\Users\msridhar\Source\Repos\Cendyn.AutomationFramework\BaseUtility\Utility\Helper.cs:line 396
   at RevIntel.AppModule.UI.ReportScheduler.Enter_AsOfDate(String value) in C:\Users\msridhar\Source\Repos\Cendyn.AutomationFramework\ProductLibrary\RevIntel\RevIntel\AppModule\UI\ReportScheduler.cs:line 153
   at RevIntel.AppModule.UI.ReportScheduler.AddSchedule(String description, String hours, String minutes, String email, String subject, String startDate, String endDate) in C:\Users\msridhar\Source\Repos\Cendyn.AutomationFramework\ProductLibrary\RevIntel\RevIntel\AppModule\UI\ReportScheduler.cs:line 327
   at RevIntel.AppModule.MainAdminApp.MainAdminApp.TC_265380() in C:\Users\msridhar\Source\Repos\Cendyn.AutomationFramework\ProductLibrary\RevIntel\RevIntel\AppModule\MainAdminApp\TP_252734_ReportScheduler.cs:line 1164
   at RevIntel.AppModule.MainAdminApp.MainAdminApp.TP_252734() in C:\Users\msridhar\Source\Repos\Cendyn.AutomationFramework\ProductLibrary\RevIntel\RevIntel\AppModule\MainAdminApp.cs:line 149
   at RevIntel.RevIntel_TP_252734_ReportScheduler.TC_265380() in C:\Users\msridhar\Source\Repos\Cendyn.AutomationFramework\ProductLibrary\RevIntel\RevIntel\TestPlan\RevIntel\RevIntel_TP_252734_ReportScheduler.cs:line 308
2023-05-17 10:44:50,833 ::INFO ::[Logger]:: E.N.D
