2023-05-26 13:22:20,720 ::INFO ::[Logger]:: Execution of BaseUtility Test cases
2023-05-26 13:22:20,844 ::INFO ::[Logger]:: Chrome is currently being used for testing.
2023-05-26 13:22:20,860 ::INFO ::[Logger]::  is used for Testing
2023-05-26 13:22:20,875 ::INFO ::[Logger]:: This is the login page.https://revcloudsignin.godevcendyn.com//Login?App=9B2092C1-6AF2-4317-B343-B524B07976A8&RelayState=https://revintelrhbi.goDEVcendyn.com/SSOLanding.aspx
2023-05-26 13:22:20,875 ::INFO ::[Logger]:: Execution started at:-May-26-2023 13-22-20-PM
2023-05-26 13:22:20,875 ::INFO ::[Logger]:: ~~~~~~~~~~~~~~~~~~~~~~~~~~~~~~~~~~~~~~~~~~~~~~~~~~~~~~~~~~~~~~~~~~~~~~~~~~~~~~~~~~~~~~~~
2023-05-26 13:22:20,875 ::INFO ::[Logger]:: XXXXXXXXXXXXXXXXX      S.T.A.R.T.     XXXXXXXXXXXXXXXX
2023-05-26 13:22:20,875 ::INFO ::[Logger]:: XXXXXXXXXXXXXXXXX      TC_254239         XXXXXXXXXXXXXXXX
2023-05-26 13:22:20,875 ::INFO ::[Logger]:: ~~~~~~~~~~~~~~~~~~~~~~~~~~~~~~~~~~~~~~~~~~~~~~~~~~~~~~~~~~~~~~~~~~~~~~~~~~~~~~~~~~~~~~~~
2023-05-26 13:22:20,891 ::INFO ::[Logger]:: Window Size is: {Width=1382, Height=736}
2023-05-26 13:22:26,302 ::INFO ::[Logger]:: Test Case : Validate the Daily Analysis with Sleeper Data
2023-05-26 13:22:28,001 ::INFO ::[Logger]:: Inserted text in the Enter_EmailAddress element on the Login page.
2023-05-26 13:22:28,003 ::DEBUG::[Logger]:: 1) Email Address displayed
2023-05-26 13:22:35,873 ::INFO ::[Logger]:: Clicked the Click_Next_Button element on the Login page.
2023-05-26 13:22:37,460 ::INFO ::[Logger]:: Inserted text in the Enter_Password element on the Login page.
2023-05-26 13:22:37,460 ::DEBUG::[Logger]:: 2) Login in with Username =Testautomation@cendyn17.com and Password =Cendyn123$
2023-05-26 13:22:47,898 ::INFO ::[Logger]:: Clicked the Click_SignIn_Button element on the Login page.
2023-05-26 13:22:47,898 ::DEBUG::[Logger]:: 3) user landed on the Automation RevIntel client selection page
2023-05-26 13:22:51,020 ::DEBUG::[Logger]:: 4) Client displayed
2023-05-26 13:23:12,614 ::INFO ::[Logger]:: Clicked the Link_ClientName element on the Navigation page.
2023-05-26 13:23:12,614 ::DEBUG::[Logger]:: 5) D Rock selected
2023-05-26 13:23:24,767 ::DEBUG::[Logger]:: 6) User landed on Montly pickup Dashboard page
2023-05-26 13:23:32,022 ::INFO ::[Logger]:: Clicked the Click_Hamburger_Icon element on the Navigation page.
2023-05-26 13:23:37,103 ::INFO ::[Logger]:: Clicked the Click_Time_Period_Menu element on the Navigation page.
2023-05-26 13:23:37,103 ::DEBUG::[Logger]:: 7) Time Period menu drop down displayed
2023-05-26 13:23:44,349 ::INFO ::[Logger]:: Clicked the Click_Daily_Analysis_PerPerson_Report element on the Navigation page.
2023-05-26 13:23:54,360 ::DEBUG::[Logger]:: 8) User Landed on Daily Analysis PerPerson report Page
2023-05-26 13:24:01,566 ::INFO ::[Logger]:: Switching into the iFrame.
2023-05-26 13:24:13,758 ::INFO ::[Logger]:: Clicked the Click_Business_Unit_Dropdown element on the ReportParameter page.
2023-05-26 13:24:19,007 ::INFO ::[Logger]:: Clicked the Select_Business_Unit_Value element on the ReportParameter page.
2023-05-26 13:24:19,007 ::DEBUG::[Logger]:: 9) is selected as Business Unit
2023-05-26 13:24:26,307 ::INFO ::[Logger]:: Clicked the Click_Currency_Dropdown element on the ReportParameter page.
2023-05-26 13:24:31,416 ::INFO ::[Logger]:: Clicked the Select_Currency_Value element on the ReportParameter page.
2023-05-26 13:24:31,416 ::DEBUG::[Logger]:: 10) is selected as Currency
2023-05-26 13:24:38,789 ::INFO ::[Logger]:: Clicked the Click_View_Analysis element on the ReportParameter page.
2023-05-26 13:24:40,889 ::INFO ::[Logger]:: Required Found on the page
2023-05-26 13:24:42,926 ::INFO ::[Logger]:: Required Found on the page
2023-05-26 13:24:42,926 ::DEBUG::[Logger]:: 11) Required field validation message is displaying
2023-05-26 13:25:16,076 ::INFO ::[Logger]:: Inserted text in the Text_StartDate element on the ReportParameter page.
2023-05-26 13:25:16,077 ::DEBUG::[Logger]:: 12) Enter start date as = 
2023-05-26 13:25:19,781 ::INFO ::[Logger]:: Inserted text in the Text_EndDate element on the ReportParameter page.
2023-05-26 13:25:19,782 ::DEBUG::[Logger]:: 13) Enter enddate as = 
2023-05-26 13:25:26,987 ::INFO ::[Logger]:: Clicked the Click_View_Analysis element on the ReportParameter page.
2023-05-26 13:26:07,074 ::DEBUG::[Logger]:: 14) Report generated
2023-05-26 13:27:15,091 ::ERROR::[Logger]:: The //a[@id='rptViewer_ctl09_ctl04_ctl00_ButtonLink'] element was not found on the page.
OpenQA.Selenium.WebDriverException: The HTTP request to the remote WebDriver server for URL http://localhost:61152/session/96744f58f7cec29aa6e12a1b4d01a21e/element timed out after 60 seconds. ---> System.Threading.Tasks.TaskCanceledException: A task was canceled.
   at System.Runtime.CompilerServices.TaskAwaiter.ThrowForNonSuccess(Task task)
   at System.Runtime.CompilerServices.TaskAwaiter.HandleNonSuccessAndDebuggerNotification(Task task)
   at System.Runtime.CompilerServices.TaskAwaiter`1.GetResult()
   at OpenQA.Selenium.Remote.HttpCommandExecutor.<MakeHttpRequest>d__35.MoveNext()
--- End of stack trace from previous location where exception was thrown ---
   at System.Runtime.ExceptionServices.ExceptionDispatchInfo.Throw()
   at System.Runtime.CompilerServices.TaskAwaiter.ThrowForNonSuccess(Task task)
   at System.Runtime.CompilerServices.TaskAwaiter.HandleNonSuccessAndDebuggerNotification(Task task)
   at System.Runtime.CompilerServices.TaskAwaiter`1.GetResult()
   at OpenQA.Selenium.Remote.HttpCommandExecutor.Execute(Command commandToExecute)
   --- End of inner exception stack trace ---
   at OpenQA.Selenium.Remote.HttpCommandExecutor.Execute(Command commandToExecute)
   at OpenQA.Selenium.Remote.DriverServiceCommandExecutor.Execute(Command commandToExecute)
   at OpenQA.Selenium.WebDriver.Execute(String driverCommandToExecute, Dictionary`2 parameters)
   at OpenQA.Selenium.WebDriver.FindElement(String mechanism, String value)
   at OpenQA.Selenium.By.<.ctor>b__11_0(ISearchContext context)
   at OpenQA.Selenium.By.FindElement(ISearchContext context)
   at OpenQA.Selenium.WebDriver.FindElement(By by)
   at BaseUtility.PageObject.PageAction.Find_ElementXPath(String repoName) in C:\Users\msridhar\Source\Repos\Cendyn.AutomationFramework\BaseUtility\PageObject\PageAction.cs:line 33
2023-05-26 13:35:35,465 ::ERROR::[Logger]:: Element not found
OpenQA.Selenium.WebDriverTimeoutException: Timed out after 500 seconds
   at OpenQA.Selenium.Support.UI.DefaultWait`1.ThrowTimeoutException(String exceptionMessage, Exception lastException)
   at OpenQA.Selenium.Support.UI.DefaultWait`1.Until[TResult](Func`2 condition, CancellationToken token)
   at OpenQA.Selenium.Support.UI.DefaultWait`1.Until[TResult](Func`2 condition)
   at BaseUtility.Utility.Helper.ElementWait(IWebElement element, Int32 time) in C:\Users\msridhar\Source\Repos\Cendyn.AutomationFramework\BaseUtility\Utility\Helper.cs:line 168
2023-05-26 13:36:35,508 ::ERROR::[Logger]:: The //a[@id='rptViewer_ctl09_ctl04_ctl00_ButtonLink'] element was not found on the page.
OpenQA.Selenium.WebDriverException: The HTTP request to the remote WebDriver server for URL http://localhost:61152/session/96744f58f7cec29aa6e12a1b4d01a21e/element timed out after 60 seconds. ---> System.Threading.Tasks.TaskCanceledException: A task was canceled.
   at System.Runtime.CompilerServices.TaskAwaiter.ThrowForNonSuccess(Task task)
   at System.Runtime.CompilerServices.TaskAwaiter.HandleNonSuccessAndDebuggerNotification(Task task)
   at System.Runtime.CompilerServices.TaskAwaiter`1.GetResult()
   at OpenQA.Selenium.Remote.HttpCommandExecutor.<MakeHttpRequest>d__35.MoveNext()
--- End of stack trace from previous location where exception was thrown ---
   at System.Runtime.ExceptionServices.ExceptionDispatchInfo.Throw()
   at System.Runtime.CompilerServices.TaskAwaiter.ThrowForNonSuccess(Task task)
   at System.Runtime.CompilerServices.TaskAwaiter.HandleNonSuccessAndDebuggerNotification(Task task)
   at System.Runtime.CompilerServices.TaskAwaiter`1.GetResult()
   at OpenQA.Selenium.Remote.HttpCommandExecutor.Execute(Command commandToExecute)
   --- End of inner exception stack trace ---
   at OpenQA.Selenium.Remote.HttpCommandExecutor.Execute(Command commandToExecute)
   at OpenQA.Selenium.Remote.DriverServiceCommandExecutor.Execute(Command commandToExecute)
   at OpenQA.Selenium.WebDriver.Execute(String driverCommandToExecute, Dictionary`2 parameters)
   at OpenQA.Selenium.WebDriver.FindElement(String mechanism, String value)
   at OpenQA.Selenium.By.<.ctor>b__11_0(ISearchContext context)
   at OpenQA.Selenium.By.FindElement(ISearchContext context)
   at OpenQA.Selenium.WebDriver.FindElement(By by)
   at BaseUtility.PageObject.PageAction.Find_ElementXPath(String repoName) in C:\Users\msridhar\Source\Repos\Cendyn.AutomationFramework\BaseUtility\PageObject\PageAction.cs:line 33
2023-05-26 13:37:35,565 ::FATAL::[Logger]:: Unable to click the Export_Menu element on the ReportParameter page.
