2023-05-16 20:34:24,570 ::INFO ::[Logger]:: Execution of BaseUtility Test cases
2023-05-16 20:34:24,570 ::INFO ::[Logger]:: Chrome is currently being used for testing.
2023-05-16 20:34:24,570 ::INFO ::[Logger]::  is used for Testing
2023-05-16 20:34:24,601 ::INFO ::[Logger]:: This is the login page.https://revcloudsignin.goqacendyn.com//Login?App=9B2092C1-6AF2-4317-B343-B524B07976A8&RelayState=https://revintelrhbi.goQAcendyn.com/SSOLanding.aspx
2023-05-16 20:34:24,601 ::INFO ::[Logger]:: Execution started at:-May-16-2023 20-34-24-PM
2023-05-16 20:34:24,617 ::INFO ::[Logger]:: ~~~~~~~~~~~~~~~~~~~~~~~~~~~~~~~~~~~~~~~~~~~~~~~~~~~~~~~~~~~~~~~~~~~~~~~~~~~~~~~~~~~~~~~~
2023-05-16 20:34:24,617 ::INFO ::[Logger]:: XXXXXXXXXXXXXXXXX      S.T.A.R.T.     XXXXXXXXXXXXXXXX
2023-05-16 20:34:24,617 ::INFO ::[Logger]:: XXXXXXXXXXXXXXXXX      TC_252599         XXXXXXXXXXXXXXXX
2023-05-16 20:34:24,617 ::INFO ::[Logger]:: ~~~~~~~~~~~~~~~~~~~~~~~~~~~~~~~~~~~~~~~~~~~~~~~~~~~~~~~~~~~~~~~~~~~~~~~~~~~~~~~~~~~~~~~~
2023-05-16 20:34:24,617 ::INFO ::[Logger]:: Window Size is: {Width=1382, Height=736}
2023-05-16 20:34:24,632 ::INFO ::[Logger]:: Test Case : Validate Daily Pace and Pickup Analysis 
2023-05-16 20:34:26,393 ::INFO ::[Logger]:: Inserted text in the Enter_EmailAddress element on the Login page.
2023-05-16 20:34:26,393 ::DEBUG::[Logger]:: 1) Email Address displayed
2023-05-16 20:34:38,116 ::INFO ::[Logger]:: Clicked the Click_Next_Button element on the Login page.
2023-05-16 20:34:39,726 ::INFO ::[Logger]:: Inserted text in the Enter_Password element on the Login page.
2023-05-16 20:34:39,726 ::DEBUG::[Logger]:: 2) Login in with Username =Testautomation@cendyn17.com and Password =Cendyn123$
2023-05-16 20:34:49,682 ::INFO ::[Logger]:: Clicked the Click_SignIn_Button element on the Login page.
2023-05-16 20:34:49,683 ::DEBUG::[Logger]:: 3) user landed on the Automation RevIntel client selection page
2023-05-16 20:34:53,275 ::DEBUG::[Logger]:: 4) Client displayed
2023-05-16 20:35:06,172 ::INFO ::[Logger]:: Clicked the Link_ClientName element on the Navigation page.
2023-05-16 20:35:06,174 ::DEBUG::[Logger]:: 5) D Rock selected
2023-05-16 20:35:19,340 ::DEBUG::[Logger]:: 6) User landed on Montly pickup Dashboard page
2023-05-16 20:35:23,941 ::DEBUG::[Logger]:: 7) Booking Trends Dropdown displayed
2023-05-16 20:35:32,249 ::INFO ::[Logger]:: Clicked the Daily_Pace_and_Pickup_Analysis element on the Navigation page.
2023-05-16 20:35:34,117 ::DEBUG::[Logger]:: 8) User landed on Daily Pace and Pickup Analysis  page
2023-05-16 20:35:42,610 ::INFO ::[Logger]:: Switching into the iFrame.
2023-05-16 20:35:48,897 ::INFO ::[Logger]:: Clicked the Select_Hotel_DDL element on the ReportParameter page.
2023-05-16 20:35:48,897 ::DEBUG::[Logger]:: 9) List for hotel displayed
2023-05-16 20:35:56,954 ::INFO ::[Logger]:: Clicked the Select_Hotel_value element on the ReportParameter page.
2023-05-16 20:35:56,954 ::DEBUG::[Logger]:: 10) Atlantis,The Palmselected as hotel
2023-05-16 20:36:05,039 ::INFO ::[Logger]:: Clicked the Click_Business_Unit_Dropdown element on the ReportParameter page.
2023-05-16 20:36:10,172 ::INFO ::[Logger]:: Clicked the Select_Business_Unit_Value element on the ReportParameter page.
2023-05-16 20:36:10,172 ::DEBUG::[Logger]:: 11) USDis selected as Business Unit
2023-05-16 20:36:17,471 ::INFO ::[Logger]:: Clicked the Click_Currency_Dropdown element on the ReportParameter page.
2023-05-16 20:37:17,548 ::ERROR::[Logger]:: The //li[contains(text(),'AUD')] element was not found on the page.
OpenQA.Selenium.WebDriverException: The HTTP request to the remote WebDriver server for URL http://localhost:64569/session/bf5134a2fa260158add6e9599d896799/element timed out after 60 seconds. ---> System.Threading.Tasks.TaskCanceledException: A task was canceled.
   at System.Runtime.CompilerServices.TaskAwaiter.ThrowForNonSuccess(Task task)
   at System.Runtime.CompilerServices.TaskAwaiter.HandleNonSuccessAndDebuggerNotification(Task task)
   at System.Runtime.CompilerServices.TaskAwaiter`1.GetResult()
   at OpenQA.Selenium.Remote.HttpCommandExecutor.<MakeHttpRequest>d__35.MoveNext()
--- End of stack trace from previous location where exception was thrown ---
   at System.Runtime.CompilerServices.TaskAwaiter.ThrowForNonSuccess(Task task)
   at System.Runtime.CompilerServices.TaskAwaiter.HandleNonSuccessAndDebuggerNotification(Task task)
   at System.Runtime.CompilerServices.TaskAwaiter`1.GetResult()
   at OpenQA.Selenium.Remote.HttpCommandExecutor.Execute(Command commandToExecute)
   --- End of inner exception stack trace ---
   at OpenQA.Selenium.Remote.HttpCommandExecutor.Execute(Command commandToExecute)
   at OpenQA.Selenium.Remote.DriverServiceCommandExecutor.Execute(Command commandToExecute)
   at OpenQA.Selenium.WebDriver.Execute(String driverCommandToExecute, Dictionary`2 parameters)
   at OpenQA.Selenium.WebDriver.FindElement(String mechanism, String value)
   at OpenQA.Selenium.By.<.ctor>b__11_0(ISearchContext context)
   at OpenQA.Selenium.By.FindElement(ISearchContext context)
   at OpenQA.Selenium.WebDriver.FindElement(By by)
   at BaseUtility.PageObject.PageAction.Find_ElementXPath(String repoName) in C:\Users\msridhar\Source\Repos\Cendyn.AutomationFramework\BaseUtility\PageObject\PageAction.cs:line 33
2023-05-16 20:37:19,575 ::FATAL::[Logger]:: Unable to click the Select_Currency_Value element on the ReportParameter page.System.NullReferenceException: Object reference not set to an instance of an object.
   at BaseUtility.Utility.Helper.ElementClick(IWebElement element) in C:\Users\msridhar\Source\Repos\Cendyn.AutomationFramework\BaseUtility\Utility\Helper.cs:line 81
2023-05-16 20:37:19,575 ::ERROR::[Logger]:: RevIntel_Flow :: Script::Failed
System.NullReferenceException: Object reference not set to an instance of an object.
   at BaseUtility.Utility.Helper.ElementClick(IWebElement element) in C:\Users\msridhar\Source\Repos\Cendyn.AutomationFramework\BaseUtility\Utility\Helper.cs:line 88
   at RevIntel.AppModule.UI.ReportParameter.Select_Currency_Value() in C:\Users\msridhar\Source\Repos\Cendyn.AutomationFramework\ProductLibrary\RevIntel\RevIntel\AppModule\UI\ReportParameter.cs:line 672
   at RevIntel.AppModule.UI.ReportParameter.Select_Currency_Business_value(String Business_Unit, String Currency) in C:\Users\msridhar\Source\Repos\Cendyn.AutomationFramework\ProductLibrary\RevIntel\RevIntel\AppModule\UI\ReportParameter.cs:line 728
   at RevIntel.AppModule.MainAdminApp.MainAdminApp.TC_252599() in C:\Users\msridhar\Source\Repos\Cendyn.AutomationFramework\ProductLibrary\RevIntel\RevIntel\AppModule\MainAdminApp\TP_252578_Booking Trends.cs:line 471
   at RevIntel.AppModule.MainAdminApp.MainAdminApp.TP_252578() in C:\Users\msridhar\Source\Repos\Cendyn.AutomationFramework\ProductLibrary\RevIntel\RevIntel\AppModule\MainAdminApp.cs:line 62
   at RevIntel.RevIntel_TP_252578_Booking_Trends.TC_252599() in C:\Users\msridhar\Source\Repos\Cendyn.AutomationFramework\ProductLibrary\RevIntel\RevIntel\TestPlan\RevIntel\RevIntel_TP_252578_Booking_Trends.cs:line 106
2023-05-16 20:38:47,053 ::INFO ::[Logger]:: E.N.D
