2023-05-17 19:55:35,035 ::INFO ::[Logger]:: Execution of BaseUtility Test cases
2023-05-17 19:55:36,165 ::INFO ::[Logger]:: Chrome is currently being used for testing.
2023-05-17 19:55:36,165 ::INFO ::[Logger]::  is used for Testing
2023-05-17 19:55:36,181 ::INFO ::[Logger]:: This is the login page.https://revcloudsignin.goqacendyn.com//Login?App=9B2092C1-6AF2-4317-B343-B524B07976A8&RelayState=https://revintelrhbi.goQAcendyn.com/SSOLanding.aspx
2023-05-17 19:55:36,181 ::INFO ::[Logger]:: Execution started at:-May-17-2023 19-55-36-PM
2023-05-17 19:55:36,325 ::INFO ::[Logger]:: ~~~~~~~~~~~~~~~~~~~~~~~~~~~~~~~~~~~~~~~~~~~~~~~~~~~~~~~~~~~~~~~~~~~~~~~~~~~~~~~~~~~~~~~~
2023-05-17 19:55:36,325 ::INFO ::[Logger]:: XXXXXXXXXXXXXXXXX      S.T.A.R.T.     XXXXXXXXXXXXXXXX
2023-05-17 19:55:36,341 ::INFO ::[Logger]:: XXXXXXXXXXXXXXXXX      TC_280393         XXXXXXXXXXXXXXXX
2023-05-17 19:55:36,341 ::INFO ::[Logger]:: ~~~~~~~~~~~~~~~~~~~~~~~~~~~~~~~~~~~~~~~~~~~~~~~~~~~~~~~~~~~~~~~~~~~~~~~~~~~~~~~~~~~~~~~~
2023-05-17 19:55:36,357 ::INFO ::[Logger]:: Window Size is: {Width=1382, Height=736}
2023-05-17 19:55:36,357 ::INFO ::[Logger]:: Test Case : Validate the Room Type Booked Vs Occupied
2023-05-17 19:55:41,496 ::INFO ::[Logger]:: Inserted text in the Enter_EmailAddress element on the Login page.
2023-05-17 19:55:41,502 ::DEBUG::[Logger]:: 1) Email Address displayed
2023-05-17 19:55:59,859 ::INFO ::[Logger]:: Clicked the Click_Next_Button element on the Login page.
2023-05-17 19:56:02,108 ::INFO ::[Logger]:: Inserted text in the Enter_Password element on the Login page.
2023-05-17 19:56:02,781 ::DEBUG::[Logger]:: 2) Login in with Username =Testautomation@cendyn17.com and Password =Cendyn123$
2023-05-17 19:56:19,027 ::INFO ::[Logger]:: Clicked the Click_SignIn_Button element on the Login page.
2023-05-17 19:56:19,105 ::DEBUG::[Logger]:: 3) user landed on the Automation RevIntel client selection page
2023-05-17 19:56:23,886 ::DEBUG::[Logger]:: 4) Client displayed
2023-05-17 19:56:42,080 ::INFO ::[Logger]:: Clicked the Link_ClientName element on the Navigation page.
2023-05-17 19:56:42,391 ::DEBUG::[Logger]:: 5) D Rock selected
2023-05-17 19:56:54,657 ::DEBUG::[Logger]:: 6) User landed on Montly pickup Dashboard page
2023-05-17 19:57:05,666 ::INFO ::[Logger]:: Clicked the Click_Hamburger_Icon element on the Navigation page.
2023-05-17 19:58:06,853 ::ERROR::[Logger]:: The //span[contains(text(),'Custom')] element was not found on the page.
OpenQA.Selenium.WebDriverException: The HTTP request to the remote WebDriver server for URL http://localhost:60506/session/811d9a69c5a2e32dc674c7c00f9d2abe/element timed out after 60 seconds. ---> System.Threading.Tasks.TaskCanceledException: A task was canceled.
   at System.Runtime.CompilerServices.TaskAwaiter.ThrowForNonSuccess(Task task)
   at System.Runtime.CompilerServices.TaskAwaiter.HandleNonSuccessAndDebuggerNotification(Task task)
   at System.Runtime.CompilerServices.TaskAwaiter`1.GetResult()
   at OpenQA.Selenium.Remote.HttpCommandExecutor.<MakeHttpRequest>d__35.MoveNext()
--- End of stack trace from previous location where exception was thrown ---
   at System.Runtime.CompilerServices.TaskAwaiter.ThrowForNonSuccess(Task task)
   at System.Runtime.CompilerServices.TaskAwaiter.HandleNonSuccessAndDebuggerNotification(Task task)
   at System.Runtime.CompilerServices.TaskAwaiter`1.GetResult()
   at OpenQA.Selenium.Remote.HttpCommandExecutor.Execute(Command commandToExecute)
   --- End of inner exception stack trace ---
   at OpenQA.Selenium.Remote.HttpCommandExecutor.Execute(Command commandToExecute)
   at OpenQA.Selenium.Remote.DriverServiceCommandExecutor.Execute(Command commandToExecute)
   at OpenQA.Selenium.WebDriver.Execute(String driverCommandToExecute, Dictionary`2 parameters)
   at OpenQA.Selenium.WebDriver.FindElement(String mechanism, String value)
   at OpenQA.Selenium.By.<.ctor>b__11_0(ISearchContext context)
   at OpenQA.Selenium.By.FindElement(ISearchContext context)
   at OpenQA.Selenium.WebDriver.FindElement(By by)
   at BaseUtility.PageObject.PageAction.Find_ElementXPath(String repoName) in C:\Users\msridhar\Source\Repos\Cendyn.AutomationFramework\BaseUtility\PageObject\PageAction.cs:line 33
2023-05-17 19:58:09,423 ::FATAL::[Logger]:: Unable to click the Click_Custom_Menu element on the Navigation page.System.NullReferenceException: Object reference not set to an instance of an object.
   at BaseUtility.Utility.Helper.ElementClick(IWebElement element) in C:\Users\msridhar\Source\Repos\Cendyn.AutomationFramework\BaseUtility\Utility\Helper.cs:line 81
2023-05-17 19:58:09,423 ::ERROR::[Logger]:: RevIntel_Flow :: Script::Failed
System.NullReferenceException: Object reference not set to an instance of an object.
   at BaseUtility.Utility.Helper.ElementClick(IWebElement element) in C:\Users\msridhar\Source\Repos\Cendyn.AutomationFramework\BaseUtility\Utility\Helper.cs:line 88
   at RevIntel.AppModule.UI.Navigation.Click_Custom_Menu() in C:\Users\msridhar\Source\Repos\Cendyn.AutomationFramework\ProductLibrary\RevIntel\RevIntel\AppModule\UI\Navigation.cs:line 802
   at RevIntel.AppModule.MainAdminApp.MainAdminApp.TC_280393() in C:\Users\msridhar\Source\Repos\Cendyn.AutomationFramework\ProductLibrary\RevIntel\RevIntel\AppModule\MainAdminApp\TP_253357_Custom.cs:line 1485
   at RevIntel.AppModule.MainAdminApp.MainAdminApp.TP_253357() in C:\Users\msridhar\Source\Repos\Cendyn.AutomationFramework\ProductLibrary\RevIntel\RevIntel\AppModule\MainAdminApp.cs:line 188
   at RevIntel.RevIntel_TP_253357_Custom.TC_280393() in C:\Users\msridhar\Source\Repos\Cendyn.AutomationFramework\ProductLibrary\RevIntel\RevIntel\TestPlan\RevIntel\RevIntel_TP_253357_Custom.cs:line 241
2023-05-17 19:59:39,381 ::INFO ::[Logger]:: E.N.D
