2023-05-17 10:21:56,997 ::INFO ::[Logger]:: Execution of BaseUtility Test cases
2023-05-17 10:21:57,122 ::INFO ::[Logger]:: Chrome is currently being used for testing.
2023-05-17 10:21:57,150 ::INFO ::[Logger]::  is used for Testing
2023-05-17 10:21:57,154 ::INFO ::[Logger]:: This is the login page.https://revcloudsignin.goqacendyn.com//Login?App=9B2092C1-6AF2-4317-B343-B524B07976A8&RelayState=https://revintelrhbi.goQAcendyn.com/SSOLanding.aspx
2023-05-17 10:21:57,154 ::INFO ::[Logger]:: Execution started at:-May-17-2023 10-21-57-AM
2023-05-17 10:21:57,170 ::INFO ::[Logger]:: ~~~~~~~~~~~~~~~~~~~~~~~~~~~~~~~~~~~~~~~~~~~~~~~~~~~~~~~~~~~~~~~~~~~~~~~~~~~~~~~~~~~~~~~~
2023-05-17 10:21:57,170 ::INFO ::[Logger]:: XXXXXXXXXXXXXXXXX      S.T.A.R.T.     XXXXXXXXXXXXXXXX
2023-05-17 10:21:57,170 ::INFO ::[Logger]:: XXXXXXXXXXXXXXXXX      TC_265361         XXXXXXXXXXXXXXXX
2023-05-17 10:21:57,170 ::INFO ::[Logger]:: ~~~~~~~~~~~~~~~~~~~~~~~~~~~~~~~~~~~~~~~~~~~~~~~~~~~~~~~~~~~~~~~~~~~~~~~~~~~~~~~~~~~~~~~~
2023-05-17 10:21:57,695 ::INFO ::[Logger]:: Window Size is: {Width=1382, Height=736}
2023-05-17 10:21:57,711 ::INFO ::[Logger]:: Test Case : Verify Pace Report gets generated when scheduled Daily with out stop schedule date
2023-05-17 10:22:00,643 ::INFO ::[Logger]:: Inserted text in the Enter_EmailAddress element on the Login page.
2023-05-17 10:22:00,643 ::DEBUG::[Logger]:: 1) Email Address displayed
2023-05-17 10:22:12,440 ::INFO ::[Logger]:: Clicked the Click_Next_Button element on the Login page.
2023-05-17 10:22:14,110 ::INFO ::[Logger]:: Inserted text in the Enter_Password element on the Login page.
2023-05-17 10:22:14,110 ::DEBUG::[Logger]:: 2) Login in with Username =Testautomation@cendyn17.com and Password =Cendyn123$
2023-05-17 10:22:24,560 ::INFO ::[Logger]:: Clicked the Click_SignIn_Button element on the Login page.
2023-05-17 10:22:24,560 ::DEBUG::[Logger]:: 3) user landed on the Automation RevIntel client selection page
2023-05-17 10:22:27,744 ::DEBUG::[Logger]:: 4) Client displayed
2023-05-17 10:23:01,356 ::INFO ::[Logger]:: Clicked the Link_ClientName element on the Navigation page.
2023-05-17 10:23:01,359 ::DEBUG::[Logger]:: 5) Rosen selected
2023-05-17 10:23:14,378 ::DEBUG::[Logger]:: 6) User landed on Montly pickup Dashboard page
2023-05-17 10:23:22,238 ::INFO ::[Logger]:: Clicked the Click_UserMenu element on the Navigation page.
2023-05-17 10:23:22,238 ::DEBUG::[Logger]:: 7) User menu clicked
2023-05-17 10:23:29,524 ::INFO ::[Logger]:: Clicked the Click_UserMenu_ReportScheduler element on the Navigation page.
2023-05-17 10:23:29,524 ::DEBUG::[Logger]:: 8) Report scheduler link clicked
2023-05-17 10:23:37,222 ::INFO ::[Logger]:: Switching into the iFrame.
2023-05-17 10:23:43,893 ::INFO ::[Logger]:: Clicked the Click_BookingTrends element on the ReportScheduler page.
2023-05-17 10:23:43,893 ::DEBUG::[Logger]:: 9) Booking trends link got clicked
2023-05-17 10:23:53,683 ::INFO ::[Logger]:: Clicked the Click_BookingTrends_PaceReport element on the ReportScheduler page.
2023-05-17 10:24:23,697 ::DEBUG::[Logger]:: 10) Pace Report page should get displayed
2023-05-17 10:24:31,570 ::INFO ::[Logger]:: Switching into the iFrame.
2023-05-17 10:24:34,606 ::INFO ::[Logger]:: Inserted text in the Enter_ReportDescription element on the ReportScheduler page.
2023-05-17 10:24:36,321 ::INFO ::[Logger]:: Inserted text in the Enter_StartTimeHours element on the ReportScheduler page.
2023-05-17 10:24:38,270 ::INFO ::[Logger]:: Inserted text in the Enter_StartTimeMinutes element on the ReportScheduler page.
2023-05-17 10:24:41,234 ::INFO ::[Logger]:: Time Zone Found on the page
2023-05-17 10:24:46,798 ::INFO ::[Logger]:: Clicked the Click_Tuesday element on the ReportScheduler page.
2023-05-17 10:24:48,839 ::INFO ::[Logger]:: Inserted text in the Enter_StartTimeMinutes element on the ReportScheduler page.
2023-05-17 10:24:54,041 ::INFO ::[Logger]:: Clicked the Click_Wednesday element on the ReportScheduler page.
2023-05-17 10:24:59,233 ::INFO ::[Logger]:: Clicked the Click_Thursday element on the ReportScheduler page.
2023-05-17 10:25:04,468 ::INFO ::[Logger]:: Clicked the Click_Friday element on the ReportScheduler page.
2023-05-17 10:25:04,468 ::DEBUG::[Logger]:: 11) Details are entered like description,Time,Report Type and weekdays
2023-05-17 10:25:08,606 ::INFO ::[Logger]:: Inserted text in the Enter_EmailTo element on the ReportScheduler page.
2023-05-17 10:25:10,321 ::INFO ::[Logger]:: Inserted text in the Enter_EmailSubject element on the ReportScheduler page.
2023-05-17 10:25:10,321 ::DEBUG::[Logger]:: 12) Email and Subject entered
2023-05-17 10:25:16,307 ::INFO ::[Logger]:: Inserted text in the Enter_PickUpByDayDetailed_StartDate element on the ReportScheduler page.
2023-05-17 10:25:18,373 ::INFO ::[Logger]:: Inserted text in the Enter_PickUpByDayDetailed_EndDate element on the ReportScheduler page.
2023-05-17 10:26:18,433 ::ERROR::[Logger]:: The //*[@id="DeliveryConfigPanelBar_i4_AsOfDate_dateInput"] element was not found on the page.
OpenQA.Selenium.WebDriverException: The HTTP request to the remote WebDriver server for URL http://localhost:56858/session/10147d10fe2fa48417c5f96de1c376d9/element timed out after 60 seconds. ---> System.Threading.Tasks.TaskCanceledException: A task was canceled.
   at System.Runtime.CompilerServices.TaskAwaiter.ThrowForNonSuccess(Task task)
   at System.Runtime.CompilerServices.TaskAwaiter.HandleNonSuccessAndDebuggerNotification(Task task)
   at System.Runtime.CompilerServices.TaskAwaiter`1.GetResult()
   at OpenQA.Selenium.Remote.HttpCommandExecutor.<MakeHttpRequest>d__35.MoveNext()
--- End of stack trace from previous location where exception was thrown ---
   at System.Runtime.CompilerServices.TaskAwaiter.ThrowForNonSuccess(Task task)
   at System.Runtime.CompilerServices.TaskAwaiter.HandleNonSuccessAndDebuggerNotification(Task task)
   at System.Runtime.CompilerServices.TaskAwaiter`1.GetResult()
   at OpenQA.Selenium.Remote.HttpCommandExecutor.Execute(Command commandToExecute)
   --- End of inner exception stack trace ---
   at OpenQA.Selenium.Remote.HttpCommandExecutor.Execute(Command commandToExecute)
   at OpenQA.Selenium.Remote.DriverServiceCommandExecutor.Execute(Command commandToExecute)
   at OpenQA.Selenium.WebDriver.Execute(String driverCommandToExecute, Dictionary`2 parameters)
   at OpenQA.Selenium.WebDriver.FindElement(String mechanism, String value)
   at OpenQA.Selenium.By.<.ctor>b__11_0(ISearchContext context)
   at OpenQA.Selenium.By.FindElement(ISearchContext context)
   at OpenQA.Selenium.WebDriver.FindElement(By by)
   at BaseUtility.PageObject.PageAction.Find_ElementXPath(String repoName) in C:\Users\msridhar\Source\Repos\Cendyn.AutomationFramework\BaseUtility\PageObject\PageAction.cs:line 33
2023-05-17 10:26:54,079 ::FATAL::[Logger]:: System.ArgumentNullException: by cannot be null
Parameter name: by
   at OpenQA.Selenium.WebDriver.FindElement(By by)
   at CTOS.CendynElement.<get_CenElement>b__6_0()
   at CTOS.CendynElement.TryAndWait(Action action, CancellationToken cancellationToken, Int32 timeoutMs, Int32 retryTimeout)
   at CTOS.CendynElement.get_CenElement()
   at CTOS.CendynElement.<>c__DisplayClass32_0.<SendKeys>b__0()
   at CTOS.CendynElement.TryAndWait(Action action, CancellationToken cancellationToken, Int32 timeoutMs, Int32 retryTimeout)
   at CTOS.CendynElement.SendKeys(String text)
   at CTOS.Input.EnterInput(String inputText)
   at BaseUtility.Utility.Helper.ElementEnterText(IWebElement element, String text) in C:\Users\msridhar\Source\Repos\Cendyn.AutomationFramework\BaseUtility\Utility\Helper.cs:line 387
2023-05-17 10:26:54,079 ::FATAL::[Logger]:: Unable to select text in the Enter_AsOfDate element on the ReportScheduler page.
2023-05-17 10:26:54,079 ::ERROR::[Logger]:: RevIntel_Flow :: Script::Failed
System.ArgumentNullException: by cannot be null
Parameter name: by
   at OpenQA.Selenium.WebDriver.FindElement(By by)
   at CTOS.CendynElement.<get_CenElement>b__6_0()
   at CTOS.CendynElement.TryAndWait(Action action, CancellationToken cancellationToken, Int32 timeoutMs, Int32 retryTimeout)
   at CTOS.CendynElement.get_CenElement()
   at CTOS.CendynElement.<>c__DisplayClass32_0.<SendKeys>b__0()
   at CTOS.CendynElement.TryAndWait(Action action, CancellationToken cancellationToken, Int32 timeoutMs, Int32 retryTimeout)
   at CTOS.CendynElement.SendKeys(String text)
   at CTOS.Input.EnterInput(String inputText)
   at BaseUtility.Utility.Helper.ElementEnterText(IWebElement element, String text) in C:\Users\msridhar\Source\Repos\Cendyn.AutomationFramework\BaseUtility\Utility\Helper.cs:line 396
   at RevIntel.AppModule.UI.ReportScheduler.Enter_AsOfDate(String value) in C:\Users\msridhar\Source\Repos\Cendyn.AutomationFramework\ProductLibrary\RevIntel\RevIntel\AppModule\UI\ReportScheduler.cs:line 153
   at RevIntel.AppModule.UI.ReportScheduler.AddSchedule(String description, String hours, String minutes, String email, String subject, String startDate, String endDate) in C:\Users\msridhar\Source\Repos\Cendyn.AutomationFramework\ProductLibrary\RevIntel\RevIntel\AppModule\UI\ReportScheduler.cs:line 327
   at RevIntel.AppModule.MainAdminApp.MainAdminApp.TC_265361() in C:\Users\msridhar\Source\Repos\Cendyn.AutomationFramework\ProductLibrary\RevIntel\RevIntel\AppModule\MainAdminApp\TP_252734_ReportScheduler.cs:line 924
   at RevIntel.AppModule.MainAdminApp.MainAdminApp.TP_252734() in C:\Users\msridhar\Source\Repos\Cendyn.AutomationFramework\ProductLibrary\RevIntel\RevIntel\AppModule\MainAdminApp.cs:line 151
   at RevIntel.RevIntel_TP_252734_ReportScheduler.TC_265361() in C:\Users\msridhar\Source\Repos\Cendyn.AutomationFramework\ProductLibrary\RevIntel\RevIntel\TestPlan\RevIntel\RevIntel_TP_252734_ReportScheduler.cs:line 233
2023-05-17 10:27:48,725 ::INFO ::[Logger]:: E.N.D
