2023-05-16 21:05:33,427 ::INFO ::[Logger]:: Execution of BaseUtility Test cases
2023-05-16 21:05:33,427 ::INFO ::[Logger]:: Chrome is currently being used for testing.
2023-05-16 21:05:33,443 ::INFO ::[Logger]::  is used for Testing
2023-05-16 21:05:33,443 ::INFO ::[Logger]:: This is the login page.https://revcloudsignin.goqacendyn.com//Login?App=9B2092C1-6AF2-4317-B343-B524B07976A8&RelayState=https://revintelrhbi.goQAcendyn.com/SSOLanding.aspx
2023-05-16 21:05:33,443 ::INFO ::[Logger]:: Execution started at:-May-16-2023 21-05-33-PM
2023-05-16 21:05:33,443 ::INFO ::[Logger]:: ~~~~~~~~~~~~~~~~~~~~~~~~~~~~~~~~~~~~~~~~~~~~~~~~~~~~~~~~~~~~~~~~~~~~~~~~~~~~~~~~~~~~~~~~
2023-05-16 21:05:33,443 ::INFO ::[Logger]:: XXXXXXXXXXXXXXXXX      S.T.A.R.T.     XXXXXXXXXXXXXXXX
2023-05-16 21:05:33,443 ::INFO ::[Logger]:: XXXXXXXXXXXXXXXXX      TC_252604         XXXXXXXXXXXXXXXX
2023-05-16 21:05:33,458 ::INFO ::[Logger]:: ~~~~~~~~~~~~~~~~~~~~~~~~~~~~~~~~~~~~~~~~~~~~~~~~~~~~~~~~~~~~~~~~~~~~~~~~~~~~~~~~~~~~~~~~
2023-05-16 21:05:33,489 ::INFO ::[Logger]:: Window Size is: {Width=1382, Height=736}
2023-05-16 21:05:33,506 ::INFO ::[Logger]:: Test Case : Validate Pickup By Day
2023-05-16 21:05:35,143 ::INFO ::[Logger]:: Inserted text in the Enter_EmailAddress element on the Login page.
2023-05-16 21:05:35,143 ::DEBUG::[Logger]:: 1) Email Address displayed
2023-05-16 21:05:43,218 ::INFO ::[Logger]:: Clicked the Click_Next_Button element on the Login page.
2023-05-16 21:05:47,260 ::INFO ::[Logger]:: Inserted text in the Enter_Password element on the Login page.
2023-05-16 21:05:47,260 ::DEBUG::[Logger]:: 2) Login in with Username =Testautomation@cendyn17.com and Password =Cendyn123$
2023-05-16 21:05:57,712 ::INFO ::[Logger]:: Clicked the Click_SignIn_Button element on the Login page.
2023-05-16 21:05:57,712 ::DEBUG::[Logger]:: 3) user landed on the Automation RevIntel client selection page
2023-05-16 21:06:00,909 ::DEBUG::[Logger]:: 4) Client displayed
2023-05-16 21:06:14,416 ::INFO ::[Logger]:: Clicked the Link_ClientName element on the Navigation page.
2023-05-16 21:06:14,421 ::DEBUG::[Logger]:: 5) D Rock selected
2023-05-16 21:06:26,601 ::DEBUG::[Logger]:: 6) User landed on Montly pickup Dashboard page
2023-05-16 21:06:31,779 ::DEBUG::[Logger]:: 7) Booking Trends Dropdown displayed
2023-05-16 21:06:39,045 ::INFO ::[Logger]:: Clicked the Pickup_By_Day element on the Navigation page.
2023-05-16 21:06:49,911 ::DEBUG::[Logger]:: 8) User landed on  page
2023-05-16 21:06:57,121 ::INFO ::[Logger]:: Switching into the iFrame.
2023-05-16 21:07:03,429 ::INFO ::[Logger]:: Clicked the Click_View_Analysis element on the ReportParameter page.
2023-05-16 21:07:03,429 ::DEBUG::[Logger]:: 9) validation message displayed for required field
2023-05-16 21:07:07,690 ::INFO ::[Logger]:: Market: Found on the page
2023-05-16 21:07:09,771 ::INFO ::[Logger]:: Market: Found on the page
2023-05-16 21:07:09,771 ::DEBUG::[Logger]:: 10) Market Parameter displayed
2023-05-16 21:07:14,576 ::INFO ::[Logger]:: Channel: Found on the page
2023-05-16 21:07:14,576 ::DEBUG::[Logger]:: 11) Channel Parameter displayed
2023-05-16 21:07:18,924 ::INFO ::[Logger]:: Room Product: Found on the page
2023-05-16 21:07:18,924 ::DEBUG::[Logger]:: 12) Room Product Parameter displayed
2023-05-16 21:07:24,374 ::INFO ::[Logger]:: Rate Code: Found on the page
2023-05-16 21:07:24,374 ::DEBUG::[Logger]:: 13) Rate Code: Parameter displayed
2023-05-16 21:07:31,729 ::INFO ::[Logger]:: Clicked the Click_Business_Unit_Dropdown element on the ReportParameter page.
2023-05-16 21:07:38,341 ::INFO ::[Logger]:: Clicked the Select_Business_Unit_Value element on the ReportParameter page.
2023-05-16 21:07:38,341 ::DEBUG::[Logger]:: 14) AUDis selected as Business Unit
2023-05-16 21:07:45,629 ::INFO ::[Logger]:: Clicked the Click_Currency_Dropdown element on the ReportParameter page.
2023-05-16 21:08:45,640 ::ERROR::[Logger]:: The //li[contains(text(),'AUD')] element was not found on the page.
OpenQA.Selenium.WebDriverException: The HTTP request to the remote WebDriver server for URL http://localhost:57137/session/6eed1aa0306a203716988f235a2181cf/element timed out after 60 seconds. ---> System.Threading.Tasks.TaskCanceledException: A task was canceled.
   at System.Runtime.CompilerServices.TaskAwaiter.ThrowForNonSuccess(Task task)
   at System.Runtime.CompilerServices.TaskAwaiter.HandleNonSuccessAndDebuggerNotification(Task task)
   at System.Runtime.CompilerServices.TaskAwaiter`1.GetResult()
   at OpenQA.Selenium.Remote.HttpCommandExecutor.<MakeHttpRequest>d__35.MoveNext()
--- End of stack trace from previous location where exception was thrown ---
   at System.Runtime.CompilerServices.TaskAwaiter.ThrowForNonSuccess(Task task)
   at System.Runtime.CompilerServices.TaskAwaiter.HandleNonSuccessAndDebuggerNotification(Task task)
   at System.Runtime.CompilerServices.TaskAwaiter`1.GetResult()
   at OpenQA.Selenium.Remote.HttpCommandExecutor.Execute(Command commandToExecute)
   --- End of inner exception stack trace ---
   at OpenQA.Selenium.Remote.HttpCommandExecutor.Execute(Command commandToExecute)
   at OpenQA.Selenium.Remote.DriverServiceCommandExecutor.Execute(Command commandToExecute)
   at OpenQA.Selenium.WebDriver.Execute(String driverCommandToExecute, Dictionary`2 parameters)
   at OpenQA.Selenium.WebDriver.FindElement(String mechanism, String value)
   at OpenQA.Selenium.By.<.ctor>b__11_0(ISearchContext context)
   at OpenQA.Selenium.By.FindElement(ISearchContext context)
   at OpenQA.Selenium.WebDriver.FindElement(By by)
   at BaseUtility.PageObject.PageAction.Find_ElementXPath(String repoName) in C:\Users\msridhar\Source\Repos\Cendyn.AutomationFramework\BaseUtility\PageObject\PageAction.cs:line 33
2023-05-16 21:08:47,646 ::FATAL::[Logger]:: Unable to click the Select_Currency_Value element on the ReportParameter page.System.NullReferenceException: Object reference not set to an instance of an object.
   at BaseUtility.Utility.Helper.ElementClick(IWebElement element) in C:\Users\msridhar\Source\Repos\Cendyn.AutomationFramework\BaseUtility\Utility\Helper.cs:line 81
2023-05-16 21:08:47,646 ::ERROR::[Logger]:: RevIntel_Flow :: Script::Failed
System.NullReferenceException: Object reference not set to an instance of an object.
   at BaseUtility.Utility.Helper.ElementClick(IWebElement element) in C:\Users\msridhar\Source\Repos\Cendyn.AutomationFramework\BaseUtility\Utility\Helper.cs:line 88
   at RevIntel.AppModule.UI.ReportParameter.Select_Currency_Value() in C:\Users\msridhar\Source\Repos\Cendyn.AutomationFramework\ProductLibrary\RevIntel\RevIntel\AppModule\UI\ReportParameter.cs:line 672
   at RevIntel.AppModule.UI.ReportParameter.Select_Currency_Business_value(String Business_Unit, String Currency) in C:\Users\msridhar\Source\Repos\Cendyn.AutomationFramework\ProductLibrary\RevIntel\RevIntel\AppModule\UI\ReportParameter.cs:line 728
   at RevIntel.AppModule.MainAdminApp.MainAdminApp.TC_252604() in C:\Users\msridhar\Source\Repos\Cendyn.AutomationFramework\ProductLibrary\RevIntel\RevIntel\AppModule\MainAdminApp\TP_252578_Booking Trends.cs:line 1606
   at RevIntel.AppModule.MainAdminApp.MainAdminApp.TP_252578() in C:\Users\msridhar\Source\Repos\Cendyn.AutomationFramework\ProductLibrary\RevIntel\RevIntel\AppModule\MainAdminApp.cs:line 67
   at RevIntel.RevIntel_TP_252578_Booking_Trends.TC_252604() in C:\Users\msridhar\Source\Repos\Cendyn.AutomationFramework\ProductLibrary\RevIntel\RevIntel\TestPlan\RevIntel\RevIntel_TP_252578_Booking_Trends.cs:line 241
2023-05-16 21:10:30,091 ::INFO ::[Logger]:: E.N.D
