2023-05-17 14:02:37,647 ::INFO ::[Logger]:: Execution of BaseUtility Test cases
2023-05-17 14:02:37,647 ::INFO ::[Logger]:: Chrome is currently being used for testing.
2023-05-17 14:02:37,647 ::INFO ::[Logger]::  is used for Testing
2023-05-17 14:02:37,657 ::INFO ::[Logger]:: This is the login page.https://revcloudsignin.goqacendyn.com//Login?App=9B2092C1-6AF2-4317-B343-B524B07976A8&RelayState=https://revintelrhbi.goQAcendyn.com/SSOLanding.aspx
2023-05-17 14:02:37,663 ::INFO ::[Logger]:: Execution started at:-May-17-2023 14-02-37-PM
2023-05-17 14:02:37,663 ::INFO ::[Logger]:: ~~~~~~~~~~~~~~~~~~~~~~~~~~~~~~~~~~~~~~~~~~~~~~~~~~~~~~~~~~~~~~~~~~~~~~~~~~~~~~~~~~~~~~~~
2023-05-17 14:02:37,663 ::INFO ::[Logger]:: XXXXXXXXXXXXXXXXX      S.T.A.R.T.     XXXXXXXXXXXXXXXX
2023-05-17 14:02:37,663 ::INFO ::[Logger]:: XXXXXXXXXXXXXXXXX      TC_252813         XXXXXXXXXXXXXXXX
2023-05-17 14:02:37,663 ::INFO ::[Logger]:: ~~~~~~~~~~~~~~~~~~~~~~~~~~~~~~~~~~~~~~~~~~~~~~~~~~~~~~~~~~~~~~~~~~~~~~~~~~~~~~~~~~~~~~~~
2023-05-17 14:02:37,663 ::INFO ::[Logger]:: Window Size is: {Width=1382, Height=736}
2023-05-17 14:02:39,367 ::INFO ::[Logger]:: Inserted text in the Enter_EmailAddress element on the Login page.
2023-05-17 14:02:39,755 ::DEBUG::[Logger]:: 1) Email Address displayed
2023-05-17 14:02:47,905 ::INFO ::[Logger]:: Clicked the Click_Next_Button element on the Login page.
2023-05-17 14:02:49,982 ::INFO ::[Logger]:: Inserted text in the Enter_Password element on the Login page.
2023-05-17 14:02:49,982 ::DEBUG::[Logger]:: 2) Login in with Username =Testautomation@cendyn17.com and Password =Cendyn123$
2023-05-17 14:03:00,855 ::INFO ::[Logger]:: Clicked the Click_SignIn_Button element on the Login page.
2023-05-17 14:03:00,855 ::DEBUG::[Logger]:: 3) user landed on the Automation RevIntel client selection page
2023-05-17 14:03:04,479 ::DEBUG::[Logger]:: 4) Client displayed
2023-05-17 14:03:21,621 ::INFO ::[Logger]:: Clicked the Link_ClientName element on the Navigation page.
2023-05-17 14:03:21,621 ::DEBUG::[Logger]:: 5) Kerzner selected
2023-05-17 14:03:33,875 ::DEBUG::[Logger]:: 6) User landed on Montly pickup Dashboard page
2023-05-17 14:04:36,104 ::ERROR::[Logger]:: The //*[@id="UserMenu"] element was not found on the page.
OpenQA.Selenium.WebDriverException: The HTTP request to the remote WebDriver server for URL http://localhost:59569/session/3f3c2c722bfcacfae15b7fb448e53676/element timed out after 60 seconds. ---> System.Threading.Tasks.TaskCanceledException: A task was canceled.
   at System.Runtime.CompilerServices.TaskAwaiter.ThrowForNonSuccess(Task task)
   at System.Runtime.CompilerServices.TaskAwaiter.HandleNonSuccessAndDebuggerNotification(Task task)
   at System.Runtime.CompilerServices.TaskAwaiter`1.GetResult()
   at OpenQA.Selenium.Remote.HttpCommandExecutor.<MakeHttpRequest>d__35.MoveNext()
--- End of stack trace from previous location where exception was thrown ---
   at System.Runtime.CompilerServices.TaskAwaiter.ThrowForNonSuccess(Task task)
   at System.Runtime.CompilerServices.TaskAwaiter.HandleNonSuccessAndDebuggerNotification(Task task)
   at System.Runtime.CompilerServices.TaskAwaiter`1.GetResult()
   at OpenQA.Selenium.Remote.HttpCommandExecutor.Execute(Command commandToExecute)
   --- End of inner exception stack trace ---
   at OpenQA.Selenium.Remote.HttpCommandExecutor.Execute(Command commandToExecute)
   at OpenQA.Selenium.Remote.DriverServiceCommandExecutor.Execute(Command commandToExecute)
   at OpenQA.Selenium.WebDriver.Execute(String driverCommandToExecute, Dictionary`2 parameters)
   at OpenQA.Selenium.WebDriver.FindElement(String mechanism, String value)
   at OpenQA.Selenium.By.<.ctor>b__11_0(ISearchContext context)
   at OpenQA.Selenium.By.FindElement(ISearchContext context)
   at OpenQA.Selenium.WebDriver.FindElement(By by)
   at BaseUtility.PageObject.PageAction.Find_ElementXPath(String repoName) in C:\Users\msridhar\Source\Repos\Cendyn.AutomationFramework\BaseUtility\PageObject\PageAction.cs:line 33
2023-05-17 14:04:38,116 ::FATAL::[Logger]:: Unable to click the Select_DropDown element on the Login page.System.NullReferenceException: Object reference not set to an instance of an object.
   at BaseUtility.Utility.Helper.ElementClick(IWebElement element) in C:\Users\msridhar\Source\Repos\Cendyn.AutomationFramework\BaseUtility\Utility\Helper.cs:line 81
2023-05-17 14:04:38,116 ::ERROR::[Logger]:: RevIntel_Flow :: Script::Failed
System.NullReferenceException: Object reference not set to an instance of an object.
   at BaseUtility.Utility.Helper.ElementClick(IWebElement element) in C:\Users\msridhar\Source\Repos\Cendyn.AutomationFramework\BaseUtility\Utility\Helper.cs:line 88
   at RevIntel.AppModule.UI.Login.Select_DropDown() in C:\Users\msridhar\Source\Repos\Cendyn.AutomationFramework\ProductLibrary\RevIntel\RevIntel\AppModule\UI\Login.cs:line 31
   at RevIntel.AppModule.UI.Navigation.GetUserPreferencesValue(String hotel, String businessUnit, String currency) in C:\Users\msridhar\Source\Repos\Cendyn.AutomationFramework\ProductLibrary\RevIntel\RevIntel\AppModule\UI\Navigation.cs:line 906
   at RevIntel.AppModule.MainAdminApp.MainAdminApp.TP_252770() in C:\Users\msridhar\Source\Repos\Cendyn.AutomationFramework\ProductLibrary\RevIntel\RevIntel\AppModule\MainAdminApp.cs:line 96
   at RevIntel.RevIntel_TP_252770_Market_Menu.TC_252813() in C:\Users\msridhar\Source\Repos\Cendyn.AutomationFramework\ProductLibrary\RevIntel\RevIntel\TestPlan\RevIntel\RevIntel_TP_252770_Market_Menu.cs:line 132
2023-05-17 14:06:06,076 ::INFO ::[Logger]:: E.N.D
