2023-05-17 01:06:35,028 ::INFO ::[Logger]:: Execution of BaseUtility Test cases
2023-05-17 01:06:35,028 ::INFO ::[Logger]:: Chrome is currently being used for testing.
2023-05-17 01:06:35,028 ::INFO ::[Logger]::  is used for Testing
2023-05-17 01:06:35,043 ::INFO ::[Logger]:: This is the login page.https://revcloudsignin.goqacendyn.com//Login?App=9B2092C1-6AF2-4317-B343-B524B07976A8&RelayState=https://revintelrhbi.goQAcendyn.com/SSOLanding.aspx
2023-05-17 01:06:35,043 ::INFO ::[Logger]:: Execution started at:-May-17-2023 01-06-35-AM
2023-05-17 01:06:35,043 ::INFO ::[Logger]:: ~~~~~~~~~~~~~~~~~~~~~~~~~~~~~~~~~~~~~~~~~~~~~~~~~~~~~~~~~~~~~~~~~~~~~~~~~~~~~~~~~~~~~~~~
2023-05-17 01:06:35,043 ::INFO ::[Logger]:: XXXXXXXXXXXXXXXXX      S.T.A.R.T.     XXXXXXXXXXXXXXXX
2023-05-17 01:06:35,043 ::INFO ::[Logger]:: XXXXXXXXXXXXXXXXX      TC_265412         XXXXXXXXXXXXXXXX
2023-05-17 01:06:35,059 ::INFO ::[Logger]:: ~~~~~~~~~~~~~~~~~~~~~~~~~~~~~~~~~~~~~~~~~~~~~~~~~~~~~~~~~~~~~~~~~~~~~~~~~~~~~~~~~~~~~~~~
2023-05-17 01:06:35,065 ::INFO ::[Logger]:: Window Size is: {Width=1382, Height=736}
2023-05-17 01:06:36,696 ::INFO ::[Logger]:: Inserted text in the Enter_EmailAddress element on the Login page.
2023-05-17 01:06:36,696 ::DEBUG::[Logger]:: 1) Email Address displayed
2023-05-17 01:06:49,000 ::INFO ::[Logger]:: Clicked the Click_Next_Button element on the Login page.
2023-05-17 01:06:50,597 ::INFO ::[Logger]:: Inserted text in the Enter_Password element on the Login page.
2023-05-17 01:06:50,597 ::DEBUG::[Logger]:: 2) Login in with Username =Testautomation@cendyn17.com and Password =Cendyn123$
2023-05-17 01:07:00,713 ::INFO ::[Logger]:: Clicked the Click_SignIn_Button element on the Login page.
2023-05-17 01:07:00,713 ::DEBUG::[Logger]:: 3) user landed on the Automation RevIntel client selection page
2023-05-17 01:07:03,961 ::DEBUG::[Logger]:: 4) Client displayed
2023-05-17 01:07:16,597 ::INFO ::[Logger]:: Clicked the Link_ClientName element on the Navigation page.
2023-05-17 01:07:16,600 ::DEBUG::[Logger]:: 5) Rosen selected
2023-05-17 01:07:28,764 ::DEBUG::[Logger]:: 6) User landed on Montly pickup Dashboard page
2023-05-17 01:07:36,529 ::INFO ::[Logger]:: Clicked the Click_UserMenu element on the Navigation page.
2023-05-17 01:07:36,529 ::DEBUG::[Logger]:: 7) User menu clicked
2023-05-17 01:07:47,231 ::INFO ::[Logger]:: Clicked the Click_UserMenu_ReportScheduler element on the Navigation page.
2023-05-17 01:07:47,231 ::DEBUG::[Logger]:: 8) Report scheduler link clicked
2023-05-17 01:07:54,671 ::INFO ::[Logger]:: Switching into the iFrame.
2023-05-17 01:08:00,906 ::INFO ::[Logger]:: Clicked the Click_BookingTrends element on the ReportScheduler page.
2023-05-17 01:08:00,906 ::DEBUG::[Logger]:: 9) Booking trends link got clicked
2023-05-17 01:08:10,641 ::INFO ::[Logger]:: Clicked the Click_BookingTrends_PickUpByDayDetailed element on the ReportScheduler page.
2023-05-17 01:08:40,649 ::DEBUG::[Logger]:: 10) Pick up by day detailed page should get displayed
2023-05-17 01:08:47,852 ::INFO ::[Logger]:: Switching into the iFrame.
2023-05-17 01:08:53,692 ::INFO ::[Logger]:: Inserted text in the Enter_PickUpByDayDetailed_StartDate element on the ReportScheduler page.
2023-05-17 01:08:55,661 ::INFO ::[Logger]:: Inserted text in the Enter_PickUpByDayDetailed_EndDate element on the ReportScheduler page.
2023-05-17 01:09:55,866 ::ERROR::[Logger]:: The //*[@id='DeliveryConfigPanelBar_i4_PickupStartDt_dateInput'] element was not found on the page.
OpenQA.Selenium.WebDriverException: The HTTP request to the remote WebDriver server for URL http://localhost:53647/session/5ca277ced7f1fbe6f9656516f9f2c730/element timed out after 60 seconds. ---> System.Threading.Tasks.TaskCanceledException: A task was canceled.
   at System.Runtime.CompilerServices.TaskAwaiter.ThrowForNonSuccess(Task task)
   at System.Runtime.CompilerServices.TaskAwaiter.HandleNonSuccessAndDebuggerNotification(Task task)
   at System.Runtime.CompilerServices.TaskAwaiter`1.GetResult()
   at OpenQA.Selenium.Remote.HttpCommandExecutor.<MakeHttpRequest>d__35.MoveNext()
--- End of stack trace from previous location where exception was thrown ---
   at System.Runtime.CompilerServices.TaskAwaiter.ThrowForNonSuccess(Task task)
   at System.Runtime.CompilerServices.TaskAwaiter.HandleNonSuccessAndDebuggerNotification(Task task)
   at System.Runtime.CompilerServices.TaskAwaiter`1.GetResult()
   at OpenQA.Selenium.Remote.HttpCommandExecutor.Execute(Command commandToExecute)
   --- End of inner exception stack trace ---
   at OpenQA.Selenium.Remote.HttpCommandExecutor.Execute(Command commandToExecute)
   at OpenQA.Selenium.Remote.DriverServiceCommandExecutor.Execute(Command commandToExecute)
   at OpenQA.Selenium.WebDriver.Execute(String driverCommandToExecute, Dictionary`2 parameters)
   at OpenQA.Selenium.WebDriver.FindElement(String mechanism, String value)
   at OpenQA.Selenium.By.<.ctor>b__11_0(ISearchContext context)
   at OpenQA.Selenium.By.FindElement(ISearchContext context)
   at OpenQA.Selenium.WebDriver.FindElement(By by)
   at BaseUtility.PageObject.PageAction.Find_ElementXPath(String repoName) in C:\Users\msridhar\Source\Repos\Cendyn.AutomationFramework\BaseUtility\PageObject\PageAction.cs:line 33
2023-05-17 01:10:27,114 ::FATAL::[Logger]:: System.ArgumentNullException: by cannot be null
Parameter name: by
   at OpenQA.Selenium.WebDriver.FindElement(By by)
   at CTOS.CendynElement.<get_CenElement>b__6_0()
   at CTOS.CendynElement.TryAndWait(Action action, CancellationToken cancellationToken, Int32 timeoutMs, Int32 retryTimeout)
   at CTOS.CendynElement.get_CenElement()
   at CTOS.CendynElement.<>c__DisplayClass32_0.<SendKeys>b__0()
   at CTOS.CendynElement.TryAndWait(Action action, CancellationToken cancellationToken, Int32 timeoutMs, Int32 retryTimeout)
   at CTOS.CendynElement.SendKeys(String text)
   at CTOS.Input.EnterInput(String inputText)
   at BaseUtility.Utility.Helper.ElementEnterText(IWebElement element, String text) in C:\Users\msridhar\Source\Repos\Cendyn.AutomationFramework\BaseUtility\Utility\Helper.cs:line 387
2023-05-17 01:10:27,114 ::FATAL::[Logger]:: Unable to select text in the Enter_PickUpByDayDetailed_PickupStartDate element on the ReportScheduler page.
2023-05-17 01:10:27,114 ::ERROR::[Logger]:: RevIntel_Flow :: Script::Failed
System.ArgumentNullException: by cannot be null
Parameter name: by
   at OpenQA.Selenium.WebDriver.FindElement(By by)
   at CTOS.CendynElement.<get_CenElement>b__6_0()
   at CTOS.CendynElement.TryAndWait(Action action, CancellationToken cancellationToken, Int32 timeoutMs, Int32 retryTimeout)
   at CTOS.CendynElement.get_CenElement()
   at CTOS.CendynElement.<>c__DisplayClass32_0.<SendKeys>b__0()
   at CTOS.CendynElement.TryAndWait(Action action, CancellationToken cancellationToken, Int32 timeoutMs, Int32 retryTimeout)
   at CTOS.CendynElement.SendKeys(String text)
   at CTOS.Input.EnterInput(String inputText)
   at BaseUtility.Utility.Helper.ElementEnterText(IWebElement element, String text) in C:\Users\msridhar\Source\Repos\Cendyn.AutomationFramework\BaseUtility\Utility\Helper.cs:line 396
   at RevIntel.AppModule.UI.ReportScheduler.Enter_PickUpByDayDetailed_PickupStartDate(String value) in C:\Users\msridhar\Source\Repos\Cendyn.AutomationFramework\ProductLibrary\RevIntel\RevIntel\AppModule\UI\ReportScheduler.cs:line 74
   at RevIntel.AppModule.MainAdminApp.MainAdminApp.TC_265412() in C:\Users\msridhar\Source\Repos\Cendyn.AutomationFramework\ProductLibrary\RevIntel\RevIntel\AppModule\MainAdminApp\TP_252734_ReportScheduler.cs:line 56
   at RevIntel.AppModule.MainAdminApp.MainAdminApp.TP_252734() in C:\Users\msridhar\Source\Repos\Cendyn.AutomationFramework\ProductLibrary\RevIntel\RevIntel\AppModule\MainAdminApp.cs:line 142
   at RevIntel.RevIntel_TP_252734_ReportScheduler.TC_265412() in C:\Users\msridhar\Source\Repos\Cendyn.AutomationFramework\ProductLibrary\RevIntel\RevIntel\TestPlan\RevIntel\RevIntel_TP_252734_ReportScheduler.cs:line 55
2023-05-17 01:11:25,577 ::INFO ::[Logger]:: E.N.D
