2023-05-17 10:34:18,089 ::INFO ::[Logger]:: Execution of BaseUtility Test cases
2023-05-17 10:34:18,089 ::INFO ::[Logger]:: Chrome is currently being used for testing.
2023-05-17 10:34:18,089 ::INFO ::[Logger]::  is used for Testing
2023-05-17 10:34:18,104 ::INFO ::[Logger]:: This is the login page.https://revcloudsignin.goqacendyn.com//Login?App=9B2092C1-6AF2-4317-B343-B524B07976A8&RelayState=https://revintelrhbi.goQAcendyn.com/SSOLanding.aspx
2023-05-17 10:34:18,104 ::INFO ::[Logger]:: Execution started at:-May-17-2023 10-34-18-AM
2023-05-17 10:34:18,104 ::INFO ::[Logger]:: ~~~~~~~~~~~~~~~~~~~~~~~~~~~~~~~~~~~~~~~~~~~~~~~~~~~~~~~~~~~~~~~~~~~~~~~~~~~~~~~~~~~~~~~~
2023-05-17 10:34:18,104 ::INFO ::[Logger]:: XXXXXXXXXXXXXXXXX      S.T.A.R.T.     XXXXXXXXXXXXXXXX
2023-05-17 10:34:18,120 ::INFO ::[Logger]:: XXXXXXXXXXXXXXXXX      TC_265368         XXXXXXXXXXXXXXXX
2023-05-17 10:34:18,120 ::INFO ::[Logger]:: ~~~~~~~~~~~~~~~~~~~~~~~~~~~~~~~~~~~~~~~~~~~~~~~~~~~~~~~~~~~~~~~~~~~~~~~~~~~~~~~~~~~~~~~~
2023-05-17 10:34:18,340 ::INFO ::[Logger]:: Window Size is: {Width=1382, Height=736}
2023-05-17 10:34:18,356 ::INFO ::[Logger]:: Test Case : Verify Monthly Pickup generated when scheduled Once
2023-05-17 10:34:21,023 ::INFO ::[Logger]:: Inserted text in the Enter_EmailAddress element on the Login page.
2023-05-17 10:34:21,023 ::DEBUG::[Logger]:: 1) Email Address displayed
2023-05-17 10:34:30,945 ::INFO ::[Logger]:: Clicked the Click_Next_Button element on the Login page.
2023-05-17 10:34:32,774 ::INFO ::[Logger]:: Inserted text in the Enter_Password element on the Login page.
2023-05-17 10:34:32,774 ::DEBUG::[Logger]:: 2) Login in with Username =Testautomation@cendyn17.com and Password =Cendyn123$
2023-05-17 10:34:42,140 ::INFO ::[Logger]:: Clicked the Click_SignIn_Button element on the Login page.
2023-05-17 10:34:42,140 ::DEBUG::[Logger]:: 3) user landed on the Automation RevIntel client selection page
2023-05-17 10:34:47,700 ::DEBUG::[Logger]:: 4) Client displayed
2023-05-17 10:35:03,328 ::INFO ::[Logger]:: Clicked the Link_ClientName element on the Navigation page.
2023-05-17 10:35:03,332 ::DEBUG::[Logger]:: 5) Rosen selected
2023-05-17 10:35:15,528 ::DEBUG::[Logger]:: 6) User landed on Montly pickup Dashboard page
2023-05-17 10:35:27,425 ::INFO ::[Logger]:: Clicked the Click_UserMenu element on the Navigation page.
2023-05-17 10:35:27,425 ::DEBUG::[Logger]:: 7) User menu clicked
2023-05-17 10:35:35,805 ::INFO ::[Logger]:: Clicked the Click_UserMenu_ReportScheduler element on the Navigation page.
2023-05-17 10:35:35,805 ::DEBUG::[Logger]:: 8) Report scheduler link clicked
2023-05-17 10:35:42,976 ::INFO ::[Logger]:: Switching into the iFrame.
2023-05-17 10:35:49,231 ::INFO ::[Logger]:: Clicked the Click_BookingTrends element on the ReportScheduler page.
2023-05-17 10:35:49,231 ::DEBUG::[Logger]:: 9) Booking trends link got clicked
2023-05-17 10:35:59,112 ::INFO ::[Logger]:: Clicked the Click_BookingTrends_PaceReport element on the ReportScheduler page.
2023-05-17 10:36:29,129 ::DEBUG::[Logger]:: 10) Pace Report page should get displayed
2023-05-17 10:36:38,371 ::INFO ::[Logger]:: Switching into the iFrame.
2023-05-17 10:36:41,118 ::INFO ::[Logger]:: Inserted text in the Enter_ReportDescription element on the ReportScheduler page.
2023-05-17 10:36:41,118 ::ERROR::[Logger]:: The  element was not found on the page.
System.ArgumentNullException: Cannot find elements when the XPath expression is null.
Parameter name: xpathToFind
   at OpenQA.Selenium.By.XPath(String xpathToFind)
   at BaseUtility.PageObject.PageAction.Find_ElementXPath(String repoName) in C:\Users\msridhar\Source\Repos\Cendyn.AutomationFramework\BaseUtility\PageObject\PageAction.cs:line 33
2023-05-17 10:36:43,139 ::FATAL::[Logger]:: Unable to click the Click_Once element on the ReportScheduler page.System.NullReferenceException: Object reference not set to an instance of an object.
   at BaseUtility.Utility.Helper.ElementClick(IWebElement element) in C:\Users\msridhar\Source\Repos\Cendyn.AutomationFramework\BaseUtility\Utility\Helper.cs:line 81
2023-05-17 10:36:43,139 ::ERROR::[Logger]:: RevIntel_Flow :: Script::Failed
System.NullReferenceException: Object reference not set to an instance of an object.
   at BaseUtility.Utility.Helper.ElementClick(IWebElement element) in C:\Users\msridhar\Source\Repos\Cendyn.AutomationFramework\BaseUtility\Utility\Helper.cs:line 88
   at RevIntel.AppModule.UI.ReportScheduler.Click_Once() in C:\Users\msridhar\Source\Repos\Cendyn.AutomationFramework\ProductLibrary\RevIntel\RevIntel\AppModule\UI\ReportScheduler.cs:line 439
   at RevIntel.AppModule.UI.ReportScheduler.AddScheduleOnce(String description, String hours, String minutes, String email, String subject, String startDate, String endDate) in C:\Users\msridhar\Source\Repos\Cendyn.AutomationFramework\ProductLibrary\RevIntel\RevIntel\AppModule\UI\ReportScheduler.cs:line 366
   at RevIntel.AppModule.MainAdminApp.MainAdminApp.TC_265368() in C:\Users\msridhar\Source\Repos\Cendyn.AutomationFramework\ProductLibrary\RevIntel\RevIntel\AppModule\MainAdminApp\TP_252734_ReportScheduler.cs:line 1083
   at RevIntel.AppModule.MainAdminApp.MainAdminApp.TP_252734() in C:\Users\msridhar\Source\Repos\Cendyn.AutomationFramework\ProductLibrary\RevIntel\RevIntel\AppModule\MainAdminApp.cs:line 153
   at RevIntel.RevIntel_TP_252734_ReportScheduler.TC_265368() in C:\Users\msridhar\Source\Repos\Cendyn.AutomationFramework\ProductLibrary\RevIntel\RevIntel\TestPlan\RevIntel\RevIntel_TP_252734_ReportScheduler.cs:line 283
2023-05-17 10:37:26,670 ::INFO ::[Logger]:: E.N.D
