2021-06-24 10:36:31,370 ::INFO ::[Logger]:: Execution of BaseUtility Test cases
2021-06-24 10:36:31,373 ::INFO ::[Logger]:: Chrome is currently being used for testing.
2021-06-24 10:36:31,375 ::INFO ::[Logger]::  is used for Testing
2021-06-24 10:36:31,680 ::INFO ::[Logger]:: This is the login page.https://qalogin.cendynaccess.com/account/login?returnUrl=%2Fconnect%2Fauthorize%2Fcallback%3Fclient_id%3DCAOAFRON%26response_mode%3Dform_post%26response_type%3Dcode%2520id_token%26scope%3Dopenid%2520roles%2520profile%2520write%2520offline_access%2520CendynAccessApi%26state%3DOpenIdConnect.AuthenticationProperties%253DnONqasmLW9kUYPe_qpBo6wfePZhPQE-gOazcyzNSyOR50OLvIUqoJFGCfU2oCvnKwJP4wvgLP0-GOd8hoRTFCgKDAsKEmqhI94uBBHB8knG0W-cxIQTuGqnqjbub97PYfoSUaSAc_Zmwek_49A-f1w%26nonce%3D637601079966306205.ZDU0ZTlkY2ItOTZhOS00MWI5LTk3ZTAtYjZiYzg1MmE0MWJkZTQ0Y2M1Y2EtYzk1MS00NjA3LTk3OTUtNWE1ZWRjZGQ0MGQ2%26redirect_uri%3Dhttps%253A%252F%252Fqa.cendynaccess.com%26ui_locales%3Den-US
2021-06-24 10:36:31,681 ::INFO ::[Logger]:: Execution started at:-Jun-24-2021 10-36-31-AM
2021-06-24 10:36:31,682 ::INFO ::[Logger]:: ~~~~~~~~~~~~~~~~~~~~~~~~~~~~~~~~~~~~~~~~~~~~~~~~~~~~~~~~~~~~~~~~~~~~~~~~~~~~~~~~~~~~~~~~
2021-06-24 10:36:31,682 ::INFO ::[Logger]:: XXXXXXXXXXXXXXXXX      S.T.A.R.T.     XXXXXXXXXXXXXXXX
2021-06-24 10:36:31,683 ::INFO ::[Logger]:: XXXXXXXXXXXXXXXXX      TC_232893         XXXXXXXXXXXXXXXX
2021-06-24 10:36:31,683 ::INFO ::[Logger]:: ~~~~~~~~~~~~~~~~~~~~~~~~~~~~~~~~~~~~~~~~~~~~~~~~~~~~~~~~~~~~~~~~~~~~~~~~~~~~~~~~~~~~~~~~
2021-06-24 10:36:31,972 ::INFO ::[Logger]:: Window Size is: {Width=1366, Height=768}
2021-06-24 10:36:32,986 ::DEBUG::[Logger]:: 1) Landed on Admin Login Page
2021-06-24 10:36:44,883 ::INFO ::[Logger]:: Inserted text in the PropertyAdmin_Username element on the PropertyAdmin page.
2021-06-24 10:36:51,080 ::INFO ::[Logger]:: Clicked the Click_NextButton element on the PropertyAdmin page.
2021-06-24 10:36:56,868 ::INFO ::[Logger]:: Inserted text in the PropertyAdmin_Password element on the PropertyAdmin page.
2021-06-24 10:36:56,868 ::DEBUG::[Logger]:: 2) Entered Username =qacendynautomation@cendyn17.com and Password =Cendyn123$
2021-06-24 10:37:09,003 ::INFO ::[Logger]:: Clicked the Click_LoginButton element on the PropertyAdmin page.
2021-06-24 10:37:09,896 ::DEBUG::[Logger]:: 3) Landed on Select Product Page 
2021-06-24 10:37:23,319 ::INFO ::[Logger]:: Clicked the Click_eMenus element on the PropertyAdmin page.
2021-06-24 10:37:23,319 ::DEBUG::[Logger]:: 4) eMenus Product got Selected 
2021-06-24 10:37:35,429 ::INFO ::[Logger]:: Clicked the Click_Select_PropertyDropdown element on the PropertyAdmin page.
2021-06-24 10:37:35,430 ::DEBUG::[Logger]:: 5) Clicked on Select Property Drop-down
2021-06-24 10:37:45,186 ::INFO ::[Logger]:: Inserted text in the Enter_Property_TextBox element on the PropertyAdmin page.
2021-06-24 10:37:45,187 ::DEBUG::[Logger]:: 6) Entered Property
2021-06-24 10:37:58,669 ::INFO ::[Logger]:: Selected the Hotel Origami value from the Select_Property_Dropdown drop down.
2021-06-24 10:37:58,670 ::DEBUG::[Logger]:: 7) Hotel Origami Property got Selected
2021-06-24 10:38:02,496 ::ERROR::[Logger]:: The //table[@id='dynamicPricingTable']//tr[1]/td[1] element was not found on the page.
OpenQA.Selenium.NoSuchElementException: no such element: Unable to locate element: {"method":"xpath","selector":"//table[@id='dynamicPricingTable']//tr[1]/td[1]"}
  (Session info: chrome=89.0.4389.40)
   at OpenQA.Selenium.Remote.RemoteWebDriver.UnpackAndThrowOnError(Response errorResponse)
   at OpenQA.Selenium.Remote.RemoteWebDriver.Execute(String driverCommandToExecute, Dictionary`2 parameters)
   at OpenQA.Selenium.Remote.RemoteWebDriver.FindElement(String mechanism, String value)
   at OpenQA.Selenium.Remote.RemoteWebDriver.FindElementByXPath(String xpath)
   at OpenQA.Selenium.By.<>c__DisplayClass19_0.<XPath>b__0(ISearchContext context)
   at OpenQA.Selenium.By.FindElement(ISearchContext context)
   at OpenQA.Selenium.Remote.RemoteWebDriver.FindElement(By by)
   at BaseUtility.PageObject.PageAction.Find_ElementXPath(String repoName) in E:\2020\April\eMenus_Atomation\BaseUtility\PageObject\PageAction.cs:line 32
2021-06-24 10:38:09,720 ::INFO ::[Logger]:: Clicked the Click_MyMenu_Settings element on the PropertyAdmin page.
2021-06-24 10:38:09,721 ::DEBUG::[Logger]:: 8) Landed on Settings Page
2021-06-24 10:38:18,529 ::INFO ::[Logger]:: Clicked the Click_Settings_DynamicPricing element on the PropertyAdmin page.
2021-06-24 10:38:18,530 ::DEBUG::[Logger]:: 9) Landed on Dynamic Price Page
2021-06-24 10:38:27,310 ::INFO ::[Logger]:: Clicked the Click_DynamicPricing_AddNewButton element on the PropertyAdmin page.
2021-06-24 10:38:27,311 ::DEBUG::[Logger]:: 10) Add Dynamic Price Overlay got displayed
2021-06-24 10:38:35,757 ::INFO ::[Logger]:: Inserted text in the AddDynamicPricing_DynamicPricingName element on the PropertyAdmin page.
2021-06-24 10:38:42,051 ::INFO ::[Logger]:: Clicked the AddDynamicPricing_StartDate element on the PropertyAdmin page.
2021-06-24 10:38:43,210 ::INFO ::[Logger]:: Inserted text in the AddDynamicPricing_StartDate element on the PropertyAdmin page.
2021-06-24 10:38:49,541 ::INFO ::[Logger]:: Clicked the AddDynamicPricing_EndDate element on the PropertyAdmin page.
2021-06-24 10:38:50,686 ::INFO ::[Logger]:: Inserted text in the AddDynamicPricing_EndDate element on the PropertyAdmin page.
2021-06-24 10:38:56,993 ::INFO ::[Logger]:: Clicked the AddDynamicPricing_DynamicPricingName element on the PropertyAdmin page.
2021-06-24 10:38:56,994 ::DEBUG::[Logger]:: 11) Entered all Details
2021-06-24 10:39:05,796 ::INFO ::[Logger]:: Clicked the AddDynamicPricing_SaveChangesButton element on the PropertyAdmin page.
2021-06-24 10:39:05,797 ::DEBUG::[Logger]:: 12) Add Dynamic Price Confirmation Overlay got Displayed
2021-06-24 10:39:14,646 ::INFO ::[Logger]:: Clicked the Click_AddDynamicPricing_OkButton element on the PropertyAdmin page.
2021-06-24 10:39:18,689 ::INFO ::[Logger]:: DynamicPriceName_1707995136 Found on the page
2021-06-24 10:39:18,689 ::DEBUG::[Logger]:: 13) Dynamic Price with data range is added
2021-06-24 10:39:28,845 ::INFO ::[Logger]:: Clicked the Click_MyMenus element on the PropertyAdmin page.
2021-06-24 10:39:28,846 ::DEBUG::[Logger]:: 14) Navigated to My Menu Page
2021-06-24 10:39:37,778 ::INFO ::[Logger]:: Switching into the iFrame.
2021-06-24 10:39:45,645 ::INFO ::[Logger]:: Clicked the Click_MyMenu_BreakfastDropdown element on the PropertyAdmin page.
2021-06-24 10:39:45,645 ::DEBUG::[Logger]:: 15) Clicked on Breakfast Menu 
2021-06-24 10:39:55,185 ::INFO ::[Logger]:: Clicked the MyMenu_BreakfastDropdown_ContinentalBreakfast element on the PropertyAdmin page.
2021-06-24 10:40:03,778 ::INFO ::[Logger]:: Clicked the Click_MyMenu_AddNewMenu element on the PropertyAdmin page.
2021-06-24 10:40:03,780 ::DEBUG::[Logger]:: 16) Add Menu Popup got Displayed
2021-06-24 10:40:06,399 ::INFO ::[Logger]:: Switching out of the iFrame.
2021-06-24 10:40:13,845 ::INFO ::[Logger]:: Inserted text in the AddNewMenu_MenuName element on the PropertyAdmin page.
2021-06-24 10:40:19,696 ::INFO ::[Logger]:: Inserted text in the AddNewMenu_Price element on the PropertyAdmin page.
2021-06-24 10:40:26,705 ::INFO ::[Logger]:: Selected the Per 20 Guests value from the Select_Price_Description drop down.
2021-06-24 10:40:32,539 ::INFO ::[Logger]:: Inserted text in the AddNewMenu_DynamiPrice element on the PropertyAdmin page.
2021-06-24 10:40:39,500 ::INFO ::[Logger]:: Selected the Per 100 Guests value from the Select_DynamicPrice_Description drop down.
2021-06-24 10:40:39,501 ::DEBUG::[Logger]:: 17) All the details are entered successfully
2021-06-24 10:40:48,392 ::INFO ::[Logger]:: Clicked the Click_AddNewMenu_SaveButton element on the PropertyAdmin page.
2021-06-24 10:40:48,393 ::DEBUG::[Logger]:: 18) Menu Confirmation Overlay is Displayed
2021-06-24 10:40:58,555 ::INFO ::[Logger]:: Clicked the DynamicPricing_SaveChangesYesButton element on the PropertyAdmin page.
2021-06-24 10:41:04,120 ::INFO ::[Logger]:: Switching into the iFrame.
2021-06-24 10:41:08,580 ::ERROR::[Logger]:: eMenus_Flow :: Script::Failed
NUnit.Framework.AssertionException: Menu_1823951370Text not found
   at NUnit.Framework.Assert.ReportFailure(String message) in D:\a\1\s\src\NUnitFramework\framework\Assert.cs:line 394
   at NUnit.Framework.Assert.Fail(String message, Object[] args) in D:\a\1\s\src\NUnitFramework\framework\Assert.cs:line 145
   at NUnit.Framework.Assert.Fail(String message) in D:\a\1\s\src\NUnitFramework\framework\Assert.cs:line 155
   at BaseUtility.Utility.Helper.VerifyTextOnPageAndHighLight(String text) in E:\2020\April\eMenus_Atomation\BaseUtility\Utility\Helper.cs:line 604
   at eMenus.AppModule.Admin.PropertyAdmin.AddNewMenu(String menuName, String price, String pricedescription, String dynamicPrice, String dynamicPriceDescription) in E:\2020\April\eMenus_Atomation\ProductLibrary\eMenus\AppModule\Admin\PropertyAdmin.cs:line 518
   at eMenus.AppModule.MainAdminApp.MainAdminApp.TC_232893() in E:\2020\April\eMenus_Atomation\ProductLibrary\eMenus\AppModule\MainAdminApp\TP_231897_PropertyAdmin.cs:line 1013
   at eMenus.AppModule.MainAdminApp.MainAdminApp.TP_231897() in E:\2020\April\eMenus_Atomation\ProductLibrary\eMenus\AppModule\MainAdminApp.cs:line 38
   at eMenus.TestPlan.HotelOrigami.eMenu_TP_231897_PropertyAdmin.TC_232893() in E:\2020\April\eMenus_Atomation\ProductLibrary\eMenus\TestPlan\HotelOrigami\eMenu_TP_231897_PropertyAdmin.cs:line 307
2021-06-24 10:41:16,800 ::INFO ::[Logger]:: E.N.D
