2021-07-11 14:51:55,531 ::INFO ::[Logger]:: Execution of BaseUtility Test cases
2021-07-11 14:51:55,582 ::INFO ::[Logger]:: Chrome is currently being used for testing.
2021-07-11 14:51:55,594 ::INFO ::[Logger]::  is used for Testing
2021-07-11 14:51:55,601 ::INFO ::[Logger]:: This is the login page.https://qalogin.cendynaccess.com/Account/Login
2021-07-11 14:51:55,602 ::INFO ::[Logger]:: Execution started at:-Jul-11-2021 14-51-55-PM
2021-07-11 14:51:55,603 ::INFO ::[Logger]:: ~~~~~~~~~~~~~~~~~~~~~~~~~~~~~~~~~~~~~~~~~~~~~~~~~~~~~~~~~~~~~~~~~~~~~~~~~~~~~~~~~~~~~~~~
2021-07-11 14:51:55,603 ::INFO ::[Logger]:: XXXXXXXXXXXXXXXXX      S.T.A.R.T.     XXXXXXXXXXXXXXXX
2021-07-11 14:51:55,604 ::INFO ::[Logger]:: XXXXXXXXXXXXXXXXX      TC_120492         XXXXXXXXXXXXXXXX
2021-07-11 14:51:55,605 ::INFO ::[Logger]:: ~~~~~~~~~~~~~~~~~~~~~~~~~~~~~~~~~~~~~~~~~~~~~~~~~~~~~~~~~~~~~~~~~~~~~~~~~~~~~~~~~~~~~~~~
2021-07-11 14:52:49,188 ::INFO ::[Logger]:: Inserted text in the SSOLogin_Email element on the EmployeeLogin page.
2021-07-11 14:52:49,199 ::DEBUG::[Logger]:: 1) Entered UserName
2021-07-11 14:52:57,884 ::INFO ::[Logger]:: Clicked the SSOLogin_Next element on the EmployeeLogin page.
2021-07-11 14:53:02,013 ::INFO ::[Logger]:: Inserted text in the SSOLogin_Password element on the EmployeeLogin page.
2021-07-11 14:53:02,015 ::DEBUG::[Logger]:: 2) Clicked on Next button and entered password.
2021-07-11 14:53:10,583 ::INFO ::[Logger]:: Clicked the SSOLogin_Submit element on the EmployeeLogin page.
2021-07-11 14:53:10,586 ::DEBUG::[Logger]:: 3) Clicked on Subimt button.
2021-07-11 14:53:41,528 ::INFO ::[Logger]:: Clicked the SSOLogin_Submit element on the EmployeeLogin page.
2021-07-11 14:53:56,725 ::INFO ::[Logger]:: Clicked the SSOLogin_Submit element on the EmployeeLogin page.
2021-07-11 14:54:01,828 ::INFO ::[Logger]:: Clicked the SSOLogin_Submit element on the EmployeeLogin page.
2021-07-11 14:54:01,831 ::DEBUG::[Logger]:: 4) Logged in successfully.
2021-07-11 14:54:20,293 ::INFO ::[Logger]:: Clicked the PropertyDropDown_Button element on the EmployeeHome page.
2021-07-11 14:54:49,091 ::INFO ::[Logger]:: Selected the Conrad Manila value from the PropertyDropDown_Text drop down.
2021-07-11 14:54:49,093 ::DEBUG::[Logger]:: 5) Test property selected: Conrad Manila
2021-07-11 14:55:11,429 ::INFO ::[Logger]:: Clicked the Activity_Navigation_ActivityTab element on the Activity page.
2021-07-11 14:55:14,932 ::DEBUG::[Logger]:: 6) Land on the Activity page.
2021-07-11 14:55:23,227 ::INFO ::[Logger]:: Clicked the Activity_Link_AdvanceSearch element on the Activity page.
2021-07-11 14:55:30,730 ::DEBUG::[Logger]:: 7) Advanced Search Option is displayed.
2021-07-11 14:55:39,502 ::INFO ::[Logger]:: Selected the 6,2 value from the Activity_Dropdown_AdvanceSearch drop down.
2021-07-11 14:55:47,105 ::INFO ::[Logger]:: Clicked the ActivityAdvanceSearch_Button_Search element on the Activity page.
2021-07-11 14:55:58,108 ::DEBUG::[Logger]:: 8) All eProposals and eCards are displayed.
2021-07-11 14:56:15,096 ::INFO ::[Logger]:: eCards display a green eC icon.
2021-07-11 14:56:15,097 ::DEBUG::[Logger]:: 9) They do display as blue eP icon.
2021-07-11 14:56:18,263 ::INFO ::[Logger]:: eCards display a green eC icon.
2021-07-11 14:56:18,265 ::DEBUG::[Logger]:: 10) They do display as green eC icon.
2021-07-11 14:56:27,036 ::INFO ::[Logger]:: Inserted text in the Activity_Textbox_From element on the Activity page.
2021-07-11 14:56:34,607 ::INFO ::[Logger]:: Clicked the ActivityAdvanceSearch_Button_Search element on the Activity page.
2021-07-11 14:56:45,611 ::DEBUG::[Logger]:: 11) All eProposals and eCards sent by that employee are displayed.
2021-07-11 14:56:50,310 ::INFO ::[Logger]:: Cleared text in the Activity_Textbox_From element on the Activity page.
2021-07-11 14:56:50,312 ::DEBUG::[Logger]:: 12) Field is cleared.
2021-07-11 14:56:59,126 ::INFO ::[Logger]:: Inserted text in the Activity_Textbox_To element on the Activity page.
2021-07-11 14:57:06,738 ::INFO ::[Logger]:: Clicked the ActivityAdvanceSearch_Button_Search element on the Activity page.
2021-07-11 14:57:17,741 ::DEBUG::[Logger]:: 13) All eProposals and eCards sent by that employee are displayed.
2021-07-11 14:57:22,421 ::INFO ::[Logger]:: Cleared text in the Activity_Textbox_To element on the Activity page.
2021-07-11 14:57:22,422 ::DEBUG::[Logger]:: 14) Field is cleared.
2021-07-11 14:57:30,635 ::INFO ::[Logger]:: Clicked the ActivityAdvanceSearch_Button_Search element on the Activity page.
2021-07-11 14:57:44,763 ::INFO ::[Logger]:: Selected the Tentative value from the Activity_Dropdown_In drop down.
2021-07-11 14:57:49,851 ::INFO ::[Logger]:: Clicked the ActivityAdvanceSearch_Button_Search element on the Activity page.
2021-07-11 14:57:57,353 ::DEBUG::[Logger]:: 15) All eProposals and eCards in the selected status are displayed.
2021-07-11 14:58:07,193 ::INFO ::[Logger]:: Selected the General Inquiry value from the Activity_Dropdown_In drop down.
2021-07-11 14:58:12,293 ::INFO ::[Logger]:: Clicked the ActivityAdvanceSearch_Button_Search element on the Activity page.
2021-07-11 14:58:26,396 ::INFO ::[Logger]:: Selected the Definite value from the Activity_Dropdown_In drop down.
2021-07-11 14:58:31,486 ::INFO ::[Logger]:: Clicked the ActivityAdvanceSearch_Button_Search element on the Activity page.
2021-07-11 14:58:45,586 ::INFO ::[Logger]:: Selected the Contracted value from the Activity_Dropdown_In drop down.
2021-07-11 14:58:50,661 ::INFO ::[Logger]:: Clicked the ActivityAdvanceSearch_Button_Search element on the Activity page.
2021-07-11 15:00:08,781 ::INFO ::[Logger]:: Selected the Completed value from the Activity_Dropdown_In drop down.
2021-07-11 15:00:36,667 ::INFO ::[Logger]:: Selected the Completed value from the Activity_Dropdown_In drop down.
2021-07-11 15:00:47,727 ::INFO ::[Logger]:: Clicked the ActivityAdvanceSearch_Button_Search element on the Activity page.
2021-07-11 15:01:37,876 ::FATAL::[Logger]:: OpenQA.Selenium.NoSuchElementException: Cannot locate element with text: TestComment
   at OpenQA.Selenium.Support.UI.SelectElement.SelectByText(String text, Boolean partialMatch)
   at BaseUtility.Utility.Helper.ElementSelectFromDropDown(IWebElement element, String value) in E:\2020\April\eMenus_Atomation\BaseUtility\Utility\Helper.cs:line 38
2021-07-11 15:01:37,889 ::FATAL::[Logger]:: Unable to select the TestComment value from the Activity_Dropdown_In drop down.
2021-07-11 15:01:37,912 ::ERROR::[Logger]:: eProposal_Flow :: Script::Failed
OpenQA.Selenium.NoSuchElementException: Cannot locate element with text: TestComment
   at OpenQA.Selenium.Support.UI.SelectElement.SelectByText(String text, Boolean partialMatch)
   at BaseUtility.Utility.Helper.ElementSelectFromDropDown(IWebElement element, String value) in E:\2020\April\eMenus_Atomation\BaseUtility\Utility\Helper.cs:line 46
   at eProposal.AppModule.UI.Activity.SelectIn(String value) in E:\2020\April\eMenus_Atomation\ProductLibrary\eProposal\AppModule\UI\Activity.cs:line 360
   at eProposal.AppModule.MainAdminApp.MainAdminApp.TC_120492() in E:\2020\April\eMenus_Atomation\ProductLibrary\eProposal\AppModule\MainAdminApp\UI\Activity\TP_120480_ACTIVITY.cs:line 926
   at eProposal.AppModule.MainAdminApp.MainAdminApp.TP_120480() in E:\2020\April\eMenus_Atomation\ProductLibrary\eProposal\AppModule\MainAdminApp.cs:line 47
   at ePFullActivity.ePFull_TP_120480_ACTIVITY.TC_120492() in E:\2020\April\eMenus_Atomation\ProductLibrary\eProposal\TestPlan\UI\Activity\ePFull_TP_120480_ACTIVITY.cs:line 291
2021-07-11 15:01:51,139 ::INFO ::[Logger]:: E.N.D
