2023-05-16 23:38:32,946 ::INFO ::[Logger]:: Execution of BaseUtility Test cases
2023-05-16 23:38:33,685 ::INFO ::[Logger]:: Chrome is currently being used for testing.
2023-05-16 23:38:33,716 ::INFO ::[Logger]::  is used for Testing
2023-05-16 23:38:33,716 ::INFO ::[Logger]:: This is the login page.https://revcloudsignin.goqacendyn.com//Login?App=9B2092C1-6AF2-4317-B343-B524B07976A8&RelayState=https://revintelrhbi.goQAcendyn.com/SSOLanding.aspx
2023-05-16 23:38:33,716 ::INFO ::[Logger]:: Execution started at:-May-16-2023 23-38-33-PM
2023-05-16 23:38:33,716 ::INFO ::[Logger]:: ~~~~~~~~~~~~~~~~~~~~~~~~~~~~~~~~~~~~~~~~~~~~~~~~~~~~~~~~~~~~~~~~~~~~~~~~~~~~~~~~~~~~~~~~
2023-05-16 23:38:33,732 ::INFO ::[Logger]:: XXXXXXXXXXXXXXXXX      S.T.A.R.T.     XXXXXXXXXXXXXXXX
2023-05-16 23:38:33,732 ::INFO ::[Logger]:: XXXXXXXXXXXXXXXXX      TC_252729         XXXXXXXXXXXXXXXX
2023-05-16 23:38:33,763 ::INFO ::[Logger]:: ~~~~~~~~~~~~~~~~~~~~~~~~~~~~~~~~~~~~~~~~~~~~~~~~~~~~~~~~~~~~~~~~~~~~~~~~~~~~~~~~~~~~~~~~
2023-05-16 23:38:33,763 ::INFO ::[Logger]:: Window Size is: {Width=1382, Height=736}
2023-05-16 23:38:34,124 ::INFO ::[Logger]:: Test Case : Validate the Agent Trend Report
2023-05-16 23:38:36,624 ::INFO ::[Logger]:: Inserted text in the Enter_EmailAddress element on the Login page.
2023-05-16 23:38:36,624 ::DEBUG::[Logger]:: 1) Email Address displayed
2023-05-16 23:38:46,116 ::INFO ::[Logger]:: Clicked the Click_Next_Button element on the Login page.
2023-05-16 23:38:48,262 ::INFO ::[Logger]:: Inserted text in the Enter_Password element on the Login page.
2023-05-16 23:38:48,262 ::DEBUG::[Logger]:: 2) Login in with Username =Testautomation@cendyn17.com and Password =Cendyn123$
2023-05-16 23:39:03,739 ::INFO ::[Logger]:: Clicked the Click_SignIn_Button element on the Login page.
2023-05-16 23:39:03,739 ::DEBUG::[Logger]:: 3) user landed on the Automation RevIntel client selection page
2023-05-16 23:39:07,762 ::DEBUG::[Logger]:: 4) Client displayed
2023-05-16 23:39:22,363 ::INFO ::[Logger]:: Clicked the Link_ClientName element on the Navigation page.
2023-05-16 23:39:22,524 ::DEBUG::[Logger]:: 5) D Rock selected
2023-05-16 23:39:35,041 ::DEBUG::[Logger]:: 6) User landed on Montly pickup Dashboard page
2023-05-16 23:39:40,472 ::DEBUG::[Logger]:: 7) Business source Dropdown displayed
2023-05-16 23:39:47,867 ::INFO ::[Logger]:: Clicked the Agent_Trend_Report element on the Navigation page.
2023-05-16 23:40:19,192 ::DEBUG::[Logger]:: 8) User landed on Agent Trend Report report page
2023-05-16 23:40:27,625 ::INFO ::[Logger]:: Switching into the iFrame.
2023-05-16 23:40:34,328 ::INFO ::[Logger]:: Clicked the Click_View_Analysis element on the ReportParameter page.
2023-05-16 23:40:34,501 ::DEBUG::[Logger]:: 9) validation message displayed for required field
2023-05-16 23:40:44,439 ::INFO ::[Logger]:: Clicked the Select_Hotel_DDL element on the ReportParameter page.
2023-05-16 23:40:44,612 ::DEBUG::[Logger]:: 10) List for hotel displayed
2023-05-16 23:40:55,160 ::INFO ::[Logger]:: Clicked the Select_Hotel_value element on the ReportParameter page.
2023-05-16 23:40:55,176 ::DEBUG::[Logger]:: 11) Atlantis, The Palmselected as hotel
2023-05-16 23:40:59,153 ::INFO ::[Logger]:: Inserted text in the Compare_Start_Date element on the ReportParameter page.
2023-05-16 23:40:59,153 ::DEBUG::[Logger]:: 12) Enter Compare start date as = 2/1/2020
2023-05-16 23:41:03,961 ::INFO ::[Logger]:: Inserted text in the Compare_End_Date element on the ReportParameter page.
2023-05-16 23:41:03,977 ::DEBUG::[Logger]:: 13) Enter Compare end date as = 2/29/2020
2023-05-16 23:41:08,868 ::INFO ::[Logger]:: Inserted text in the Text_StartDate element on the ReportParameter page.
2023-05-16 23:41:08,886 ::DEBUG::[Logger]:: 14) Enter start date as = 3/1/2020
2023-05-16 23:41:14,436 ::INFO ::[Logger]:: Inserted text in the Text_EndDate element on the ReportParameter page.
2023-05-16 23:41:14,451 ::DEBUG::[Logger]:: 15) Enter enddate as = 3/31/2020
2023-05-16 23:41:26,149 ::INFO ::[Logger]:: Clicked the Click_View_Analysis element on the ReportParameter page.
2023-05-16 23:42:26,171 ::DEBUG::[Logger]:: 16) Report generated
2023-05-16 23:43:30,114 ::ERROR::[Logger]:: The //span[contains(text(),'Business Source')] element was not found on the page.
OpenQA.Selenium.WebDriverException: The HTTP request to the remote WebDriver server for URL http://localhost:53546/session/3fa84dd91d62b46c2be765b78b5c663d/element timed out after 60 seconds. ---> System.Threading.Tasks.TaskCanceledException: A task was canceled.
   at System.Runtime.CompilerServices.TaskAwaiter.ThrowForNonSuccess(Task task)
   at System.Runtime.CompilerServices.TaskAwaiter.HandleNonSuccessAndDebuggerNotification(Task task)
   at System.Runtime.CompilerServices.TaskAwaiter`1.GetResult()
   at OpenQA.Selenium.Remote.HttpCommandExecutor.<MakeHttpRequest>d__35.MoveNext()
--- End of stack trace from previous location where exception was thrown ---
   at System.Runtime.CompilerServices.TaskAwaiter.ThrowForNonSuccess(Task task)
   at System.Runtime.CompilerServices.TaskAwaiter.HandleNonSuccessAndDebuggerNotification(Task task)
   at System.Runtime.CompilerServices.TaskAwaiter`1.GetResult()
   at OpenQA.Selenium.Remote.HttpCommandExecutor.Execute(Command commandToExecute)
   --- End of inner exception stack trace ---
   at OpenQA.Selenium.Remote.HttpCommandExecutor.Execute(Command commandToExecute)
   at OpenQA.Selenium.Remote.DriverServiceCommandExecutor.Execute(Command commandToExecute)
   at OpenQA.Selenium.WebDriver.Execute(String driverCommandToExecute, Dictionary`2 parameters)
   at OpenQA.Selenium.WebDriver.FindElement(String mechanism, String value)
   at OpenQA.Selenium.By.<.ctor>b__11_0(ISearchContext context)
   at OpenQA.Selenium.By.FindElement(ISearchContext context)
   at OpenQA.Selenium.WebDriver.FindElement(By by)
   at BaseUtility.PageObject.PageAction.Find_ElementXPath(String repoName) in C:\Users\msridhar\Source\Repos\Cendyn.AutomationFramework\BaseUtility\PageObject\PageAction.cs:line 33
2023-05-16 23:43:31,308 ::ERROR::[Logger]:: RevIntel_Flow :: Script::Failed
System.ArgumentException: MoveToElement cannot move to a null element with no offset.
Parameter name: toElement
   at OpenQA.Selenium.Interactions.Actions.MoveToElement(IWebElement toElement)
   at BaseUtility.Utility.Helper.ElementHover(IWebElement element) in C:\Users\msridhar\Source\Repos\Cendyn.AutomationFramework\BaseUtility\Utility\Helper.cs:line 948
   at RevIntel.AppModule.MainAdminApp.MainAdminApp.TC_252729() in C:\Users\msridhar\Source\Repos\Cendyn.AutomationFramework\ProductLibrary\RevIntel\RevIntel\AppModule\MainAdminApp\TP_252700_Business_source.cs:line 2678
   at RevIntel.AppModule.MainAdminApp.MainAdminApp.TP_252700() in C:\Users\msridhar\Source\Repos\Cendyn.AutomationFramework\ProductLibrary\RevIntel\RevIntel\AppModule\MainAdminApp.cs:line 26
   at RevIntel.RevIntel_TP_252700_Business_source.TC_252729() in C:\Users\msridhar\Source\Repos\Cendyn.AutomationFramework\ProductLibrary\RevIntel\RevIntel\TestPlan\RevIntel\RevIntel_TP_252700_Business_source.cs:line 402
2023-05-16 23:45:03,416 ::INFO ::[Logger]:: E.N.D
