2023-05-17 14:53:00,453 ::INFO ::[Logger]:: Execution of BaseUtility Test cases
2023-05-17 14:53:00,642 ::INFO ::[Logger]:: Chrome is currently being used for testing.
2023-05-17 14:53:00,673 ::INFO ::[Logger]::  is used for Testing
2023-05-17 14:53:00,689 ::INFO ::[Logger]:: This is the login page.https://signin.letitrain.com/Login?App=9B2092C1-6AF2-4317-B343-B524B07976A8&RelayState=https://salesdemo.revintel.co/SSOLanding.aspx
2023-05-17 14:53:00,689 ::INFO ::[Logger]:: Execution started at:-May-17-2023 14-53-00-PM
2023-05-17 14:53:00,689 ::INFO ::[Logger]:: ~~~~~~~~~~~~~~~~~~~~~~~~~~~~~~~~~~~~~~~~~~~~~~~~~~~~~~~~~~~~~~~~~~~~~~~~~~~~~~~~~~~~~~~~
2023-05-17 14:53:00,689 ::INFO ::[Logger]:: XXXXXXXXXXXXXXXXX      S.T.A.R.T.     XXXXXXXXXXXXXXXX
2023-05-17 14:53:00,689 ::INFO ::[Logger]:: XXXXXXXXXXXXXXXXX      TC_283456         XXXXXXXXXXXXXXXX
2023-05-17 14:53:00,705 ::INFO ::[Logger]:: ~~~~~~~~~~~~~~~~~~~~~~~~~~~~~~~~~~~~~~~~~~~~~~~~~~~~~~~~~~~~~~~~~~~~~~~~~~~~~~~~~~~~~~~~
2023-05-17 14:53:00,721 ::INFO ::[Logger]:: Window Size is: {Width=1382, Height=736}
2023-05-17 14:53:00,721 ::INFO ::[Logger]:: Test Case : Verify attempting to create a new portfolia with same name should fail
2023-05-17 14:53:12,607 ::INFO ::[Logger]:: Inserted text in the Enter_EmailAddress element on the Login page.
2023-05-17 14:53:12,607 ::DEBUG::[Logger]:: 1) Email Address displayed
2023-05-17 14:53:32,195 ::INFO ::[Logger]:: Clicked the Click_Next_Button element on the Login page.
2023-05-17 14:53:37,655 ::INFO ::[Logger]:: Inserted text in the Enter_Password element on the Login page.
2023-05-17 14:53:37,655 ::DEBUG::[Logger]:: 2) Login in with Username =rshende@cendyn.com and Password =Cendyn321$
2023-05-17 14:54:09,143 ::INFO ::[Logger]:: Clicked the Click_SignIn_Button element on the Login page.
2023-05-17 14:54:10,164 ::DEBUG::[Logger]:: 3) Client displayed
2023-05-17 14:55:16,197 ::ERROR::[Logger]:: The D Rock element was not found on the page.
OpenQA.Selenium.WebDriverException: The HTTP request to the remote WebDriver server for URL http://localhost:60102/session/5491d4dd95ba5ace00b87edf16974fb3/element timed out after 60 seconds. ---> System.Threading.Tasks.TaskCanceledException: A task was canceled.
   at System.Runtime.CompilerServices.TaskAwaiter.ThrowForNonSuccess(Task task)
   at System.Runtime.CompilerServices.TaskAwaiter.HandleNonSuccessAndDebuggerNotification(Task task)
   at System.Runtime.CompilerServices.TaskAwaiter`1.GetResult()
   at OpenQA.Selenium.Remote.HttpCommandExecutor.<MakeHttpRequest>d__35.MoveNext()
--- End of stack trace from previous location where exception was thrown ---
   at System.Runtime.CompilerServices.TaskAwaiter.ThrowForNonSuccess(Task task)
   at System.Runtime.CompilerServices.TaskAwaiter.HandleNonSuccessAndDebuggerNotification(Task task)
   at System.Runtime.CompilerServices.TaskAwaiter`1.GetResult()
   at OpenQA.Selenium.Remote.HttpCommandExecutor.Execute(Command commandToExecute)
   --- End of inner exception stack trace ---
   at OpenQA.Selenium.Remote.HttpCommandExecutor.Execute(Command commandToExecute)
   at OpenQA.Selenium.Remote.DriverServiceCommandExecutor.Execute(Command commandToExecute)
   at OpenQA.Selenium.WebDriver.Execute(String driverCommandToExecute, Dictionary`2 parameters)
   at OpenQA.Selenium.WebDriver.FindElement(String mechanism, String value)
   at OpenQA.Selenium.By.<.ctor>b__11_0(ISearchContext context)
   at OpenQA.Selenium.By.FindElement(ISearchContext context)
   at OpenQA.Selenium.WebDriver.FindElement(By by)
   at BaseUtility.PageObject.PageAction.Find_ElementLinkText(String repoName) in C:\Users\msridhar\Source\Repos\Cendyn.AutomationFramework\BaseUtility\PageObject\PageAction.cs:line 49
2023-05-17 14:56:17,371 ::FATAL::[Logger]:: Unable to click the Link_ClientName element on the Navigation page.OpenQA.Selenium.StaleElementReferenceException: stale element reference: element is not attached to the page document
  (Session info: chrome=113.0.5672.93)
   at OpenQA.Selenium.WebDriver.UnpackAndThrowOnError(Response errorResponse, String commandToExecute)
   at OpenQA.Selenium.WebDriver.Execute(String driverCommandToExecute, Dictionary`2 parameters)
   at OpenQA.Selenium.WebDriver.InternalExecute(String driverCommandToExecute, Dictionary`2 parameters)
   at OpenQA.Selenium.WebElement.Execute(String commandToExecute, Dictionary`2 parameters)
   at OpenQA.Selenium.WebElement.Click()
   at BaseUtility.Utility.Helper.ElementClick(IWebElement element) in C:\Users\msridhar\Source\Repos\Cendyn.AutomationFramework\BaseUtility\Utility\Helper.cs:line 81
2023-05-17 14:56:17,371 ::ERROR::[Logger]:: RevIntel_Flow :: Script::Failed
OpenQA.Selenium.StaleElementReferenceException: stale element reference: element is not attached to the page document
  (Session info: chrome=113.0.5672.93)
   at OpenQA.Selenium.WebDriver.UnpackAndThrowOnError(Response errorResponse, String commandToExecute)
   at OpenQA.Selenium.WebDriver.Execute(String driverCommandToExecute, Dictionary`2 parameters)
   at OpenQA.Selenium.WebDriver.InternalExecute(String driverCommandToExecute, Dictionary`2 parameters)
   at OpenQA.Selenium.WebElement.Execute(String commandToExecute, Dictionary`2 parameters)
   at OpenQA.Selenium.WebElement.Click()
   at BaseUtility.Utility.Helper.ElementClick(IWebElement element) in C:\Users\msridhar\Source\Repos\Cendyn.AutomationFramework\BaseUtility\Utility\Helper.cs:line 88
   at RevIntel.AppModule.UI.Navigation.Click_ClientName(String clientName) in C:\Users\msridhar\Source\Repos\Cendyn.AutomationFramework\ProductLibrary\RevIntel\RevIntel\AppModule\UI\Navigation.cs:line 26
   at RevIntel.AppModule.MainAdminApp.MainAdminApp.TC_283456() in C:\Users\msridhar\Source\Repos\Cendyn.AutomationFramework\ProductLibrary\RevIntel\RevIntel\AppModule\MainAdminApp\TP_278124_Post Deployment Plan.cs:line 406
   at RevIntel.AppModule.MainAdminApp.MainAdminApp.TP_278124() in C:\Users\msridhar\Source\Repos\Cendyn.AutomationFramework\ProductLibrary\RevIntel\RevIntel\AppModule\MainAdminApp.cs:line 234
   at RevIntel.RevIntel_TP_278124_Post_Deployment.TC_283456() in C:\Users\msridhar\Source\Repos\Cendyn.AutomationFramework\ProductLibrary\RevIntel\RevIntel\TestPlan\RevIntel\RevIntel_TP_278124_Post_Deployment.cs:line 217
2023-05-17 14:58:07,463 ::INFO ::[Logger]:: E.N.D
