2023-08-14 08:17:21,255 ::INFO ::[Logger]:: Execution of BaseUtility Test cases
2023-08-14 08:17:21,473 ::INFO ::[Logger]:: Chrome is currently being used for testing.
2023-08-14 08:17:21,508 ::INFO ::[Logger]::  is used for Testing
2023-08-14 08:17:21,601 ::INFO ::[Logger]:: This is the login page.https://revcloudsignin.goqacendyn.com//Login?App=9B2092C1-6AF2-4317-B343-B524B07976A8&RelayState=https://revintelrhbi.goQAcendyn.com/SSOLanding.aspx
2023-08-14 08:17:21,607 ::INFO ::[Logger]:: Execution started at:-Aug-14-2023 08-17-21-AM
2023-08-14 08:17:21,608 ::INFO ::[Logger]:: ~~~~~~~~~~~~~~~~~~~~~~~~~~~~~~~~~~~~~~~~~~~~~~~~~~~~~~~~~~~~~~~~~~~~~~~~~~~~~~~~~~~~~~~~
2023-08-14 08:17:21,620 ::INFO ::[Logger]:: XXXXXXXXXXXXXXXXX      S.T.A.R.T.     XXXXXXXXXXXXXXXX
2023-08-14 08:17:21,623 ::INFO ::[Logger]:: XXXXXXXXXXXXXXXXX      TC_253349         XXXXXXXXXXXXXXXX
2023-08-14 08:17:21,625 ::INFO ::[Logger]:: ~~~~~~~~~~~~~~~~~~~~~~~~~~~~~~~~~~~~~~~~~~~~~~~~~~~~~~~~~~~~~~~~~~~~~~~~~~~~~~~~~~~~~~~~
2023-08-14 08:17:21,696 ::INFO ::[Logger]:: Window Size is: {Width=1382, Height=744}
2023-08-14 08:17:43,214 ::INFO ::[Logger]:: Test Case : Validate the Portfolio Report
2023-08-14 08:17:45,702 ::INFO ::[Logger]:: Inserted text in the Enter_EmailAddress element on the Login page.
2023-08-14 08:17:45,705 ::DEBUG::[Logger]:: 1) Email Address displayed
2023-08-14 08:17:54,145 ::INFO ::[Logger]:: Clicked the Click_Next_Button element on the Login page.
2023-08-14 08:17:56,062 ::INFO ::[Logger]:: Inserted text in the Enter_Password element on the Login page.
2023-08-14 08:17:56,062 ::DEBUG::[Logger]:: 2) Login in with Username =Testautomation@cendyn17.com and Password =Cendyn123$
2023-08-14 08:18:05,685 ::INFO ::[Logger]:: Clicked the Click_SignIn_Button element on the Login page.
2023-08-14 08:18:05,688 ::DEBUG::[Logger]:: 3) user landed on the Automation RevIntel client selection page
2023-08-14 08:18:10,054 ::DEBUG::[Logger]:: 4) Client displayed
2023-08-14 08:19:13,325 ::ERROR::[Logger]:: The Kerzner element was not found on the page.
OpenQA.Selenium.WebDriverException: The HTTP request to the remote WebDriver server for URL http://localhost:52206/session/e304877d45700614032c1b111af073bc/element timed out after 60 seconds. ---> System.Threading.Tasks.TaskCanceledException: A task was canceled.
   at System.Runtime.CompilerServices.TaskAwaiter.ThrowForNonSuccess(Task task)
   at System.Runtime.CompilerServices.TaskAwaiter.HandleNonSuccessAndDebuggerNotification(Task task)
   at System.Runtime.CompilerServices.TaskAwaiter`1.GetResult()
   at OpenQA.Selenium.Remote.HttpCommandExecutor.<MakeHttpRequest>d__35.MoveNext()
--- End of stack trace from previous location where exception was thrown ---
   at System.Runtime.CompilerServices.TaskAwaiter.ThrowForNonSuccess(Task task)
   at System.Runtime.CompilerServices.TaskAwaiter.HandleNonSuccessAndDebuggerNotification(Task task)
   at System.Runtime.CompilerServices.TaskAwaiter`1.GetResult()
   at OpenQA.Selenium.Remote.HttpCommandExecutor.Execute(Command commandToExecute)
   --- End of inner exception stack trace ---
   at OpenQA.Selenium.Remote.HttpCommandExecutor.Execute(Command commandToExecute)
   at OpenQA.Selenium.Remote.DriverServiceCommandExecutor.Execute(Command commandToExecute)
   at OpenQA.Selenium.WebDriver.Execute(String driverCommandToExecute, Dictionary`2 parameters)
   at OpenQA.Selenium.WebDriver.FindElement(String mechanism, String value)
   at OpenQA.Selenium.By.<.ctor>b__11_0(ISearchContext context)
   at OpenQA.Selenium.By.FindElement(ISearchContext context)
   at OpenQA.Selenium.WebDriver.FindElement(By by)
   at BaseUtility.PageObject.PageAction.Find_ElementLinkText(String repoName) in C:\Automation\BaseUtility\PageObject\PageAction.cs:line 49
2023-08-14 08:20:13,382 ::FATAL::[Logger]:: Unable to click the Link_ClientName element on the Navigation page.OpenQA.Selenium.StaleElementReferenceException: stale element reference: stale element not found
  (Session info: chrome=115.0.5790.171)
   at OpenQA.Selenium.WebDriver.UnpackAndThrowOnError(Response errorResponse, String commandToExecute)
   at OpenQA.Selenium.WebDriver.Execute(String driverCommandToExecute, Dictionary`2 parameters)
   at OpenQA.Selenium.WebDriver.InternalExecute(String driverCommandToExecute, Dictionary`2 parameters)
   at OpenQA.Selenium.WebElement.Execute(String commandToExecute, Dictionary`2 parameters)
   at OpenQA.Selenium.WebElement.Click()
   at BaseUtility.Utility.Helper.ElementClick(IWebElement element) in C:\Automation\BaseUtility\Utility\Helper.cs:line 81
