2023-05-17 18:58:28,489 ::INFO ::[Logger]:: Execution of BaseUtility Test cases
2023-05-17 18:58:33,679 ::INFO ::[Logger]:: Chrome is currently being used for testing.
2023-05-17 18:58:33,710 ::INFO ::[Logger]::  is used for Testing
2023-05-17 18:58:34,268 ::INFO ::[Logger]:: This is the login page.https://revcloudsignin.goqacendyn.com//Login?App=9B2092C1-6AF2-4317-B343-B524B07976A8&RelayState=https://revintelrhbi.goQAcendyn.com/SSOLanding.aspx
2023-05-17 18:58:34,268 ::INFO ::[Logger]:: Execution started at:-May-17-2023 18-58-34-PM
2023-05-17 18:58:34,268 ::INFO ::[Logger]:: ~~~~~~~~~~~~~~~~~~~~~~~~~~~~~~~~~~~~~~~~~~~~~~~~~~~~~~~~~~~~~~~~~~~~~~~~~~~~~~~~~~~~~~~~
2023-05-17 18:58:34,268 ::INFO ::[Logger]:: XXXXXXXXXXXXXXXXX      S.T.A.R.T.     XXXXXXXXXXXXXXXX
2023-05-17 18:58:34,268 ::INFO ::[Logger]:: XXXXXXXXXXXXXXXXX      TC_253358         XXXXXXXXXXXXXXXX
2023-05-17 18:58:34,268 ::INFO ::[Logger]:: ~~~~~~~~~~~~~~~~~~~~~~~~~~~~~~~~~~~~~~~~~~~~~~~~~~~~~~~~~~~~~~~~~~~~~~~~~~~~~~~~~~~~~~~~
2023-05-17 18:58:34,796 ::INFO ::[Logger]:: Window Size is: {Width=1382, Height=736}
2023-05-17 18:58:35,241 ::INFO ::[Logger]:: Test Case : Validate the OTB Comparison By Segment
2023-05-17 18:58:38,288 ::INFO ::[Logger]:: Inserted text in the Enter_EmailAddress element on the Login page.
2023-05-17 18:58:38,288 ::DEBUG::[Logger]:: 1) Email Address displayed
2023-05-17 18:58:52,284 ::INFO ::[Logger]:: Clicked the Click_Next_Button element on the Login page.
2023-05-17 18:58:54,965 ::INFO ::[Logger]:: Inserted text in the Enter_Password element on the Login page.
2023-05-17 18:58:55,611 ::DEBUG::[Logger]:: 2) Login in with Username =Testautomation@cendyn17.com and Password =Cendyn123$
2023-05-17 18:59:13,784 ::INFO ::[Logger]:: Clicked the Click_SignIn_Button element on the Login page.
2023-05-17 18:59:13,858 ::DEBUG::[Logger]:: 3) user landed on the Automation RevIntel client selection page
2023-05-17 18:59:19,636 ::DEBUG::[Logger]:: 4) Client displayed
2023-05-17 18:59:41,117 ::INFO ::[Logger]:: Clicked the Link_ClientName element on the Navigation page.
2023-05-17 18:59:41,149 ::DEBUG::[Logger]:: 5) D Rock selected
2023-05-17 18:59:54,301 ::DEBUG::[Logger]:: 6) User landed on Montly pickup Dashboard page
2023-05-17 19:00:10,255 ::INFO ::[Logger]:: Clicked the Click_Hamburger_Icon element on the Navigation page.
2023-05-17 19:01:10,937 ::ERROR::[Logger]:: The //span[contains(text(),'Custom')] element was not found on the page.
OpenQA.Selenium.WebDriverException: The HTTP request to the remote WebDriver server for URL http://localhost:55240/session/d707e4acdeab08560bff2fa45027a725/element timed out after 60 seconds. ---> System.Threading.Tasks.TaskCanceledException: A task was canceled.
   at System.Runtime.CompilerServices.TaskAwaiter.ThrowForNonSuccess(Task task)
   at System.Runtime.CompilerServices.TaskAwaiter.HandleNonSuccessAndDebuggerNotification(Task task)
   at System.Runtime.CompilerServices.TaskAwaiter`1.GetResult()
   at OpenQA.Selenium.Remote.HttpCommandExecutor.<MakeHttpRequest>d__35.MoveNext()
--- End of stack trace from previous location where exception was thrown ---
   at System.Runtime.CompilerServices.TaskAwaiter.ThrowForNonSuccess(Task task)
   at System.Runtime.CompilerServices.TaskAwaiter.HandleNonSuccessAndDebuggerNotification(Task task)
   at System.Runtime.CompilerServices.TaskAwaiter`1.GetResult()
   at OpenQA.Selenium.Remote.HttpCommandExecutor.Execute(Command commandToExecute)
   --- End of inner exception stack trace ---
   at OpenQA.Selenium.Remote.HttpCommandExecutor.Execute(Command commandToExecute)
   at OpenQA.Selenium.Remote.DriverServiceCommandExecutor.Execute(Command commandToExecute)
   at OpenQA.Selenium.WebDriver.Execute(String driverCommandToExecute, Dictionary`2 parameters)
   at OpenQA.Selenium.WebDriver.FindElement(String mechanism, String value)
   at OpenQA.Selenium.By.<.ctor>b__11_0(ISearchContext context)
   at OpenQA.Selenium.By.FindElement(ISearchContext context)
   at OpenQA.Selenium.WebDriver.FindElement(By by)
   at BaseUtility.PageObject.PageAction.Find_ElementXPath(String repoName) in C:\Users\msridhar\Source\Repos\Cendyn.AutomationFramework\BaseUtility\PageObject\PageAction.cs:line 33
2023-05-17 19:01:14,403 ::FATAL::[Logger]:: Unable to click the Click_Custom_Menu element on the Navigation page.System.NullReferenceException: Object reference not set to an instance of an object.
   at BaseUtility.Utility.Helper.ElementClick(IWebElement element) in C:\Users\msridhar\Source\Repos\Cendyn.AutomationFramework\BaseUtility\Utility\Helper.cs:line 81
2023-05-17 19:01:14,403 ::ERROR::[Logger]:: RevIntel_Flow :: Script::Failed
System.NullReferenceException: Object reference not set to an instance of an object.
   at BaseUtility.Utility.Helper.ElementClick(IWebElement element) in C:\Users\msridhar\Source\Repos\Cendyn.AutomationFramework\BaseUtility\Utility\Helper.cs:line 88
   at RevIntel.AppModule.UI.Navigation.Click_Custom_Menu() in C:\Users\msridhar\Source\Repos\Cendyn.AutomationFramework\ProductLibrary\RevIntel\RevIntel\AppModule\UI\Navigation.cs:line 802
   at RevIntel.AppModule.MainAdminApp.MainAdminApp.TC_253358() in C:\Users\msridhar\Source\Repos\Cendyn.AutomationFramework\ProductLibrary\RevIntel\RevIntel\AppModule\MainAdminApp\TP_253357_Custom.cs:line 53
   at RevIntel.AppModule.MainAdminApp.MainAdminApp.TP_253357() in C:\Users\msridhar\Source\Repos\Cendyn.AutomationFramework\ProductLibrary\RevIntel\RevIntel\AppModule\MainAdminApp.cs:line 181
   at RevIntel.RevIntel_TP_253357_Custom.TC_253358() in C:\Users\msridhar\Source\Repos\Cendyn.AutomationFramework\ProductLibrary\RevIntel\RevIntel\TestPlan\RevIntel\RevIntel_TP_253357_Custom.cs:line 52
2023-05-17 19:02:42,787 ::INFO ::[Logger]:: E.N.D
