2021-07-22 14:55:54,481 ::INFO ::[Logger]:: Execution of BaseUtility Test cases
2021-07-22 14:55:55,031 ::INFO ::[Logger]:: Chrome is currently being used for testing.
2021-07-22 14:55:55,051 ::INFO ::[Logger]::  is used for Testing
2021-07-22 14:55:55,063 ::INFO ::[Logger]:: This is the login page.https://ssodev.rainmakertest.org/Login?App=9B2092C1-6AF2-4317-B343-B524B07976A8&RelayState=https://devrhbi.revintel.co/SSOLanding.aspx
2021-07-22 14:55:55,064 ::INFO ::[Logger]:: Execution started at:-Jul-22-2021 14-55-55-PM
2021-07-22 14:55:55,065 ::INFO ::[Logger]:: ~~~~~~~~~~~~~~~~~~~~~~~~~~~~~~~~~~~~~~~~~~~~~~~~~~~~~~~~~~~~~~~~~~~~~~~~~~~~~~~~~~~~~~~~
2021-07-22 14:55:55,109 ::INFO ::[Logger]:: XXXXXXXXXXXXXXXXX      S.T.A.R.T.     XXXXXXXXXXXXXXXX
2021-07-22 14:55:55,110 ::INFO ::[Logger]:: XXXXXXXXXXXXXXXXX      TC_253350         XXXXXXXXXXXXXXXX
2021-07-22 14:55:55,111 ::INFO ::[Logger]:: ~~~~~~~~~~~~~~~~~~~~~~~~~~~~~~~~~~~~~~~~~~~~~~~~~~~~~~~~~~~~~~~~~~~~~~~~~~~~~~~~~~~~~~~~
2021-07-22 14:55:55,207 ::INFO ::[Logger]:: Window Size is: {Width=1382, Height=744}
2021-07-22 14:55:55,227 ::INFO ::[Logger]:: Test Case : Validate the Agent By Hotel
2021-07-22 14:56:00,003 ::INFO ::[Logger]:: Inserted text in the Enter_EmailAddress element on the Login page.
2021-07-22 14:56:00,065 ::DEBUG::[Logger]:: 1) Email Address displayed
2021-07-22 14:56:08,524 ::INFO ::[Logger]:: Clicked the Click_Next_Button element on the Login page.
2021-07-22 14:56:12,749 ::INFO ::[Logger]:: Inserted text in the Enter_Password element on the Login page.
2021-07-22 14:56:12,752 ::DEBUG::[Logger]:: 2) Login in with Username =Testautomation@cendyn17.com and Password =Cendyn123$
2021-07-22 14:56:24,095 ::INFO ::[Logger]:: Clicked the Click_SignIn_Button element on the Login page.
2021-07-22 14:56:29,247 ::INFO ::[Logger]:: Clicked the Click_Automation element on the Navigation page.
2021-07-22 14:56:29,274 ::DEBUG::[Logger]:: 3) user landed on the Automation RevIntel client selection page
2021-07-22 14:56:32,483 ::DEBUG::[Logger]:: 4) Client displayed
2021-07-22 14:56:55,393 ::INFO ::[Logger]:: Clicked the Link_ClientName element on the Navigation page.
2021-07-22 14:56:55,405 ::DEBUG::[Logger]:: 5) Kerzner selected
2021-07-22 14:57:07,691 ::DEBUG::[Logger]:: 6) User landed on Montly pickup Dashboard page
2021-07-22 14:57:10,786 ::DEBUG::[Logger]:: 7) Portfolio Dropdown displayed
2021-07-22 14:57:18,176 ::INFO ::[Logger]:: Clicked the Agent_By_Hotel element on the Navigation page.
2021-07-22 14:57:23,188 ::DEBUG::[Logger]:: 8) User landed on Agent By Hotel page
2021-07-22 14:57:30,456 ::INFO ::[Logger]:: Switching into the iFrame.
2021-07-22 14:57:31,553 ::DEBUG::[Logger]:: 9) Hotel name selections not displayed
2021-07-22 14:57:35,991 ::INFO ::[Logger]:: Market: Found on the page
2021-07-22 14:57:38,030 ::INFO ::[Logger]:: Market: Found on the page
2021-07-22 14:57:38,031 ::DEBUG::[Logger]:: 10) Market Parameter displayed
2021-07-22 14:57:42,315 ::INFO ::[Logger]:: Channel: Found on the page
2021-07-22 14:57:42,316 ::DEBUG::[Logger]:: 11) Channel Parameter displayed
2021-07-22 14:57:46,614 ::INFO ::[Logger]:: Source Market: Found on the page
2021-07-22 14:57:46,616 ::DEBUG::[Logger]:: 12) Source Market Parameter displayed
2021-07-22 14:57:50,890 ::INFO ::[Logger]:: Room Product: Found on the page
2021-07-22 14:57:50,891 ::DEBUG::[Logger]:: 13) Room Product Parameter displayed
2021-07-22 14:57:55,173 ::INFO ::[Logger]:: Membership: Found on the page
2021-07-22 14:57:55,174 ::DEBUG::[Logger]:: 14) Memberships Parameter displayed
2021-07-22 14:58:02,733 ::INFO ::[Logger]:: Clicked the Click_View_Analysis element on the ReportParameter page.
2021-07-22 14:58:02,736 ::DEBUG::[Logger]:: 15) validation message displayed for required field
2021-07-22 14:58:10,158 ::INFO ::[Logger]:: Clicked the Portfolio_DDL element on the ReportParameter page.
2021-07-22 14:58:10,160 ::DEBUG::[Logger]:: 16) Portfolio drop down displyed
2021-07-22 14:59:12,415 ::ERROR::[Logger]:: The //span[contains(text(),'One&Only All -CT,SG,RR,RM,TP,PL,WV,NG')] element was not found on the page.
OpenQA.Selenium.WebDriverException: The HTTP request to the remote WebDriver server for URL http://localhost:58047/session/096ca168b88b289a652b94f440586631/element timed out after 60 seconds. ---> System.Net.WebException: The request was aborted: The operation has timed out.
   at System.Net.HttpWebRequest.GetResponse()
   at OpenQA.Selenium.Remote.HttpCommandExecutor.MakeHttpRequest(HttpRequestInfo requestInfo)
   --- End of inner exception stack trace ---
   at OpenQA.Selenium.Remote.HttpCommandExecutor.MakeHttpRequest(HttpRequestInfo requestInfo)
   at OpenQA.Selenium.Remote.HttpCommandExecutor.Execute(Command commandToExecute)
   at OpenQA.Selenium.Remote.DriverServiceCommandExecutor.Execute(Command commandToExecute)
   at OpenQA.Selenium.Remote.RemoteWebDriver.Execute(String driverCommandToExecute, Dictionary`2 parameters)
   at OpenQA.Selenium.Remote.RemoteWebDriver.FindElement(String mechanism, String value)
   at OpenQA.Selenium.Remote.RemoteWebDriver.FindElementByXPath(String xpath)
   at OpenQA.Selenium.By.<>c__DisplayClass19_0.<XPath>b__0(ISearchContext context)
   at OpenQA.Selenium.By.FindElement(ISearchContext context)
   at OpenQA.Selenium.Remote.RemoteWebDriver.FindElement(By by)
   at BaseUtility.PageObject.PageAction.Find_ElementXPath(String repoName) in C:\Users\PritamChandak\source\repos\AutomationFramework\BaseUtility\PageObject\PageAction.cs:line 32
2021-07-22 14:59:14,508 ::FATAL::[Logger]:: Unable to click the Portfolio_DDL_value element on the ReportParameter page.System.NullReferenceException: Object reference not set to an instance of an object.
   at BaseUtility.Utility.Helper.ElementClick(IWebElement element) in C:\Users\PritamChandak\source\repos\AutomationFramework\BaseUtility\Utility\Helper.cs:line 54
2021-07-22 14:59:14,525 ::ERROR::[Logger]:: RevIntel_Flow :: Script::Failed
System.NullReferenceException: Object reference not set to an instance of an object.
   at BaseUtility.Utility.Helper.ElementClick(IWebElement element) in C:\Users\PritamChandak\source\repos\AutomationFramework\BaseUtility\Utility\Helper.cs:line 61
   at RevIntel.AppModule.UI.ReportParameter.Portfolio_DDL_value(String value) in C:\Users\PritamChandak\source\repos\AutomationFramework\ProductLibrary\RevIntel\RevIntel\AppModule\UI\ReportParameter.cs:line 294
   at RevIntel.AppModule.UI.ReportParameter.Portfolio_report_startdate_enddate(String Portfolio_value, String startDate, String enddate) in C:\Users\PritamChandak\source\repos\AutomationFramework\ProductLibrary\RevIntel\RevIntel\AppModule\UI\ReportParameter.cs:line 368
   at RevIntel.AppModule.MainAdminApp.MainAdminApp.TC_253350() in C:\Users\PritamChandak\source\repos\AutomationFramework\ProductLibrary\RevIntel\RevIntel\AppModule\MainAdminApp\TP_253348_Portfolio.cs:line 268
   at RevIntel.AppModule.MainAdminApp.MainAdminApp.TP_253348() in C:\Users\PritamChandak\source\repos\AutomationFramework\ProductLibrary\RevIntel\RevIntel\AppModule\MainAdminApp.cs:line 49
   at RevIntel.RevIntel_TP_253348_Portfolio.TC_253350() in C:\Users\PritamChandak\source\repos\AutomationFramework\ProductLibrary\RevIntel\RevIntel\TestPlan\RevIntel\RevIntel_TP_253348_Portfolio.cs:line 77
2021-07-22 15:00:19,515 ::INFO ::[Logger]:: E.N.D
