2023-05-17 18:23:41,318 ::INFO ::[Logger]:: Execution of BaseUtility Test cases
2023-05-17 18:23:41,318 ::INFO ::[Logger]:: Chrome is currently being used for testing.
2023-05-17 18:23:41,333 ::INFO ::[Logger]::  is used for Testing
2023-05-17 18:23:41,333 ::INFO ::[Logger]:: This is the login page.https://revcloudsignin.goqacendyn.com//Login?App=9B2092C1-6AF2-4317-B343-B524B07976A8&RelayState=https://revintelrhbi.goQAcendyn.com/SSOLanding.aspx
2023-05-17 18:23:41,333 ::INFO ::[Logger]:: Execution started at:-May-17-2023 18-23-41-PM
2023-05-17 18:23:41,349 ::INFO ::[Logger]:: ~~~~~~~~~~~~~~~~~~~~~~~~~~~~~~~~~~~~~~~~~~~~~~~~~~~~~~~~~~~~~~~~~~~~~~~~~~~~~~~~~~~~~~~~
2023-05-17 18:23:41,349 ::INFO ::[Logger]:: XXXXXXXXXXXXXXXXX      S.T.A.R.T.     XXXXXXXXXXXXXXXX
2023-05-17 18:23:41,349 ::INFO ::[Logger]:: XXXXXXXXXXXXXXXXX      TC_252832         XXXXXXXXXXXXXXXX
2023-05-17 18:23:41,349 ::INFO ::[Logger]:: ~~~~~~~~~~~~~~~~~~~~~~~~~~~~~~~~~~~~~~~~~~~~~~~~~~~~~~~~~~~~~~~~~~~~~~~~~~~~~~~~~~~~~~~~
2023-05-17 18:23:41,755 ::INFO ::[Logger]:: Window Size is: {Width=1382, Height=736}
2023-05-17 18:23:41,771 ::INFO ::[Logger]:: Test Case : Validate the Channel Trend Report
2023-05-17 18:23:44,256 ::INFO ::[Logger]:: Inserted text in the Enter_EmailAddress element on the Login page.
2023-05-17 18:23:44,256 ::DEBUG::[Logger]:: 1) Email Address displayed
2023-05-17 18:23:56,314 ::INFO ::[Logger]:: Clicked the Click_Next_Button element on the Login page.
2023-05-17 18:23:57,940 ::INFO ::[Logger]:: Inserted text in the Enter_Password element on the Login page.
2023-05-17 18:23:57,940 ::DEBUG::[Logger]:: 2) Login in with Username =Testautomation@cendyn17.com and Password =Cendyn123$
2023-05-17 18:24:09,110 ::INFO ::[Logger]:: Clicked the Click_SignIn_Button element on the Login page.
2023-05-17 18:24:09,113 ::DEBUG::[Logger]:: 3) user landed on the Automation RevIntel client selection page
2023-05-17 18:24:13,722 ::DEBUG::[Logger]:: 4) Client displayed
2023-05-17 18:24:28,354 ::INFO ::[Logger]:: Clicked the Link_ClientName element on the Navigation page.
2023-05-17 18:24:28,403 ::DEBUG::[Logger]:: 5) D Rock selected
2023-05-17 18:24:40,581 ::DEBUG::[Logger]:: 6) User landed on Montly pickup Dashboard page
2023-05-17 18:24:44,009 ::DEBUG::[Logger]:: 7) Channel drop down displayed
2023-05-17 18:24:52,859 ::INFO ::[Logger]:: Clicked the Click_Channel_Trend_Report element on the Navigation page.
2023-05-17 18:25:02,876 ::DEBUG::[Logger]:: 8) User Landed on Click_Channel_Trend_Report Page
2023-05-17 18:25:10,496 ::INFO ::[Logger]:: Switching into the iFrame.
2023-05-17 18:25:16,892 ::INFO ::[Logger]:: Clicked the Click_View_Analysis element on the ReportParameter page.
2023-05-17 18:25:16,892 ::DEBUG::[Logger]:: 9) Required field validation message is displaying
2023-05-17 18:25:21,830 ::INFO ::[Logger]:: Inserted text in the Compare_Start_Date element on the ReportParameter page.
2023-05-17 18:25:23,930 ::INFO ::[Logger]:: Inserted text in the Compare_End_Date element on the ReportParameter page.
2023-05-17 18:25:23,930 ::DEBUG::[Logger]:: 10) Enter Compare Start date as = 11/1/2020
2023-05-17 18:25:26,126 ::DEBUG::[Logger]:: 11) Enter Compare enddate as = 11/15/2020
2023-05-17 18:25:33,196 ::INFO ::[Logger]:: Inserted text in the Text_StartDate element on the ReportParameter page.
2023-05-17 18:25:33,196 ::DEBUG::[Logger]:: 12) Enter start date as = 11/1/2020
2023-05-17 18:25:37,046 ::INFO ::[Logger]:: Inserted text in the Text_EndDate element on the ReportParameter page.
2023-05-17 18:25:37,046 ::DEBUG::[Logger]:: 13) Enter enddate as = 11/30/2020
2023-05-17 18:26:43,346 ::FATAL::[Logger]:: Unable to click the Click_View_Analysis element on the ReportParameter page.OpenQA.Selenium.WebDriverException: The HTTP request to the remote WebDriver server for URL http://localhost:58124/session/3fc664d162d059568306823e85c52148/element/9a5ca2cf-e341-4216-a423-e48cb4847aa6/click timed out after 60 seconds. ---> System.Threading.Tasks.TaskCanceledException: A task was canceled.
   at System.Runtime.CompilerServices.TaskAwaiter.ThrowForNonSuccess(Task task)
   at System.Runtime.CompilerServices.TaskAwaiter.HandleNonSuccessAndDebuggerNotification(Task task)
   at System.Runtime.CompilerServices.TaskAwaiter`1.GetResult()
   at OpenQA.Selenium.Remote.HttpCommandExecutor.<MakeHttpRequest>d__35.MoveNext()
--- End of stack trace from previous location where exception was thrown ---
   at System.Runtime.CompilerServices.TaskAwaiter.ThrowForNonSuccess(Task task)
   at System.Runtime.CompilerServices.TaskAwaiter.HandleNonSuccessAndDebuggerNotification(Task task)
   at System.Runtime.CompilerServices.TaskAwaiter`1.GetResult()
   at OpenQA.Selenium.Remote.HttpCommandExecutor.Execute(Command commandToExecute)
   --- End of inner exception stack trace ---
   at OpenQA.Selenium.Remote.HttpCommandExecutor.Execute(Command commandToExecute)
   at OpenQA.Selenium.Remote.DriverServiceCommandExecutor.Execute(Command commandToExecute)
   at OpenQA.Selenium.WebDriver.Execute(String driverCommandToExecute, Dictionary`2 parameters)
   at OpenQA.Selenium.WebDriver.InternalExecute(String driverCommandToExecute, Dictionary`2 parameters)
   at OpenQA.Selenium.WebElement.Execute(String commandToExecute, Dictionary`2 parameters)
   at OpenQA.Selenium.WebElement.Click()
   at BaseUtility.Utility.Helper.ElementClick(IWebElement element) in C:\Users\msridhar\Source\Repos\Cendyn.AutomationFramework\BaseUtility\Utility\Helper.cs:line 81
2023-05-17 18:26:43,348 ::ERROR::[Logger]:: RevIntel_Flow :: Script::Failed
OpenQA.Selenium.WebDriverException: The HTTP request to the remote WebDriver server for URL http://localhost:58124/session/3fc664d162d059568306823e85c52148/element/9a5ca2cf-e341-4216-a423-e48cb4847aa6/click timed out after 60 seconds. ---> System.Threading.Tasks.TaskCanceledException: A task was canceled.
   at System.Runtime.CompilerServices.TaskAwaiter.ThrowForNonSuccess(Task task)
   at System.Runtime.CompilerServices.TaskAwaiter.HandleNonSuccessAndDebuggerNotification(Task task)
   at System.Runtime.CompilerServices.TaskAwaiter`1.GetResult()
   at OpenQA.Selenium.Remote.HttpCommandExecutor.<MakeHttpRequest>d__35.MoveNext()
--- End of stack trace from previous location where exception was thrown ---
   at System.Runtime.CompilerServices.TaskAwaiter.ThrowForNonSuccess(Task task)
   at System.Runtime.CompilerServices.TaskAwaiter.HandleNonSuccessAndDebuggerNotification(Task task)
   at System.Runtime.CompilerServices.TaskAwaiter`1.GetResult()
   at OpenQA.Selenium.Remote.HttpCommandExecutor.Execute(Command commandToExecute)
   --- End of inner exception stack trace ---
   at OpenQA.Selenium.Remote.HttpCommandExecutor.Execute(Command commandToExecute)
   at OpenQA.Selenium.Remote.DriverServiceCommandExecutor.Execute(Command commandToExecute)
   at OpenQA.Selenium.WebDriver.Execute(String driverCommandToExecute, Dictionary`2 parameters)
   at OpenQA.Selenium.WebDriver.InternalExecute(String driverCommandToExecute, Dictionary`2 parameters)
   at OpenQA.Selenium.WebElement.Execute(String commandToExecute, Dictionary`2 parameters)
   at OpenQA.Selenium.WebElement.Click()
   at BaseUtility.Utility.Helper.ElementClick(IWebElement element) in C:\Users\msridhar\Source\Repos\Cendyn.AutomationFramework\BaseUtility\Utility\Helper.cs:line 88
   at RevIntel.AppModule.UI.ReportParameter.Click_View_Analysis() in C:\Users\msridhar\Source\Repos\Cendyn.AutomationFramework\ProductLibrary\RevIntel\RevIntel\AppModule\UI\ReportParameter.cs:line 74
   at RevIntel.AppModule.MainAdminApp.MainAdminApp.TC_252832() in C:\Users\msridhar\Source\Repos\Cendyn.AutomationFramework\ProductLibrary\RevIntel\RevIntel\AppModule\MainAdminApp\TP_252820_Channel.cs:line 275
   at RevIntel.AppModule.MainAdminApp.MainAdminApp.TP_252820() in C:\Users\msridhar\Source\Repos\Cendyn.AutomationFramework\ProductLibrary\RevIntel\RevIntel\AppModule\MainAdminApp.cs:line 224
   at RevIntel.RevIntel_TP_252820_Channel.TC_252832() in C:\Users\msridhar\Source\Repos\Cendyn.AutomationFramework\ProductLibrary\RevIntel\RevIntel\TestPlan\RevIntel\RevIntel_TP_252820_Channel.cs:line 78
2023-05-17 18:28:06,008 ::INFO ::[Logger]:: E.N.D
