2023-05-17 10:29:43,153 ::INFO ::[Logger]:: Execution of BaseUtility Test cases
2023-05-17 10:29:43,153 ::INFO ::[Logger]:: Chrome is currently being used for testing.
2023-05-17 10:29:43,153 ::INFO ::[Logger]::  is used for Testing
2023-05-17 10:29:43,184 ::INFO ::[Logger]:: This is the login page.https://revcloudsignin.goqacendyn.com//Login?App=9B2092C1-6AF2-4317-B343-B524B07976A8&RelayState=https://revintelrhbi.goQAcendyn.com/SSOLanding.aspx
2023-05-17 10:29:43,184 ::INFO ::[Logger]:: Execution started at:-May-17-2023 10-29-43-AM
2023-05-17 10:29:43,184 ::INFO ::[Logger]:: ~~~~~~~~~~~~~~~~~~~~~~~~~~~~~~~~~~~~~~~~~~~~~~~~~~~~~~~~~~~~~~~~~~~~~~~~~~~~~~~~~~~~~~~~
2023-05-17 10:29:43,184 ::INFO ::[Logger]:: XXXXXXXXXXXXXXXXX      S.T.A.R.T.     XXXXXXXXXXXXXXXX
2023-05-17 10:29:43,184 ::INFO ::[Logger]:: XXXXXXXXXXXXXXXXX      TC_265367         XXXXXXXXXXXXXXXX
2023-05-17 10:29:43,184 ::INFO ::[Logger]:: ~~~~~~~~~~~~~~~~~~~~~~~~~~~~~~~~~~~~~~~~~~~~~~~~~~~~~~~~~~~~~~~~~~~~~~~~~~~~~~~~~~~~~~~~
2023-05-17 10:29:43,248 ::INFO ::[Logger]:: Window Size is: {Width=1382, Height=736}
2023-05-17 10:29:43,263 ::INFO ::[Logger]:: Test Case : Verify Rate Code Pace report generated when scheduled Monthly
2023-05-17 10:29:46,694 ::INFO ::[Logger]:: Inserted text in the Enter_EmailAddress element on the Login page.
2023-05-17 10:29:46,694 ::DEBUG::[Logger]:: 1) Email Address displayed
2023-05-17 10:29:55,329 ::INFO ::[Logger]:: Clicked the Click_Next_Button element on the Login page.
2023-05-17 10:29:57,606 ::INFO ::[Logger]:: Inserted text in the Enter_Password element on the Login page.
2023-05-17 10:29:57,606 ::DEBUG::[Logger]:: 2) Login in with Username =Testautomation@cendyn17.com and Password =Cendyn123$
2023-05-17 10:30:08,275 ::INFO ::[Logger]:: Clicked the Click_SignIn_Button element on the Login page.
2023-05-17 10:30:08,279 ::DEBUG::[Logger]:: 3) user landed on the Automation RevIntel client selection page
2023-05-17 10:30:11,492 ::DEBUG::[Logger]:: 4) Client displayed
2023-05-17 10:30:24,735 ::INFO ::[Logger]:: Clicked the Link_ClientName element on the Navigation page.
2023-05-17 10:30:24,735 ::DEBUG::[Logger]:: 5) Rosen selected
2023-05-17 10:30:36,966 ::DEBUG::[Logger]:: 6) User landed on Montly pickup Dashboard page
2023-05-17 10:30:44,648 ::INFO ::[Logger]:: Clicked the Click_UserMenu element on the Navigation page.
2023-05-17 10:30:44,648 ::DEBUG::[Logger]:: 7) User menu clicked
2023-05-17 10:30:51,997 ::INFO ::[Logger]:: Clicked the Click_UserMenu_ReportScheduler element on the Navigation page.
2023-05-17 10:30:51,997 ::DEBUG::[Logger]:: 8) Report scheduler link clicked
2023-05-17 10:30:59,152 ::INFO ::[Logger]:: Switching into the iFrame.
2023-05-17 10:31:05,707 ::INFO ::[Logger]:: Clicked the Click_BookingTrends element on the ReportScheduler page.
2023-05-17 10:31:05,707 ::DEBUG::[Logger]:: 9) Booking trends link got clicked
2023-05-17 10:31:15,187 ::INFO ::[Logger]:: Clicked the Click_BookingTrends_PaceReport element on the ReportScheduler page.
2023-05-17 10:31:45,201 ::DEBUG::[Logger]:: 10) Pace Report page should get displayed
2023-05-17 10:31:53,187 ::INFO ::[Logger]:: Switching into the iFrame.
2023-05-17 10:31:55,979 ::INFO ::[Logger]:: Inserted text in the Enter_ReportDescription element on the ReportScheduler page.
2023-05-17 10:31:55,979 ::ERROR::[Logger]:: The  element was not found on the page.
System.ArgumentNullException: Cannot find elements when the XPath expression is null.
Parameter name: xpathToFind
   at OpenQA.Selenium.By.XPath(String xpathToFind)
   at BaseUtility.PageObject.PageAction.Find_ElementXPath(String repoName) in C:\Users\msridhar\Source\Repos\Cendyn.AutomationFramework\BaseUtility\PageObject\PageAction.cs:line 33
2023-05-17 10:31:57,987 ::FATAL::[Logger]:: Unable to click the Click_Month element on the ReportScheduler page.System.NullReferenceException: Object reference not set to an instance of an object.
   at BaseUtility.Utility.Helper.ElementClick(IWebElement element) in C:\Users\msridhar\Source\Repos\Cendyn.AutomationFramework\BaseUtility\Utility\Helper.cs:line 81
2023-05-17 10:31:57,987 ::ERROR::[Logger]:: RevIntel_Flow :: Script::Failed
System.NullReferenceException: Object reference not set to an instance of an object.
   at BaseUtility.Utility.Helper.ElementClick(IWebElement element) in C:\Users\msridhar\Source\Repos\Cendyn.AutomationFramework\BaseUtility\Utility\Helper.cs:line 88
   at RevIntel.AppModule.UI.ReportScheduler.Click_Month() in C:\Users\msridhar\Source\Repos\Cendyn.AutomationFramework\ProductLibrary\RevIntel\RevIntel\AppModule\UI\ReportScheduler.cs:line 435
   at RevIntel.AppModule.UI.ReportScheduler.AddScheduleMonth(String description, String hours, String minutes, String email, String subject, String startDate, String endDate) in C:\Users\msridhar\Source\Repos\Cendyn.AutomationFramework\ProductLibrary\RevIntel\RevIntel\AppModule\UI\ReportScheduler.cs:line 336
   at RevIntel.AppModule.MainAdminApp.MainAdminApp.TC_265367() in C:\Users\msridhar\Source\Repos\Cendyn.AutomationFramework\ProductLibrary\RevIntel\RevIntel\AppModule\MainAdminApp\TP_252734_ReportScheduler.cs:line 1004
   at RevIntel.AppModule.MainAdminApp.MainAdminApp.TP_252734() in C:\Users\msridhar\Source\Repos\Cendyn.AutomationFramework\ProductLibrary\RevIntel\RevIntel\AppModule\MainAdminApp.cs:line 152
   at RevIntel.RevIntel_TP_252734_ReportScheduler.TC_265367() in C:\Users\msridhar\Source\Repos\Cendyn.AutomationFramework\ProductLibrary\RevIntel\RevIntel\TestPlan\RevIntel\RevIntel_TP_252734_ReportScheduler.cs:line 258
2023-05-17 10:32:29,752 ::INFO ::[Logger]:: E.N.D
