2021-09-08 12:14:52,915 ::INFO ::[Logger]:: Execution of BaseUtility Test cases
2021-09-08 12:14:54,283 ::INFO ::[Logger]:: Chrome is currently being used for testing.
2021-09-08 12:14:54,302 ::INFO ::[Logger]::  is used for Testing
2021-09-08 12:14:54,309 ::INFO ::[Logger]:: This is the login page.https://qalogin.cendynaccess.com/Account/Login
2021-09-08 12:14:54,310 ::INFO ::[Logger]:: Execution started at:-Sep-08-2021 12-14-54-PM
2021-09-08 12:14:54,310 ::INFO ::[Logger]:: ~~~~~~~~~~~~~~~~~~~~~~~~~~~~~~~~~~~~~~~~~~~~~~~~~~~~~~~~~~~~~~~~~~~~~~~~~~~~~~~~~~~~~~~~
2021-09-08 12:14:54,311 ::INFO ::[Logger]:: XXXXXXXXXXXXXXXXX      S.T.A.R.T.     XXXXXXXXXXXXXXXX
2021-09-08 12:14:54,312 ::INFO ::[Logger]:: XXXXXXXXXXXXXXXXX      TC_120258         XXXXXXXXXXXXXXXX
2021-09-08 12:14:54,318 ::INFO ::[Logger]:: ~~~~~~~~~~~~~~~~~~~~~~~~~~~~~~~~~~~~~~~~~~~~~~~~~~~~~~~~~~~~~~~~~~~~~~~~~~~~~~~~~~~~~~~~
2021-09-08 12:15:15,065 ::INFO ::[Logger]:: Inserted text in the Text_UserName element on the AdminLogin page.
2021-09-08 12:15:19,261 ::INFO ::[Logger]:: Inserted text in the Text_Password element on the AdminLogin page.
2021-09-08 12:15:33,729 ::INFO ::[Logger]:: Clicked the Button_LogIn element on the AdminLogin page.
2021-09-08 12:15:35,793 ::INFO ::[Logger]:: Logged into ePFull Admin successfully.
2021-09-08 12:15:35,794 ::DEBUG::[Logger]:: 1) Land on eSALES SUITE ADMINISTRATION
2021-09-08 12:15:47,110 ::INFO ::[Logger]:: Clicked the Button_Properties element on the AdminNavigation page.
2021-09-08 12:15:47,112 ::DEBUG::[Logger]:: 2) Land on the Properties page
2021-09-08 12:15:57,042 ::INFO ::[Logger]:: Clicked the AdminProperties_PropertyDropDown_Button element on the AdminProperties page.
2021-09-08 12:16:19,349 ::INFO ::[Logger]:: Selected the Cendyn - Hilton Dresden value from the AdminProperties_PropertyDropDown_Text drop down.
2021-09-08 12:16:29,368 ::DEBUG::[Logger]:: 3) Page populates
2021-09-08 12:16:42,598 ::INFO ::[Logger]:: Clicked the AdminProperties_Button_Features element on the AdminProperties page.
2021-09-08 12:16:42,601 ::DEBUG::[Logger]:: 4) Land on the features page.
2021-09-08 12:16:50,941 ::INFO ::[Logger]:: Switching into the iFrame.
2021-09-08 12:16:57,154 ::INFO ::[Logger]:: Clicked the RadioButton_eCard_On element on the AdminProperties_UpdateProperty_Features page.
2021-09-08 12:17:05,626 ::INFO ::[Logger]:: Clicked the Button_Update element on the AdminProperties_UpdateProperty_Features page.
2021-09-08 12:17:05,628 ::DEBUG::[Logger]:: 5) eCard is turned on
2021-09-08 12:17:08,840 ::INFO ::[Logger]:: Switching out of the iFrame.
2021-09-08 12:17:20,780 ::INFO ::[Logger]:: Clicked the Button_eCard element on the AdminNavigation page.
2021-09-08 12:17:20,783 ::DEBUG::[Logger]:: 6) Land on the eCard page.
2021-09-08 12:18:10,084 ::INFO ::[Logger]:: Clicked the AdmineCard_Button_Addnew element on the AdmineCard page.
2021-09-08 12:18:19,345 ::INFO ::[Logger]:: Inserted text in the AdmineCard_Text_SkinName element on the AdmineCard page.
2021-09-08 12:18:24,353 ::DEBUG::[Logger]:: 7) Land on Link Name page
2021-09-08 12:18:33,694 ::INFO ::[Logger]:: Clicked the AdmineCard_Button_UploadImage element on the AdmineCard page.
2021-09-08 12:18:46,247 ::INFO ::[Logger]:: Switching into the iFrame.
2021-09-08 12:18:52,560 ::INFO ::[Logger]:: Clicked the AdmineCard_Button_UploadImage element on the AdmineCard page.
2021-09-08 12:18:52,561 ::DEBUG::[Logger]:: 8) Image is uploaded successfully
2021-09-08 12:18:53,599 ::ERROR::[Logger]:: Exception while taking screenshot
OpenQA.Selenium.UnhandledAlertException: unexpected alert open: {Alert text : This file type is not allowed for uploading.
Only the following file extensions are allowed: GIF,JPG,JPEG,PNG.
Please select another file and try again.}
  (Session info: chrome=93.0.4577.63)
   at OpenQA.Selenium.Remote.RemoteWebDriver.UnpackAndThrowOnError(Response errorResponse)
   at OpenQA.Selenium.Remote.RemoteWebDriver.Execute(String driverCommandToExecute, Dictionary`2 parameters)
   at OpenQA.Selenium.Remote.RemoteWebDriver.GetScreenshot()
   at InfoMessageLogger.ReportGeneration.CaptureScreenshot.CapturescreenShot(String filename) in D:\2021\QA_Cendyn_Automation\InfoMessageLogger\ReportGeneration\CaptureScreenshot.cs:line 29
2021-09-08 12:19:06,723 ::INFO ::[Logger]:: Clicked the AdmineCard_Button_UploadLogo element on the AdmineCard page.
2021-09-08 12:19:19,259 ::INFO ::[Logger]:: Switching into the iFrame.
2021-09-08 12:19:25,489 ::INFO ::[Logger]:: Clicked the AdmineCard_Button_UploadLogo element on the AdmineCard page.
2021-09-08 12:19:25,490 ::DEBUG::[Logger]:: 9) Logo is uploaded successfully
2021-09-08 12:19:26,500 ::ERROR::[Logger]:: Exception while taking screenshot
OpenQA.Selenium.UnhandledAlertException: unexpected alert open: {Alert text : This file type is not allowed for uploading.
Only the following file extensions are allowed: GIF,JPG,JPEG,PNG.
Please select another file and try again.}
  (Session info: chrome=93.0.4577.63)
   at OpenQA.Selenium.Remote.RemoteWebDriver.UnpackAndThrowOnError(Response errorResponse)
   at OpenQA.Selenium.Remote.RemoteWebDriver.Execute(String driverCommandToExecute, Dictionary`2 parameters)
   at OpenQA.Selenium.Remote.RemoteWebDriver.GetScreenshot()
   at InfoMessageLogger.ReportGeneration.CaptureScreenshot.CapturescreenShot(String filename) in D:\2021\QA_Cendyn_Automation\InfoMessageLogger\ReportGeneration\CaptureScreenshot.cs:line 29
2021-09-08 12:19:37,697 ::FATAL::[Logger]:: Unable to click the AdmineCard_Button_Save element on the AdmineCard page.OpenQA.Selenium.ElementClickInterceptedException: element click intercepted: Element <input type="image" name="ctl00$ctl00$MainContent$PageContent$btn_Submit" id="ctl00_ctl00_MainContent_PageContent_btn_Submit" src="/_images/EmpAdmin/btn_addnew.gif" style="border-width:0px;" tabindex="-1"> is not clickable at point (573, 9). Other element would receive the click: <div id="programmaticModalPopupBehavior_backgroundElement" class="modalBackground" style="position: fixed; left: 0px; top: 0px; z-index: 10000; width: 1349px; height: 1947px;"></div>
  (Session info: chrome=93.0.4577.63)
   at OpenQA.Selenium.Remote.RemoteWebDriver.UnpackAndThrowOnError(Response errorResponse)
   at OpenQA.Selenium.Remote.RemoteWebDriver.Execute(String driverCommandToExecute, Dictionary`2 parameters)
   at OpenQA.Selenium.Remote.RemoteWebElement.Execute(String commandToExecute, Dictionary`2 parameters)
   at OpenQA.Selenium.Remote.RemoteWebElement.Click()
   at BaseUtility.Utility.Helper.ElementClick(IWebElement element) in D:\2021\QA_Cendyn_Automation\BaseUtility\Utility\Helper.cs:line 54
2021-09-08 12:19:37,722 ::ERROR::[Logger]:: eProposal_Flow :: Script::Failed
OpenQA.Selenium.ElementClickInterceptedException: element click intercepted: Element <input type="image" name="ctl00$ctl00$MainContent$PageContent$btn_Submit" id="ctl00_ctl00_MainContent_PageContent_btn_Submit" src="/_images/EmpAdmin/btn_addnew.gif" style="border-width:0px;" tabindex="-1"> is not clickable at point (573, 9). Other element would receive the click: <div id="programmaticModalPopupBehavior_backgroundElement" class="modalBackground" style="position: fixed; left: 0px; top: 0px; z-index: 10000; width: 1349px; height: 1947px;"></div>
  (Session info: chrome=93.0.4577.63)
   at OpenQA.Selenium.Remote.RemoteWebDriver.UnpackAndThrowOnError(Response errorResponse)
   at OpenQA.Selenium.Remote.RemoteWebDriver.Execute(String driverCommandToExecute, Dictionary`2 parameters)
   at OpenQA.Selenium.Remote.RemoteWebElement.Execute(String commandToExecute, Dictionary`2 parameters)
   at OpenQA.Selenium.Remote.RemoteWebElement.Click()
   at BaseUtility.Utility.Helper.ElementClick(IWebElement element) in D:\2021\QA_Cendyn_Automation\BaseUtility\Utility\Helper.cs:line 61
   at eProposal.AppModule.Admin.AdminECard.Click_Button_Save() in D:\2021\QA_Cendyn_Automation\ProductLibrary\eProposal\AppModule\Admin\AdminECard.cs:line 54
   at eProposal.AppModule.MainAdminApp.MainAdminApp.TC_120258() in D:\2021\QA_Cendyn_Automation\ProductLibrary\eProposal\AppModule\MainAdminApp\UI\CreateEdit\eCard\TP_120256_eCard_COMPOSE.cs:line 202
   at eProposal.AppModule.MainAdminApp.MainAdminApp.TP_120256() in D:\2021\QA_Cendyn_Automation\ProductLibrary\eProposal\AppModule\MainAdminApp.cs:line 89
   at eProposaleCard.ePFull_TP_120256_eCard_COMPOSE.TC_120258() in D:\2021\QA_Cendyn_Automation\ProductLibrary\eProposal\TestPlan\UI\CreateEdit\eCard\ePFull_TP_120256_eCard_COMPOSE.cs:line 76
2021-09-08 12:19:45,916 ::INFO ::[Logger]:: E.N.D
