2023-05-26 12:12:57,306 ::INFO ::[Logger]:: Execution of BaseUtility Test cases
2023-05-26 12:12:57,980 ::INFO ::[Logger]:: Chrome is currently being used for testing.
2023-05-26 12:12:58,033 ::INFO ::[Logger]::  is used for Testing
2023-05-26 12:12:58,146 ::INFO ::[Logger]:: This is the login page.https://revcloudsignin.godevcendyn.com//Login?App=9B2092C1-6AF2-4317-B343-B524B07976A8&RelayState=https://revintelrhbi.goDEVcendyn.com/SSOLanding.aspx
2023-05-26 12:12:58,169 ::INFO ::[Logger]:: Execution started at:-May-26-2023 12-12-58-PM
2023-05-26 12:12:58,173 ::INFO ::[Logger]:: ~~~~~~~~~~~~~~~~~~~~~~~~~~~~~~~~~~~~~~~~~~~~~~~~~~~~~~~~~~~~~~~~~~~~~~~~~~~~~~~~~~~~~~~~
2023-05-26 12:12:58,177 ::INFO ::[Logger]:: XXXXXXXXXXXXXXXXX      S.T.A.R.T.     XXXXXXXXXXXXXXXX
2023-05-26 12:12:58,180 ::INFO ::[Logger]:: XXXXXXXXXXXXXXXXX      TC_253552         XXXXXXXXXXXXXXXX
2023-05-26 12:12:58,182 ::INFO ::[Logger]:: ~~~~~~~~~~~~~~~~~~~~~~~~~~~~~~~~~~~~~~~~~~~~~~~~~~~~~~~~~~~~~~~~~~~~~~~~~~~~~~~~~~~~~~~~
2023-05-26 12:12:58,221 ::INFO ::[Logger]:: Window Size is: {Width=1382, Height=736}
2023-05-26 12:13:40,540 ::INFO ::[Logger]:: Test Case : Verify the Sorting and filter functonality
2023-05-26 12:13:42,828 ::INFO ::[Logger]:: Inserted text in the Enter_EmailAddress element on the Login page.
2023-05-26 12:13:42,832 ::DEBUG::[Logger]:: 1) Email Address displayed
2023-05-26 12:13:53,594 ::INFO ::[Logger]:: Clicked the Click_Next_Button element on the Login page.
2023-05-26 12:13:55,335 ::INFO ::[Logger]:: Inserted text in the Enter_Password element on the Login page.
2023-05-26 12:13:55,337 ::DEBUG::[Logger]:: 2) Login in with Username =Testautomation@cendyn17.com and Password =Cendyn123$
2023-05-26 12:14:05,732 ::INFO ::[Logger]:: Clicked the Click_SignIn_Button element on the Login page.
2023-05-26 12:14:05,732 ::DEBUG::[Logger]:: 3) user landed on the Automation RevIntel client selection page
2023-05-26 12:14:09,038 ::DEBUG::[Logger]:: 4) Client displayed
2023-05-26 12:14:21,475 ::INFO ::[Logger]:: Clicked the Link_ClientName element on the Navigation page.
2023-05-26 12:14:21,478 ::DEBUG::[Logger]:: 5) D Rock selected
2023-05-26 12:14:33,635 ::DEBUG::[Logger]:: 6) User landed on Montly pickup Dashboard page
2023-05-26 12:14:40,923 ::INFO ::[Logger]:: Clicked the Click_Hamburger_Icon element on the Navigation page.
2023-05-26 12:14:46,052 ::INFO ::[Logger]:: Clicked the Click_RainMaker element on the Navigation page.
2023-05-26 12:14:46,052 ::DEBUG::[Logger]:: 7) Rainmaker menu drop down displayed
2023-05-26 12:15:05,654 ::INFO ::[Logger]:: Clicked the Click_Room_Type_Mapping element on the Navigation page.
2023-05-26 12:15:10,642 ::DEBUG::[Logger]:: 8) User landed on Room Type mapping Page
2023-05-26 12:15:42,097 ::INFO ::[Logger]:: Switching into the iFrame.
2023-05-26 12:16:07,899 ::INFO ::[Logger]:: Clicked the Rainmaker_Hotel_Dropdown element on the ReportParameter page.
2023-05-26 12:16:16,353 ::DEBUG::[Logger]:: 9) Hotel Drop down displayed
2023-05-26 12:16:37,361 ::INFO ::[Logger]:: Clicked the Rainmaker_Hotel_Value element on the ReportParameter page.
2023-05-26 12:16:42,249 ::DEBUG::[Logger]:: 10) Hotel is selected as Atlantis, The Palm
2023-05-26 12:24:08,012 ::ERROR::[Logger]:: The //*[@id="rcHotel_Arrow"] element was not found on the page.
OpenQA.Selenium.WebDriverException: The HTTP request to the remote WebDriver server for URL http://localhost:51581/session/88412d7e011bc351dfc378263b0d8061/element timed out after 60 seconds. ---> System.Threading.Tasks.TaskCanceledException: A task was canceled.
   at System.Runtime.CompilerServices.TaskAwaiter.ThrowForNonSuccess(Task task)
   at System.Runtime.CompilerServices.TaskAwaiter.HandleNonSuccessAndDebuggerNotification(Task task)
   at System.Runtime.CompilerServices.TaskAwaiter`1.GetResult()
   at OpenQA.Selenium.Remote.HttpCommandExecutor.<MakeHttpRequest>d__35.MoveNext()
--- End of stack trace from previous location where exception was thrown ---
   at System.Runtime.ExceptionServices.ExceptionDispatchInfo.Throw()
   at System.Runtime.CompilerServices.TaskAwaiter.ThrowForNonSuccess(Task task)
   at System.Runtime.CompilerServices.TaskAwaiter.HandleNonSuccessAndDebuggerNotification(Task task)
   at System.Runtime.CompilerServices.TaskAwaiter`1.GetResult()
   at OpenQA.Selenium.Remote.HttpCommandExecutor.Execute(Command commandToExecute)
   --- End of inner exception stack trace ---
   at OpenQA.Selenium.Remote.HttpCommandExecutor.Execute(Command commandToExecute)
   at OpenQA.Selenium.Remote.DriverServiceCommandExecutor.Execute(Command commandToExecute)
   at OpenQA.Selenium.WebDriver.Execute(String driverCommandToExecute, Dictionary`2 parameters)
   at OpenQA.Selenium.WebDriver.FindElement(String mechanism, String value)
   at OpenQA.Selenium.By.<.ctor>b__11_0(ISearchContext context)
   at OpenQA.Selenium.By.FindElement(ISearchContext context)
   at OpenQA.Selenium.WebDriver.FindElement(By by)
   at BaseUtility.PageObject.PageAction.Find_ElementXPath(String repoName) in C:\Users\msridhar\Source\Repos\Cendyn.AutomationFramework\BaseUtility\PageObject\PageAction.cs:line 33
2023-05-26 12:24:25,555 ::INFO ::[Logger]:: Clicked the Rainmaker_Hotel_Dropdown element on the ReportParameter page.
2023-05-26 12:24:59,682 ::DEBUG::[Logger]:: 11) Hotel Drop down displayed
2023-05-26 12:26:21,404 ::ERROR::[Logger]:: The //*[@id="rcHotel_DropDown"]/div/ul/li[3] element was not found on the page.
OpenQA.Selenium.WebDriverException: The HTTP request to the remote WebDriver server for URL http://localhost:51581/session/88412d7e011bc351dfc378263b0d8061/element timed out after 60 seconds. ---> System.Threading.Tasks.TaskCanceledException: A task was canceled.
   at System.Runtime.CompilerServices.TaskAwaiter.ThrowForNonSuccess(Task task)
   at System.Runtime.CompilerServices.TaskAwaiter.HandleNonSuccessAndDebuggerNotification(Task task)
   at System.Runtime.CompilerServices.TaskAwaiter`1.GetResult()
   at OpenQA.Selenium.Remote.HttpCommandExecutor.<MakeHttpRequest>d__35.MoveNext()
--- End of stack trace from previous location where exception was thrown ---
   at System.Runtime.ExceptionServices.ExceptionDispatchInfo.Throw()
   at System.Runtime.CompilerServices.TaskAwaiter.ThrowForNonSuccess(Task task)
   at System.Runtime.CompilerServices.TaskAwaiter.HandleNonSuccessAndDebuggerNotification(Task task)
   at System.Runtime.CompilerServices.TaskAwaiter`1.GetResult()
   at OpenQA.Selenium.Remote.HttpCommandExecutor.Execute(Command commandToExecute)
   --- End of inner exception stack trace ---
   at OpenQA.Selenium.Remote.HttpCommandExecutor.Execute(Command commandToExecute)
   at OpenQA.Selenium.Remote.DriverServiceCommandExecutor.Execute(Command commandToExecute)
   at OpenQA.Selenium.WebDriver.Execute(String driverCommandToExecute, Dictionary`2 parameters)
   at OpenQA.Selenium.WebDriver.FindElement(String mechanism, String value)
   at OpenQA.Selenium.By.<.ctor>b__11_0(ISearchContext context)
   at OpenQA.Selenium.By.FindElement(ISearchContext context)
   at OpenQA.Selenium.WebDriver.FindElement(By by)
   at BaseUtility.PageObject.PageAction.Find_ElementXPath(String repoName) in C:\Users\msridhar\Source\Repos\Cendyn.AutomationFramework\BaseUtility\PageObject\PageAction.cs:line 33
2023-05-26 12:26:52,389 ::INFO ::[Logger]:: Clicked the Rainmaker_Hotel_Value element on the ReportParameter page.
