2023-05-16 14:40:21,166 ::INFO ::[Logger]:: Execution of BaseUtility Test cases
2023-05-16 14:40:21,170 ::INFO ::[Logger]:: Chrome is currently being used for testing.
2023-05-16 14:40:21,200 ::INFO ::[Logger]::  is used for Testing
2023-05-16 14:40:21,210 ::INFO ::[Logger]:: This is the login page.https://revcloudsignin.godevcendyn.com//Login?App=9B2092C1-6AF2-4317-B343-B524B07976A8&RelayState=https://revintelrhbi.goDEVcendyn.com/SSOLanding.aspx
2023-05-16 14:40:21,217 ::INFO ::[Logger]:: Execution started at:-May-16-2023 14-40-21-PM
2023-05-16 14:40:21,220 ::INFO ::[Logger]:: ~~~~~~~~~~~~~~~~~~~~~~~~~~~~~~~~~~~~~~~~~~~~~~~~~~~~~~~~~~~~~~~~~~~~~~~~~~~~~~~~~~~~~~~~
2023-05-16 14:40:21,223 ::INFO ::[Logger]:: XXXXXXXXXXXXXXXXX      S.T.A.R.T.     XXXXXXXXXXXXXXXX
2023-05-16 14:40:21,261 ::INFO ::[Logger]:: XXXXXXXXXXXXXXXXX      TC_252394         XXXXXXXXXXXXXXXX
2023-05-16 14:40:21,267 ::INFO ::[Logger]:: ~~~~~~~~~~~~~~~~~~~~~~~~~~~~~~~~~~~~~~~~~~~~~~~~~~~~~~~~~~~~~~~~~~~~~~~~~~~~~~~~~~~~~~~~
2023-05-16 14:40:21,369 ::INFO ::[Logger]:: Window Size is: {Width=1382, Height=736}
2023-05-16 14:40:22,391 ::INFO ::[Logger]:: Test Case : Verify logged in user is able to navigate to all menu and generate random reports
2023-05-16 14:40:24,665 ::INFO ::[Logger]:: Inserted text in the Enter_EmailAddress element on the Login page.
2023-05-16 14:40:24,796 ::DEBUG::[Logger]:: 1) Email Address displayed
2023-05-16 14:40:37,925 ::INFO ::[Logger]:: Clicked the Click_Next_Button element on the Login page.
2023-05-16 14:40:40,036 ::INFO ::[Logger]:: Inserted text in the Enter_Password element on the Login page.
2023-05-16 14:40:40,153 ::DEBUG::[Logger]:: 2) Login in with Username =Testautomation@cendyn17.com and Password =Cendyn123$
2023-05-16 14:40:58,347 ::INFO ::[Logger]:: Clicked the Click_SignIn_Button element on the Login page.
2023-05-16 14:40:58,371 ::DEBUG::[Logger]:: 3) user landed on the Automation RevIntel client selection page
2023-05-16 14:41:02,075 ::DEBUG::[Logger]:: 4) Client displayed
2023-05-16 14:41:16,072 ::INFO ::[Logger]:: Clicked the Link_ClientName element on the Navigation page.
2023-05-16 14:41:16,074 ::DEBUG::[Logger]:: 5) D Rock selected
2023-05-16 14:41:29,173 ::DEBUG::[Logger]:: 6) User landed on Montly pickup Dashboard page
2023-05-16 14:41:31,983 ::DEBUG::[Logger]:: 7) Actual url = https://revintelbi.godevcendyn.com/revintel.aspx match with Expected url = https://revintelbi.godevcendyn.com/revintel.aspx
2023-05-16 14:41:36,325 ::DEBUG::[Logger]:: 8) Hotel Dropdown displayed
2023-05-16 14:41:48,873 ::DEBUG::[Logger]:: 9) User landed on Hotel Event Calender Report page
2023-05-16 14:41:52,760 ::DEBUG::[Logger]:: 10) BusinessSource Dropdown displayed
2023-05-16 14:43:00,069 ::FATAL::[Logger]:: Unable to click the AgentAnalysis element on the Navigation page.OpenQA.Selenium.WebDriverException: The HTTP request to the remote WebDriver server for URL http://localhost:60380/session/42bac0acce8fe29472b717fd470b7ed8/element/772630ef-2755-46fc-8e0c-a038f94644a7/click timed out after 60 seconds. ---> System.Threading.Tasks.TaskCanceledException: A task was canceled.
   at System.Runtime.CompilerServices.TaskAwaiter.ThrowForNonSuccess(Task task)
   at System.Runtime.CompilerServices.TaskAwaiter.HandleNonSuccessAndDebuggerNotification(Task task)
   at System.Runtime.CompilerServices.TaskAwaiter`1.GetResult()
   at OpenQA.Selenium.Remote.HttpCommandExecutor.<MakeHttpRequest>d__35.MoveNext()
--- End of stack trace from previous location where exception was thrown ---
   at System.Runtime.CompilerServices.TaskAwaiter.ThrowForNonSuccess(Task task)
   at System.Runtime.CompilerServices.TaskAwaiter.HandleNonSuccessAndDebuggerNotification(Task task)
   at System.Runtime.CompilerServices.TaskAwaiter`1.GetResult()
   at OpenQA.Selenium.Remote.HttpCommandExecutor.Execute(Command commandToExecute)
   --- End of inner exception stack trace ---
   at OpenQA.Selenium.Remote.HttpCommandExecutor.Execute(Command commandToExecute)
   at OpenQA.Selenium.Remote.DriverServiceCommandExecutor.Execute(Command commandToExecute)
   at OpenQA.Selenium.WebDriver.Execute(String driverCommandToExecute, Dictionary`2 parameters)
   at OpenQA.Selenium.WebDriver.InternalExecute(String driverCommandToExecute, Dictionary`2 parameters)
   at OpenQA.Selenium.WebElement.Execute(String commandToExecute, Dictionary`2 parameters)
   at OpenQA.Selenium.WebElement.Click()
   at BaseUtility.Utility.Helper.ElementClick(IWebElement element) in C:\Users\msridhar\Source\Repos\Cendyn.AutomationFramework\BaseUtility\Utility\Helper.cs:line 81
2023-05-16 14:43:00,333 ::ERROR::[Logger]:: RevIntel_Flow :: Script::Failed
OpenQA.Selenium.WebDriverException: The HTTP request to the remote WebDriver server for URL http://localhost:60380/session/42bac0acce8fe29472b717fd470b7ed8/element/772630ef-2755-46fc-8e0c-a038f94644a7/click timed out after 60 seconds. ---> System.Threading.Tasks.TaskCanceledException: A task was canceled.
   at System.Runtime.CompilerServices.TaskAwaiter.ThrowForNonSuccess(Task task)
   at System.Runtime.CompilerServices.TaskAwaiter.HandleNonSuccessAndDebuggerNotification(Task task)
   at System.Runtime.CompilerServices.TaskAwaiter`1.GetResult()
   at OpenQA.Selenium.Remote.HttpCommandExecutor.<MakeHttpRequest>d__35.MoveNext()
--- End of stack trace from previous location where exception was thrown ---
   at System.Runtime.CompilerServices.TaskAwaiter.ThrowForNonSuccess(Task task)
   at System.Runtime.CompilerServices.TaskAwaiter.HandleNonSuccessAndDebuggerNotification(Task task)
   at System.Runtime.CompilerServices.TaskAwaiter`1.GetResult()
   at OpenQA.Selenium.Remote.HttpCommandExecutor.Execute(Command commandToExecute)
   --- End of inner exception stack trace ---
   at OpenQA.Selenium.Remote.HttpCommandExecutor.Execute(Command commandToExecute)
   at OpenQA.Selenium.Remote.DriverServiceCommandExecutor.Execute(Command commandToExecute)
   at OpenQA.Selenium.WebDriver.Execute(String driverCommandToExecute, Dictionary`2 parameters)
   at OpenQA.Selenium.WebDriver.InternalExecute(String driverCommandToExecute, Dictionary`2 parameters)
   at OpenQA.Selenium.WebElement.Execute(String commandToExecute, Dictionary`2 parameters)
   at OpenQA.Selenium.WebElement.Click()
   at BaseUtility.Utility.Helper.ElementClick(IWebElement element) in C:\Users\msridhar\Source\Repos\Cendyn.AutomationFramework\BaseUtility\Utility\Helper.cs:line 88
   at RevIntel.AppModule.UI.Navigation.Click_AgentAnalysis_Report() in C:\Users\msridhar\Source\Repos\Cendyn.AutomationFramework\ProductLibrary\RevIntel\RevIntel\AppModule\UI\Navigation.cs:line 522
   at RevIntel.AppModule.MainAdminApp.MainAdminApp.TC_252394() in C:\Users\msridhar\Source\Repos\Cendyn.AutomationFramework\ProductLibrary\RevIntel\RevIntel\AppModule\MainAdminApp\TP_251469_SmokeTest.cs:line 491
   at RevIntel.AppModule.MainAdminApp.MainAdminApp.TP_251469() in C:\Users\msridhar\Source\Repos\Cendyn.AutomationFramework\ProductLibrary\RevIntel\RevIntel\AppModule\MainAdminApp.cs:line 38
   at RevIntel.RevIntel_TP_251469_SmokePlan.TC_252394() in C:\Users\msridhar\Source\Repos\Cendyn.AutomationFramework\ProductLibrary\RevIntel\RevIntel\TestPlan\RevIntel\RevIntel_TP_251469_SmokePlan.cs:line 109
2023-05-16 14:44:59,395 ::INFO ::[Logger]:: E.N.D
