2023-05-17 10:46:21,244 ::INFO ::[Logger]:: Execution of BaseUtility Test cases
2023-05-17 10:46:21,244 ::INFO ::[Logger]:: Chrome is currently being used for testing.
2023-05-17 10:46:21,244 ::INFO ::[Logger]::  is used for Testing
2023-05-17 10:46:21,259 ::INFO ::[Logger]:: This is the login page.https://revcloudsignin.goqacendyn.com//Login?App=9B2092C1-6AF2-4317-B343-B524B07976A8&RelayState=https://revintelrhbi.goQAcendyn.com/SSOLanding.aspx
2023-05-17 10:46:21,259 ::INFO ::[Logger]:: Execution started at:-May-17-2023 10-46-21-AM
2023-05-17 10:46:21,259 ::INFO ::[Logger]:: ~~~~~~~~~~~~~~~~~~~~~~~~~~~~~~~~~~~~~~~~~~~~~~~~~~~~~~~~~~~~~~~~~~~~~~~~~~~~~~~~~~~~~~~~
2023-05-17 10:46:21,259 ::INFO ::[Logger]:: XXXXXXXXXXXXXXXXX      S.T.A.R.T.     XXXXXXXXXXXXXXXX
2023-05-17 10:46:21,259 ::INFO ::[Logger]:: XXXXXXXXXXXXXXXXX      TC_265385         XXXXXXXXXXXXXXXX
2023-05-17 10:46:21,259 ::INFO ::[Logger]:: ~~~~~~~~~~~~~~~~~~~~~~~~~~~~~~~~~~~~~~~~~~~~~~~~~~~~~~~~~~~~~~~~~~~~~~~~~~~~~~~~~~~~~~~~
2023-05-17 10:46:21,322 ::INFO ::[Logger]:: Window Size is: {Width=1382, Height=736}
2023-05-17 10:46:21,338 ::INFO ::[Logger]:: Test Case : Verify the Relative dates and its offset gets disabled when absolute dates are entered
2023-05-17 10:46:23,996 ::INFO ::[Logger]:: Inserted text in the Enter_EmailAddress element on the Login page.
2023-05-17 10:46:23,996 ::DEBUG::[Logger]:: 1) Email Address displayed
2023-05-17 10:46:32,185 ::INFO ::[Logger]:: Clicked the Click_Next_Button element on the Login page.
2023-05-17 10:46:33,790 ::INFO ::[Logger]:: Inserted text in the Enter_Password element on the Login page.
2023-05-17 10:46:33,790 ::DEBUG::[Logger]:: 2) Login in with Username =Testautomation@cendyn17.com and Password =Cendyn123$
2023-05-17 10:46:43,442 ::INFO ::[Logger]:: Clicked the Click_SignIn_Button element on the Login page.
2023-05-17 10:46:43,442 ::DEBUG::[Logger]:: 3) user landed on the Automation RevIntel client selection page
2023-05-17 10:46:46,593 ::DEBUG::[Logger]:: 4) Client displayed
2023-05-17 10:47:01,156 ::INFO ::[Logger]:: Clicked the Link_ClientName element on the Navigation page.
2023-05-17 10:47:01,157 ::DEBUG::[Logger]:: 5) Rosen selected
2023-05-17 10:47:15,712 ::DEBUG::[Logger]:: 6) User landed on Montly pickup Dashboard page
2023-05-17 10:47:25,786 ::INFO ::[Logger]:: Clicked the Click_UserMenu element on the Navigation page.
2023-05-17 10:47:25,786 ::DEBUG::[Logger]:: 7) User menu clicked
2023-05-17 10:47:33,044 ::INFO ::[Logger]:: Clicked the Click_UserMenu_ReportScheduler element on the Navigation page.
2023-05-17 10:47:33,044 ::DEBUG::[Logger]:: 8) Report scheduler link clicked
2023-05-17 10:47:40,366 ::INFO ::[Logger]:: Switching into the iFrame.
2023-05-17 10:47:48,482 ::INFO ::[Logger]:: Clicked the Click_BookingTrends element on the ReportScheduler page.
2023-05-17 10:47:48,482 ::DEBUG::[Logger]:: 9) Booking trends link got clicked
2023-05-17 10:47:58,321 ::INFO ::[Logger]:: Clicked the Click_BookingTrends_PickUpByDayDetailed element on the ReportScheduler page.
2023-05-17 10:48:28,342 ::DEBUG::[Logger]:: 10) Pick up by day detailed page should get displayed
2023-05-17 10:48:35,624 ::INFO ::[Logger]:: Switching into the iFrame.
2023-05-17 10:48:40,482 ::INFO ::[Logger]:: Inserted text in the Enter_PickUpByDayDetailed_StartDate element on the ReportScheduler page.
2023-05-17 10:48:42,448 ::INFO ::[Logger]:: Inserted text in the Enter_PickUpByDayDetailed_EndDate element on the ReportScheduler page.
2023-05-17 10:49:43,262 ::ERROR::[Logger]:: The //*[@id='DeliveryConfigPanelBar_i4_PickupStartDt_dateInput'] element was not found on the page.
OpenQA.Selenium.WebDriverException: The HTTP request to the remote WebDriver server for URL http://localhost:57779/session/5799db356cc9a9b1f29f9bcfcead4fb6/element timed out after 60 seconds. ---> System.Threading.Tasks.TaskCanceledException: A task was canceled.
   at System.Runtime.CompilerServices.TaskAwaiter.ThrowForNonSuccess(Task task)
   at System.Runtime.CompilerServices.TaskAwaiter.HandleNonSuccessAndDebuggerNotification(Task task)
   at System.Runtime.CompilerServices.TaskAwaiter`1.GetResult()
   at OpenQA.Selenium.Remote.HttpCommandExecutor.<MakeHttpRequest>d__35.MoveNext()
--- End of stack trace from previous location where exception was thrown ---
   at System.Runtime.CompilerServices.TaskAwaiter.ThrowForNonSuccess(Task task)
   at System.Runtime.CompilerServices.TaskAwaiter.HandleNonSuccessAndDebuggerNotification(Task task)
   at System.Runtime.CompilerServices.TaskAwaiter`1.GetResult()
   at OpenQA.Selenium.Remote.HttpCommandExecutor.Execute(Command commandToExecute)
   --- End of inner exception stack trace ---
   at OpenQA.Selenium.Remote.HttpCommandExecutor.Execute(Command commandToExecute)
   at OpenQA.Selenium.Remote.DriverServiceCommandExecutor.Execute(Command commandToExecute)
   at OpenQA.Selenium.WebDriver.Execute(String driverCommandToExecute, Dictionary`2 parameters)
   at OpenQA.Selenium.WebDriver.FindElement(String mechanism, String value)
   at OpenQA.Selenium.By.<.ctor>b__11_0(ISearchContext context)
   at OpenQA.Selenium.By.FindElement(ISearchContext context)
   at OpenQA.Selenium.WebDriver.FindElement(By by)
   at BaseUtility.PageObject.PageAction.Find_ElementXPath(String repoName) in C:\Users\msridhar\Source\Repos\Cendyn.AutomationFramework\BaseUtility\PageObject\PageAction.cs:line 33
2023-05-17 10:50:17,308 ::FATAL::[Logger]:: System.ArgumentNullException: by cannot be null
Parameter name: by
   at OpenQA.Selenium.WebDriver.FindElement(By by)
   at CTOS.CendynElement.<get_CenElement>b__6_0()
   at CTOS.CendynElement.TryAndWait(Action action, CancellationToken cancellationToken, Int32 timeoutMs, Int32 retryTimeout)
   at CTOS.CendynElement.get_CenElement()
   at CTOS.CendynElement.<>c__DisplayClass32_0.<SendKeys>b__0()
   at CTOS.CendynElement.TryAndWait(Action action, CancellationToken cancellationToken, Int32 timeoutMs, Int32 retryTimeout)
   at CTOS.CendynElement.SendKeys(String text)
   at CTOS.Input.EnterInput(String inputText)
   at BaseUtility.Utility.Helper.ElementEnterText(IWebElement element, String text) in C:\Users\msridhar\Source\Repos\Cendyn.AutomationFramework\BaseUtility\Utility\Helper.cs:line 387
2023-05-17 10:50:17,308 ::FATAL::[Logger]:: Unable to select text in the Enter_PickUpByDayDetailed_PickupStartDate element on the ReportScheduler page.
2023-05-17 10:50:17,312 ::ERROR::[Logger]:: RevIntel_Flow :: Script::Failed
System.ArgumentNullException: by cannot be null
Parameter name: by
   at OpenQA.Selenium.WebDriver.FindElement(By by)
   at CTOS.CendynElement.<get_CenElement>b__6_0()
   at CTOS.CendynElement.TryAndWait(Action action, CancellationToken cancellationToken, Int32 timeoutMs, Int32 retryTimeout)
   at CTOS.CendynElement.get_CenElement()
   at CTOS.CendynElement.<>c__DisplayClass32_0.<SendKeys>b__0()
   at CTOS.CendynElement.TryAndWait(Action action, CancellationToken cancellationToken, Int32 timeoutMs, Int32 retryTimeout)
   at CTOS.CendynElement.SendKeys(String text)
   at CTOS.Input.EnterInput(String inputText)
   at BaseUtility.Utility.Helper.ElementEnterText(IWebElement element, String text) in C:\Users\msridhar\Source\Repos\Cendyn.AutomationFramework\BaseUtility\Utility\Helper.cs:line 396
   at RevIntel.AppModule.UI.ReportScheduler.Enter_PickUpByDayDetailed_PickupStartDate(String value) in C:\Users\msridhar\Source\Repos\Cendyn.AutomationFramework\ProductLibrary\RevIntel\RevIntel\AppModule\UI\ReportScheduler.cs:line 74
   at RevIntel.AppModule.MainAdminApp.MainAdminApp.TC_265385() in C:\Users\msridhar\Source\Repos\Cendyn.AutomationFramework\ProductLibrary\RevIntel\RevIntel\AppModule\MainAdminApp\TP_252734_ReportScheduler.cs:line 1243
   at RevIntel.AppModule.MainAdminApp.MainAdminApp.TP_252734() in C:\Users\msridhar\Source\Repos\Cendyn.AutomationFramework\ProductLibrary\RevIntel\RevIntel\AppModule\MainAdminApp.cs:line 150
   at RevIntel.RevIntel_TP_252734_ReportScheduler.TC_265385() in C:\Users\msridhar\Source\Repos\Cendyn.AutomationFramework\ProductLibrary\RevIntel\RevIntel\TestPlan\RevIntel\RevIntel_TP_252734_ReportScheduler.cs:line 333
2023-05-17 10:51:14,010 ::INFO ::[Logger]:: E.N.D
