2023-05-17 10:53:02,176 ::INFO ::[Logger]:: Execution of BaseUtility Test cases
2023-05-17 10:53:02,176 ::INFO ::[Logger]:: Chrome is currently being used for testing.
2023-05-17 10:53:02,176 ::INFO ::[Logger]::  is used for Testing
2023-05-17 10:53:03,102 ::INFO ::[Logger]:: This is the login page.https://revcloudsignin.goqacendyn.com//Login?App=9B2092C1-6AF2-4317-B343-B524B07976A8&RelayState=https://revintelrhbi.goQAcendyn.com/SSOLanding.aspx
2023-05-17 10:53:03,102 ::INFO ::[Logger]:: Execution started at:-May-17-2023 10-53-03-AM
2023-05-17 10:53:03,102 ::INFO ::[Logger]:: ~~~~~~~~~~~~~~~~~~~~~~~~~~~~~~~~~~~~~~~~~~~~~~~~~~~~~~~~~~~~~~~~~~~~~~~~~~~~~~~~~~~~~~~~
2023-05-17 10:53:03,102 ::INFO ::[Logger]:: XXXXXXXXXXXXXXXXX      S.T.A.R.T.     XXXXXXXXXXXXXXXX
2023-05-17 10:53:03,117 ::INFO ::[Logger]:: XXXXXXXXXXXXXXXXX      TC_265386         XXXXXXXXXXXXXXXX
2023-05-17 10:53:03,117 ::INFO ::[Logger]:: ~~~~~~~~~~~~~~~~~~~~~~~~~~~~~~~~~~~~~~~~~~~~~~~~~~~~~~~~~~~~~~~~~~~~~~~~~~~~~~~~~~~~~~~~
2023-05-17 10:53:03,398 ::INFO ::[Logger]:: Window Size is: {Width=1382, Height=736}
2023-05-17 10:53:03,414 ::INFO ::[Logger]:: Test Case : Verify the obsolute dates gets disabled when relative dates are entered
2023-05-17 10:53:05,919 ::INFO ::[Logger]:: Inserted text in the Enter_EmailAddress element on the Login page.
2023-05-17 10:53:05,919 ::DEBUG::[Logger]:: 1) Email Address displayed
2023-05-17 10:53:16,668 ::INFO ::[Logger]:: Clicked the Click_Next_Button element on the Login page.
2023-05-17 10:53:19,004 ::INFO ::[Logger]:: Inserted text in the Enter_Password element on the Login page.
2023-05-17 10:53:19,004 ::DEBUG::[Logger]:: 2) Login in with Username =Testautomation@cendyn17.com and Password =Cendyn123$
2023-05-17 10:53:29,007 ::INFO ::[Logger]:: Clicked the Click_SignIn_Button element on the Login page.
2023-05-17 10:53:29,007 ::DEBUG::[Logger]:: 3) user landed on the Automation RevIntel client selection page
2023-05-17 10:53:32,187 ::DEBUG::[Logger]:: 4) Client displayed
2023-05-17 10:53:46,101 ::INFO ::[Logger]:: Clicked the Link_ClientName element on the Navigation page.
2023-05-17 10:53:46,101 ::DEBUG::[Logger]:: 5) Rosen selected
2023-05-17 10:53:58,276 ::DEBUG::[Logger]:: 6) User landed on Montly pickup Dashboard page
2023-05-17 10:54:07,581 ::INFO ::[Logger]:: Clicked the Click_UserMenu element on the Navigation page.
2023-05-17 10:54:07,581 ::DEBUG::[Logger]:: 7) User menu clicked
2023-05-17 10:54:14,846 ::INFO ::[Logger]:: Clicked the Click_UserMenu_ReportScheduler element on the Navigation page.
2023-05-17 10:54:14,846 ::DEBUG::[Logger]:: 8) Report scheduler link clicked
2023-05-17 10:54:21,997 ::INFO ::[Logger]:: Switching into the iFrame.
2023-05-17 10:54:28,644 ::INFO ::[Logger]:: Clicked the Click_BookingTrends element on the ReportScheduler page.
2023-05-17 10:54:29,257 ::DEBUG::[Logger]:: 9) Booking trends link got clicked
2023-05-17 10:54:39,944 ::INFO ::[Logger]:: Clicked the Click_BookingTrends_PickUpByDayDetailed element on the ReportScheduler page.
2023-05-17 10:55:09,956 ::DEBUG::[Logger]:: 10) Pick up by day detailed page should get displayed
2023-05-17 10:55:17,777 ::INFO ::[Logger]:: Switching into the iFrame.
2023-05-17 10:55:28,493 ::INFO ::[Logger]:: Clicked the Enter_PickUpByDayDetailed_RelativeStartDate element on the ReportScheduler page.
2023-05-17 10:55:33,686 ::INFO ::[Logger]:: Clicked the Click_CurrentDate_RelativeSatrtDate element on the ReportScheduler page.
2023-05-17 10:55:38,913 ::INFO ::[Logger]:: Clicked the Enter_PickUpByDayDetailed_RelativeEndDate element on the ReportScheduler page.
2023-05-17 10:55:44,189 ::INFO ::[Logger]:: Clicked the Click_CurrentDate_RelativeEndDate element on the ReportScheduler page.
2023-05-17 10:56:44,394 ::ERROR::[Logger]:: The //*[@id='DeliveryConfigPanelBar_i4_PeriodOptionPickupStartDate']/span element was not found on the page.
OpenQA.Selenium.WebDriverException: The HTTP request to the remote WebDriver server for URL http://localhost:57858/session/bffd072c82eee96e7d056d390f91470e/element timed out after 60 seconds. ---> System.Threading.Tasks.TaskCanceledException: A task was canceled.
   at System.Runtime.CompilerServices.TaskAwaiter.ThrowForNonSuccess(Task task)
   at System.Runtime.CompilerServices.TaskAwaiter.HandleNonSuccessAndDebuggerNotification(Task task)
   at System.Runtime.CompilerServices.TaskAwaiter`1.GetResult()
   at OpenQA.Selenium.Remote.HttpCommandExecutor.<MakeHttpRequest>d__35.MoveNext()
--- End of stack trace from previous location where exception was thrown ---
   at System.Runtime.CompilerServices.TaskAwaiter.ThrowForNonSuccess(Task task)
   at System.Runtime.CompilerServices.TaskAwaiter.HandleNonSuccessAndDebuggerNotification(Task task)
   at System.Runtime.CompilerServices.TaskAwaiter`1.GetResult()
   at OpenQA.Selenium.Remote.HttpCommandExecutor.Execute(Command commandToExecute)
   --- End of inner exception stack trace ---
   at OpenQA.Selenium.Remote.HttpCommandExecutor.Execute(Command commandToExecute)
   at OpenQA.Selenium.Remote.DriverServiceCommandExecutor.Execute(Command commandToExecute)
   at OpenQA.Selenium.WebDriver.Execute(String driverCommandToExecute, Dictionary`2 parameters)
   at OpenQA.Selenium.WebDriver.FindElement(String mechanism, String value)
   at OpenQA.Selenium.By.<.ctor>b__11_0(ISearchContext context)
   at OpenQA.Selenium.By.FindElement(ISearchContext context)
   at OpenQA.Selenium.WebDriver.FindElement(By by)
   at BaseUtility.PageObject.PageAction.Find_ElementXPath(String repoName) in C:\Users\msridhar\Source\Repos\Cendyn.AutomationFramework\BaseUtility\PageObject\PageAction.cs:line 33
2023-05-17 10:56:46,404 ::FATAL::[Logger]:: Unable to click the Enter_PickUpByDayDetailed_RelativePickupStartDate element on the ReportScheduler page.System.NullReferenceException: Object reference not set to an instance of an object.
   at BaseUtility.Utility.Helper.ElementClick(IWebElement element) in C:\Users\msridhar\Source\Repos\Cendyn.AutomationFramework\BaseUtility\Utility\Helper.cs:line 81
2023-05-17 10:56:46,404 ::ERROR::[Logger]:: RevIntel_Flow :: Script::Failed
System.NullReferenceException: Object reference not set to an instance of an object.
   at BaseUtility.Utility.Helper.ElementClick(IWebElement element) in C:\Users\msridhar\Source\Repos\Cendyn.AutomationFramework\BaseUtility\Utility\Helper.cs:line 88
   at RevIntel.AppModule.UI.ReportScheduler.Enter_PickUpByDayDetailed_RelativePickupStartDate() in C:\Users\msridhar\Source\Repos\Cendyn.AutomationFramework\ProductLibrary\RevIntel\RevIntel\AppModule\UI\ReportScheduler.cs:line 58
   at RevIntel.AppModule.UI.ReportScheduler.Select_CurrentDate_RelativePickupStartDate() in C:\Users\msridhar\Source\Repos\Cendyn.AutomationFramework\ProductLibrary\RevIntel\RevIntel\AppModule\UI\ReportScheduler.cs:line 211
   at RevIntel.AppModule.MainAdminApp.MainAdminApp.TC_265386() in C:\Users\msridhar\Source\Repos\Cendyn.AutomationFramework\ProductLibrary\RevIntel\RevIntel\AppModule\MainAdminApp\TP_252734_ReportScheduler.cs:line 1338
   at RevIntel.AppModule.MainAdminApp.MainAdminApp.TP_252734() in C:\Users\msridhar\Source\Repos\Cendyn.AutomationFramework\ProductLibrary\RevIntel\RevIntel\AppModule\MainAdminApp.cs:line 154
   at RevIntel.RevIntel_TP_252734_ReportScheduler.TC_265386() in C:\Users\msridhar\Source\Repos\Cendyn.AutomationFramework\ProductLibrary\RevIntel\RevIntel\TestPlan\RevIntel\RevIntel_TP_252734_ReportScheduler.cs:line 358
2023-05-17 10:58:08,611 ::INFO ::[Logger]:: E.N.D
