2023-05-16 21:38:24,973 ::INFO ::[Logger]:: Execution of BaseUtility Test cases
2023-05-16 21:38:24,978 ::INFO ::[Logger]:: Chrome is currently being used for testing.
2023-05-16 21:38:24,980 ::INFO ::[Logger]::  is used for Testing
2023-05-16 21:38:34,277 ::INFO ::[Logger]:: This is the login page.https://revcloudsignin.goqacendyn.com//Login?App=9B2092C1-6AF2-4317-B343-B524B07976A8&RelayState=https://revintelrhbi.goQAcendyn.com/SSOLanding.aspx
2023-05-16 21:38:34,280 ::INFO ::[Logger]:: Execution started at:-May-16-2023 21-38-34-PM
2023-05-16 21:38:34,283 ::INFO ::[Logger]:: ~~~~~~~~~~~~~~~~~~~~~~~~~~~~~~~~~~~~~~~~~~~~~~~~~~~~~~~~~~~~~~~~~~~~~~~~~~~~~~~~~~~~~~~~
2023-05-16 21:38:34,285 ::INFO ::[Logger]:: XXXXXXXXXXXXXXXXX      S.T.A.R.T.     XXXXXXXXXXXXXXXX
2023-05-16 21:38:34,288 ::INFO ::[Logger]:: XXXXXXXXXXXXXXXXX      TC_252610         XXXXXXXXXXXXXXXX
2023-05-16 21:38:34,290 ::INFO ::[Logger]:: ~~~~~~~~~~~~~~~~~~~~~~~~~~~~~~~~~~~~~~~~~~~~~~~~~~~~~~~~~~~~~~~~~~~~~~~~~~~~~~~~~~~~~~~~
2023-05-16 21:38:34,297 ::INFO ::[Logger]:: Window Size is: {Width=1050, Height=700}
2023-05-16 21:38:34,306 ::INFO ::[Logger]:: Test Case : Validate Cancellation Report
2023-05-16 21:38:37,554 ::INFO ::[Logger]:: Inserted text in the Enter_EmailAddress element on the Login page.
2023-05-16 21:38:37,554 ::DEBUG::[Logger]:: 1) Email Address displayed
2023-05-16 21:38:55,190 ::INFO ::[Logger]:: Clicked the Click_Next_Button element on the Login page.
2023-05-16 21:38:56,903 ::INFO ::[Logger]:: Inserted text in the Enter_Password element on the Login page.
2023-05-16 21:38:56,903 ::DEBUG::[Logger]:: 2) Login in with Username =Testautomation@cendyn17.com and Password =Cendyn123$
2023-05-16 21:39:06,503 ::INFO ::[Logger]:: Clicked the Click_SignIn_Button element on the Login page.
2023-05-16 21:39:06,504 ::DEBUG::[Logger]:: 3) user landed on the Automation RevIntel client selection page
2023-05-16 21:39:10,206 ::DEBUG::[Logger]:: 4) Client displayed
2023-05-16 21:39:31,997 ::INFO ::[Logger]:: Clicked the Link_ClientName element on the Navigation page.
2023-05-16 21:39:31,998 ::DEBUG::[Logger]:: 5) D Rock selected
2023-05-16 21:39:45,988 ::DEBUG::[Logger]:: 6) User landed on Montly pickup Dashboard page
2023-05-16 21:39:50,571 ::DEBUG::[Logger]:: 7) Booking Trends Dropdown displayed
2023-05-16 21:40:53,487 ::ERROR::[Logger]:: The //span[contains(text(),'Cancellation Report')] element was not found on the page.
OpenQA.Selenium.WebDriverException: The HTTP request to the remote WebDriver server for URL http://localhost:57551/session/564383f0629e7fc79e51ae2f7c248e3a/element timed out after 60 seconds. ---> System.Threading.Tasks.TaskCanceledException: A task was canceled.
   at System.Runtime.CompilerServices.TaskAwaiter.ThrowForNonSuccess(Task task)
   at System.Runtime.CompilerServices.TaskAwaiter.HandleNonSuccessAndDebuggerNotification(Task task)
   at System.Runtime.CompilerServices.TaskAwaiter`1.GetResult()
   at OpenQA.Selenium.Remote.HttpCommandExecutor.<MakeHttpRequest>d__35.MoveNext()
--- End of stack trace from previous location where exception was thrown ---
   at System.Runtime.CompilerServices.TaskAwaiter.ThrowForNonSuccess(Task task)
   at System.Runtime.CompilerServices.TaskAwaiter.HandleNonSuccessAndDebuggerNotification(Task task)
   at System.Runtime.CompilerServices.TaskAwaiter`1.GetResult()
   at OpenQA.Selenium.Remote.HttpCommandExecutor.Execute(Command commandToExecute)
   --- End of inner exception stack trace ---
   at OpenQA.Selenium.Remote.HttpCommandExecutor.Execute(Command commandToExecute)
   at OpenQA.Selenium.Remote.DriverServiceCommandExecutor.Execute(Command commandToExecute)
   at OpenQA.Selenium.WebDriver.Execute(String driverCommandToExecute, Dictionary`2 parameters)
   at OpenQA.Selenium.WebDriver.FindElement(String mechanism, String value)
   at OpenQA.Selenium.By.<.ctor>b__11_0(ISearchContext context)
   at OpenQA.Selenium.By.FindElement(ISearchContext context)
   at OpenQA.Selenium.WebDriver.FindElement(By by)
   at BaseUtility.PageObject.PageAction.Find_ElementXPath(String repoName) in C:\Users\msridhar\Source\Repos\Cendyn.AutomationFramework\BaseUtility\PageObject\PageAction.cs:line 33
2023-05-16 21:40:55,501 ::FATAL::[Logger]:: Unable to click the Cancellation_Report element on the Navigation page.System.NullReferenceException: Object reference not set to an instance of an object.
   at BaseUtility.Utility.Helper.ElementClick(IWebElement element) in C:\Users\msridhar\Source\Repos\Cendyn.AutomationFramework\BaseUtility\Utility\Helper.cs:line 81
2023-05-16 21:40:55,505 ::ERROR::[Logger]:: RevIntel_Flow :: Script::Failed
System.NullReferenceException: Object reference not set to an instance of an object.
   at BaseUtility.Utility.Helper.ElementClick(IWebElement element) in C:\Users\msridhar\Source\Repos\Cendyn.AutomationFramework\BaseUtility\Utility\Helper.cs:line 88
   at RevIntel.AppModule.UI.Navigation.Cancellation_Report() in C:\Users\msridhar\Source\Repos\Cendyn.AutomationFramework\ProductLibrary\RevIntel\RevIntel\AppModule\UI\Navigation.cs:line 425
   at RevIntel.AppModule.MainAdminApp.MainAdminApp.TC_252610() in C:\Users\msridhar\Source\Repos\Cendyn.AutomationFramework\ProductLibrary\RevIntel\RevIntel\AppModule\MainAdminApp\TP_252578_Booking Trends.cs:line 2920
   at RevIntel.AppModule.MainAdminApp.MainAdminApp.TP_252578() in C:\Users\msridhar\Source\Repos\Cendyn.AutomationFramework\ProductLibrary\RevIntel\RevIntel\AppModule\MainAdminApp.cs:line 76
   at RevIntel.RevIntel_TP_252578_Booking_Trends.TC_252610() in C:\Users\msridhar\Source\Repos\Cendyn.AutomationFramework\ProductLibrary\RevIntel\RevIntel\TestPlan\RevIntel\RevIntel_TP_252578_Booking_Trends.cs:line 484
2023-05-16 21:43:25,637 ::INFO ::[Logger]:: E.N.D
