2023-05-17 19:05:51,245 ::INFO ::[Logger]:: Execution of BaseUtility Test cases
2023-05-17 19:05:51,260 ::INFO ::[Logger]:: Chrome is currently being used for testing.
2023-05-17 19:05:51,260 ::INFO ::[Logger]::  is used for Testing
2023-05-17 19:05:51,712 ::INFO ::[Logger]:: This is the login page.https://revcloudsignin.goqacendyn.com//Login?App=9B2092C1-6AF2-4317-B343-B524B07976A8&RelayState=https://revintelrhbi.goQAcendyn.com/SSOLanding.aspx
2023-05-17 19:05:51,736 ::INFO ::[Logger]:: Execution started at:-May-17-2023 19-05-51-PM
2023-05-17 19:05:51,744 ::INFO ::[Logger]:: ~~~~~~~~~~~~~~~~~~~~~~~~~~~~~~~~~~~~~~~~~~~~~~~~~~~~~~~~~~~~~~~~~~~~~~~~~~~~~~~~~~~~~~~~
2023-05-17 19:05:51,744 ::INFO ::[Logger]:: XXXXXXXXXXXXXXXXX      S.T.A.R.T.     XXXXXXXXXXXXXXXX
2023-05-17 19:05:51,752 ::INFO ::[Logger]:: XXXXXXXXXXXXXXXXX      TC_253359         XXXXXXXXXXXXXXXX
2023-05-17 19:05:54,713 ::INFO ::[Logger]:: ~~~~~~~~~~~~~~~~~~~~~~~~~~~~~~~~~~~~~~~~~~~~~~~~~~~~~~~~~~~~~~~~~~~~~~~~~~~~~~~~~~~~~~~~
2023-05-17 19:05:56,206 ::INFO ::[Logger]:: Window Size is: {Width=1382, Height=736}
2023-05-17 19:05:56,222 ::INFO ::[Logger]:: Test Case : Validate the Daily Pickup
2023-05-17 19:06:00,120 ::INFO ::[Logger]:: Inserted text in the Enter_EmailAddress element on the Login page.
2023-05-17 19:06:00,178 ::DEBUG::[Logger]:: 1) Email Address displayed
2023-05-17 19:06:14,181 ::INFO ::[Logger]:: Clicked the Click_Next_Button element on the Login page.
2023-05-17 19:06:16,641 ::INFO ::[Logger]:: Inserted text in the Enter_Password element on the Login page.
2023-05-17 19:06:16,823 ::DEBUG::[Logger]:: 2) Login in with Username =Testautomation@cendyn17.com and Password =Cendyn123$
2023-05-17 19:06:40,051 ::INFO ::[Logger]:: Clicked the Click_SignIn_Button element on the Login page.
2023-05-17 19:06:40,099 ::DEBUG::[Logger]:: 3) user landed on the Automation RevIntel client selection page
2023-05-17 19:06:48,764 ::DEBUG::[Logger]:: 4) Client displayed
2023-05-17 19:07:06,184 ::INFO ::[Logger]:: Clicked the Link_ClientName element on the Navigation page.
2023-05-17 19:07:06,196 ::DEBUG::[Logger]:: 5) D Rock selected
2023-05-17 19:07:19,582 ::DEBUG::[Logger]:: 6) User landed on Montly pickup Dashboard page
2023-05-17 19:07:30,773 ::INFO ::[Logger]:: Clicked the Click_Hamburger_Icon element on the Navigation page.
2023-05-17 19:08:30,784 ::ERROR::[Logger]:: The //span[contains(text(),'Custom')] element was not found on the page.
OpenQA.Selenium.WebDriverException: The HTTP request to the remote WebDriver server for URL http://localhost:61112/session/5cab79622a11d2ce9c656f24a6ea783e/element timed out after 60 seconds. ---> System.Threading.Tasks.TaskCanceledException: A task was canceled.
   at System.Runtime.CompilerServices.TaskAwaiter.ThrowForNonSuccess(Task task)
   at System.Runtime.CompilerServices.TaskAwaiter.HandleNonSuccessAndDebuggerNotification(Task task)
   at System.Runtime.CompilerServices.TaskAwaiter`1.GetResult()
   at OpenQA.Selenium.Remote.HttpCommandExecutor.<MakeHttpRequest>d__35.MoveNext()
--- End of stack trace from previous location where exception was thrown ---
   at System.Runtime.CompilerServices.TaskAwaiter.ThrowForNonSuccess(Task task)
   at System.Runtime.CompilerServices.TaskAwaiter.HandleNonSuccessAndDebuggerNotification(Task task)
   at System.Runtime.CompilerServices.TaskAwaiter`1.GetResult()
   at OpenQA.Selenium.Remote.HttpCommandExecutor.Execute(Command commandToExecute)
   --- End of inner exception stack trace ---
   at OpenQA.Selenium.Remote.HttpCommandExecutor.Execute(Command commandToExecute)
   at OpenQA.Selenium.Remote.DriverServiceCommandExecutor.Execute(Command commandToExecute)
   at OpenQA.Selenium.WebDriver.Execute(String driverCommandToExecute, Dictionary`2 parameters)
   at OpenQA.Selenium.WebDriver.FindElement(String mechanism, String value)
   at OpenQA.Selenium.By.<.ctor>b__11_0(ISearchContext context)
   at OpenQA.Selenium.By.FindElement(ISearchContext context)
   at OpenQA.Selenium.WebDriver.FindElement(By by)
   at BaseUtility.PageObject.PageAction.Find_ElementXPath(String repoName) in C:\Users\msridhar\Source\Repos\Cendyn.AutomationFramework\BaseUtility\PageObject\PageAction.cs:line 33
2023-05-17 19:08:33,063 ::FATAL::[Logger]:: Unable to click the Click_Custom_Menu element on the Navigation page.System.NullReferenceException: Object reference not set to an instance of an object.
   at BaseUtility.Utility.Helper.ElementClick(IWebElement element) in C:\Users\msridhar\Source\Repos\Cendyn.AutomationFramework\BaseUtility\Utility\Helper.cs:line 81
2023-05-17 19:08:33,110 ::ERROR::[Logger]:: RevIntel_Flow :: Script::Failed
System.NullReferenceException: Object reference not set to an instance of an object.
   at BaseUtility.Utility.Helper.ElementClick(IWebElement element) in C:\Users\msridhar\Source\Repos\Cendyn.AutomationFramework\BaseUtility\Utility\Helper.cs:line 88
   at RevIntel.AppModule.UI.Navigation.Click_Custom_Menu() in C:\Users\msridhar\Source\Repos\Cendyn.AutomationFramework\ProductLibrary\RevIntel\RevIntel\AppModule\UI\Navigation.cs:line 802
   at RevIntel.AppModule.MainAdminApp.MainAdminApp.TC_253359() in C:\Users\msridhar\Source\Repos\Cendyn.AutomationFramework\ProductLibrary\RevIntel\RevIntel\AppModule\MainAdminApp\TP_253357_Custom.cs:line 278
   at RevIntel.AppModule.MainAdminApp.MainAdminApp.TP_253357() in C:\Users\msridhar\Source\Repos\Cendyn.AutomationFramework\ProductLibrary\RevIntel\RevIntel\AppModule\MainAdminApp.cs:line 182
   at RevIntel.RevIntel_TP_253357_Custom.TC_253359() in C:\Users\msridhar\Source\Repos\Cendyn.AutomationFramework\ProductLibrary\RevIntel\RevIntel\TestPlan\RevIntel\RevIntel_TP_253357_Custom.cs:line 79
2023-05-17 19:10:16,834 ::INFO ::[Logger]:: E.N.D
