2023-05-16 23:00:50,644 ::INFO ::[Logger]:: Execution of BaseUtility Test cases
2023-05-16 23:00:50,644 ::INFO ::[Logger]:: Chrome is currently being used for testing.
2023-05-16 23:00:50,861 ::INFO ::[Logger]::  is used for Testing
2023-05-16 23:00:50,908 ::INFO ::[Logger]:: This is the login page.https://revcloudsignin.goqacendyn.com//Login?App=9B2092C1-6AF2-4317-B343-B524B07976A8&RelayState=https://revintelrhbi.goQAcendyn.com/SSOLanding.aspx
2023-05-16 23:00:51,207 ::INFO ::[Logger]:: Execution started at:-May-16-2023 23-00-51-PM
2023-05-16 23:00:51,630 ::INFO ::[Logger]:: ~~~~~~~~~~~~~~~~~~~~~~~~~~~~~~~~~~~~~~~~~~~~~~~~~~~~~~~~~~~~~~~~~~~~~~~~~~~~~~~~~~~~~~~~
2023-05-16 23:00:51,833 ::INFO ::[Logger]:: XXXXXXXXXXXXXXXXX      S.T.A.R.T.     XXXXXXXXXXXXXXXX
2023-05-16 23:00:52,203 ::INFO ::[Logger]:: XXXXXXXXXXXXXXXXX      TC_252724         XXXXXXXXXXXXXXXX
2023-05-16 23:00:52,219 ::INFO ::[Logger]:: ~~~~~~~~~~~~~~~~~~~~~~~~~~~~~~~~~~~~~~~~~~~~~~~~~~~~~~~~~~~~~~~~~~~~~~~~~~~~~~~~~~~~~~~~
2023-05-16 23:00:52,430 ::INFO ::[Logger]:: Window Size is: {Width=1382, Height=736}
2023-05-16 23:00:52,430 ::INFO ::[Logger]:: Test Case : Validate the Company Summary report
2023-05-16 23:00:54,156 ::INFO ::[Logger]:: Inserted text in the Enter_EmailAddress element on the Login page.
2023-05-16 23:00:54,279 ::DEBUG::[Logger]:: 1) Email Address displayed
2023-05-16 23:01:04,068 ::INFO ::[Logger]:: Clicked the Click_Next_Button element on the Login page.
2023-05-16 23:01:05,811 ::INFO ::[Logger]:: Inserted text in the Enter_Password element on the Login page.
2023-05-16 23:01:05,825 ::DEBUG::[Logger]:: 2) Login in with Username =Testautomation@cendyn17.com and Password =Cendyn123$
2023-05-16 23:01:18,936 ::INFO ::[Logger]:: Clicked the Click_SignIn_Button element on the Login page.
2023-05-16 23:02:18,999 ::ERROR::[Logger]:: The //*[@id='AutomationTab'] element was not found on the page.
OpenQA.Selenium.WebDriverException: The HTTP request to the remote WebDriver server for URL http://localhost:53213/session/765b7ea6152bcaa337a73a8fde65b155/element timed out after 60 seconds. ---> System.Threading.Tasks.TaskCanceledException: A task was canceled.
   at System.Runtime.CompilerServices.TaskAwaiter.ThrowForNonSuccess(Task task)
   at System.Runtime.CompilerServices.TaskAwaiter.HandleNonSuccessAndDebuggerNotification(Task task)
   at System.Runtime.CompilerServices.TaskAwaiter`1.GetResult()
   at OpenQA.Selenium.Remote.HttpCommandExecutor.<MakeHttpRequest>d__35.MoveNext()
--- End of stack trace from previous location where exception was thrown ---
   at System.Runtime.CompilerServices.TaskAwaiter.ThrowForNonSuccess(Task task)
   at System.Runtime.CompilerServices.TaskAwaiter.HandleNonSuccessAndDebuggerNotification(Task task)
   at System.Runtime.CompilerServices.TaskAwaiter`1.GetResult()
   at OpenQA.Selenium.Remote.HttpCommandExecutor.Execute(Command commandToExecute)
   --- End of inner exception stack trace ---
   at OpenQA.Selenium.Remote.HttpCommandExecutor.Execute(Command commandToExecute)
   at OpenQA.Selenium.Remote.DriverServiceCommandExecutor.Execute(Command commandToExecute)
   at OpenQA.Selenium.WebDriver.Execute(String driverCommandToExecute, Dictionary`2 parameters)
   at OpenQA.Selenium.WebDriver.FindElement(String mechanism, String value)
   at OpenQA.Selenium.By.<.ctor>b__11_0(ISearchContext context)
   at OpenQA.Selenium.By.FindElement(ISearchContext context)
   at OpenQA.Selenium.WebDriver.FindElement(By by)
   at BaseUtility.PageObject.PageAction.Find_ElementXPath(String repoName) in C:\Users\msridhar\Source\Repos\Cendyn.AutomationFramework\BaseUtility\PageObject\PageAction.cs:line 33
2023-05-16 23:02:21,059 ::FATAL::[Logger]:: Unable to click the Click_Automation element on the Navigation page.System.NullReferenceException: Object reference not set to an instance of an object.
   at BaseUtility.Utility.Helper.ElementClick(IWebElement element) in C:\Users\msridhar\Source\Repos\Cendyn.AutomationFramework\BaseUtility\Utility\Helper.cs:line 81
2023-05-16 23:02:21,059 ::ERROR::[Logger]:: RevIntel_Flow :: Script::Failed
System.NullReferenceException: Object reference not set to an instance of an object.
   at BaseUtility.Utility.Helper.ElementClick(IWebElement element) in C:\Users\msridhar\Source\Repos\Cendyn.AutomationFramework\BaseUtility\Utility\Helper.cs:line 88
   at RevIntel.AppModule.UI.Navigation.Click_Automation() in C:\Users\msridhar\Source\Repos\Cendyn.AutomationFramework\ProductLibrary\RevIntel\RevIntel\AppModule\UI\Navigation.cs:line 430
   at RevIntel.AppModule.MainAdminApp.MainAdminApp.TC_252724() in C:\Users\msridhar\Source\Repos\Cendyn.AutomationFramework\ProductLibrary\RevIntel\RevIntel\AppModule\MainAdminApp\TP_252700_Business_source.cs:line 1319
   at RevIntel.AppModule.MainAdminApp.MainAdminApp.TP_252700() in C:\Users\msridhar\Source\Repos\Cendyn.AutomationFramework\ProductLibrary\RevIntel\RevIntel\AppModule\MainAdminApp.cs:line 21
   at RevIntel.RevIntel_TP_252700_Business_source.TC_252724() in C:\Users\msridhar\Source\Repos\Cendyn.AutomationFramework\ProductLibrary\RevIntel\RevIntel\TestPlan\RevIntel\RevIntel_TP_252700_Business_source.cs:line 213
2023-05-16 23:03:59,104 ::INFO ::[Logger]:: E.N.D
