2021-09-09 17:38:41,008 ::INFO ::[Logger]:: Execution of BaseUtility Test cases
2021-09-09 17:38:41,440 ::INFO ::[Logger]:: Chrome is currently being used for testing.
2021-09-09 17:38:41,454 ::INFO ::[Logger]::  is used for Testing
2021-09-09 17:38:41,461 ::INFO ::[Logger]:: This is the login page.https://qalogin.cendynaccess.com/Account/Login
2021-09-09 17:38:41,462 ::INFO ::[Logger]:: Execution started at:-Sep-09-2021 17-38-41-PM
2021-09-09 17:38:41,463 ::INFO ::[Logger]:: ~~~~~~~~~~~~~~~~~~~~~~~~~~~~~~~~~~~~~~~~~~~~~~~~~~~~~~~~~~~~~~~~~~~~~~~~~~~~~~~~~~~~~~~~
2021-09-09 17:38:41,464 ::INFO ::[Logger]:: XXXXXXXXXXXXXXXXX      S.T.A.R.T.     XXXXXXXXXXXXXXXX
2021-09-09 17:38:41,465 ::INFO ::[Logger]:: XXXXXXXXXXXXXXXXX      TC_120261         XXXXXXXXXXXXXXXX
2021-09-09 17:38:41,468 ::INFO ::[Logger]:: ~~~~~~~~~~~~~~~~~~~~~~~~~~~~~~~~~~~~~~~~~~~~~~~~~~~~~~~~~~~~~~~~~~~~~~~~~~~~~~~~~~~~~~~~
2021-09-09 17:39:36,080 ::INFO ::[Logger]:: Inserted text in the SSOLogin_Email element on the EmployeeLogin page.
2021-09-09 17:39:36,086 ::DEBUG::[Logger]:: 1) Entered UserName
2021-09-09 17:39:44,840 ::INFO ::[Logger]:: Clicked the SSOLogin_Next element on the EmployeeLogin page.
2021-09-09 17:39:49,002 ::INFO ::[Logger]:: Inserted text in the SSOLogin_Password element on the EmployeeLogin page.
2021-09-09 17:39:49,004 ::DEBUG::[Logger]:: 2) Clicked on Next button and entered password.
2021-09-09 17:39:57,648 ::INFO ::[Logger]:: Clicked the SSOLogin_Submit element on the EmployeeLogin page.
2021-09-09 17:39:57,651 ::DEBUG::[Logger]:: 3) Clicked on Subimt button.
2021-09-09 17:40:39,492 ::INFO ::[Logger]:: Clicked the SSOLogin_Submit element on the EmployeeLogin page.
2021-09-09 17:40:54,746 ::INFO ::[Logger]:: Clicked the SSOLogin_Submit element on the EmployeeLogin page.
2021-09-09 17:40:59,864 ::INFO ::[Logger]:: Clicked the SSOLogin_Submit element on the EmployeeLogin page.
2021-09-09 17:40:59,871 ::DEBUG::[Logger]:: 4) Logged in successfully.
2021-09-09 17:41:18,456 ::INFO ::[Logger]:: Clicked the PropertyDropDown_Button element on the EmployeeHome page.
2021-09-09 17:41:47,836 ::INFO ::[Logger]:: Selected the Cendyn - Hilton Dresden value from the PropertyDropDown_Text drop down.
2021-09-09 17:41:47,840 ::DEBUG::[Logger]:: 5) Selected the property: Cendyn - Hilton Dresden
2021-09-09 17:42:02,217 ::INFO ::[Logger]:: Clicked the WelcomeButton element on the EmployeeHome page.
2021-09-09 17:42:14,414 ::INFO ::[Logger]:: Clicked the CreateEdit_eCardButton element on the EmployeeHome page.
2021-09-09 17:42:14,415 ::DEBUG::[Logger]:: 6) Landed on e Card page
2021-09-09 17:47:32,689 ::DEBUG::[Logger]:: 7) Selected client
2021-09-09 17:47:40,452 ::INFO ::[Logger]:: Inserted text in the TextBox_EmailSubject element on the eCardCompose page.
2021-09-09 17:47:55,894 ::INFO ::[Logger]:: Clicked the Button_Next element on the eCardCompose page.
2021-09-09 17:48:08,829 ::INFO ::[Logger]:: Clicked the Button_Next element on the eCardCompose page.
2021-09-09 17:48:28,026 ::INFO ::[Logger]:: Clicked the Button_Next element on the eCardCompose page.
2021-09-09 17:48:36,062 ::INFO ::[Logger]:: Switching into the iFrame.
2021-09-09 17:48:37,167 ::INFO ::[Logger]:: Switching out of the iFrame.
2021-09-09 17:48:38,183 ::DEBUG::[Logger]:: 8) Text is not in Bold
2021-09-09 17:48:44,413 ::DEBUG::[Logger]:: 9) Verified Employee name is in Bold
2021-09-09 17:49:00,731 ::INFO ::[Logger]:: Clicked the Button_Send element on the eCardCompose page.
2021-09-09 17:49:00,733 ::DEBUG::[Logger]:: 10) Selected Send
2021-09-09 17:50:14,875 ::DEBUG::[Logger]:: 11) Landed on SignIn Page
2021-09-09 17:50:29,717 ::INFO ::[Logger]:: Inserted text in the Button_Send element on the eCardCompose page.
2021-09-09 17:50:41,351 ::INFO ::[Logger]:: Clicked the Button_Send element on the eCardCompose page.
2021-09-09 17:51:04,695 ::INFO ::[Logger]:: Inserted text in the Button_Send element on the eCardCompose page.
2021-09-09 17:51:08,189 ::DEBUG::[Logger]:: 12) Entered Catchall UserName and Password
2021-09-09 17:51:26,511 ::INFO ::[Logger]:: Clicked the Button_Send element on the eCardCompose page.
2021-09-09 17:51:55,580 ::INFO ::[Logger]:: The element Element (id = f27c3501-5a7c-4683-8103-c3d8d31e7ece) is selected.
2021-09-09 17:52:14,473 ::INFO ::[Logger]:: Clicked the Button_Send element on the eCardCompose page.
2021-09-09 17:52:53,928 ::INFO ::[Logger]:: Inserted text in the Button_Send element on the eCardCompose page.
2021-09-09 17:54:20,267 ::INFO ::[Logger]:: Clicked the Button_Send element on the eCardCompose page.
2021-09-09 17:54:25,437 ::INFO ::[Logger]:: Clicked the Button_Send element on the eCardCompose page.
2021-09-09 17:54:47,274 ::INFO ::[Logger]:: Clicked the Link_ViewInBrowser element on the ClientEmail page.
2021-09-09 17:55:31,451 ::ERROR::[Logger]:: The //b[contains(.,'Cendyn QA')] element was not found on the page.
OpenQA.Selenium.NoSuchElementException: no such element: Unable to locate element: {"method":"xpath","selector":"//b[contains(.,'Cendyn QA')]"}
  (Session info: chrome=93.0.4577.63)
   at OpenQA.Selenium.Remote.RemoteWebDriver.UnpackAndThrowOnError(Response errorResponse)
   at OpenQA.Selenium.Remote.RemoteWebDriver.Execute(String driverCommandToExecute, Dictionary`2 parameters)
   at OpenQA.Selenium.Remote.RemoteWebDriver.FindElement(String mechanism, String value)
   at OpenQA.Selenium.Remote.RemoteWebDriver.FindElementByXPath(String xpath)
   at OpenQA.Selenium.By.<>c__DisplayClass19_0.<XPath>b__0(ISearchContext context)
   at OpenQA.Selenium.By.FindElement(ISearchContext context)
   at OpenQA.Selenium.Remote.RemoteWebDriver.FindElement(By by)
   at BaseUtility.PageObject.PageAction.Find_ElementXPath(String repoName)
2021-09-09 17:57:44,901 ::ERROR::[Logger]:: The //b[contains(.,'Cendyn QA')] element was not found on the page.
OpenQA.Selenium.NoSuchElementException: no such element: Unable to locate element: {"method":"xpath","selector":"//b[contains(.,'Cendyn QA')]"}
  (Session info: chrome=93.0.4577.63)
   at OpenQA.Selenium.Remote.RemoteWebDriver.UnpackAndThrowOnError(Response errorResponse)
   at OpenQA.Selenium.Remote.RemoteWebDriver.Execute(String driverCommandToExecute, Dictionary`2 parameters)
   at OpenQA.Selenium.Remote.RemoteWebDriver.FindElement(String mechanism, String value)
   at OpenQA.Selenium.Remote.RemoteWebDriver.FindElementByXPath(String xpath)
   at OpenQA.Selenium.By.<>c__DisplayClass19_0.<XPath>b__0(ISearchContext context)
   at OpenQA.Selenium.By.FindElement(ISearchContext context)
   at OpenQA.Selenium.Remote.RemoteWebDriver.FindElement(By by)
   at BaseUtility.PageObject.PageAction.Find_ElementXPath(String repoName)
2021-09-09 18:32:09,734 ::DEBUG::[Logger]:: 13) Text is in Bold
2021-09-09 18:32:23,056 ::DEBUG::[Logger]:: 14) Verified Employee name is in Bold
2021-09-09 18:32:25,390 ::INFO ::[Logger]:: eProposal:: Script ::Passed
2021-09-09 18:32:25,438 ::ERROR::[Logger]:: eProposal_Flow :: Script::Failed
OpenQA.Selenium.WebDriverException: javascript error: Invalid left-hand side in assignment
  (Session info: chrome=93.0.4577.63)
   at OpenQA.Selenium.Remote.RemoteWebDriver.UnpackAndThrowOnError(Response errorResponse)
   at OpenQA.Selenium.Remote.RemoteWebDriver.Execute(String driverCommandToExecute, Dictionary`2 parameters)
   at OpenQA.Selenium.Remote.RemoteWebDriver.ExecuteScriptCommand(String script, String commandName, Object[] args)
   at OpenQA.Selenium.Remote.RemoteWebDriver.ExecuteScript(String script, Object[] args)
   at BaseUtility.Utility.TestHandling.TestEnd()
   at eProposaleCard.ePFull_TP_120256_eCard_COMPOSE.TC_120261()
2021-09-09 18:32:39,429 ::INFO ::[Logger]:: E.N.D
