2023-05-17 01:41:10,910 ::INFO ::[Logger]:: Execution of BaseUtility Test cases
2023-05-17 01:41:10,910 ::INFO ::[Logger]:: Chrome is currently being used for testing.
2023-05-17 01:41:10,910 ::INFO ::[Logger]::  is used for Testing
2023-05-17 01:41:10,926 ::INFO ::[Logger]:: This is the login page.https://revcloudsignin.goqacendyn.com//Login?App=9B2092C1-6AF2-4317-B343-B524B07976A8&RelayState=https://revintelrhbi.goQAcendyn.com/SSOLanding.aspx
2023-05-17 01:41:10,926 ::INFO ::[Logger]:: Execution started at:-May-17-2023 01-41-10-AM
2023-05-17 01:41:10,926 ::INFO ::[Logger]:: ~~~~~~~~~~~~~~~~~~~~~~~~~~~~~~~~~~~~~~~~~~~~~~~~~~~~~~~~~~~~~~~~~~~~~~~~~~~~~~~~~~~~~~~~
2023-05-17 01:41:10,926 ::INFO ::[Logger]:: XXXXXXXXXXXXXXXXX      S.T.A.R.T.     XXXXXXXXXXXXXXXX
2023-05-17 01:41:10,926 ::INFO ::[Logger]:: XXXXXXXXXXXXXXXXX      TC_265418         XXXXXXXXXXXXXXXX
2023-05-17 01:41:10,926 ::INFO ::[Logger]:: ~~~~~~~~~~~~~~~~~~~~~~~~~~~~~~~~~~~~~~~~~~~~~~~~~~~~~~~~~~~~~~~~~~~~~~~~~~~~~~~~~~~~~~~~
2023-05-17 01:41:11,085 ::INFO ::[Logger]:: Window Size is: {Width=1382, Height=736}
2023-05-17 01:41:11,085 ::INFO ::[Logger]:: Test Case : Verify user should be able to delete the report in manage schedule
2023-05-17 01:41:12,731 ::INFO ::[Logger]:: Inserted text in the Enter_EmailAddress element on the Login page.
2023-05-17 01:41:12,731 ::DEBUG::[Logger]:: 1) Email Address displayed
2023-05-17 01:41:22,871 ::INFO ::[Logger]:: Clicked the Click_Next_Button element on the Login page.
2023-05-17 01:41:25,030 ::INFO ::[Logger]:: Inserted text in the Enter_Password element on the Login page.
2023-05-17 01:41:25,038 ::DEBUG::[Logger]:: 2) Login in with Username =Testautomation@cendyn17.com and Password =Cendyn123$
2023-05-17 01:41:41,155 ::INFO ::[Logger]:: Clicked the Click_SignIn_Button element on the Login page.
2023-05-17 01:41:41,155 ::DEBUG::[Logger]:: 3) user landed on the Automation RevIntel client selection page
2023-05-17 01:41:47,128 ::DEBUG::[Logger]:: 4) Client displayed
2023-05-17 01:41:59,806 ::INFO ::[Logger]:: Clicked the Link_ClientName element on the Navigation page.
2023-05-17 01:41:59,806 ::DEBUG::[Logger]:: 5) Rosen selected
2023-05-17 01:42:11,975 ::DEBUG::[Logger]:: 6) User landed on Montly pickup Dashboard page
2023-05-17 01:42:19,592 ::INFO ::[Logger]:: Clicked the Click_UserMenu element on the Navigation page.
2023-05-17 01:42:19,592 ::DEBUG::[Logger]:: 7) User menu clicked
2023-05-17 01:42:27,761 ::INFO ::[Logger]:: Clicked the Click_UserMenu_ReportScheduler element on the Navigation page.
2023-05-17 01:42:27,761 ::DEBUG::[Logger]:: 8) Report scheduler link clicked
2023-05-17 01:42:34,918 ::INFO ::[Logger]:: Switching into the iFrame.
2023-05-17 01:42:41,129 ::INFO ::[Logger]:: Clicked the Click_BookingTrends element on the ReportScheduler page.
2023-05-17 01:42:41,129 ::DEBUG::[Logger]:: 9) Booking trends link got clicked
2023-05-17 01:42:51,574 ::INFO ::[Logger]:: Clicked the Click_BookingTrends_PaceReport element on the ReportScheduler page.
2023-05-17 01:43:21,581 ::DEBUG::[Logger]:: 10) Pace Report page should get displayed
2023-05-17 01:43:29,262 ::INFO ::[Logger]:: Switching into the iFrame.
2023-05-17 01:43:31,972 ::INFO ::[Logger]:: Inserted text in the Enter_ReportDescription element on the ReportScheduler page.
2023-05-17 01:43:33,640 ::INFO ::[Logger]:: Inserted text in the Enter_StartTimeHours element on the ReportScheduler page.
2023-05-17 01:43:35,274 ::INFO ::[Logger]:: Inserted text in the Enter_StartTimeMinutes element on the ReportScheduler page.
2023-05-17 01:43:38,034 ::INFO ::[Logger]:: Time Zone Found on the page
2023-05-17 01:43:43,255 ::INFO ::[Logger]:: Clicked the Click_Tuesday element on the ReportScheduler page.
2023-05-17 01:43:44,865 ::INFO ::[Logger]:: Inserted text in the Enter_StartTimeMinutes element on the ReportScheduler page.
2023-05-17 01:43:50,052 ::INFO ::[Logger]:: Clicked the Click_Wednesday element on the ReportScheduler page.
2023-05-17 01:43:55,210 ::INFO ::[Logger]:: Clicked the Click_Thursday element on the ReportScheduler page.
2023-05-17 01:44:00,378 ::INFO ::[Logger]:: Clicked the Click_Friday element on the ReportScheduler page.
2023-05-17 01:44:00,378 ::DEBUG::[Logger]:: 11) Details are entered like description,Time,Report Type and weekdays
2023-05-17 01:44:06,242 ::INFO ::[Logger]:: Inserted text in the Enter_EmailTo element on the ReportScheduler page.
2023-05-17 01:44:07,929 ::INFO ::[Logger]:: Inserted text in the Enter_EmailSubject element on the ReportScheduler page.
2023-05-17 01:44:07,929 ::DEBUG::[Logger]:: 12) Email and Subject entered
2023-05-17 01:44:13,813 ::INFO ::[Logger]:: Inserted text in the Enter_PickUpByDayDetailed_StartDate element on the ReportScheduler page.
2023-05-17 01:44:15,499 ::INFO ::[Logger]:: Inserted text in the Enter_PickUpByDayDetailed_EndDate element on the ReportScheduler page.
2023-05-17 01:45:15,510 ::ERROR::[Logger]:: The //*[@id="DeliveryConfigPanelBar_i4_AsOfDate_dateInput"] element was not found on the page.
OpenQA.Selenium.WebDriverException: The HTTP request to the remote WebDriver server for URL http://localhost:54202/session/d4a4089635344126c17ca2e4f3f29ba2/element timed out after 60 seconds. ---> System.Threading.Tasks.TaskCanceledException: A task was canceled.
   at System.Runtime.CompilerServices.TaskAwaiter.ThrowForNonSuccess(Task task)
   at System.Runtime.CompilerServices.TaskAwaiter.HandleNonSuccessAndDebuggerNotification(Task task)
   at System.Runtime.CompilerServices.TaskAwaiter`1.GetResult()
   at OpenQA.Selenium.Remote.HttpCommandExecutor.<MakeHttpRequest>d__35.MoveNext()
--- End of stack trace from previous location where exception was thrown ---
   at System.Runtime.CompilerServices.TaskAwaiter.ThrowForNonSuccess(Task task)
   at System.Runtime.CompilerServices.TaskAwaiter.HandleNonSuccessAndDebuggerNotification(Task task)
   at System.Runtime.CompilerServices.TaskAwaiter`1.GetResult()
   at OpenQA.Selenium.Remote.HttpCommandExecutor.Execute(Command commandToExecute)
   --- End of inner exception stack trace ---
   at OpenQA.Selenium.Remote.HttpCommandExecutor.Execute(Command commandToExecute)
   at OpenQA.Selenium.Remote.DriverServiceCommandExecutor.Execute(Command commandToExecute)
   at OpenQA.Selenium.WebDriver.Execute(String driverCommandToExecute, Dictionary`2 parameters)
   at OpenQA.Selenium.WebDriver.FindElement(String mechanism, String value)
   at OpenQA.Selenium.By.<.ctor>b__11_0(ISearchContext context)
   at OpenQA.Selenium.By.FindElement(ISearchContext context)
   at OpenQA.Selenium.WebDriver.FindElement(By by)
   at BaseUtility.PageObject.PageAction.Find_ElementXPath(String repoName) in C:\Users\msridhar\Source\Repos\Cendyn.AutomationFramework\BaseUtility\PageObject\PageAction.cs:line 33
2023-05-17 01:45:47,273 ::FATAL::[Logger]:: System.ArgumentNullException: by cannot be null
Parameter name: by
   at OpenQA.Selenium.WebDriver.FindElement(By by)
   at CTOS.CendynElement.<get_CenElement>b__6_0()
   at CTOS.CendynElement.TryAndWait(Action action, CancellationToken cancellationToken, Int32 timeoutMs, Int32 retryTimeout)
   at CTOS.CendynElement.get_CenElement()
   at CTOS.CendynElement.<>c__DisplayClass32_0.<SendKeys>b__0()
   at CTOS.CendynElement.TryAndWait(Action action, CancellationToken cancellationToken, Int32 timeoutMs, Int32 retryTimeout)
   at CTOS.CendynElement.SendKeys(String text)
   at CTOS.Input.EnterInput(String inputText)
   at BaseUtility.Utility.Helper.ElementEnterText(IWebElement element, String text) in C:\Users\msridhar\Source\Repos\Cendyn.AutomationFramework\BaseUtility\Utility\Helper.cs:line 387
2023-05-17 01:45:47,273 ::FATAL::[Logger]:: Unable to select text in the Enter_AsOfDate element on the ReportScheduler page.
2023-05-17 01:45:47,273 ::ERROR::[Logger]:: RevIntel_Flow :: Script::Failed
System.ArgumentNullException: by cannot be null
Parameter name: by
   at OpenQA.Selenium.WebDriver.FindElement(By by)
   at CTOS.CendynElement.<get_CenElement>b__6_0()
   at CTOS.CendynElement.TryAndWait(Action action, CancellationToken cancellationToken, Int32 timeoutMs, Int32 retryTimeout)
   at CTOS.CendynElement.get_CenElement()
   at CTOS.CendynElement.<>c__DisplayClass32_0.<SendKeys>b__0()
   at CTOS.CendynElement.TryAndWait(Action action, CancellationToken cancellationToken, Int32 timeoutMs, Int32 retryTimeout)
   at CTOS.CendynElement.SendKeys(String text)
   at CTOS.Input.EnterInput(String inputText)
   at BaseUtility.Utility.Helper.ElementEnterText(IWebElement element, String text) in C:\Users\msridhar\Source\Repos\Cendyn.AutomationFramework\BaseUtility\Utility\Helper.cs:line 396
   at RevIntel.AppModule.UI.ReportScheduler.Enter_AsOfDate(String value) in C:\Users\msridhar\Source\Repos\Cendyn.AutomationFramework\ProductLibrary\RevIntel\RevIntel\AppModule\UI\ReportScheduler.cs:line 153
   at RevIntel.AppModule.UI.ReportScheduler.AddSchedule(String description, String hours, String minutes, String email, String subject, String startDate, String endDate) in C:\Users\msridhar\Source\Repos\Cendyn.AutomationFramework\ProductLibrary\RevIntel\RevIntel\AppModule\UI\ReportScheduler.cs:line 327
   at RevIntel.AppModule.MainAdminApp.MainAdminApp.TC_265418() in C:\Users\msridhar\Source\Repos\Cendyn.AutomationFramework\ProductLibrary\RevIntel\RevIntel\AppModule\MainAdminApp\TP_252734_ReportScheduler.cs:line 837
   at RevIntel.AppModule.MainAdminApp.MainAdminApp.TP_252734() in C:\Users\msridhar\Source\Repos\Cendyn.AutomationFramework\ProductLibrary\RevIntel\RevIntel\AppModule\MainAdminApp.cs:line 146
   at RevIntel.RevIntel_TP_252734_ReportScheduler.TC_265418() in C:\Users\msridhar\Source\Repos\Cendyn.AutomationFramework\ProductLibrary\RevIntel\RevIntel\TestPlan\RevIntel\RevIntel_TP_252734_ReportScheduler.cs:line 207
2023-05-17 01:46:55,323 ::INFO ::[Logger]:: E.N.D
