2023-04-29 20:33:40,313 ::INFO ::[Logger]:: Execution of BaseUtility Test cases
2023-04-29 20:33:41,198 ::INFO ::[Logger]:: Chrome is currently being used for testing.
2023-04-29 20:33:41,218 ::INFO ::[Logger]::  is used for Testing
2023-04-29 20:33:41,254 ::INFO ::[Logger]:: This is the login page.https://revcloudsignin.godevcendyn.com//Login?App=9B2092C1-6AF2-4317-B343-B524B07976A8&RelayState=https://revintelrhbi.goDEVcendyn.com/SSOLanding.aspx
2023-04-29 20:33:41,254 ::INFO ::[Logger]:: Execution started at:-Apr-29-2023 20-33-41-PM
2023-04-29 20:33:41,319 ::INFO ::[Logger]:: ~~~~~~~~~~~~~~~~~~~~~~~~~~~~~~~~~~~~~~~~~~~~~~~~~~~~~~~~~~~~~~~~~~~~~~~~~~~~~~~~~~~~~~~~
2023-04-29 20:33:41,321 ::INFO ::[Logger]:: XXXXXXXXXXXXXXXXX      S.T.A.R.T.     XXXXXXXXXXXXXXXX
2023-04-29 20:33:41,321 ::INFO ::[Logger]:: XXXXXXXXXXXXXXXXX      TC_252496         XXXXXXXXXXXXXXXX
2023-04-29 20:33:41,321 ::INFO ::[Logger]:: ~~~~~~~~~~~~~~~~~~~~~~~~~~~~~~~~~~~~~~~~~~~~~~~~~~~~~~~~~~~~~~~~~~~~~~~~~~~~~~~~~~~~~~~~
2023-04-29 20:33:41,510 ::INFO ::[Logger]:: Window Size is: {Width=1382, Height=736}
2023-04-29 20:33:41,526 ::INFO ::[Logger]:: Test Case : Verify attempting to create a new portfolia with same name should fail
2023-04-29 20:33:45,001 ::INFO ::[Logger]:: Inserted text in the Enter_EmailAddress element on the Login page.
2023-04-29 20:33:45,105 ::DEBUG::[Logger]:: 1) Email Address displayed
2023-04-29 20:33:55,439 ::INFO ::[Logger]:: Clicked the Click_Next_Button element on the Login page.
2023-04-29 20:33:57,168 ::INFO ::[Logger]:: Inserted text in the Enter_Password element on the Login page.
2023-04-29 20:33:57,263 ::DEBUG::[Logger]:: 2) Login in with Username =Testautomation@cendyn17.com and Password =Cendyn123$
2023-04-29 20:34:18,805 ::INFO ::[Logger]:: Clicked the Click_SignIn_Button element on the Login page.
2023-04-29 20:34:18,805 ::DEBUG::[Logger]:: 3) user landed on the Automation RevIntel client selection page
2023-04-29 20:34:23,043 ::DEBUG::[Logger]:: 4) Client displayed
2023-04-29 20:34:50,497 ::INFO ::[Logger]:: Clicked the Link_ClientName element on the Navigation page.
2023-04-29 20:34:50,500 ::DEBUG::[Logger]:: 5) D Rock selected
2023-04-29 20:35:03,609 ::DEBUG::[Logger]:: 6) User landed on Montly pickup Dashboard page
2023-04-29 20:35:06,820 ::DEBUG::[Logger]:: 7) Actual url = https://revintelbi.godevcendyn.com/revintel.aspx match with Expected url = https://revintelbi.godevcendyn.com/revintel.aspx
2023-04-29 20:35:14,381 ::INFO ::[Logger]:: Clicked the Click_Hamburger_Icon element on the Navigation page.
2023-04-29 20:35:14,412 ::DEBUG::[Logger]:: 8) All reports under Hamburger_Icon dropdown Displayed
2023-04-29 20:35:22,045 ::INFO ::[Logger]:: Clicked the Administration element on the Navigation page.
2023-04-29 20:35:22,045 ::DEBUG::[Logger]:: 9) Administration drop down list displayed
2023-04-29 20:36:25,678 ::ERROR::[Logger]:: The //span[contains(text(),'Corporate Portfolio')] element was not found on the page.
OpenQA.Selenium.WebDriverException: The HTTP request to the remote WebDriver server for URL http://localhost:63607/session/dfc3a73fa07898a6f94c97ae0e600f4a/element timed out after 60 seconds. ---> System.Threading.Tasks.TaskCanceledException: A task was canceled.
   at System.Runtime.CompilerServices.TaskAwaiter.ThrowForNonSuccess(Task task)
   at System.Runtime.CompilerServices.TaskAwaiter.HandleNonSuccessAndDebuggerNotification(Task task)
   at System.Runtime.CompilerServices.TaskAwaiter`1.GetResult()
   at OpenQA.Selenium.Remote.HttpCommandExecutor.<MakeHttpRequest>d__35.MoveNext()
--- End of stack trace from previous location where exception was thrown ---
   at System.Runtime.CompilerServices.TaskAwaiter.ThrowForNonSuccess(Task task)
   at System.Runtime.CompilerServices.TaskAwaiter.HandleNonSuccessAndDebuggerNotification(Task task)
   at System.Runtime.CompilerServices.TaskAwaiter`1.GetResult()
   at OpenQA.Selenium.Remote.HttpCommandExecutor.Execute(Command commandToExecute)
   --- End of inner exception stack trace ---
   at OpenQA.Selenium.Remote.HttpCommandExecutor.Execute(Command commandToExecute)
   at OpenQA.Selenium.Remote.DriverServiceCommandExecutor.Execute(Command commandToExecute)
   at OpenQA.Selenium.WebDriver.Execute(String driverCommandToExecute, Dictionary`2 parameters)
   at OpenQA.Selenium.WebDriver.FindElement(String mechanism, String value)
   at OpenQA.Selenium.By.<.ctor>b__11_0(ISearchContext context)
   at OpenQA.Selenium.By.FindElement(ISearchContext context)
   at OpenQA.Selenium.WebDriver.FindElement(By by)
   at BaseUtility.PageObject.PageAction.Find_ElementXPath(String repoName) in C:\Users\msridhar\Source\Repos\Cendyn.AutomationFramework\BaseUtility\PageObject\PageAction.cs:line 33
