2023-05-17 01:48:33,137 ::INFO ::[Logger]:: Execution of BaseUtility Test cases
2023-05-17 01:48:33,137 ::INFO ::[Logger]:: Chrome is currently being used for testing.
2023-05-17 01:48:33,137 ::INFO ::[Logger]::  is used for Testing
2023-05-17 01:48:33,153 ::INFO ::[Logger]:: This is the login page.https://revcloudsignin.goqacendyn.com//Login?App=9B2092C1-6AF2-4317-B343-B524B07976A8&RelayState=https://revintelrhbi.goQAcendyn.com/SSOLanding.aspx
2023-05-17 01:48:33,153 ::INFO ::[Logger]:: Execution started at:-May-17-2023 01-48-33-AM
2023-05-17 01:48:33,153 ::INFO ::[Logger]:: ~~~~~~~~~~~~~~~~~~~~~~~~~~~~~~~~~~~~~~~~~~~~~~~~~~~~~~~~~~~~~~~~~~~~~~~~~~~~~~~~~~~~~~~~
2023-05-17 01:48:33,153 ::INFO ::[Logger]:: XXXXXXXXXXXXXXXXX      S.T.A.R.T.     XXXXXXXXXXXXXXXX
2023-05-17 01:48:33,153 ::INFO ::[Logger]:: XXXXXXXXXXXXXXXXX      TC_265421         XXXXXXXXXXXXXXXX
2023-05-17 01:48:33,153 ::INFO ::[Logger]:: ~~~~~~~~~~~~~~~~~~~~~~~~~~~~~~~~~~~~~~~~~~~~~~~~~~~~~~~~~~~~~~~~~~~~~~~~~~~~~~~~~~~~~~~~
2023-05-17 01:48:33,184 ::INFO ::[Logger]:: Window Size is: {Width=1382, Height=736}
2023-05-17 01:48:33,310 ::INFO ::[Logger]:: Test Case : Verify When setting the Static or Relative As of Date > Today's date, an error message should populate when saving a report
2023-05-17 01:48:34,928 ::INFO ::[Logger]:: Inserted text in the Enter_EmailAddress element on the Login page.
2023-05-17 01:48:34,928 ::DEBUG::[Logger]:: 1) Email Address displayed
2023-05-17 01:48:44,518 ::INFO ::[Logger]:: Clicked the Click_Next_Button element on the Login page.
2023-05-17 01:48:46,136 ::INFO ::[Logger]:: Inserted text in the Enter_Password element on the Login page.
2023-05-17 01:48:46,136 ::DEBUG::[Logger]:: 2) Login in with Username =Testautomation@cendyn17.com and Password =Cendyn123$
2023-05-17 01:48:57,366 ::INFO ::[Logger]:: Clicked the Click_SignIn_Button element on the Login page.
2023-05-17 01:48:57,366 ::DEBUG::[Logger]:: 3) user landed on the Automation RevIntel client selection page
2023-05-17 01:49:00,536 ::DEBUG::[Logger]:: 4) Client displayed
2023-05-17 01:49:14,142 ::INFO ::[Logger]:: Clicked the Link_ClientName element on the Navigation page.
2023-05-17 01:49:14,142 ::DEBUG::[Logger]:: 5) Rosen selected
2023-05-17 01:49:26,360 ::DEBUG::[Logger]:: 6) User landed on Montly pickup Dashboard page
2023-05-17 01:49:33,606 ::INFO ::[Logger]:: Clicked the Click_UserMenu element on the Navigation page.
2023-05-17 01:49:33,606 ::DEBUG::[Logger]:: 7) User menu clicked
2023-05-17 01:49:40,854 ::INFO ::[Logger]:: Clicked the Click_UserMenu_ReportScheduler element on the Navigation page.
2023-05-17 01:49:40,854 ::DEBUG::[Logger]:: 8) Report scheduler link clicked
2023-05-17 01:49:48,012 ::INFO ::[Logger]:: Switching into the iFrame.
2023-05-17 01:49:55,109 ::INFO ::[Logger]:: Clicked the Click_BookingTrends element on the ReportScheduler page.
2023-05-17 01:49:55,110 ::DEBUG::[Logger]:: 9) Booking trends link got clicked
2023-05-17 01:50:07,171 ::INFO ::[Logger]:: Clicked the Click_BookingTrends_ChannelPaceAnalysis element on the ReportScheduler page.
2023-05-17 01:50:37,176 ::DEBUG::[Logger]:: 10) Channel Pace Analysis page should get displayed
2023-05-17 01:50:45,657 ::INFO ::[Logger]:: Switching into the iFrame.
2023-05-17 01:50:48,411 ::INFO ::[Logger]:: Inserted text in the Enter_ReportDescription element on the ReportScheduler page.
2023-05-17 01:50:50,161 ::INFO ::[Logger]:: Inserted text in the Enter_StartTimeHours element on the ReportScheduler page.
2023-05-17 01:50:51,811 ::INFO ::[Logger]:: Inserted text in the Enter_StartTimeMinutes element on the ReportScheduler page.
2023-05-17 01:50:53,373 ::INFO ::[Logger]:: Inserted text in the Enter_StartTimeMinutes element on the ReportScheduler page.
2023-05-17 01:50:53,373 ::DEBUG::[Logger]:: 11) Details are entered like description,Time,Report Type
2023-05-17 01:50:57,371 ::INFO ::[Logger]:: Inserted text in the Enter_EmailTo element on the ReportScheduler page.
2023-05-17 01:50:59,059 ::INFO ::[Logger]:: Inserted text in the Enter_EmailSubject element on the ReportScheduler page.
2023-05-17 01:50:59,059 ::DEBUG::[Logger]:: 12) Email and Subject entered
2023-05-17 01:51:04,955 ::INFO ::[Logger]:: Inserted text in the Enter_PickUpByDayDetailed_StartDate element on the ReportScheduler page.
2023-05-17 01:51:06,644 ::INFO ::[Logger]:: Inserted text in the Enter_PickUpByDayDetailed_EndDate element on the ReportScheduler page.
2023-05-17 01:51:06,723 ::DEBUG::[Logger]:: 13) Absolute dates are entered
2023-05-17 01:52:09,150 ::ERROR::[Logger]:: The //*[@id="DeliveryConfigPanelBar_i4_AsOfDate_dateInput"] element was not found on the page.
OpenQA.Selenium.WebDriverException: The HTTP request to the remote WebDriver server for URL http://localhost:54317/session/45cbd811c8ed914915fbfae9e929339b/element timed out after 60 seconds. ---> System.Threading.Tasks.TaskCanceledException: A task was canceled.
   at System.Runtime.CompilerServices.TaskAwaiter.ThrowForNonSuccess(Task task)
   at System.Runtime.CompilerServices.TaskAwaiter.HandleNonSuccessAndDebuggerNotification(Task task)
   at System.Runtime.CompilerServices.TaskAwaiter`1.GetResult()
   at OpenQA.Selenium.Remote.HttpCommandExecutor.<MakeHttpRequest>d__35.MoveNext()
--- End of stack trace from previous location where exception was thrown ---
   at System.Runtime.CompilerServices.TaskAwaiter.ThrowForNonSuccess(Task task)
   at System.Runtime.CompilerServices.TaskAwaiter.HandleNonSuccessAndDebuggerNotification(Task task)
   at System.Runtime.CompilerServices.TaskAwaiter`1.GetResult()
   at OpenQA.Selenium.Remote.HttpCommandExecutor.Execute(Command commandToExecute)
   --- End of inner exception stack trace ---
   at OpenQA.Selenium.Remote.HttpCommandExecutor.Execute(Command commandToExecute)
   at OpenQA.Selenium.Remote.DriverServiceCommandExecutor.Execute(Command commandToExecute)
   at OpenQA.Selenium.WebDriver.Execute(String driverCommandToExecute, Dictionary`2 parameters)
   at OpenQA.Selenium.WebDriver.FindElement(String mechanism, String value)
   at OpenQA.Selenium.By.<.ctor>b__11_0(ISearchContext context)
   at OpenQA.Selenium.By.FindElement(ISearchContext context)
   at OpenQA.Selenium.WebDriver.FindElement(By by)
   at BaseUtility.PageObject.PageAction.Find_ElementXPath(String repoName) in C:\Users\msridhar\Source\Repos\Cendyn.AutomationFramework\BaseUtility\PageObject\PageAction.cs:line 33
2023-05-17 01:52:42,096 ::FATAL::[Logger]:: System.ArgumentNullException: by cannot be null
Parameter name: by
   at OpenQA.Selenium.WebDriver.FindElement(By by)
   at CTOS.CendynElement.<get_CenElement>b__6_0()
   at CTOS.CendynElement.TryAndWait(Action action, CancellationToken cancellationToken, Int32 timeoutMs, Int32 retryTimeout)
   at CTOS.CendynElement.get_CenElement()
   at CTOS.CendynElement.<>c__DisplayClass32_0.<SendKeys>b__0()
   at CTOS.CendynElement.TryAndWait(Action action, CancellationToken cancellationToken, Int32 timeoutMs, Int32 retryTimeout)
   at CTOS.CendynElement.SendKeys(String text)
   at CTOS.Input.EnterInput(String inputText)
   at BaseUtility.Utility.Helper.ElementEnterText(IWebElement element, String text) in C:\Users\msridhar\Source\Repos\Cendyn.AutomationFramework\BaseUtility\Utility\Helper.cs:line 387
2023-05-17 01:52:42,104 ::FATAL::[Logger]:: Unable to select text in the Enter_AsOfDate element on the ReportScheduler page.
2023-05-17 01:52:42,104 ::ERROR::[Logger]:: RevIntel_Flow :: Script::Failed
System.ArgumentNullException: by cannot be null
Parameter name: by
   at OpenQA.Selenium.WebDriver.FindElement(By by)
   at CTOS.CendynElement.<get_CenElement>b__6_0()
   at CTOS.CendynElement.TryAndWait(Action action, CancellationToken cancellationToken, Int32 timeoutMs, Int32 retryTimeout)
   at CTOS.CendynElement.get_CenElement()
   at CTOS.CendynElement.<>c__DisplayClass32_0.<SendKeys>b__0()
   at CTOS.CendynElement.TryAndWait(Action action, CancellationToken cancellationToken, Int32 timeoutMs, Int32 retryTimeout)
   at CTOS.CendynElement.SendKeys(String text)
   at CTOS.Input.EnterInput(String inputText)
   at BaseUtility.Utility.Helper.ElementEnterText(IWebElement element, String text) in C:\Users\msridhar\Source\Repos\Cendyn.AutomationFramework\BaseUtility\Utility\Helper.cs:line 396
   at RevIntel.AppModule.UI.ReportScheduler.Enter_AsOfDate(String value) in C:\Users\msridhar\Source\Repos\Cendyn.AutomationFramework\ProductLibrary\RevIntel\RevIntel\AppModule\UI\ReportScheduler.cs:line 153
   at RevIntel.AppModule.MainAdminApp.MainAdminApp.TC_265421() in C:\Users\msridhar\Source\Repos\Cendyn.AutomationFramework\ProductLibrary\RevIntel\RevIntel\AppModule\MainAdminApp\TP_252734_ReportScheduler.cs:line 647
   at RevIntel.AppModule.MainAdminApp.MainAdminApp.TP_252734() in C:\Users\msridhar\Source\Repos\Cendyn.AutomationFramework\ProductLibrary\RevIntel\RevIntel\AppModule\MainAdminApp.cs:line 147
   at RevIntel.RevIntel_TP_252734_ReportScheduler.TC_265421() in C:\Users\msridhar\Source\Repos\Cendyn.AutomationFramework\ProductLibrary\RevIntel\RevIntel\TestPlan\RevIntel\RevIntel_TP_252734_ReportScheduler.cs:line 157
2023-05-17 01:53:42,262 ::INFO ::[Logger]:: E.N.D
