2023-05-17 14:24:23,352 ::INFO ::[Logger]:: Execution of BaseUtility Test cases
2023-05-17 14:24:23,352 ::INFO ::[Logger]:: Chrome is currently being used for testing.
2023-05-17 14:24:23,352 ::INFO ::[Logger]::  is used for Testing
2023-05-17 14:24:23,368 ::INFO ::[Logger]:: This is the login page.https://revcloudsignin.goqacendyn.com//Login?App=9B2092C1-6AF2-4317-B343-B524B07976A8&RelayState=https://revintelrhbi.goQAcendyn.com/SSOLanding.aspx
2023-05-17 14:24:23,368 ::INFO ::[Logger]:: Execution started at:-May-17-2023 14-24-23-PM
2023-05-17 14:24:23,368 ::INFO ::[Logger]:: ~~~~~~~~~~~~~~~~~~~~~~~~~~~~~~~~~~~~~~~~~~~~~~~~~~~~~~~~~~~~~~~~~~~~~~~~~~~~~~~~~~~~~~~~
2023-05-17 14:24:23,368 ::INFO ::[Logger]:: XXXXXXXXXXXXXXXXX      S.T.A.R.T.     XXXXXXXXXXXXXXXX
2023-05-17 14:24:23,368 ::INFO ::[Logger]:: XXXXXXXXXXXXXXXXX      TC_252817         XXXXXXXXXXXXXXXX
2023-05-17 14:24:23,368 ::INFO ::[Logger]:: ~~~~~~~~~~~~~~~~~~~~~~~~~~~~~~~~~~~~~~~~~~~~~~~~~~~~~~~~~~~~~~~~~~~~~~~~~~~~~~~~~~~~~~~~
2023-05-17 14:24:24,122 ::INFO ::[Logger]:: Window Size is: {Width=1382, Height=736}
2023-05-17 14:24:28,042 ::INFO ::[Logger]:: Inserted text in the Enter_EmailAddress element on the Login page.
2023-05-17 14:24:28,042 ::DEBUG::[Logger]:: 1) Email Address displayed
2023-05-17 14:24:43,138 ::INFO ::[Logger]:: Clicked the Click_Next_Button element on the Login page.
2023-05-17 14:24:45,664 ::INFO ::[Logger]:: Inserted text in the Enter_Password element on the Login page.
2023-05-17 14:24:45,664 ::DEBUG::[Logger]:: 2) Login in with Username =Testautomation@cendyn17.com and Password =Cendyn123$
2023-05-17 14:25:00,695 ::INFO ::[Logger]:: Clicked the Click_SignIn_Button element on the Login page.
2023-05-17 14:25:00,698 ::DEBUG::[Logger]:: 3) user landed on the Automation RevIntel client selection page
2023-05-17 14:25:04,149 ::DEBUG::[Logger]:: 4) Client displayed
2023-05-17 14:25:21,801 ::INFO ::[Logger]:: Clicked the Link_ClientName element on the Navigation page.
2023-05-17 14:25:21,801 ::DEBUG::[Logger]:: 5) Kerzner selected
2023-05-17 14:25:35,044 ::DEBUG::[Logger]:: 6) User landed on Montly pickup Dashboard page
2023-05-17 14:26:37,686 ::ERROR::[Logger]:: The //*[@id="UserMenu"] element was not found on the page.
OpenQA.Selenium.WebDriverException: The HTTP request to the remote WebDriver server for URL http://localhost:59838/session/aedaeefddcf28600b5598e764e3d535e/element timed out after 60 seconds. ---> System.Threading.Tasks.TaskCanceledException: A task was canceled.
   at System.Runtime.CompilerServices.TaskAwaiter.ThrowForNonSuccess(Task task)
   at System.Runtime.CompilerServices.TaskAwaiter.HandleNonSuccessAndDebuggerNotification(Task task)
   at System.Runtime.CompilerServices.TaskAwaiter`1.GetResult()
   at OpenQA.Selenium.Remote.HttpCommandExecutor.<MakeHttpRequest>d__35.MoveNext()
--- End of stack trace from previous location where exception was thrown ---
   at System.Runtime.CompilerServices.TaskAwaiter.ThrowForNonSuccess(Task task)
   at System.Runtime.CompilerServices.TaskAwaiter.HandleNonSuccessAndDebuggerNotification(Task task)
   at System.Runtime.CompilerServices.TaskAwaiter`1.GetResult()
   at OpenQA.Selenium.Remote.HttpCommandExecutor.Execute(Command commandToExecute)
   --- End of inner exception stack trace ---
   at OpenQA.Selenium.Remote.HttpCommandExecutor.Execute(Command commandToExecute)
   at OpenQA.Selenium.Remote.DriverServiceCommandExecutor.Execute(Command commandToExecute)
   at OpenQA.Selenium.WebDriver.Execute(String driverCommandToExecute, Dictionary`2 parameters)
   at OpenQA.Selenium.WebDriver.FindElement(String mechanism, String value)
   at OpenQA.Selenium.By.<.ctor>b__11_0(ISearchContext context)
   at OpenQA.Selenium.By.FindElement(ISearchContext context)
   at OpenQA.Selenium.WebDriver.FindElement(By by)
   at BaseUtility.PageObject.PageAction.Find_ElementXPath(String repoName) in C:\Users\msridhar\Source\Repos\Cendyn.AutomationFramework\BaseUtility\PageObject\PageAction.cs:line 33
2023-05-17 14:26:39,698 ::FATAL::[Logger]:: Unable to click the Select_DropDown element on the Login page.System.NullReferenceException: Object reference not set to an instance of an object.
   at BaseUtility.Utility.Helper.ElementClick(IWebElement element) in C:\Users\msridhar\Source\Repos\Cendyn.AutomationFramework\BaseUtility\Utility\Helper.cs:line 81
2023-05-17 14:26:39,934 ::ERROR::[Logger]:: RevIntel_Flow :: Script::Failed
System.NullReferenceException: Object reference not set to an instance of an object.
   at BaseUtility.Utility.Helper.ElementClick(IWebElement element) in C:\Users\msridhar\Source\Repos\Cendyn.AutomationFramework\BaseUtility\Utility\Helper.cs:line 88
   at RevIntel.AppModule.UI.Login.Select_DropDown() in C:\Users\msridhar\Source\Repos\Cendyn.AutomationFramework\ProductLibrary\RevIntel\RevIntel\AppModule\UI\Login.cs:line 31
   at RevIntel.AppModule.UI.Navigation.GetUserPreferencesValue(String hotel, String businessUnit, String currency) in C:\Users\msridhar\Source\Repos\Cendyn.AutomationFramework\ProductLibrary\RevIntel\RevIntel\AppModule\UI\Navigation.cs:line 906
   at RevIntel.AppModule.MainAdminApp.MainAdminApp.TP_252770() in C:\Users\msridhar\Source\Repos\Cendyn.AutomationFramework\ProductLibrary\RevIntel\RevIntel\AppModule\MainAdminApp.cs:line 96
   at RevIntel.RevIntel_TP_252770_Market_Menu.TC_252817() in C:\Users\msridhar\Source\Repos\Cendyn.AutomationFramework\ProductLibrary\RevIntel\RevIntel\TestPlan\RevIntel\RevIntel_TP_252770_Market_Menu.cs:line 237
2023-05-17 14:28:05,135 ::INFO ::[Logger]:: E.N.D
