2023-05-16 14:46:10,829 ::INFO ::[Logger]:: Execution of BaseUtility Test cases
2023-05-16 14:46:10,846 ::INFO ::[Logger]:: Chrome is currently being used for testing.
2023-05-16 14:46:10,927 ::INFO ::[Logger]::  is used for Testing
2023-05-16 14:46:11,129 ::INFO ::[Logger]:: This is the login page.https://revcloudsignin.godevcendyn.com//Login?App=9B2092C1-6AF2-4317-B343-B524B07976A8&RelayState=https://revintelrhbi.goDEVcendyn.com/SSOLanding.aspx
2023-05-16 14:46:11,192 ::INFO ::[Logger]:: Execution started at:-May-16-2023 14-46-11-PM
2023-05-16 14:46:11,194 ::INFO ::[Logger]:: ~~~~~~~~~~~~~~~~~~~~~~~~~~~~~~~~~~~~~~~~~~~~~~~~~~~~~~~~~~~~~~~~~~~~~~~~~~~~~~~~~~~~~~~~
2023-05-16 14:46:11,267 ::INFO ::[Logger]:: XXXXXXXXXXXXXXXXX      S.T.A.R.T.     XXXXXXXXXXXXXXXX
2023-05-16 14:46:11,268 ::INFO ::[Logger]:: XXXXXXXXXXXXXXXXX      TC_252401         XXXXXXXXXXXXXXXX
2023-05-16 14:46:11,270 ::INFO ::[Logger]:: ~~~~~~~~~~~~~~~~~~~~~~~~~~~~~~~~~~~~~~~~~~~~~~~~~~~~~~~~~~~~~~~~~~~~~~~~~~~~~~~~~~~~~~~~
2023-05-16 14:46:11,368 ::INFO ::[Logger]:: Window Size is: {Width=1382, Height=736}
2023-05-16 14:46:12,279 ::INFO ::[Logger]:: Test Case : Verify user should be able to export the Pace report data in all format
2023-05-16 14:46:15,836 ::INFO ::[Logger]:: Inserted text in the Enter_EmailAddress element on the Login page.
2023-05-16 14:46:15,854 ::DEBUG::[Logger]:: 1) Email Address displayed
2023-05-16 14:46:27,984 ::INFO ::[Logger]:: Clicked the Click_Next_Button element on the Login page.
2023-05-16 14:46:29,953 ::INFO ::[Logger]:: Inserted text in the Enter_Password element on the Login page.
2023-05-16 14:46:30,004 ::DEBUG::[Logger]:: 2) Login in with Username =Testautomation@cendyn17.com and Password =Cendyn123$
2023-05-16 14:46:45,720 ::INFO ::[Logger]:: Clicked the Click_SignIn_Button element on the Login page.
2023-05-16 14:46:45,763 ::DEBUG::[Logger]:: 3) user landed on the Automation RevIntel client selection page
2023-05-16 14:46:53,456 ::DEBUG::[Logger]:: 4) Client displayed
2023-05-16 14:47:16,220 ::INFO ::[Logger]:: Clicked the Link_ClientName element on the Navigation page.
2023-05-16 14:47:16,276 ::DEBUG::[Logger]:: 5) D Rock selected
2023-05-16 14:47:29,148 ::DEBUG::[Logger]:: 6) User landed on Montly pickup Dashboard page
2023-05-16 14:47:32,936 ::DEBUG::[Logger]:: 7) Actual url = https://revintelbi.godevcendyn.com/revintel.aspx match with Expected url = https://revintelbi.godevcendyn.com/revintel.aspx
2023-05-16 14:47:38,690 ::DEBUG::[Logger]:: 8) Forecast_and_Budget Dropdown displayed
2023-05-16 14:47:48,985 ::INFO ::[Logger]:: Clicked the Pace_Forecast_Report element on the Navigation page.
2023-05-16 14:47:48,990 ::DEBUG::[Logger]:: 9) Clicked on Forecast and Pace Report.
2023-05-16 14:48:03,418 ::DEBUG::[Logger]:: 10) User landed on Pace and Forcast report page
2023-05-16 14:48:13,945 ::INFO ::[Logger]:: Switching into the iFrame.
2023-05-16 14:49:17,712 ::FATAL::[Logger]:: Unable to click the Click_View_Analysis element on the ReportParameter page.OpenQA.Selenium.WebDriverException: The HTTP request to the remote WebDriver server for URL http://localhost:60458/session/00fe3eb0e577bc62e35a3e89076dfed5/element/6202204a-67e5-4a6b-b8b2-5b209a855a05/click timed out after 60 seconds. ---> System.Threading.Tasks.TaskCanceledException: A task was canceled.
   at System.Runtime.CompilerServices.TaskAwaiter.ThrowForNonSuccess(Task task)
   at System.Runtime.CompilerServices.TaskAwaiter.HandleNonSuccessAndDebuggerNotification(Task task)
   at System.Runtime.CompilerServices.TaskAwaiter`1.GetResult()
   at OpenQA.Selenium.Remote.HttpCommandExecutor.<MakeHttpRequest>d__35.MoveNext()
--- End of stack trace from previous location where exception was thrown ---
   at System.Runtime.CompilerServices.TaskAwaiter.ThrowForNonSuccess(Task task)
   at System.Runtime.CompilerServices.TaskAwaiter.HandleNonSuccessAndDebuggerNotification(Task task)
   at System.Runtime.CompilerServices.TaskAwaiter`1.GetResult()
   at OpenQA.Selenium.Remote.HttpCommandExecutor.Execute(Command commandToExecute)
   --- End of inner exception stack trace ---
   at OpenQA.Selenium.Remote.HttpCommandExecutor.Execute(Command commandToExecute)
   at OpenQA.Selenium.Remote.DriverServiceCommandExecutor.Execute(Command commandToExecute)
   at OpenQA.Selenium.WebDriver.Execute(String driverCommandToExecute, Dictionary`2 parameters)
   at OpenQA.Selenium.WebDriver.InternalExecute(String driverCommandToExecute, Dictionary`2 parameters)
   at OpenQA.Selenium.WebElement.Execute(String commandToExecute, Dictionary`2 parameters)
   at OpenQA.Selenium.WebElement.Click()
   at BaseUtility.Utility.Helper.ElementClick(IWebElement element) in C:\Users\msridhar\Source\Repos\Cendyn.AutomationFramework\BaseUtility\Utility\Helper.cs:line 81
2023-05-16 14:49:17,823 ::ERROR::[Logger]:: RevIntel_Flow :: Script::Failed
OpenQA.Selenium.WebDriverException: The HTTP request to the remote WebDriver server for URL http://localhost:60458/session/00fe3eb0e577bc62e35a3e89076dfed5/element/6202204a-67e5-4a6b-b8b2-5b209a855a05/click timed out after 60 seconds. ---> System.Threading.Tasks.TaskCanceledException: A task was canceled.
   at System.Runtime.CompilerServices.TaskAwaiter.ThrowForNonSuccess(Task task)
   at System.Runtime.CompilerServices.TaskAwaiter.HandleNonSuccessAndDebuggerNotification(Task task)
   at System.Runtime.CompilerServices.TaskAwaiter`1.GetResult()
   at OpenQA.Selenium.Remote.HttpCommandExecutor.<MakeHttpRequest>d__35.MoveNext()
--- End of stack trace from previous location where exception was thrown ---
   at System.Runtime.CompilerServices.TaskAwaiter.ThrowForNonSuccess(Task task)
   at System.Runtime.CompilerServices.TaskAwaiter.HandleNonSuccessAndDebuggerNotification(Task task)
   at System.Runtime.CompilerServices.TaskAwaiter`1.GetResult()
   at OpenQA.Selenium.Remote.HttpCommandExecutor.Execute(Command commandToExecute)
   --- End of inner exception stack trace ---
   at OpenQA.Selenium.Remote.HttpCommandExecutor.Execute(Command commandToExecute)
   at OpenQA.Selenium.Remote.DriverServiceCommandExecutor.Execute(Command commandToExecute)
   at OpenQA.Selenium.WebDriver.Execute(String driverCommandToExecute, Dictionary`2 parameters)
   at OpenQA.Selenium.WebDriver.InternalExecute(String driverCommandToExecute, Dictionary`2 parameters)
   at OpenQA.Selenium.WebElement.Execute(String commandToExecute, Dictionary`2 parameters)
   at OpenQA.Selenium.WebElement.Click()
   at BaseUtility.Utility.Helper.ElementClick(IWebElement element) in C:\Users\msridhar\Source\Repos\Cendyn.AutomationFramework\BaseUtility\Utility\Helper.cs:line 88
   at RevIntel.AppModule.UI.ReportParameter.Click_View_Analysis() in C:\Users\msridhar\Source\Repos\Cendyn.AutomationFramework\ProductLibrary\RevIntel\RevIntel\AppModule\UI\ReportParameter.cs:line 74
   at RevIntel.AppModule.MainAdminApp.MainAdminApp.TC_252401() in C:\Users\msridhar\Source\Repos\Cendyn.AutomationFramework\ProductLibrary\RevIntel\RevIntel\AppModule\MainAdminApp\TP_251469_SmokeTest.cs:line 588
   at RevIntel.AppModule.MainAdminApp.MainAdminApp.TP_251469() in C:\Users\msridhar\Source\Repos\Cendyn.AutomationFramework\ProductLibrary\RevIntel\RevIntel\AppModule\MainAdminApp.cs:line 39
   at RevIntel.RevIntel_TP_251469_SmokePlan.TC_252401() in C:\Users\msridhar\Source\Repos\Cendyn.AutomationFramework\ProductLibrary\RevIntel\RevIntel\TestPlan\RevIntel\RevIntel_TP_251469_SmokePlan.cs:line 136
2023-05-16 14:51:48,161 ::INFO ::[Logger]:: E.N.D
